22:57:38 INFO  : Registering command handlers for SDK TCF services
22:57:38 INFO  : Launching XSCT server: xsct.bat -interactive C:\Xilinx\Vivado\PMOD_WIFI_OLD\pmodWifi\pmodWifi.sdk\temp_xsdb_launch_script.tcl
22:57:40 INFO  : XSCT server has started successfully.
22:57:41 INFO  : Successfully done setting XSCT server connection channel  
22:57:41 INFO  : Successfully done setting SDK workspace  
22:57:41 INFO  : Processing command line option -hwspec C:/Xilinx/Vivado/PMOD_WIFI_OLD/pmodWifi/pmodWifi.sdk/design_1_wrapper.hdf.
23:01:37 INFO  : Attempting to launch Hardware server...
23:01:38 INFO  : Hardware server is launched successfully.
23:03:24 ERROR : (XSDB Server)ERROR: [Hsi 55-1545] Problem running tcl command ::sw_standalone_v6_2::generate : ERROR <profile> :: Profile Timer Interrupt Signal Not Connected Properly
    while executing
"error "ERROR <profile> :: Profile Timer Interrupt Signal Not Connected Properly""
    (procedure "handle_profile_opbtimer" line 61)
    invoked from within
"handle_profile_opbtimer $config_file $timer_inst"
    (procedure "handle_profile" line 49)
    invoked from within
"handle_profile $os_handle $proctype"
    (procedure "::sw_standalone_v6_2::generate" line 307)
    invoked from within
"::sw_standalone_v6_2::generate standalone"
ERROR: [Hsi 55-1442] Error(s) while running TCL procedure generate()

23:03:24 ERROR : (XSDB Server)ERROR: [Hsi 55-1450] Error: running generate_bsp.

23:03:24 ERROR : Error generating bsp sources: Failed in generating sources
23:03:24 ERROR : Failed to regenerate sources for BSP project wifiApp_bsp
org.eclipse.core.runtime.CoreException: Internal error occurred while generating bsp sources. Please check the SDK Log view for further details.
	at com.xilinx.sdk.sw.ui.handlers.RegenBspSourcesHandler.internalGenerateBsp(RegenBspSourcesHandler.java:178)
	at com.xilinx.sdk.sw.ui.handlers.RegenBspSourcesHandler.access$2(RegenBspSourcesHandler.java:163)
	at com.xilinx.sdk.sw.ui.handlers.RegenBspSourcesHandler$1$1.run(RegenBspSourcesHandler.java:131)
	at org.eclipse.core.internal.resources.Workspace.run(Workspace.java:2240)
	at org.eclipse.core.internal.resources.Workspace.run(Workspace.java:2267)
	at com.xilinx.sdk.sw.ui.handlers.RegenBspSourcesHandler$1.run(RegenBspSourcesHandler.java:135)
	at org.eclipse.jface.operation.ModalContext$ModalContextThread.run(ModalContext.java:119)
23:03:27 INFO  : Refreshed build settings on project wifiApp
23:05:35 ERROR : (XSDB Server)ERROR: [Hsi 55-1545] Problem running tcl command ::sw_standalone_v6_2::generate : ERROR : Timer for Profiling NOT selected.
S/W Intrusive Profiling on MicroBlaze requires an axi_timer.
    while executing
"error "ERROR : Timer for Profiling NOT selected.\nS/W Intrusive Profiling on MicroBlaze requires an axi_timer." "" "mdt_error""
    (procedure "handle_profile" line 47)
    invoked from within
"handle_profile $os_handle $proctype"
    (procedure "::sw_standalone_v6_2::generate" line 307)
    invoked from within
"::sw_standalone_v6_2::generate standalone"
ERROR: [Hsi 55-1442] Error(s) while running TCL procedure generate()

23:05:35 ERROR : (XSDB Server)ERROR: [Hsi 55-1450] Error: running generate_bsp.

23:05:35 ERROR : Error generating bsp sources: Failed in generating sources
23:05:35 ERROR : Failed to regenerate sources for BSP project wifiApp_bsp
org.eclipse.core.runtime.CoreException: Internal error occurred while generating bsp sources. Please check the SDK Log view for further details.
	at com.xilinx.sdk.sw.ui.handlers.RegenBspSourcesHandler.internalGenerateBsp(RegenBspSourcesHandler.java:178)
	at com.xilinx.sdk.sw.ui.handlers.RegenBspSourcesHandler.access$2(RegenBspSourcesHandler.java:163)
	at com.xilinx.sdk.sw.ui.handlers.RegenBspSourcesHandler$1$1.run(RegenBspSourcesHandler.java:131)
	at org.eclipse.core.internal.resources.Workspace.run(Workspace.java:2240)
	at org.eclipse.core.internal.resources.Workspace.run(Workspace.java:2267)
	at com.xilinx.sdk.sw.ui.handlers.RegenBspSourcesHandler$1.run(RegenBspSourcesHandler.java:135)
	at org.eclipse.jface.operation.ModalContext$ModalContextThread.run(ModalContext.java:119)
23:05:36 INFO  : Refreshed build settings on project wifiApp
23:06:24 INFO  : Refreshed build settings on project wifiApp
23:11:15 INFO  : Refreshed build settings on project wifi
23:19:33 INFO  : Refreshed build settings on project wifi
23:21:23 ERROR : (XSDB Server)ERROR: [Hsi 55-1545] Problem running tcl command ::sw_standalone_v6_2::generate : ERROR : Timer for Profiling NOT selected.
S/W Intrusive Profiling on MicroBlaze requires an axi_timer.
    while executing
"error "ERROR : Timer for Profiling NOT selected.\nS/W Intrusive Profiling on MicroBlaze requires an axi_timer." "" "mdt_error""
    (procedure "handle_profile" line 47)
    invoked from within
"handle_profile $os_handle $proctype"
    (procedure "::sw_standalone_v6_2::generate" line 307)
    invoked from within
"::sw_standalone_v6_2::generate standalone"

23:21:23 ERROR : (XSDB Server)ERROR: [Hsi 55-1442] Error(s) while running TCL procedure generate()

23:21:23 ERROR : (XSDB Server)ERROR: [Hsi 55-1450] Error: running generate_bsp.

23:21:23 ERROR : Error generating bsp sources: Failed in generating sources
23:21:23 ERROR : Failed to regenerate sources for BSP project wifi_bsp
org.eclipse.core.runtime.CoreException: Internal error occurred while generating bsp sources. Please check the SDK Log view for further details.
	at com.xilinx.sdk.sw.ui.handlers.RegenBspSourcesHandler.internalGenerateBsp(RegenBspSourcesHandler.java:178)
	at com.xilinx.sdk.sw.ui.handlers.RegenBspSourcesHandler.access$2(RegenBspSourcesHandler.java:163)
	at com.xilinx.sdk.sw.ui.handlers.RegenBspSourcesHandler$1$1.run(RegenBspSourcesHandler.java:131)
	at org.eclipse.core.internal.resources.Workspace.run(Workspace.java:2240)
	at org.eclipse.core.internal.resources.Workspace.run(Workspace.java:2267)
	at com.xilinx.sdk.sw.ui.handlers.RegenBspSourcesHandler$1.run(RegenBspSourcesHandler.java:135)
	at org.eclipse.jface.operation.ModalContext$ModalContextThread.run(ModalContext.java:119)
23:21:25 INFO  : Refreshed build settings on project wifi
23:24:24 ERROR : (XSDB Server)ERROR: [Hsi 55-1545] Problem running tcl command ::sw_standalone_v6_2::generate : ERROR <profile> :: Profile Timer Interrupt Signal Not Connected Properly
    while executing
"error "ERROR <profile> :: Profile Timer Interrupt Signal Not Connected Properly""
    (procedure "handle_profile_opbtimer" line 61)
    invoked from within
"handle_profile_opbtimer $config_file $timer_inst"
    (procedure "handle_profile" line 49)
    invoked from within
"handle_profile $os_handle $proctype"
    (procedure "::sw_standalone_v6_2::generate" line 307)
    invoked from within
"::sw_standalone_v6_2::generate standalone"

23:24:24 ERROR : (XSDB Server)ERROR: [Hsi 55-1442] Error(s) while running TCL procedure generate()

23:24:24 ERROR : (XSDB Server)ERROR: [Hsi 55-1450] Error: running generate_bsp.

23:24:24 ERROR : Error generating bsp sources: Failed in generating sources
23:24:24 ERROR : Failed to regenerate sources for BSP project wifi_bsp
org.eclipse.core.runtime.CoreException: Internal error occurred while generating bsp sources. Please check the SDK Log view for further details.
	at com.xilinx.sdk.sw.ui.handlers.RegenBspSourcesHandler.internalGenerateBsp(RegenBspSourcesHandler.java:178)
	at com.xilinx.sdk.sw.ui.handlers.RegenBspSourcesHandler.access$2(RegenBspSourcesHandler.java:163)
	at com.xilinx.sdk.sw.ui.handlers.RegenBspSourcesHandler$1$1.run(RegenBspSourcesHandler.java:131)
	at org.eclipse.core.internal.resources.Workspace.run(Workspace.java:2240)
	at org.eclipse.core.internal.resources.Workspace.run(Workspace.java:2267)
	at com.xilinx.sdk.sw.ui.handlers.RegenBspSourcesHandler$1.run(RegenBspSourcesHandler.java:135)
	at org.eclipse.jface.operation.ModalContext$ModalContextThread.run(ModalContext.java:119)
23:24:26 INFO  : Refreshed build settings on project wifi
23:26:07 INFO  : Registering command handlers for SDK TCF services
23:26:07 INFO  : Launching XSCT server: xsct.bat -interactive C:\Xilinx\Vivado\PMOD_WIFI_OLD\pmodWifi\pmodWifi.sdk\temp_xsdb_launch_script.tcl
23:26:08 INFO  : XSCT server has started successfully.
23:26:08 INFO  : Successfully done setting XSCT server connection channel  
23:26:09 INFO  : Successfully done setting SDK workspace  
23:26:09 INFO  : Processing command line option -hwspec C:/Xilinx/Vivado/PMOD_WIFI_OLD/pmodWifi/pmodWifi.sdk/design_1_wrapper.hdf.
23:30:44 INFO  : Connected to target on host '127.0.0.1' and port '3121'.
23:30:45 INFO  : 'targets -set -filter {jtag_cable_name =~ "Digilent Nexys4 210274592338A" && level==0} -index 0' command is executed.
23:30:47 INFO  : FPGA configured successfully with bitstream "C:/Xilinx/Vivado/PMOD_WIFI_OLD/pmodWifi/pmodWifi.sdk/design_1_wrapper_hw_platform_0/download.bit"
23:30:57 INFO  : 'targets -set -filter {jtag_cable_name =~ "Digilent Nexys4 210274592338A" && level==0} -index 0' command is executed.
23:30:57 INFO  : 'fpga -state' command is executed.
23:30:57 INFO  : Connected to target on host '127.0.0.1' and port '3121'.
23:30:57 INFO  : Jtag cable 'Digilent Nexys4 210274592338A' is selected.
23:30:57 INFO  : 'jtag frequency' command is executed.
23:30:57 INFO  : Context for processor 'microblaze_0' is selected.
23:30:57 INFO  : Processor reset is completed for 'microblaze_0'.
23:30:57 INFO  : Context for processor 'microblaze_0' is selected.
23:30:57 INFO  : The application 'C:/Xilinx/Vivado/PMOD_WIFI_OLD/pmodWifi/pmodWifi.sdk/wifi/Debug/wifi.elf' is downloaded to processor 'microblaze_0'.
23:30:57 INFO  : ----------------XSDB Script----------------
connect -url tcp:127.0.0.1:3121
targets -set -nocase -filter {name =~ "microblaze*#0" && bscan=="USER2"  && jtag_cable_name =~ "Digilent Nexys4 210274592338A"} -index 0
rst -processor
targets -set -nocase -filter {name =~ "microblaze*#0" && bscan=="USER2"  && jtag_cable_name =~ "Digilent Nexys4 210274592338A"} -index 0
dow C:/Xilinx/Vivado/PMOD_WIFI_OLD/pmodWifi/pmodWifi.sdk/wifi/Debug/wifi.elf
----------------End of Script----------------

23:30:57 INFO  : Memory regions updated for context MicroBlaze #0
23:30:57 INFO  : Memory regions updated for context MicroBlaze Debug Module at USER2
23:30:57 INFO  : Context for processor 'microblaze_0' is selected.
23:30:57 INFO  : 'con' command is executed.
23:30:57 INFO  : ----------------XSDB Script (After Launch)----------------
targets -set -nocase -filter {name =~ "microblaze*#0" && bscan=="USER2"  && jtag_cable_name =~ "Digilent Nexys4 210274592338A"} -index 0
con
----------------End of Script----------------

23:30:57 INFO  : Launch script is exported to file 'C:\Xilinx\Vivado\PMOD_WIFI_OLD\pmodWifi\pmodWifi.sdk\.sdk\launch_scripts\xilinx_c-c++_application_(system_debugger)\system_debugger_using_debug_wifi.elf_on_local.tcl'
23:32:53 INFO  : Connected to target on host '127.0.0.1' and port '3121'.
23:32:53 INFO  : 'targets -set -filter {jtag_cable_name =~ "Digilent Nexys4 210274592338A" && level==0} -index 0' command is executed.
23:32:55 INFO  : FPGA configured successfully with bitstream "C:/Xilinx/Vivado/PMOD_WIFI_OLD/pmodWifi/pmodWifi.sdk/design_1_wrapper_hw_platform_0/download.bit"
23:34:15 INFO  : Disconnected from the channel tcfchan#1.
23:34:37 INFO  : Connected to target on host '127.0.0.1' and port '3121'.
23:34:41 INFO  : 'targets -set -filter {jtag_cable_name =~ "Digilent Nexys4 210274592338A" && level==0} -index 0' command is executed.
23:34:43 INFO  : FPGA configured successfully with bitstream "C:/Xilinx/Vivado/PMOD_WIFI_OLD/pmodWifi/pmodWifi.sdk/design_1_wrapper_hw_platform_0/download.bit"
23:34:48 INFO  : Processor reset is completed for microblaze_0
23:39:21 INFO  : Connected to target on host '127.0.0.1' and port '3121'.
23:39:22 INFO  : 'targets -set -filter {jtag_cable_name =~ "Digilent Nexys4 210274592338A" && level==0} -index 0' command is executed.
23:39:24 INFO  : FPGA configured successfully with bitstream "C:/Xilinx/Vivado/PMOD_WIFI_OLD/pmodWifi/pmodWifi.sdk/design_1_wrapper_hw_platform_0/download.bit"
23:39:58 INFO  : microblaze_0 Processor is in use. Please stop existing Run or Debug sessions before launching.
23:40:03 INFO  : Processor reset is completed for microblaze_0
23:45:01 INFO  : Connected to target on host '127.0.0.1' and port '3121'.
23:45:01 INFO  : 'targets -set -filter {jtag_cable_name =~ "Digilent Nexys4 210274592338A" && level==0} -index 0' command is executed.
23:45:03 INFO  : FPGA configured successfully with bitstream "C:/Xilinx/Vivado/PMOD_WIFI_OLD/pmodWifi/pmodWifi.sdk/design_1_wrapper_hw_platform_0/download.bit"
23:45:13 INFO  : Processor reset is completed for microblaze_0
00:04:04 INFO  : Connected to target on host '127.0.0.1' and port '3121'.
00:04:04 INFO  : 'targets -set -filter {jtag_cable_name =~ "Digilent Nexys4 210274592338A" && level==0} -index 0' command is executed.
00:04:06 INFO  : FPGA configured successfully with bitstream "C:/Xilinx/Vivado/PMOD_WIFI_OLD/pmodWifi/pmodWifi.sdk/design_1_wrapper_hw_platform_0/download.bit"
00:04:15 INFO  : Processor reset is completed for microblaze_0
00:09:18 INFO  : Connected to target on host '127.0.0.1' and port '3121'.
00:09:18 INFO  : 'targets -set -filter {jtag_cable_name =~ "Digilent Nexys4 210274592338A" && level==0} -index 0' command is executed.
00:09:21 INFO  : FPGA configured successfully with bitstream "C:/Xilinx/Vivado/PMOD_WIFI_OLD/pmodWifi/pmodWifi.sdk/design_1_wrapper_hw_platform_0/download.bit"
00:09:28 INFO  : Processor reset is completed for microblaze_0
00:14:25 INFO  : Connected to target on host '127.0.0.1' and port '3121'.
00:14:25 INFO  : 'targets -set -filter {jtag_cable_name =~ "Digilent Nexys4 210274592338A" && level==0} -index 0' command is executed.
00:14:27 INFO  : FPGA configured successfully with bitstream "C:/Xilinx/Vivado/PMOD_WIFI_OLD/pmodWifi/pmodWifi.sdk/design_1_wrapper_hw_platform_0/download.bit"
00:14:37 INFO  : Processor reset is completed for microblaze_0
00:24:43 INFO  : Connected to target on host '127.0.0.1' and port '3121'.
00:24:43 INFO  : 'targets -set -filter {jtag_cable_name =~ "Digilent Nexys4 210274592338A" && level==0} -index 0' command is executed.
00:24:46 INFO  : FPGA configured successfully with bitstream "C:/Xilinx/Vivado/PMOD_WIFI_OLD/pmodWifi/pmodWifi.sdk/design_1_wrapper_hw_platform_0/download.bit"
00:24:58 INFO  : microblaze_0 Processor is in use. Please stop existing Run or Debug sessions before launching.
00:25:10 INFO  : Processor reset is completed for microblaze_0
01:06:27 ERROR : Unexpected error while parsing XMD response ?: com.google.gson.JsonSyntaxException: com.google.gson.stream.MalformedJsonException: invalid number or unquoted string near 
13:24:01 INFO  : Registering command handlers for SDK TCF services
13:24:02 INFO  : Launching XSCT server: xsct.bat -interactive C:\Xilinx\Vivado\PMOD_WIFI_OLD\pmodWifi\pmodWifi.sdk\temp_xsdb_launch_script.tcl
13:24:03 INFO  : XSCT server has started successfully.
13:24:03 INFO  : Successfully done setting XSCT server connection channel  
13:24:03 INFO  : Successfully done setting SDK workspace  
13:24:03 INFO  : Processing command line option -hwspec C:/Xilinx/Vivado/PMOD_WIFI_OLD/pmodWifi/pmodWifi.sdk/design_1_wrapper.hdf.
13:24:03 INFO  : Checking for hwspec changes in the project design_1_wrapper_hw_platform_0.
13:26:16 ERROR : (XSDB Server)ERROR: [Hsi 55-1545] Problem running tcl command ::sw_standalone_v6_2::generate : ERROR : Timer for Profiling NOT selected.
S/W Intrusive Profiling on MicroBlaze requires an axi_timer.
    while executing
"error "ERROR : Timer for Profiling NOT selected.\nS/W Intrusive Profiling on MicroBlaze requires an axi_timer." "" "mdt_error""
    (procedure "handle_profile" line 47)
    invoked from within
"handle_profile $os_handle $proctype"
    (procedure "::sw_standalone_v6_2::generate" line 307)
    invoked from within
"::sw_standalone_v6_2::generate standalone"
ERROR: [Hsi 55-1442] Error(s) while running TCL procedure generate()

13:26:16 ERROR : (XSDB Server)ERROR: [Hsi 55-1450] Error: running generate_bsp.

13:26:16 ERROR : Error generating bsp sources: Failed in generating sources
13:26:16 ERROR : Failed to generate sources for BSP project standalone_bsp_0
org.eclipse.core.runtime.CoreException: Internal error occurred while generating bsp sources. Please check the SDK Log view for further details.
	at com.xilinx.sdk.sw.ui.handlers.RegenBspSourcesHandler.internalGenerateBsp(RegenBspSourcesHandler.java:178)
	at com.xilinx.sdk.sw.ui.handlers.RegenBspSourcesHandler.access$2(RegenBspSourcesHandler.java:163)
	at com.xilinx.sdk.sw.ui.handlers.RegenBspSourcesHandler$1$1.run(RegenBspSourcesHandler.java:131)
	at org.eclipse.core.internal.resources.Workspace.run(Workspace.java:2240)
	at org.eclipse.core.internal.resources.Workspace.run(Workspace.java:2267)
	at com.xilinx.sdk.sw.ui.handlers.RegenBspSourcesHandler$1.run(RegenBspSourcesHandler.java:135)
	at org.eclipse.jface.operation.ModalContext$ModalContextThread.run(ModalContext.java:119)
13:27:37 ERROR : (XSDB Server)ERROR: [Hsi 55-1545] Problem running tcl command ::sw_standalone_v6_2::generate : ERROR <profile> :: Profile Timer Interrupt Signal Not Connected Properly
    while executing
"error "ERROR <profile> :: Profile Timer Interrupt Signal Not Connected Properly""
    (procedure "handle_profile_opbtimer" line 61)
    invoked from within
"handle_profile_opbtimer $config_file $timer_inst"
    (procedure "handle_profile" line 49)
    invoked from within
"handle_profile $os_handle $proctype"
    (procedure "::sw_standalone_v6_2::generate" line 307)
    invoked from within
"::sw_standalone_v6_2::generate standalone"

13:27:37 ERROR : (XSDB Server)ERROR: [Hsi 55-1442] Error(s) while running TCL procedure generate()

13:27:37 ERROR : (XSDB Server)ERROR: [Hsi 55-1450] Error: running generate_bsp.

13:27:37 ERROR : Error generating bsp sources: Failed in generating sources
13:27:37 ERROR : Failed to regenerate sources for BSP project standalone_bsp_0
org.eclipse.core.runtime.CoreException: Internal error occurred while generating bsp sources. Please check the SDK Log view for further details.
	at com.xilinx.sdk.sw.ui.handlers.RegenBspSourcesHandler.internalGenerateBsp(RegenBspSourcesHandler.java:178)
	at com.xilinx.sdk.sw.ui.handlers.RegenBspSourcesHandler.access$2(RegenBspSourcesHandler.java:163)
	at com.xilinx.sdk.sw.ui.handlers.RegenBspSourcesHandler$1$1.run(RegenBspSourcesHandler.java:131)
	at org.eclipse.core.internal.resources.Workspace.run(Workspace.java:2240)
	at org.eclipse.core.internal.resources.Workspace.run(Workspace.java:2267)
	at com.xilinx.sdk.sw.ui.handlers.RegenBspSourcesHandler$1.run(RegenBspSourcesHandler.java:135)
	at org.eclipse.jface.operation.ModalContext$ModalContextThread.run(ModalContext.java:119)
14:14:41 INFO  : Launching XSCT server: xsct.bat -interactive C:\Xilinx\Vivado\PMOD_WIFI_OLD\pmodWifi\pmodWifi.sdk\temp_xsdb_launch_script.tcl
14:14:42 INFO  : XSCT server has started successfully.
14:14:43 INFO  : Successfully done setting XSCT server connection channel  
14:14:43 INFO  : Successfully done setting SDK workspace  
14:14:45 INFO  : Registering command handlers for SDK TCF services
14:14:45 INFO  : Processing command line option -hwspec C:/Xilinx/Vivado/PMOD_WIFI_OLD/pmodWifi/pmodWifi.sdk/design_1_wrapper.hdf.
14:14:45 INFO  : Checking for hwspec changes in the project design_1_wrapper_hw_platform_0.
14:15:32 INFO  : Connected to target on host '127.0.0.1' and port '3121'.
14:15:32 INFO  : 'targets -set -filter {jtag_cable_name =~ "Digilent Nexys4 210274592338A" && level==0} -index 0' command is executed.
14:15:35 INFO  : FPGA configured successfully with bitstream "C:/Xilinx/Vivado/PMOD_WIFI_OLD/pmodWifi/pmodWifi.sdk/design_1_wrapper_hw_platform_0/download.bit"
14:18:44 INFO  : Processor reset is completed for microblaze_0
14:20:06 INFO  : Connected to target on host '127.0.0.1' and port '3121'.
14:20:06 INFO  : 'targets -set -filter {jtag_cable_name =~ "Digilent Nexys4 210274592338A" && level==0} -index 0' command is executed.
14:20:08 INFO  : FPGA configured successfully with bitstream "C:/Xilinx/Vivado/PMOD_WIFI_OLD/pmodWifi/pmodWifi.sdk/design_1_wrapper_hw_platform_0/download.bit"
14:21:19 INFO  : Processor reset is completed for microblaze_0
14:23:36 INFO  : Connected to target on host '127.0.0.1' and port '3121'.
14:23:37 INFO  : 'targets -set -filter {jtag_cable_name =~ "Digilent Nexys4 210274592338A" && level==0} -index 0' command is executed.
14:23:39 INFO  : FPGA configured successfully with bitstream "C:/Xilinx/Vivado/PMOD_WIFI_OLD/pmodWifi/pmodWifi.sdk/design_1_wrapper_hw_platform_0/download.bit"
14:41:05 INFO  : Connected to target on host '127.0.0.1' and port '3121'.
14:41:05 INFO  : 'targets -set -filter {jtag_cable_name =~ "Digilent Nexys4 210274592338A" && level==0} -index 0' command is executed.
14:41:08 INFO  : FPGA configured successfully with bitstream "C:/Xilinx/Vivado/PMOD_WIFI_OLD/pmodWifi/pmodWifi.sdk/design_1_wrapper_hw_platform_0/download.bit"
14:41:52 INFO  : Processor reset is completed for microblaze_0
14:43:23 INFO  : Connected to target on host '127.0.0.1' and port '3121'.
14:43:24 INFO  : 'targets -set -filter {jtag_cable_name =~ "Digilent Nexys4 210274592338A" && level==0} -index 0' command is executed.
14:43:26 INFO  : FPGA configured successfully with bitstream "C:/Xilinx/Vivado/PMOD_WIFI_OLD/pmodWifi/pmodWifi.sdk/design_1_wrapper_hw_platform_0/download.bit"
14:43:47 INFO  : microblaze_0 Processor is in use. Please stop existing Run or Debug sessions before launching.
14:43:51 INFO  : Processor reset is completed for microblaze_0
14:45:14 INFO  : Connected to target on host '127.0.0.1' and port '3121'.
14:45:14 INFO  : 'targets -set -filter {jtag_cable_name =~ "Digilent Nexys4 210274592338A" && level==0} -index 0' command is executed.
14:45:17 INFO  : FPGA configured successfully with bitstream "C:/Xilinx/Vivado/PMOD_WIFI_OLD/pmodWifi/pmodWifi.sdk/design_1_wrapper_hw_platform_0/download.bit"
14:45:46 INFO  : microblaze_0 Processor is in use. Please stop existing Run or Debug sessions before launching.
14:45:54 INFO  : Processor reset is completed for microblaze_0
14:47:10 INFO  : 'targets -set -filter {jtag_cable_name =~ "Digilent Nexys4 210274592338A" && level==0} -index 0' command is executed.
14:47:10 INFO  : 'fpga -state' command is executed.
14:47:10 INFO  : Connected to target on host '127.0.0.1' and port '3121'.
14:47:10 INFO  : Jtag cable 'Digilent Nexys4 210274592338A' is selected.
14:47:10 INFO  : 'jtag frequency' command is executed.
14:47:10 INFO  : Context for processor 'microblaze_0' is selected.
14:47:10 INFO  : Processor reset is completed for 'microblaze_0'.
14:47:10 INFO  : Context for processor 'microblaze_0' is selected.
14:47:11 INFO  : The application 'C:/Xilinx/Vivado/PMOD_WIFI_OLD/pmodWifi/pmodWifi.sdk/wifi/Debug/wifi.elf' is downloaded to processor 'microblaze_0'.
14:47:11 INFO  : ----------------XSDB Script----------------
connect -url tcp:127.0.0.1:3121
targets -set -nocase -filter {name =~ "microblaze*#0" && bscan=="USER2"  && jtag_cable_name =~ "Digilent Nexys4 210274592338A"} -index 0
rst -processor
targets -set -nocase -filter {name =~ "microblaze*#0" && bscan=="USER2"  && jtag_cable_name =~ "Digilent Nexys4 210274592338A"} -index 0
dow C:/Xilinx/Vivado/PMOD_WIFI_OLD/pmodWifi/pmodWifi.sdk/wifi/Debug/wifi.elf
----------------End of Script----------------

14:47:11 INFO  : Memory regions updated for context MicroBlaze #0
14:47:11 INFO  : Memory regions updated for context MicroBlaze Debug Module at USER2
14:47:11 INFO  : Context for processor 'microblaze_0' is selected.
14:47:11 INFO  : 'con' command is executed.
14:47:11 INFO  : ----------------XSDB Script (After Launch)----------------
targets -set -nocase -filter {name =~ "microblaze*#0" && bscan=="USER2"  && jtag_cable_name =~ "Digilent Nexys4 210274592338A"} -index 0
con
----------------End of Script----------------

14:47:11 INFO  : Launch script is exported to file 'C:\Xilinx\Vivado\PMOD_WIFI_OLD\pmodWifi\pmodWifi.sdk\.sdk\launch_scripts\xilinx_c-c++_application_(system_debugger)\system_debugger_using_debug_wifi.elf_on_local.tcl'
14:48:07 INFO  : Connected to target on host '127.0.0.1' and port '3121'.
14:48:08 INFO  : 'targets -set -filter {jtag_cable_name =~ "Digilent Nexys4 210274592338A" && level==0} -index 0' command is executed.
14:48:10 INFO  : FPGA configured successfully with bitstream "C:/Xilinx/Vivado/PMOD_WIFI_OLD/pmodWifi/pmodWifi.sdk/design_1_wrapper_hw_platform_0/download.bit"
14:48:23 INFO  : Disconnected from the channel tcfchan#1.
14:48:24 INFO  : 'targets -set -filter {jtag_cable_name =~ "Digilent Nexys4 210274592338A" && level==0} -index 0' command is executed.
14:48:24 INFO  : 'fpga -state' command is executed.
14:48:24 INFO  : Connected to target on host '127.0.0.1' and port '3121'.
14:48:24 INFO  : Jtag cable 'Digilent Nexys4 210274592338A' is selected.
14:48:24 INFO  : 'jtag frequency' command is executed.
14:48:24 INFO  : Context for processor 'microblaze_0' is selected.
14:48:24 INFO  : Processor reset is completed for 'microblaze_0'.
14:48:24 INFO  : Context for processor 'microblaze_0' is selected.
14:48:25 INFO  : The application 'C:/Xilinx/Vivado/PMOD_WIFI_OLD/pmodWifi/pmodWifi.sdk/wifi/Debug/wifi.elf' is downloaded to processor 'microblaze_0'.
14:48:25 INFO  : ----------------XSDB Script----------------
connect -url tcp:127.0.0.1:3121
targets -set -nocase -filter {name =~ "microblaze*#0" && bscan=="USER2"  && jtag_cable_name =~ "Digilent Nexys4 210274592338A"} -index 0
rst -processor
targets -set -nocase -filter {name =~ "microblaze*#0" && bscan=="USER2"  && jtag_cable_name =~ "Digilent Nexys4 210274592338A"} -index 0
dow C:/Xilinx/Vivado/PMOD_WIFI_OLD/pmodWifi/pmodWifi.sdk/wifi/Debug/wifi.elf
----------------End of Script----------------

14:48:25 INFO  : Memory regions updated for context MicroBlaze #0
14:48:25 INFO  : Memory regions updated for context MicroBlaze Debug Module at USER2
14:48:25 INFO  : Context for processor 'microblaze_0' is selected.
14:48:25 INFO  : 'con' command is executed.
14:48:25 INFO  : ----------------XSDB Script (After Launch)----------------
targets -set -nocase -filter {name =~ "microblaze*#0" && bscan=="USER2"  && jtag_cable_name =~ "Digilent Nexys4 210274592338A"} -index 0
con
----------------End of Script----------------

14:48:25 INFO  : Launch script is exported to file 'C:\Xilinx\Vivado\PMOD_WIFI_OLD\pmodWifi\pmodWifi.sdk\.sdk\launch_scripts\xilinx_c-c++_application_(system_debugger)\system_debugger_using_debug_wifi.elf_on_local.tcl'
14:55:50 INFO  : Connected to target on host '127.0.0.1' and port '3121'.
14:55:50 INFO  : 'targets -set -filter {jtag_cable_name =~ "Digilent Nexys4 210274592338A" && level==0} -index 0' command is executed.
14:55:52 INFO  : FPGA configured successfully with bitstream "C:/Xilinx/Vivado/PMOD_WIFI_OLD/pmodWifi/pmodWifi.sdk/design_1_wrapper_hw_platform_0/download.bit"
14:56:05 INFO  : Disconnected from the channel tcfchan#2.
14:56:06 INFO  : 'targets -set -filter {jtag_cable_name =~ "Digilent Nexys4 210274592338A" && level==0} -index 0' command is executed.
14:56:06 INFO  : 'fpga -state' command is executed.
14:56:06 INFO  : Connected to target on host '127.0.0.1' and port '3121'.
14:56:06 INFO  : Jtag cable 'Digilent Nexys4 210274592338A' is selected.
14:56:06 INFO  : 'jtag frequency' command is executed.
14:56:06 INFO  : Context for processor 'microblaze_0' is selected.
14:56:06 INFO  : Processor reset is completed for 'microblaze_0'.
14:56:06 INFO  : Context for processor 'microblaze_0' is selected.
14:56:07 INFO  : The application 'C:/Xilinx/Vivado/PMOD_WIFI_OLD/pmodWifi/pmodWifi.sdk/wifi/Debug/wifi.elf' is downloaded to processor 'microblaze_0'.
14:56:07 INFO  : ----------------XSDB Script----------------
connect -url tcp:127.0.0.1:3121
targets -set -nocase -filter {name =~ "microblaze*#0" && bscan=="USER2"  && jtag_cable_name =~ "Digilent Nexys4 210274592338A"} -index 0
rst -processor
targets -set -nocase -filter {name =~ "microblaze*#0" && bscan=="USER2"  && jtag_cable_name =~ "Digilent Nexys4 210274592338A"} -index 0
dow C:/Xilinx/Vivado/PMOD_WIFI_OLD/pmodWifi/pmodWifi.sdk/wifi/Debug/wifi.elf
----------------End of Script----------------

14:56:07 INFO  : Memory regions updated for context MicroBlaze #0
14:56:07 INFO  : Memory regions updated for context MicroBlaze Debug Module at USER2
14:56:07 INFO  : Context for processor 'microblaze_0' is selected.
14:56:07 INFO  : 'con' command is executed.
14:56:07 INFO  : ----------------XSDB Script (After Launch)----------------
targets -set -nocase -filter {name =~ "microblaze*#0" && bscan=="USER2"  && jtag_cable_name =~ "Digilent Nexys4 210274592338A"} -index 0
con
----------------End of Script----------------

14:56:07 INFO  : Launch script is exported to file 'C:\Xilinx\Vivado\PMOD_WIFI_OLD\pmodWifi\pmodWifi.sdk\.sdk\launch_scripts\xilinx_c-c++_application_(system_debugger)\system_debugger_using_debug_wifi.elf_on_local.tcl'
14:56:52 INFO  : Connected to target on host '127.0.0.1' and port '3121'.
14:56:53 INFO  : 'targets -set -filter {jtag_cable_name =~ "Digilent Nexys4 210274592338A" && level==0} -index 0' command is executed.
14:56:55 INFO  : FPGA configured successfully with bitstream "C:/Xilinx/Vivado/PMOD_WIFI_OLD/pmodWifi/pmodWifi.sdk/design_1_wrapper_hw_platform_0/download.bit"
14:57:14 INFO  : Disconnected from the channel tcfchan#3.
14:57:15 INFO  : 'targets -set -filter {jtag_cable_name =~ "Digilent Nexys4 210274592338A" && level==0} -index 0' command is executed.
14:57:15 INFO  : 'fpga -state' command is executed.
14:57:15 INFO  : Connected to target on host '127.0.0.1' and port '3121'.
14:57:15 INFO  : Jtag cable 'Digilent Nexys4 210274592338A' is selected.
14:57:15 INFO  : 'jtag frequency' command is executed.
14:57:15 INFO  : Context for processor 'microblaze_0' is selected.
14:57:15 INFO  : Processor reset is completed for 'microblaze_0'.
14:57:15 INFO  : Context for processor 'microblaze_0' is selected.
14:57:16 INFO  : The application 'C:/Xilinx/Vivado/PMOD_WIFI_OLD/pmodWifi/pmodWifi.sdk/wifi/Debug/wifi.elf' is downloaded to processor 'microblaze_0'.
14:57:16 INFO  : ----------------XSDB Script----------------
connect -url tcp:127.0.0.1:3121
targets -set -nocase -filter {name =~ "microblaze*#0" && bscan=="USER2"  && jtag_cable_name =~ "Digilent Nexys4 210274592338A"} -index 0
rst -processor
targets -set -nocase -filter {name =~ "microblaze*#0" && bscan=="USER2"  && jtag_cable_name =~ "Digilent Nexys4 210274592338A"} -index 0
dow C:/Xilinx/Vivado/PMOD_WIFI_OLD/pmodWifi/pmodWifi.sdk/wifi/Debug/wifi.elf
----------------End of Script----------------

14:57:16 INFO  : Memory regions updated for context MicroBlaze #0
14:57:16 INFO  : Memory regions updated for context MicroBlaze Debug Module at USER2
14:57:16 INFO  : Context for processor 'microblaze_0' is selected.
14:57:16 INFO  : 'con' command is executed.
14:57:16 INFO  : ----------------XSDB Script (After Launch)----------------
targets -set -nocase -filter {name =~ "microblaze*#0" && bscan=="USER2"  && jtag_cable_name =~ "Digilent Nexys4 210274592338A"} -index 0
con
----------------End of Script----------------

14:57:16 INFO  : Launch script is exported to file 'C:\Xilinx\Vivado\PMOD_WIFI_OLD\pmodWifi\pmodWifi.sdk\.sdk\launch_scripts\xilinx_c-c++_application_(system_debugger)\system_debugger_using_debug_wifi.elf_on_local.tcl'
14:59:42 INFO  : Connected to target on host '127.0.0.1' and port '3121'.
14:59:42 INFO  : 'targets -set -filter {jtag_cable_name =~ "Digilent Nexys4 210274592338A" && level==0} -index 0' command is executed.
14:59:45 INFO  : FPGA configured successfully with bitstream "C:/Xilinx/Vivado/PMOD_WIFI_OLD/pmodWifi/pmodWifi.sdk/design_1_wrapper_hw_platform_0/download.bit"
14:59:52 INFO  : Disconnected from the channel tcfchan#4.
14:59:53 INFO  : 'targets -set -filter {jtag_cable_name =~ "Digilent Nexys4 210274592338A" && level==0} -index 0' command is executed.
14:59:53 INFO  : 'fpga -state' command is executed.
14:59:53 INFO  : Connected to target on host '127.0.0.1' and port '3121'.
14:59:53 INFO  : Jtag cable 'Digilent Nexys4 210274592338A' is selected.
14:59:53 INFO  : 'jtag frequency' command is executed.
14:59:53 INFO  : Context for processor 'microblaze_0' is selected.
14:59:54 INFO  : Processor reset is completed for 'microblaze_0'.
14:59:54 INFO  : Context for processor 'microblaze_0' is selected.
14:59:54 INFO  : The application 'C:/Xilinx/Vivado/PMOD_WIFI_OLD/pmodWifi/pmodWifi.sdk/wifi/Debug/wifi.elf' is downloaded to processor 'microblaze_0'.
14:59:54 INFO  : ----------------XSDB Script----------------
connect -url tcp:127.0.0.1:3121
targets -set -nocase -filter {name =~ "microblaze*#0" && bscan=="USER2"  && jtag_cable_name =~ "Digilent Nexys4 210274592338A"} -index 0
rst -processor
targets -set -nocase -filter {name =~ "microblaze*#0" && bscan=="USER2"  && jtag_cable_name =~ "Digilent Nexys4 210274592338A"} -index 0
dow C:/Xilinx/Vivado/PMOD_WIFI_OLD/pmodWifi/pmodWifi.sdk/wifi/Debug/wifi.elf
----------------End of Script----------------

14:59:54 INFO  : Memory regions updated for context MicroBlaze #0
14:59:54 INFO  : Memory regions updated for context MicroBlaze Debug Module at USER2
14:59:54 INFO  : Context for processor 'microblaze_0' is selected.
14:59:54 INFO  : 'con' command is executed.
14:59:54 INFO  : ----------------XSDB Script (After Launch)----------------
targets -set -nocase -filter {name =~ "microblaze*#0" && bscan=="USER2"  && jtag_cable_name =~ "Digilent Nexys4 210274592338A"} -index 0
con
----------------End of Script----------------

14:59:54 INFO  : Launch script is exported to file 'C:\Xilinx\Vivado\PMOD_WIFI_OLD\pmodWifi\pmodWifi.sdk\.sdk\launch_scripts\xilinx_c-c++_application_(system_debugger)\system_debugger_using_debug_wifi.elf_on_local.tcl'
15:13:00 INFO  : Connected to target on host '127.0.0.1' and port '3121'.
15:13:01 INFO  : 'targets -set -filter {jtag_cable_name =~ "Digilent Nexys4 210274592338A" && level==0} -index 0' command is executed.
15:13:03 INFO  : FPGA configured successfully with bitstream "C:/Xilinx/Vivado/PMOD_WIFI_OLD/pmodWifi/pmodWifi.sdk/design_1_wrapper_hw_platform_0/download.bit"
15:13:38 INFO  : Disconnected from the channel tcfchan#5.
15:13:39 INFO  : 'targets -set -filter {jtag_cable_name =~ "Digilent Nexys4 210274592338A" && level==0} -index 0' command is executed.
15:13:39 INFO  : 'fpga -state' command is executed.
15:13:39 INFO  : Connected to target on host '127.0.0.1' and port '3121'.
15:13:39 INFO  : Jtag cable 'Digilent Nexys4 210274592338A' is selected.
15:13:39 INFO  : 'jtag frequency' command is executed.
15:13:39 INFO  : Context for processor 'microblaze_0' is selected.
15:13:39 INFO  : Processor reset is completed for 'microblaze_0'.
15:13:40 INFO  : Context for processor 'microblaze_0' is selected.
15:13:40 INFO  : The application 'C:/Xilinx/Vivado/PMOD_WIFI_OLD/pmodWifi/pmodWifi.sdk/wifi/Debug/wifi.elf' is downloaded to processor 'microblaze_0'.
15:13:40 INFO  : ----------------XSDB Script----------------
connect -url tcp:127.0.0.1:3121
targets -set -nocase -filter {name =~ "microblaze*#0" && bscan=="USER2"  && jtag_cable_name =~ "Digilent Nexys4 210274592338A"} -index 0
rst -processor
targets -set -nocase -filter {name =~ "microblaze*#0" && bscan=="USER2"  && jtag_cable_name =~ "Digilent Nexys4 210274592338A"} -index 0
dow C:/Xilinx/Vivado/PMOD_WIFI_OLD/pmodWifi/pmodWifi.sdk/wifi/Debug/wifi.elf
----------------End of Script----------------

15:13:40 INFO  : Memory regions updated for context MicroBlaze #0
15:13:40 INFO  : Memory regions updated for context MicroBlaze Debug Module at USER2
15:13:40 INFO  : Context for processor 'microblaze_0' is selected.
15:13:40 INFO  : 'con' command is executed.
15:13:40 INFO  : ----------------XSDB Script (After Launch)----------------
targets -set -nocase -filter {name =~ "microblaze*#0" && bscan=="USER2"  && jtag_cable_name =~ "Digilent Nexys4 210274592338A"} -index 0
con
----------------End of Script----------------

15:13:40 INFO  : Launch script is exported to file 'C:\Xilinx\Vivado\PMOD_WIFI_OLD\pmodWifi\pmodWifi.sdk\.sdk\launch_scripts\xilinx_c-c++_application_(system_debugger)\system_debugger_using_debug_wifi.elf_on_local.tcl'
15:14:46 INFO  : Connected to target on host '127.0.0.1' and port '3121'.
15:14:46 INFO  : 'targets -set -filter {jtag_cable_name =~ "Digilent Nexys4 210274592338A" && level==0} -index 0' command is executed.
15:14:48 INFO  : FPGA configured successfully with bitstream "C:/Xilinx/Vivado/PMOD_WIFI_OLD/pmodWifi/pmodWifi.sdk/design_1_wrapper_hw_platform_0/download.bit"
15:15:21 INFO  : Connected to target on host '127.0.0.1' and port '3121'.
15:15:42 INFO  : Connected to target on host '127.0.0.1' and port '3121'.
15:15:42 INFO  : 'targets -set -filter {jtag_cable_name =~ "Digilent Nexys4 210274592338A" && level==0} -index 0' command is executed.
15:15:44 INFO  : FPGA configured successfully with bitstream "C:/Xilinx/Vivado/PMOD_WIFI_OLD/pmodWifi/pmodWifi.sdk/design_1_wrapper_hw_platform_0/download.bit"
15:16:18 INFO  : Disconnected from the channel tcfchan#6.
15:16:19 INFO  : 'targets -set -filter {jtag_cable_name =~ "Digilent Nexys4 210274592338A" && level==0} -index 0' command is executed.
15:16:19 INFO  : 'fpga -state' command is executed.
15:16:19 INFO  : Connected to target on host '127.0.0.1' and port '3121'.
15:16:19 INFO  : Jtag cable 'Digilent Nexys4 210274592338A' is selected.
15:16:19 INFO  : 'jtag frequency' command is executed.
15:16:19 INFO  : Context for processor 'microblaze_0' is selected.
15:16:19 INFO  : Processor reset is completed for 'microblaze_0'.
15:16:19 INFO  : Context for processor 'microblaze_0' is selected.
15:16:20 INFO  : The application 'C:/Xilinx/Vivado/PMOD_WIFI_OLD/pmodWifi/pmodWifi.sdk/wifi/Debug/wifi.elf' is downloaded to processor 'microblaze_0'.
15:16:20 INFO  : ----------------XSDB Script----------------
connect -url tcp:127.0.0.1:3121
targets -set -nocase -filter {name =~ "microblaze*#0" && bscan=="USER2"  && jtag_cable_name =~ "Digilent Nexys4 210274592338A"} -index 0
rst -processor
targets -set -nocase -filter {name =~ "microblaze*#0" && bscan=="USER2"  && jtag_cable_name =~ "Digilent Nexys4 210274592338A"} -index 0
dow C:/Xilinx/Vivado/PMOD_WIFI_OLD/pmodWifi/pmodWifi.sdk/wifi/Debug/wifi.elf
----------------End of Script----------------

15:16:20 INFO  : Memory regions updated for context MicroBlaze #0
15:16:20 INFO  : Memory regions updated for context MicroBlaze Debug Module at USER2
15:16:20 INFO  : Context for processor 'microblaze_0' is selected.
15:16:20 INFO  : 'con' command is executed.
15:16:20 INFO  : ----------------XSDB Script (After Launch)----------------
targets -set -nocase -filter {name =~ "microblaze*#0" && bscan=="USER2"  && jtag_cable_name =~ "Digilent Nexys4 210274592338A"} -index 0
con
----------------End of Script----------------

15:16:20 INFO  : Launch script is exported to file 'C:\Xilinx\Vivado\PMOD_WIFI_OLD\pmodWifi\pmodWifi.sdk\.sdk\launch_scripts\xilinx_c-c++_application_(system_debugger)\system_debugger_using_debug_wifi.elf_on_local.tcl'
15:17:13 INFO  : Connected to target on host '127.0.0.1' and port '3121'.
15:17:13 INFO  : 'targets -set -filter {jtag_cable_name =~ "Digilent Nexys4 210274592338A" && level==0} -index 0' command is executed.
15:17:15 INFO  : FPGA configured successfully with bitstream "C:/Xilinx/Vivado/PMOD_WIFI_OLD/pmodWifi/pmodWifi.sdk/design_1_wrapper_hw_platform_0/download.bit"
15:17:24 INFO  : Disconnected from the channel tcfchan#7.
15:17:25 INFO  : 'targets -set -filter {jtag_cable_name =~ "Digilent Nexys4 210274592338A" && level==0} -index 0' command is executed.
15:17:25 INFO  : 'fpga -state' command is executed.
15:17:25 INFO  : Connected to target on host '127.0.0.1' and port '3121'.
15:17:25 INFO  : Jtag cable 'Digilent Nexys4 210274592338A' is selected.
15:17:25 INFO  : 'jtag frequency' command is executed.
15:17:25 INFO  : Context for processor 'microblaze_0' is selected.
15:17:25 INFO  : Processor reset is completed for 'microblaze_0'.
15:17:25 INFO  : Context for processor 'microblaze_0' is selected.
15:17:25 INFO  : The application 'C:/Xilinx/Vivado/PMOD_WIFI_OLD/pmodWifi/pmodWifi.sdk/wifi/Debug/wifi.elf' is downloaded to processor 'microblaze_0'.
15:17:25 INFO  : ----------------XSDB Script----------------
connect -url tcp:127.0.0.1:3121
targets -set -nocase -filter {name =~ "microblaze*#0" && bscan=="USER2"  && jtag_cable_name =~ "Digilent Nexys4 210274592338A"} -index 0
rst -processor
targets -set -nocase -filter {name =~ "microblaze*#0" && bscan=="USER2"  && jtag_cable_name =~ "Digilent Nexys4 210274592338A"} -index 0
dow C:/Xilinx/Vivado/PMOD_WIFI_OLD/pmodWifi/pmodWifi.sdk/wifi/Debug/wifi.elf
----------------End of Script----------------

15:17:25 INFO  : Memory regions updated for context MicroBlaze #0
15:17:25 INFO  : Memory regions updated for context MicroBlaze Debug Module at USER2
15:17:25 INFO  : Context for processor 'microblaze_0' is selected.
15:17:25 INFO  : 'con' command is executed.
15:17:25 INFO  : ----------------XSDB Script (After Launch)----------------
targets -set -nocase -filter {name =~ "microblaze*#0" && bscan=="USER2"  && jtag_cable_name =~ "Digilent Nexys4 210274592338A"} -index 0
con
----------------End of Script----------------

15:17:25 INFO  : Launch script is exported to file 'C:\Xilinx\Vivado\PMOD_WIFI_OLD\pmodWifi\pmodWifi.sdk\.sdk\launch_scripts\xilinx_c-c++_application_(system_debugger)\system_debugger_using_debug_wifi.elf_on_local.tcl'
15:18:50 INFO  : Connected to target on host '127.0.0.1' and port '3121'.
15:18:50 INFO  : 'targets -set -filter {jtag_cable_name =~ "Digilent Nexys4 210274592338A" && level==0} -index 0' command is executed.
15:18:52 INFO  : FPGA configured successfully with bitstream "C:/Xilinx/Vivado/PMOD_WIFI_OLD/pmodWifi/pmodWifi.sdk/design_1_wrapper_hw_platform_0/download.bit"
15:19:00 INFO  : Disconnected from the channel tcfchan#8.
15:19:01 INFO  : 'targets -set -filter {jtag_cable_name =~ "Digilent Nexys4 210274592338A" && level==0} -index 0' command is executed.
15:19:01 INFO  : 'fpga -state' command is executed.
15:19:01 INFO  : Connected to target on host '127.0.0.1' and port '3121'.
15:19:01 INFO  : Jtag cable 'Digilent Nexys4 210274592338A' is selected.
15:19:01 INFO  : 'jtag frequency' command is executed.
15:19:01 INFO  : Context for processor 'microblaze_0' is selected.
15:19:01 INFO  : Processor reset is completed for 'microblaze_0'.
15:19:01 INFO  : Context for processor 'microblaze_0' is selected.
15:19:02 INFO  : The application 'C:/Xilinx/Vivado/PMOD_WIFI_OLD/pmodWifi/pmodWifi.sdk/wifi/Debug/wifi.elf' is downloaded to processor 'microblaze_0'.
15:19:02 INFO  : ----------------XSDB Script----------------
connect -url tcp:127.0.0.1:3121
targets -set -nocase -filter {name =~ "microblaze*#0" && bscan=="USER2"  && jtag_cable_name =~ "Digilent Nexys4 210274592338A"} -index 0
rst -processor
targets -set -nocase -filter {name =~ "microblaze*#0" && bscan=="USER2"  && jtag_cable_name =~ "Digilent Nexys4 210274592338A"} -index 0
dow C:/Xilinx/Vivado/PMOD_WIFI_OLD/pmodWifi/pmodWifi.sdk/wifi/Debug/wifi.elf
----------------End of Script----------------

15:19:02 INFO  : Memory regions updated for context MicroBlaze #0
15:19:02 INFO  : Memory regions updated for context MicroBlaze Debug Module at USER2
15:19:02 INFO  : Context for processor 'microblaze_0' is selected.
15:19:02 INFO  : 'con' command is executed.
15:19:02 INFO  : ----------------XSDB Script (After Launch)----------------
targets -set -nocase -filter {name =~ "microblaze*#0" && bscan=="USER2"  && jtag_cable_name =~ "Digilent Nexys4 210274592338A"} -index 0
con
----------------End of Script----------------

15:19:02 INFO  : Launch script is exported to file 'C:\Xilinx\Vivado\PMOD_WIFI_OLD\pmodWifi\pmodWifi.sdk\.sdk\launch_scripts\xilinx_c-c++_application_(system_debugger)\system_debugger_using_debug_wifi.elf_on_local.tcl'
15:27:31 INFO  : Connected to target on host '127.0.0.1' and port '3121'.
15:27:31 INFO  : 'targets -set -filter {jtag_cable_name =~ "Digilent Nexys4 210274592338A" && level==0} -index 0' command is executed.
15:27:33 INFO  : FPGA configured successfully with bitstream "C:/Xilinx/Vivado/PMOD_WIFI_OLD/pmodWifi/pmodWifi.sdk/design_1_wrapper_hw_platform_0/download.bit"
15:27:42 INFO  : Disconnected from the channel tcfchan#9.
15:27:44 INFO  : 'targets -set -filter {jtag_cable_name =~ "Digilent Nexys4 210274592338A" && level==0} -index 0' command is executed.
15:27:44 INFO  : 'fpga -state' command is executed.
15:27:44 INFO  : Connected to target on host '127.0.0.1' and port '3121'.
15:27:44 INFO  : Jtag cable 'Digilent Nexys4 210274592338A' is selected.
15:27:44 INFO  : 'jtag frequency' command is executed.
15:27:44 INFO  : Context for processor 'microblaze_0' is selected.
15:27:44 INFO  : Processor reset is completed for 'microblaze_0'.
15:27:44 INFO  : Context for processor 'microblaze_0' is selected.
15:27:44 INFO  : The application 'C:/Xilinx/Vivado/PMOD_WIFI_OLD/pmodWifi/pmodWifi.sdk/wifi/Debug/wifi.elf' is downloaded to processor 'microblaze_0'.
15:27:44 INFO  : ----------------XSDB Script----------------
connect -url tcp:127.0.0.1:3121
targets -set -nocase -filter {name =~ "microblaze*#0" && bscan=="USER2"  && jtag_cable_name =~ "Digilent Nexys4 210274592338A"} -index 0
rst -processor
targets -set -nocase -filter {name =~ "microblaze*#0" && bscan=="USER2"  && jtag_cable_name =~ "Digilent Nexys4 210274592338A"} -index 0
dow C:/Xilinx/Vivado/PMOD_WIFI_OLD/pmodWifi/pmodWifi.sdk/wifi/Debug/wifi.elf
----------------End of Script----------------

15:27:44 INFO  : Memory regions updated for context MicroBlaze #0
15:27:44 INFO  : Memory regions updated for context MicroBlaze Debug Module at USER2
15:27:44 INFO  : Context for processor 'microblaze_0' is selected.
15:27:44 INFO  : 'con' command is executed.
15:27:44 INFO  : ----------------XSDB Script (After Launch)----------------
targets -set -nocase -filter {name =~ "microblaze*#0" && bscan=="USER2"  && jtag_cable_name =~ "Digilent Nexys4 210274592338A"} -index 0
con
----------------End of Script----------------

15:27:44 INFO  : Launch script is exported to file 'C:\Xilinx\Vivado\PMOD_WIFI_OLD\pmodWifi\pmodWifi.sdk\.sdk\launch_scripts\xilinx_c-c++_application_(system_debugger)\system_debugger_using_debug_wifi.elf_on_local.tcl'
15:29:41 INFO  : Connected to target on host '127.0.0.1' and port '3121'.
15:29:41 INFO  : 'targets -set -filter {jtag_cable_name =~ "Digilent Nexys4 210274592338A" && level==0} -index 0' command is executed.
15:29:43 INFO  : FPGA configured successfully with bitstream "C:/Xilinx/Vivado/PMOD_WIFI_OLD/pmodWifi/pmodWifi.sdk/design_1_wrapper_hw_platform_0/download.bit"
15:29:54 INFO  : Disconnected from the channel tcfchan#10.
15:29:55 INFO  : 'targets -set -filter {jtag_cable_name =~ "Digilent Nexys4 210274592338A" && level==0} -index 0' command is executed.
15:29:55 INFO  : 'fpga -state' command is executed.
15:29:55 INFO  : Connected to target on host '127.0.0.1' and port '3121'.
15:29:56 INFO  : Jtag cable 'Digilent Nexys4 210274592338A' is selected.
15:29:56 INFO  : 'jtag frequency' command is executed.
15:29:56 INFO  : Context for processor 'microblaze_0' is selected.
15:29:56 INFO  : Processor reset is completed for 'microblaze_0'.
15:29:56 INFO  : Context for processor 'microblaze_0' is selected.
15:29:56 INFO  : The application 'C:/Xilinx/Vivado/PMOD_WIFI_OLD/pmodWifi/pmodWifi.sdk/wifi/Debug/wifi.elf' is downloaded to processor 'microblaze_0'.
15:29:56 INFO  : ----------------XSDB Script----------------
connect -url tcp:127.0.0.1:3121
targets -set -nocase -filter {name =~ "microblaze*#0" && bscan=="USER2"  && jtag_cable_name =~ "Digilent Nexys4 210274592338A"} -index 0
rst -processor
targets -set -nocase -filter {name =~ "microblaze*#0" && bscan=="USER2"  && jtag_cable_name =~ "Digilent Nexys4 210274592338A"} -index 0
dow C:/Xilinx/Vivado/PMOD_WIFI_OLD/pmodWifi/pmodWifi.sdk/wifi/Debug/wifi.elf
----------------End of Script----------------

15:29:56 INFO  : Memory regions updated for context MicroBlaze #0
15:29:56 INFO  : Memory regions updated for context MicroBlaze Debug Module at USER2
15:29:56 INFO  : Context for processor 'microblaze_0' is selected.
15:29:56 INFO  : 'con' command is executed.
15:29:56 INFO  : ----------------XSDB Script (After Launch)----------------
targets -set -nocase -filter {name =~ "microblaze*#0" && bscan=="USER2"  && jtag_cable_name =~ "Digilent Nexys4 210274592338A"} -index 0
con
----------------End of Script----------------

15:29:56 INFO  : Launch script is exported to file 'C:\Xilinx\Vivado\PMOD_WIFI_OLD\pmodWifi\pmodWifi.sdk\.sdk\launch_scripts\xilinx_c-c++_application_(system_debugger)\system_debugger_using_debug_wifi.elf_on_local.tcl'
15:35:10 INFO  : Connected to target on host '127.0.0.1' and port '3121'.
15:35:10 INFO  : 'targets -set -filter {jtag_cable_name =~ "Digilent Nexys4 210274592338A" && level==0} -index 0' command is executed.
15:35:12 INFO  : FPGA configured successfully with bitstream "C:/Xilinx/Vivado/PMOD_WIFI_OLD/pmodWifi/pmodWifi.sdk/design_1_wrapper_hw_platform_0/download.bit"
15:35:26 INFO  : Disconnected from the channel tcfchan#11.
15:35:27 INFO  : 'targets -set -filter {jtag_cable_name =~ "Digilent Nexys4 210274592338A" && level==0} -index 0' command is executed.
15:35:27 INFO  : 'fpga -state' command is executed.
15:35:27 INFO  : Connected to target on host '127.0.0.1' and port '3121'.
15:35:27 INFO  : Jtag cable 'Digilent Nexys4 210274592338A' is selected.
15:35:27 INFO  : 'jtag frequency' command is executed.
15:35:27 INFO  : Context for processor 'microblaze_0' is selected.
15:35:27 INFO  : Processor reset is completed for 'microblaze_0'.
15:35:27 INFO  : Context for processor 'microblaze_0' is selected.
15:35:27 INFO  : The application 'C:/Xilinx/Vivado/PMOD_WIFI_OLD/pmodWifi/pmodWifi.sdk/wifi/Debug/wifi.elf' is downloaded to processor 'microblaze_0'.
15:35:27 INFO  : ----------------XSDB Script----------------
connect -url tcp:127.0.0.1:3121
targets -set -nocase -filter {name =~ "microblaze*#0" && bscan=="USER2"  && jtag_cable_name =~ "Digilent Nexys4 210274592338A"} -index 0
rst -processor
targets -set -nocase -filter {name =~ "microblaze*#0" && bscan=="USER2"  && jtag_cable_name =~ "Digilent Nexys4 210274592338A"} -index 0
dow C:/Xilinx/Vivado/PMOD_WIFI_OLD/pmodWifi/pmodWifi.sdk/wifi/Debug/wifi.elf
----------------End of Script----------------

15:35:28 INFO  : Memory regions updated for context MicroBlaze #0
15:35:28 INFO  : Memory regions updated for context MicroBlaze Debug Module at USER2
15:35:28 INFO  : Context for processor 'microblaze_0' is selected.
15:35:28 INFO  : 'con' command is executed.
15:35:28 INFO  : ----------------XSDB Script (After Launch)----------------
targets -set -nocase -filter {name =~ "microblaze*#0" && bscan=="USER2"  && jtag_cable_name =~ "Digilent Nexys4 210274592338A"} -index 0
con
----------------End of Script----------------

15:35:28 INFO  : Launch script is exported to file 'C:\Xilinx\Vivado\PMOD_WIFI_OLD\pmodWifi\pmodWifi.sdk\.sdk\launch_scripts\xilinx_c-c++_application_(system_debugger)\system_debugger_using_debug_wifi.elf_on_local.tcl'
15:36:43 INFO  : Connected to target on host '127.0.0.1' and port '3121'.
15:36:43 INFO  : 'targets -set -filter {jtag_cable_name =~ "Digilent Nexys4 210274592338A" && level==0} -index 0' command is executed.
15:36:46 INFO  : FPGA configured successfully with bitstream "C:/Xilinx/Vivado/PMOD_WIFI_OLD/pmodWifi/pmodWifi.sdk/design_1_wrapper_hw_platform_0/download.bit"
15:37:05 INFO  : Disconnected from the channel tcfchan#12.
15:37:06 INFO  : 'targets -set -filter {jtag_cable_name =~ "Digilent Nexys4 210274592338A" && level==0} -index 0' command is executed.
15:37:06 INFO  : 'fpga -state' command is executed.
15:37:06 INFO  : Connected to target on host '127.0.0.1' and port '3121'.
15:37:06 INFO  : Jtag cable 'Digilent Nexys4 210274592338A' is selected.
15:37:06 INFO  : 'jtag frequency' command is executed.
15:37:06 INFO  : Context for processor 'microblaze_0' is selected.
15:37:06 INFO  : Processor reset is completed for 'microblaze_0'.
15:37:06 INFO  : Context for processor 'microblaze_0' is selected.
15:37:07 INFO  : The application 'C:/Xilinx/Vivado/PMOD_WIFI_OLD/pmodWifi/pmodWifi.sdk/wifi/Debug/wifi.elf' is downloaded to processor 'microblaze_0'.
15:37:07 INFO  : ----------------XSDB Script----------------
connect -url tcp:127.0.0.1:3121
targets -set -nocase -filter {name =~ "microblaze*#0" && bscan=="USER2"  && jtag_cable_name =~ "Digilent Nexys4 210274592338A"} -index 0
rst -processor
targets -set -nocase -filter {name =~ "microblaze*#0" && bscan=="USER2"  && jtag_cable_name =~ "Digilent Nexys4 210274592338A"} -index 0
dow C:/Xilinx/Vivado/PMOD_WIFI_OLD/pmodWifi/pmodWifi.sdk/wifi/Debug/wifi.elf
----------------End of Script----------------

15:37:07 INFO  : Memory regions updated for context MicroBlaze #0
15:37:07 INFO  : Memory regions updated for context MicroBlaze Debug Module at USER2
15:37:07 INFO  : Context for processor 'microblaze_0' is selected.
15:37:07 INFO  : 'con' command is executed.
15:37:07 INFO  : ----------------XSDB Script (After Launch)----------------
targets -set -nocase -filter {name =~ "microblaze*#0" && bscan=="USER2"  && jtag_cable_name =~ "Digilent Nexys4 210274592338A"} -index 0
con
----------------End of Script----------------

15:37:07 INFO  : Launch script is exported to file 'C:\Xilinx\Vivado\PMOD_WIFI_OLD\pmodWifi\pmodWifi.sdk\.sdk\launch_scripts\xilinx_c-c++_application_(system_debugger)\system_debugger_using_debug_wifi.elf_on_local.tcl'
15:41:08 INFO  : Connected to target on host '127.0.0.1' and port '3121'.
15:41:08 INFO  : 'targets -set -filter {jtag_cable_name =~ "Digilent Nexys4 210274592338A" && level==0} -index 0' command is executed.
15:41:10 INFO  : FPGA configured successfully with bitstream "C:/Xilinx/Vivado/PMOD_WIFI_OLD/pmodWifi/pmodWifi.sdk/design_1_wrapper_hw_platform_0/download.bit"
15:41:19 INFO  : Disconnected from the channel tcfchan#13.
15:41:20 INFO  : 'targets -set -filter {jtag_cable_name =~ "Digilent Nexys4 210274592338A" && level==0} -index 0' command is executed.
15:41:20 INFO  : 'fpga -state' command is executed.
15:41:20 INFO  : Connected to target on host '127.0.0.1' and port '3121'.
15:41:21 INFO  : Jtag cable 'Digilent Nexys4 210274592338A' is selected.
15:41:21 INFO  : 'jtag frequency' command is executed.
15:41:21 INFO  : Context for processor 'microblaze_0' is selected.
15:41:21 INFO  : Processor reset is completed for 'microblaze_0'.
15:41:21 INFO  : Context for processor 'microblaze_0' is selected.
15:41:21 INFO  : The application 'C:/Xilinx/Vivado/PMOD_WIFI_OLD/pmodWifi/pmodWifi.sdk/wifi/Debug/wifi.elf' is downloaded to processor 'microblaze_0'.
15:41:21 INFO  : ----------------XSDB Script----------------
connect -url tcp:127.0.0.1:3121
targets -set -nocase -filter {name =~ "microblaze*#0" && bscan=="USER2"  && jtag_cable_name =~ "Digilent Nexys4 210274592338A"} -index 0
rst -processor
targets -set -nocase -filter {name =~ "microblaze*#0" && bscan=="USER2"  && jtag_cable_name =~ "Digilent Nexys4 210274592338A"} -index 0
dow C:/Xilinx/Vivado/PMOD_WIFI_OLD/pmodWifi/pmodWifi.sdk/wifi/Debug/wifi.elf
----------------End of Script----------------

15:41:21 INFO  : Memory regions updated for context MicroBlaze #0
15:41:21 INFO  : Memory regions updated for context MicroBlaze Debug Module at USER2
15:41:21 INFO  : Context for processor 'microblaze_0' is selected.
15:41:21 INFO  : 'con' command is executed.
15:41:21 INFO  : ----------------XSDB Script (After Launch)----------------
targets -set -nocase -filter {name =~ "microblaze*#0" && bscan=="USER2"  && jtag_cable_name =~ "Digilent Nexys4 210274592338A"} -index 0
con
----------------End of Script----------------

15:41:21 INFO  : Launch script is exported to file 'C:\Xilinx\Vivado\PMOD_WIFI_OLD\pmodWifi\pmodWifi.sdk\.sdk\launch_scripts\xilinx_c-c++_application_(system_debugger)\system_debugger_using_debug_wifi.elf_on_local.tcl'
15:43:55 INFO  : Connected to target on host '127.0.0.1' and port '3121'.
15:43:55 INFO  : 'targets -set -filter {jtag_cable_name =~ "Digilent Nexys4 210274592338A" && level==0} -index 0' command is executed.
15:43:58 INFO  : FPGA configured successfully with bitstream "C:/Xilinx/Vivado/PMOD_WIFI_OLD/pmodWifi/pmodWifi.sdk/design_1_wrapper_hw_platform_0/download.bit"
15:44:16 INFO  : Disconnected from the channel tcfchan#14.
15:44:17 INFO  : 'targets -set -filter {jtag_cable_name =~ "Digilent Nexys4 210274592338A" && level==0} -index 0' command is executed.
15:44:17 INFO  : 'fpga -state' command is executed.
15:44:17 INFO  : Connected to target on host '127.0.0.1' and port '3121'.
15:44:17 INFO  : Jtag cable 'Digilent Nexys4 210274592338A' is selected.
15:44:17 INFO  : 'jtag frequency' command is executed.
15:44:17 INFO  : Context for processor 'microblaze_0' is selected.
15:44:18 INFO  : Processor reset is completed for 'microblaze_0'.
15:44:18 INFO  : Context for processor 'microblaze_0' is selected.
15:44:18 INFO  : The application 'C:/Xilinx/Vivado/PMOD_WIFI_OLD/pmodWifi/pmodWifi.sdk/wifi/Debug/wifi.elf' is downloaded to processor 'microblaze_0'.
15:44:18 INFO  : ----------------XSDB Script----------------
connect -url tcp:127.0.0.1:3121
targets -set -nocase -filter {name =~ "microblaze*#0" && bscan=="USER2"  && jtag_cable_name =~ "Digilent Nexys4 210274592338A"} -index 0
rst -processor
targets -set -nocase -filter {name =~ "microblaze*#0" && bscan=="USER2"  && jtag_cable_name =~ "Digilent Nexys4 210274592338A"} -index 0
dow C:/Xilinx/Vivado/PMOD_WIFI_OLD/pmodWifi/pmodWifi.sdk/wifi/Debug/wifi.elf
----------------End of Script----------------

15:44:18 INFO  : Memory regions updated for context MicroBlaze #0
15:44:18 INFO  : Memory regions updated for context MicroBlaze Debug Module at USER2
15:44:18 INFO  : Context for processor 'microblaze_0' is selected.
15:44:18 INFO  : 'con' command is executed.
15:44:18 INFO  : ----------------XSDB Script (After Launch)----------------
targets -set -nocase -filter {name =~ "microblaze*#0" && bscan=="USER2"  && jtag_cable_name =~ "Digilent Nexys4 210274592338A"} -index 0
con
----------------End of Script----------------

15:44:18 INFO  : Launch script is exported to file 'C:\Xilinx\Vivado\PMOD_WIFI_OLD\pmodWifi\pmodWifi.sdk\.sdk\launch_scripts\xilinx_c-c++_application_(system_debugger)\system_debugger_using_debug_wifi.elf_on_local.tcl'
15:52:06 INFO  : Connected to target on host '127.0.0.1' and port '3121'.
15:52:06 INFO  : 'targets -set -filter {jtag_cable_name =~ "Digilent Nexys4 210274592338A" && level==0} -index 0' command is executed.
15:52:08 INFO  : FPGA configured successfully with bitstream "C:/Xilinx/Vivado/PMOD_WIFI_OLD/pmodWifi/pmodWifi.sdk/design_1_wrapper_hw_platform_0/download.bit"
15:52:15 INFO  : Disconnected from the channel tcfchan#15.
15:52:16 INFO  : 'targets -set -filter {jtag_cable_name =~ "Digilent Nexys4 210274592338A" && level==0} -index 0' command is executed.
15:52:16 INFO  : 'fpga -state' command is executed.
15:52:16 INFO  : Connected to target on host '127.0.0.1' and port '3121'.
15:52:16 INFO  : Jtag cable 'Digilent Nexys4 210274592338A' is selected.
15:52:16 INFO  : 'jtag frequency' command is executed.
15:52:16 INFO  : Context for processor 'microblaze_0' is selected.
15:52:16 INFO  : Processor reset is completed for 'microblaze_0'.
15:52:16 INFO  : Context for processor 'microblaze_0' is selected.
15:52:17 INFO  : The application 'C:/Xilinx/Vivado/PMOD_WIFI_OLD/pmodWifi/pmodWifi.sdk/wifi/Debug/wifi.elf' is downloaded to processor 'microblaze_0'.
15:52:17 INFO  : ----------------XSDB Script----------------
connect -url tcp:127.0.0.1:3121
targets -set -nocase -filter {name =~ "microblaze*#0" && bscan=="USER2"  && jtag_cable_name =~ "Digilent Nexys4 210274592338A"} -index 0
rst -processor
targets -set -nocase -filter {name =~ "microblaze*#0" && bscan=="USER2"  && jtag_cable_name =~ "Digilent Nexys4 210274592338A"} -index 0
dow C:/Xilinx/Vivado/PMOD_WIFI_OLD/pmodWifi/pmodWifi.sdk/wifi/Debug/wifi.elf
----------------End of Script----------------

15:52:17 INFO  : Memory regions updated for context MicroBlaze #0
15:52:17 INFO  : Memory regions updated for context MicroBlaze Debug Module at USER2
15:52:17 INFO  : Context for processor 'microblaze_0' is selected.
15:52:17 INFO  : 'con' command is executed.
15:52:17 INFO  : ----------------XSDB Script (After Launch)----------------
targets -set -nocase -filter {name =~ "microblaze*#0" && bscan=="USER2"  && jtag_cable_name =~ "Digilent Nexys4 210274592338A"} -index 0
con
----------------End of Script----------------

15:52:17 INFO  : Launch script is exported to file 'C:\Xilinx\Vivado\PMOD_WIFI_OLD\pmodWifi\pmodWifi.sdk\.sdk\launch_scripts\xilinx_c-c++_application_(system_debugger)\system_debugger_using_debug_wifi.elf_on_local.tcl'
15:55:36 INFO  : Connected to target on host '127.0.0.1' and port '3121'.
15:55:37 INFO  : 'targets -set -filter {jtag_cable_name =~ "Digilent Nexys4 210274592338A" && level==0} -index 0' command is executed.
15:55:39 INFO  : FPGA configured successfully with bitstream "C:/Xilinx/Vivado/PMOD_WIFI_OLD/pmodWifi/pmodWifi.sdk/design_1_wrapper_hw_platform_0/download.bit"
15:55:57 INFO  : Disconnected from the channel tcfchan#16.
15:55:58 INFO  : 'targets -set -filter {jtag_cable_name =~ "Digilent Nexys4 210274592338A" && level==0} -index 0' command is executed.
15:55:58 INFO  : 'fpga -state' command is executed.
15:55:58 INFO  : Connected to target on host '127.0.0.1' and port '3121'.
15:55:58 INFO  : Jtag cable 'Digilent Nexys4 210274592338A' is selected.
15:55:58 INFO  : 'jtag frequency' command is executed.
15:55:58 INFO  : Context for processor 'microblaze_0' is selected.
15:55:58 INFO  : Processor reset is completed for 'microblaze_0'.
15:55:58 INFO  : Context for processor 'microblaze_0' is selected.
15:55:58 INFO  : The application 'C:/Xilinx/Vivado/PMOD_WIFI_OLD/pmodWifi/pmodWifi.sdk/wifi/Debug/wifi.elf' is downloaded to processor 'microblaze_0'.
15:55:58 INFO  : ----------------XSDB Script----------------
connect -url tcp:127.0.0.1:3121
targets -set -nocase -filter {name =~ "microblaze*#0" && bscan=="USER2"  && jtag_cable_name =~ "Digilent Nexys4 210274592338A"} -index 0
rst -processor
targets -set -nocase -filter {name =~ "microblaze*#0" && bscan=="USER2"  && jtag_cable_name =~ "Digilent Nexys4 210274592338A"} -index 0
dow C:/Xilinx/Vivado/PMOD_WIFI_OLD/pmodWifi/pmodWifi.sdk/wifi/Debug/wifi.elf
----------------End of Script----------------

15:55:58 INFO  : Memory regions updated for context MicroBlaze #0
15:55:58 INFO  : Memory regions updated for context MicroBlaze Debug Module at USER2
15:55:58 INFO  : Context for processor 'microblaze_0' is selected.
15:55:58 INFO  : 'con' command is executed.
15:55:58 INFO  : ----------------XSDB Script (After Launch)----------------
targets -set -nocase -filter {name =~ "microblaze*#0" && bscan=="USER2"  && jtag_cable_name =~ "Digilent Nexys4 210274592338A"} -index 0
con
----------------End of Script----------------

15:55:58 INFO  : Launch script is exported to file 'C:\Xilinx\Vivado\PMOD_WIFI_OLD\pmodWifi\pmodWifi.sdk\.sdk\launch_scripts\xilinx_c-c++_application_(system_debugger)\system_debugger_using_debug_wifi.elf_on_local.tcl'
15:56:46 INFO  : Connected to target on host '127.0.0.1' and port '3121'.
15:56:46 INFO  : 'targets -set -filter {jtag_cable_name =~ "Digilent Nexys4 210274592338A" && level==0} -index 0' command is executed.
15:56:48 INFO  : FPGA configured successfully with bitstream "C:/Xilinx/Vivado/PMOD_WIFI_OLD/pmodWifi/pmodWifi.sdk/design_1_wrapper_hw_platform_0/download.bit"
15:56:59 INFO  : Disconnected from the channel tcfchan#17.
15:57:00 INFO  : 'targets -set -filter {jtag_cable_name =~ "Digilent Nexys4 210274592338A" && level==0} -index 0' command is executed.
15:57:00 INFO  : 'fpga -state' command is executed.
15:57:00 INFO  : Connected to target on host '127.0.0.1' and port '3121'.
15:57:01 INFO  : Jtag cable 'Digilent Nexys4 210274592338A' is selected.
15:57:01 INFO  : 'jtag frequency' command is executed.
15:57:01 INFO  : Context for processor 'microblaze_0' is selected.
15:57:01 INFO  : Processor reset is completed for 'microblaze_0'.
15:57:01 INFO  : Context for processor 'microblaze_0' is selected.
15:57:01 INFO  : The application 'C:/Xilinx/Vivado/PMOD_WIFI_OLD/pmodWifi/pmodWifi.sdk/wifi/Debug/wifi.elf' is downloaded to processor 'microblaze_0'.
15:57:01 INFO  : ----------------XSDB Script----------------
connect -url tcp:127.0.0.1:3121
targets -set -nocase -filter {name =~ "microblaze*#0" && bscan=="USER2"  && jtag_cable_name =~ "Digilent Nexys4 210274592338A"} -index 0
rst -processor
targets -set -nocase -filter {name =~ "microblaze*#0" && bscan=="USER2"  && jtag_cable_name =~ "Digilent Nexys4 210274592338A"} -index 0
dow C:/Xilinx/Vivado/PMOD_WIFI_OLD/pmodWifi/pmodWifi.sdk/wifi/Debug/wifi.elf
----------------End of Script----------------

15:57:01 INFO  : Memory regions updated for context MicroBlaze #0
15:57:01 INFO  : Memory regions updated for context MicroBlaze Debug Module at USER2
15:57:01 INFO  : Context for processor 'microblaze_0' is selected.
15:57:01 INFO  : 'con' command is executed.
15:57:01 INFO  : ----------------XSDB Script (After Launch)----------------
targets -set -nocase -filter {name =~ "microblaze*#0" && bscan=="USER2"  && jtag_cable_name =~ "Digilent Nexys4 210274592338A"} -index 0
con
----------------End of Script----------------

15:57:01 INFO  : Launch script is exported to file 'C:\Xilinx\Vivado\PMOD_WIFI_OLD\pmodWifi\pmodWifi.sdk\.sdk\launch_scripts\xilinx_c-c++_application_(system_debugger)\system_debugger_using_debug_wifi.elf_on_local.tcl'
16:01:46 INFO  : Connected to target on host '127.0.0.1' and port '3121'.
16:01:46 INFO  : 'targets -set -filter {jtag_cable_name =~ "Digilent Nexys4 210274592338A" && level==0} -index 0' command is executed.
16:01:48 INFO  : FPGA configured successfully with bitstream "C:/Xilinx/Vivado/PMOD_WIFI_OLD/pmodWifi/pmodWifi.sdk/design_1_wrapper_hw_platform_0/download.bit"
16:01:56 INFO  : Disconnected from the channel tcfchan#18.
16:01:57 INFO  : 'targets -set -filter {jtag_cable_name =~ "Digilent Nexys4 210274592338A" && level==0} -index 0' command is executed.
16:01:57 INFO  : 'fpga -state' command is executed.
16:01:57 INFO  : Connected to target on host '127.0.0.1' and port '3121'.
16:01:57 INFO  : Jtag cable 'Digilent Nexys4 210274592338A' is selected.
16:01:57 INFO  : 'jtag frequency' command is executed.
16:01:57 INFO  : Context for processor 'microblaze_0' is selected.
16:01:57 INFO  : Processor reset is completed for 'microblaze_0'.
16:01:57 INFO  : Context for processor 'microblaze_0' is selected.
16:01:57 INFO  : The application 'C:/Xilinx/Vivado/PMOD_WIFI_OLD/pmodWifi/pmodWifi.sdk/wifi/Debug/wifi.elf' is downloaded to processor 'microblaze_0'.
16:01:57 INFO  : ----------------XSDB Script----------------
connect -url tcp:127.0.0.1:3121
targets -set -nocase -filter {name =~ "microblaze*#0" && bscan=="USER2"  && jtag_cable_name =~ "Digilent Nexys4 210274592338A"} -index 0
rst -processor
targets -set -nocase -filter {name =~ "microblaze*#0" && bscan=="USER2"  && jtag_cable_name =~ "Digilent Nexys4 210274592338A"} -index 0
dow C:/Xilinx/Vivado/PMOD_WIFI_OLD/pmodWifi/pmodWifi.sdk/wifi/Debug/wifi.elf
----------------End of Script----------------

16:01:58 INFO  : Memory regions updated for context MicroBlaze #0
16:01:58 INFO  : Memory regions updated for context MicroBlaze Debug Module at USER2
16:01:58 INFO  : Context for processor 'microblaze_0' is selected.
16:01:58 INFO  : 'con' command is executed.
16:01:58 INFO  : ----------------XSDB Script (After Launch)----------------
targets -set -nocase -filter {name =~ "microblaze*#0" && bscan=="USER2"  && jtag_cable_name =~ "Digilent Nexys4 210274592338A"} -index 0
con
----------------End of Script----------------

16:01:58 INFO  : Launch script is exported to file 'C:\Xilinx\Vivado\PMOD_WIFI_OLD\pmodWifi\pmodWifi.sdk\.sdk\launch_scripts\xilinx_c-c++_application_(system_debugger)\system_debugger_using_debug_wifi.elf_on_local.tcl'
16:03:02 INFO  : Connected to target on host '127.0.0.1' and port '3121'.
16:03:02 INFO  : 'targets -set -filter {jtag_cable_name =~ "Digilent Nexys4 210274592338A" && level==0} -index 0' command is executed.
16:03:04 INFO  : FPGA configured successfully with bitstream "C:/Xilinx/Vivado/PMOD_WIFI_OLD/pmodWifi/pmodWifi.sdk/design_1_wrapper_hw_platform_0/download.bit"
16:03:33 INFO  : Connected to target on host '127.0.0.1' and port '3121'.
16:03:34 INFO  : 'targets -set -filter {jtag_cable_name =~ "Digilent Nexys4 210274592338A" && level==0} -index 0' command is executed.
16:03:36 INFO  : FPGA configured successfully with bitstream "C:/Xilinx/Vivado/PMOD_WIFI_OLD/pmodWifi/pmodWifi.sdk/design_1_wrapper_hw_platform_0/download.bit"
16:03:58 INFO  : Disconnected from the channel tcfchan#19.
16:03:59 INFO  : 'targets -set -filter {jtag_cable_name =~ "Digilent Nexys4 210274592338A" && level==0} -index 0' command is executed.
16:03:59 INFO  : 'fpga -state' command is executed.
16:03:59 INFO  : Connected to target on host '127.0.0.1' and port '3121'.
16:03:59 INFO  : Jtag cable 'Digilent Nexys4 210274592338A' is selected.
16:03:59 INFO  : 'jtag frequency' command is executed.
16:03:59 INFO  : Context for processor 'microblaze_0' is selected.
16:04:00 INFO  : Processor reset is completed for 'microblaze_0'.
16:04:00 INFO  : Context for processor 'microblaze_0' is selected.
16:04:00 INFO  : The application 'C:/Xilinx/Vivado/PMOD_WIFI_OLD/pmodWifi/pmodWifi.sdk/wifi/Debug/wifi.elf' is downloaded to processor 'microblaze_0'.
16:04:00 INFO  : ----------------XSDB Script----------------
connect -url tcp:127.0.0.1:3121
targets -set -nocase -filter {name =~ "microblaze*#0" && bscan=="USER2"  && jtag_cable_name =~ "Digilent Nexys4 210274592338A"} -index 0
rst -processor
targets -set -nocase -filter {name =~ "microblaze*#0" && bscan=="USER2"  && jtag_cable_name =~ "Digilent Nexys4 210274592338A"} -index 0
dow C:/Xilinx/Vivado/PMOD_WIFI_OLD/pmodWifi/pmodWifi.sdk/wifi/Debug/wifi.elf
----------------End of Script----------------

16:04:00 INFO  : Memory regions updated for context MicroBlaze #0
16:04:00 INFO  : Memory regions updated for context MicroBlaze Debug Module at USER2
16:04:00 INFO  : Context for processor 'microblaze_0' is selected.
16:04:00 INFO  : 'con' command is executed.
16:04:00 INFO  : ----------------XSDB Script (After Launch)----------------
targets -set -nocase -filter {name =~ "microblaze*#0" && bscan=="USER2"  && jtag_cable_name =~ "Digilent Nexys4 210274592338A"} -index 0
con
----------------End of Script----------------

16:04:00 INFO  : Launch script is exported to file 'C:\Xilinx\Vivado\PMOD_WIFI_OLD\pmodWifi\pmodWifi.sdk\.sdk\launch_scripts\xilinx_c-c++_application_(system_debugger)\system_debugger_using_debug_wifi.elf_on_local.tcl'
16:07:18 INFO  : Connected to target on host '127.0.0.1' and port '3121'.
16:07:18 INFO  : 'targets -set -filter {jtag_cable_name =~ "Digilent Nexys4 210274592338A" && level==0} -index 0' command is executed.
16:07:20 INFO  : FPGA configured successfully with bitstream "C:/Xilinx/Vivado/PMOD_WIFI_OLD/pmodWifi/pmodWifi.sdk/design_1_wrapper_hw_platform_0/download.bit"
16:07:44 INFO  : Disconnected from the channel tcfchan#20.
16:07:45 INFO  : 'targets -set -filter {jtag_cable_name =~ "Digilent Nexys4 210274592338A" && level==0} -index 0' command is executed.
16:07:45 INFO  : 'fpga -state' command is executed.
16:07:45 INFO  : Connected to target on host '127.0.0.1' and port '3121'.
16:07:46 INFO  : Jtag cable 'Digilent Nexys4 210274592338A' is selected.
16:07:46 INFO  : 'jtag frequency' command is executed.
16:07:46 INFO  : Context for processor 'microblaze_0' is selected.
16:07:46 INFO  : Processor reset is completed for 'microblaze_0'.
16:07:46 INFO  : Context for processor 'microblaze_0' is selected.
16:07:51 INFO  : The application 'C:/Xilinx/Vivado/PMOD_WIFI_OLD/pmodWifi/pmodWifi.sdk/wifi/Debug/wifi.elf' is downloaded to processor 'microblaze_0'.
16:07:51 INFO  : ----------------XSDB Script----------------
connect -url tcp:127.0.0.1:3121
targets -set -nocase -filter {name =~ "microblaze*#0" && bscan=="USER2"  && jtag_cable_name =~ "Digilent Nexys4 210274592338A"} -index 0
rst -processor
targets -set -nocase -filter {name =~ "microblaze*#0" && bscan=="USER2"  && jtag_cable_name =~ "Digilent Nexys4 210274592338A"} -index 0
dow C:/Xilinx/Vivado/PMOD_WIFI_OLD/pmodWifi/pmodWifi.sdk/wifi/Debug/wifi.elf
----------------End of Script----------------

16:07:51 INFO  : Memory regions updated for context MicroBlaze #0
16:07:51 INFO  : Memory regions updated for context MicroBlaze Debug Module at USER2
16:07:52 INFO  : Context for processor 'microblaze_0' is selected.
16:07:52 INFO  : 'con' command is executed.
16:07:52 INFO  : ----------------XSDB Script (After Launch)----------------
targets -set -nocase -filter {name =~ "microblaze*#0" && bscan=="USER2"  && jtag_cable_name =~ "Digilent Nexys4 210274592338A"} -index 0
con
----------------End of Script----------------

16:07:52 INFO  : Launch script is exported to file 'C:\Xilinx\Vivado\PMOD_WIFI_OLD\pmodWifi\pmodWifi.sdk\.sdk\launch_scripts\xilinx_c-c++_application_(system_debugger)\system_debugger_using_debug_wifi.elf_on_local.tcl'
16:11:34 INFO  : Connected to target on host '127.0.0.1' and port '3121'.
16:11:34 INFO  : 'targets -set -filter {jtag_cable_name =~ "Digilent Nexys4 210274592338A" && level==0} -index 0' command is executed.
16:11:37 INFO  : FPGA configured successfully with bitstream "C:/Xilinx/Vivado/PMOD_WIFI_OLD/pmodWifi/pmodWifi.sdk/design_1_wrapper_hw_platform_0/download.bit"
16:11:57 INFO  : Disconnected from the channel tcfchan#21.
16:11:59 INFO  : 'targets -set -filter {jtag_cable_name =~ "Digilent Nexys4 210274592338A" && level==0} -index 0' command is executed.
16:11:59 INFO  : 'fpga -state' command is executed.
16:11:59 INFO  : Connected to target on host '127.0.0.1' and port '3121'.
16:11:59 INFO  : Jtag cable 'Digilent Nexys4 210274592338A' is selected.
16:11:59 INFO  : 'jtag frequency' command is executed.
16:11:59 INFO  : Context for processor 'microblaze_0' is selected.
16:11:59 INFO  : Processor reset is completed for 'microblaze_0'.
16:11:59 INFO  : Context for processor 'microblaze_0' is selected.
16:12:05 INFO  : The application 'C:/Xilinx/Vivado/PMOD_WIFI_OLD/pmodWifi/pmodWifi.sdk/wifi/Debug/wifi.elf' is downloaded to processor 'microblaze_0'.
16:12:05 INFO  : ----------------XSDB Script----------------
connect -url tcp:127.0.0.1:3121
targets -set -nocase -filter {name =~ "microblaze*#0" && bscan=="USER2"  && jtag_cable_name =~ "Digilent Nexys4 210274592338A"} -index 0
rst -processor
targets -set -nocase -filter {name =~ "microblaze*#0" && bscan=="USER2"  && jtag_cable_name =~ "Digilent Nexys4 210274592338A"} -index 0
dow C:/Xilinx/Vivado/PMOD_WIFI_OLD/pmodWifi/pmodWifi.sdk/wifi/Debug/wifi.elf
----------------End of Script----------------

16:12:05 INFO  : Memory regions updated for context MicroBlaze #0
16:12:05 INFO  : Memory regions updated for context MicroBlaze Debug Module at USER2
16:12:05 INFO  : Context for processor 'microblaze_0' is selected.
16:12:05 INFO  : 'con' command is executed.
16:12:05 INFO  : ----------------XSDB Script (After Launch)----------------
targets -set -nocase -filter {name =~ "microblaze*#0" && bscan=="USER2"  && jtag_cable_name =~ "Digilent Nexys4 210274592338A"} -index 0
con
----------------End of Script----------------

16:12:05 INFO  : Launch script is exported to file 'C:\Xilinx\Vivado\PMOD_WIFI_OLD\pmodWifi\pmodWifi.sdk\.sdk\launch_scripts\xilinx_c-c++_application_(system_debugger)\system_debugger_using_debug_wifi.elf_on_local.tcl'
16:16:30 INFO  : Disconnected from the channel tcfchan#22.
16:16:32 ERROR : Unexpected error while parsing XMD response ?: com.google.gson.JsonSyntaxException: com.google.gson.stream.MalformedJsonException: invalid number or unquoted string near 
