22:44:49 INFO  : Registering command handlers for SDK TCF services
22:44:50 INFO  : Launching XSCT server: xsct.bat -interactive C:\Xilinx\Vivado\PMOD_WIFI_OLD\temp_xsdb_launch_script.tcl
22:44:55 INFO  : XSCT server has started successfully.
22:44:55 INFO  : Successfully done setting XSCT server connection channel  
22:44:56 INFO  : Successfully done setting SDK workspace  
22:44:57 INFO  : Processing command line option -hwspec C:/Xilinx/Vivado/PMOD_WIFI_OLD.
22:44:57 ERROR : Error occurred while creating hardware platform PMOD_WIFI_OLD_hw_platform_0 from sysdef
java.io.FileNotFoundException: C:\Xilinx\Vivado\PMOD_WIFI_OLD (Access is denied)
	at java.io.FileInputStream.open0(Native Method)
	at java.io.FileInputStream.open(FileInputStream.java:195)
	at java.io.FileInputStream.<init>(FileInputStream.java:138)
	at java.io.FileInputStream.<init>(FileInputStream.java:93)
	at com.xilinx.sdk.hw.internal.HwProjectCreator.createHwProjectFromZip(HwProjectCreator.java:100)
	at com.xilinx.sdk.hw.HwProjectUtil.internalCreate(HwProjectUtil.java:266)
	at com.xilinx.sdk.hw.HwProjectUtil.makeNewHardwareProject(HwProjectUtil.java:210)
	at com.xilinx.sdk.hw.HwProjectUtil.makeNewHardwareProject(HwProjectUtil.java:197)
	at com.xilinx.sdk.hw.HwProjectUtil.makeNewHardwareProject(HwProjectUtil.java:171)
	at com.xilinx.sdk.startup.InitSDK.processHwSpecArgumentTask(InitSDK.java:516)
	at com.xilinx.sdk.startup.InitSDK.access$8(InitSDK.java:498)
	at com.xilinx.sdk.startup.InitSDK$12.run(InitSDK.java:449)
	at org.eclipse.core.internal.jobs.Worker.run(Worker.java:55)
22:44:57 ERROR : Unable to create Hardware Specification Project with specification file: C:/Xilinx/Vivado/PMOD_WIFI_OLD
