#-----------------------------------------------------------
# Vivado v2017.2 (64-bit)
# SW Build 1909853 on Thu Jun 15 18:39:09 MDT 2017
# IP Build 1909766 on Thu Jun 15 19:58:00 MDT 2017
# Start of session at: Wed Sep 26 15:27:05 2018
# Process ID: 3668
# Current directory: C:/Xilinx/Vivado/MyProjects/PMOD_WIFI_OLD
# Command line: vivado.exe -gui_launcher_event rodinguilauncherevent8592 C:\Xilinx\Vivado\MyProjects\PMOD_WIFI_OLD\PMOD_WIFI.xpr
# Log file: C:/Xilinx/Vivado/MyProjects/PMOD_WIFI_OLD/vivado.log
# Journal file: C:/Xilinx/Vivado/MyProjects/PMOD_WIFI_OLD\vivado.jou
#-----------------------------------------------------------
start_gui
open_project C:/Xilinx/Vivado/MyProjects/PMOD_WIFI_OLD/PMOD_WIFI.xpr
Scanning sources...
Finished scanning sources
INFO: [IP_Flow 19-234] Refreshing IP repositories
INFO: [IP_Flow 19-1700] Loaded user IP repository 'c:/College/Thesis/vivado-library-master'.
INFO: [IP_Flow 19-1700] Loaded user IP repository 'c:/Xilinx/Vivado/MyProjects/myIps'.
INFO: [IP_Flow 19-2313] Loaded Vivado IP repository 'C:/Xilinx/Vivado/2017.2/data/ip'.
WARNING: [IP_Flow 19-3664] IP 'design_1_ilmb_bram_if_cntlr_0' generated file not found 'c:/Xilinx/Vivado/MyProjects/PMOD_WIFI_OLD/PMOD_WIFI.srcs/sources_1/bd/design_1/ip/design_1_ilmb_bram_if_cntlr_0/stats.txt'. Please regenerate to continue.
open_project: Time (s): cpu = 00:00:26 ; elapsed = 00:00:21 . Memory (MB): peak = 891.391 ; gain = 191.910
update_compile_order -fileset sources_1
open_bd_design {C:/Xilinx/Vivado/MyProjects/PMOD_WIFI_OLD/PMOD_WIFI.srcs/sources_1/bd/design_1/design_1.bd}
Adding cell -- xilinx.com:ip:xlconcat:2.1 - microblaze_0_xlconcat
Adding cell -- xilinx.com:ip:proc_sys_reset:5.0 - rst_clk_wiz_0_100M
Adding cell -- digilentinc.com:IP:PmodWIFI:1.0 - PmodWIFI_0
Adding cell -- xilinx.com:ip:axi_emc:3.0 - axi_emc_0
Adding cell -- xilinx.com:ip:axi_gpio:2.0 - axi_gpio_sw
Adding cell -- xilinx.com:ip:axi_uartlite:2.0 - axi_uartlite_0
Adding cell -- xilinx.com:ip:clk_wiz:5.4 - clk_wiz_0
Adding cell -- xilinx.com:ip:mdm:3.2 - mdm_1
Adding cell -- xilinx.com:ip:microblaze:10.0 - microblaze_0
Adding cell -- xilinx.com:ip:axi_intc:4.1 - microblaze_0_axi_intc
Adding cell -- xilinx.com:user:led_ip:1.0 - led_ip_0
Adding cell -- xilinx.com:ip:axi_bram_ctrl:4.0 - axi_bram_ctrl_0
Adding cell -- xilinx.com:ip:blk_mem_gen:8.3 - axi_bram_ctrl_0_bram
Adding cell -- xilinx.com:user:sevenSegment:1.0 - sevenSegment_0
Adding cell -- xilinx.com:ip:axi_bram_ctrl:4.0 - axi_bram_ctrl_1
Adding cell -- xilinx.com:ip:axi_crossbar:2.1 - xbar
Adding cell -- xilinx.com:ip:axi_crossbar:2.1 - xbar
Adding cell -- xilinx.com:ip:lmb_v10:3.0 - dlmb_v10
Adding cell -- xilinx.com:ip:lmb_v10:3.0 - ilmb_v10
Adding cell -- xilinx.com:ip:blk_mem_gen:8.3 - lmb_bram
Adding cell -- xilinx.com:ip:lmb_bram_if_cntlr:4.0 - dlmb_bram_if_cntlr
Adding cell -- xilinx.com:ip:lmb_bram_if_cntlr:4.0 - ilmb_bram_if_cntlr
Successfully read diagram <design_1> from BD file <C:/Xilinx/Vivado/MyProjects/PMOD_WIFI_OLD/PMOD_WIFI.srcs/sources_1/bd/design_1/design_1.bd>
open_bd_design: Time (s): cpu = 00:00:14 ; elapsed = 00:00:12 . Memory (MB): peak = 935.438 ; gain = 44.047
