#-----------------------------------------------------------
# Vivado v2017.2 (64-bit)
# SW Build 1909853 on Thu Jun 15 18:39:09 MDT 2017
# IP Build 1909766 on Thu Jun 15 19:58:00 MDT 2017
# Start of session at: Wed Nov 29 15:25:58 2017
# Process ID: 4020
# Current directory: C:/College/Thesis/VivadoProjects/PMOD_WIFI
# Command line: vivado.exe -gui_launcher_event rodinguilauncherevent8348 C:\College\Thesis\VivadoProjects\PMOD_WIFI\PMOD_WIFI.xpr
# Log file: C:/College/Thesis/VivadoProjects/PMOD_WIFI/vivado.log
# Journal file: C:/College/Thesis/VivadoProjects/PMOD_WIFI\vivado.jou
#-----------------------------------------------------------
start_gui
open_project C:/College/Thesis/VivadoProjects/PMOD_WIFI/PMOD_WIFI.xpr
Scanning sources...
Finished scanning sources
INFO: [IP_Flow 19-234] Refreshing IP repositories
INFO: [IP_Flow 19-1700] Loaded user IP repository 'c:/College/Thesis/vivado-library-master'.
INFO: [IP_Flow 19-2313] Loaded Vivado IP repository 'C:/Xilinx/Vivado/2017.2/data/ip'.
open_project: Time (s): cpu = 00:00:36 ; elapsed = 00:00:29 . Memory (MB): peak = 897.066 ; gain = 232.309
update_compile_order -fileset sources_1
launch_sdk -workspace C:/College/Thesis/VivadoProjects/PMOD_WIFI/PMOD_WIFI.sdk -hwspec C:/College/Thesis/VivadoProjects/PMOD_WIFI/PMOD_WIFI.sdk/design_1_wrapper.hdf
INFO: [Vivado 12-393] Launching SDK...
INFO: [Vivado 12-417] Running xsdk -workspace C:/College/Thesis/VivadoProjects/PMOD_WIFI/PMOD_WIFI.sdk -hwspec C:/College/Thesis/VivadoProjects/PMOD_WIFI/PMOD_WIFI.sdk/design_1_wrapper.hdf
INFO: [Vivado 12-3157] SDK launch initiated. Please check console for any further messages.
launch_sdk -workspace C:/College/Thesis/VivadoProjects/PMOD_WIFI/PMOD_WIFI.sdk -hwspec C:/College/Thesis/VivadoProjects/PMOD_WIFI/PMOD_WIFI.sdk/design_1_wrapper.hdf
INFO: [Vivado 12-393] Launching SDK...
INFO: [Vivado 12-417] Running xsdk -workspace C:/College/Thesis/VivadoProjects/PMOD_WIFI/PMOD_WIFI.sdk -hwspec C:/College/Thesis/VivadoProjects/PMOD_WIFI/PMOD_WIFI.sdk/design_1_wrapper.hdf
INFO: [Vivado 12-3157] SDK launch initiated. Please check console for any further messages.
open_bd_design {C:/College/Thesis/VivadoProjects/PMOD_WIFI/PMOD_WIFI.srcs/sources_1/bd/design_1/design_1.bd}
Adding cell -- digilentinc.com:IP:PmodWIFI:1.0 - PmodWIFI_0
Adding cell -- xilinx.com:ip:axi_emc:3.0 - axi_emc_0
Adding cell -- xilinx.com:ip:axi_ethernetlite:3.0 - axi_ethernetlite_0
Adding cell -- xilinx.com:ip:axi_gpio:2.0 - axi_gpio_led
Adding cell -- xilinx.com:ip:axi_gpio:2.0 - axi_gpio_sw
Adding cell -- xilinx.com:ip:axi_timer:2.0 - axi_timer_0
Adding cell -- xilinx.com:ip:axi_uartlite:2.0 - axi_uartlite_0
Adding cell -- xilinx.com:ip:clk_wiz:5.4 - clk_wiz_0
Adding cell -- xilinx.com:ip:mdm:3.2 - mdm_1
Adding cell -- xilinx.com:ip:microblaze:10.0 - microblaze_0
Adding cell -- xilinx.com:ip:axi_intc:4.1 - microblaze_0_axi_intc
Adding cell -- xilinx.com:ip:xlconcat:2.1 - microblaze_0_xlconcat
Adding cell -- xilinx.com:ip:mii_to_rmii:2.0 - mii_to_rmii_0
Adding cell -- xilinx.com:ip:proc_sys_reset:5.0 - rst_clk_wiz_0_100M
Adding cell -- xilinx.com:ip:axi_crossbar:2.1 - xbar
Adding cell -- xilinx.com:ip:axi_crossbar:2.1 - xbar
Adding cell -- xilinx.com:ip:lmb_v10:3.0 - dlmb_v10
Adding cell -- xilinx.com:ip:lmb_v10:3.0 - ilmb_v10
Adding cell -- xilinx.com:ip:lmb_bram_if_cntlr:4.0 - dlmb_bram_if_cntlr
Adding cell -- xilinx.com:ip:lmb_bram_if_cntlr:4.0 - ilmb_bram_if_cntlr
Adding cell -- xilinx.com:ip:blk_mem_gen:8.3 - lmb_bram
Successfully read diagram <design_1> from BD file <C:/College/Thesis/VivadoProjects/PMOD_WIFI/PMOD_WIFI.srcs/sources_1/bd/design_1/design_1.bd>
open_bd_design: Time (s): cpu = 00:00:16 ; elapsed = 00:00:15 . Memory (MB): peak = 1014.262 ; gain = 99.387
exit
INFO: [Common 17-206] Exiting Vivado at Wed Nov 29 19:25:46 2017...
