#-----------------------------------------------------------
# Vivado v2017.2 (64-bit)
# SW Build 1909853 on Thu Jun 15 18:39:09 MDT 2017
# IP Build 1909766 on Thu Jun 15 19:58:00 MDT 2017
# Start of session at: Tue Sep 25 22:16:29 2018
# Process ID: 10212
# Current directory: C:/Xilinx/Vivado/MyProjects/PMOD_WIFI_OLD
# Command line: vivado.exe -gui_launcher_event rodinguilauncherevent12052 C:\Xilinx\Vivado\MyProjects\PMOD_WIFI_OLD\PMOD_WIFI.xpr
# Log file: C:/Xilinx/Vivado/MyProjects/PMOD_WIFI_OLD/vivado.log
# Journal file: C:/Xilinx/Vivado/MyProjects/PMOD_WIFI_OLD\vivado.jou
#-----------------------------------------------------------
start_gui
open_project C:/Xilinx/Vivado/MyProjects/PMOD_WIFI_OLD/PMOD_WIFI.xpr
Scanning sources...
Finished scanning sources
INFO: [IP_Flow 19-234] Refreshing IP repositories
INFO: [IP_Flow 19-1700] Loaded user IP repository 'c:/College/Thesis/vivado-library-master'.
INFO: [IP_Flow 19-2313] Loaded Vivado IP repository 'C:/Xilinx/Vivado/2017.2/data/ip'.
WARNING: [BD 41-1661] One or more IPs have been locked in the design 'design_1.bd'. Please run report_ip_status for more details and recommendations on how to fix this issue.
List of locked IPs:
design_1_ilmb_bram_if_cntlr_0
design_1_axi_emc_0_0
design_1_axi_gpio_1_0
design_1_dlmb_bram_if_cntlr_0
design_1_clk_wiz_0_0
design_1_mdm_1_0
design_1_axi_uartlite_0_0
design_1_microblaze_0_0
design_1_microblaze_0_axi_intc_0
design_1_microblaze_0_axi_periph_0
design_1_PmodWIFI_0_0
design_1_axi_gpio_0_0
design_1_axi_mem_intercon_0
design_1_xbar_1
design_1_xbar_0

open_project: Time (s): cpu = 00:00:27 ; elapsed = 00:00:17 . Memory (MB): peak = 843.840 ; gain = 132.848
update_compile_order -fileset sources_1
open_bd_design {C:/Xilinx/Vivado/MyProjects/PMOD_WIFI_OLD/PMOD_WIFI.srcs/sources_1/bd/design_1/design_1.bd}
Adding cell -- xilinx.com:ip:xlconcat:2.1 - microblaze_0_xlconcat
Adding cell -- xilinx.com:ip:proc_sys_reset:5.0 - rst_clk_wiz_0_100M
Adding cell -- digilentinc.com:IP:PmodWIFI:1.0 - PmodWIFI_0
Adding cell -- xilinx.com:ip:axi_emc:3.0 - axi_emc_0
Adding cell -- xilinx.com:ip:axi_gpio:2.0 - axi_gpio_led
Adding cell -- xilinx.com:ip:axi_gpio:2.0 - axi_gpio_sw
Adding cell -- xilinx.com:ip:axi_uartlite:2.0 - axi_uartlite_0
Adding cell -- xilinx.com:ip:clk_wiz:5.4 - clk_wiz_0
Adding cell -- xilinx.com:ip:mdm:3.2 - mdm_1
Adding cell -- xilinx.com:ip:microblaze:10.0 - microblaze_0
Adding cell -- xilinx.com:ip:axi_intc:4.1 - microblaze_0_axi_intc
Adding cell -- xilinx.com:ip:axi_crossbar:2.1 - xbar
Adding cell -- xilinx.com:ip:axi_crossbar:2.1 - xbar
Adding cell -- xilinx.com:ip:lmb_v10:3.0 - dlmb_v10
Adding cell -- xilinx.com:ip:lmb_v10:3.0 - ilmb_v10
Adding cell -- xilinx.com:ip:blk_mem_gen:8.3 - lmb_bram
Adding cell -- xilinx.com:ip:lmb_bram_if_cntlr:4.0 - dlmb_bram_if_cntlr
Adding cell -- xilinx.com:ip:lmb_bram_if_cntlr:4.0 - ilmb_bram_if_cntlr
Successfully read diagram <design_1> from BD file <C:/Xilinx/Vivado/MyProjects/PMOD_WIFI_OLD/PMOD_WIFI.srcs/sources_1/bd/design_1/design_1.bd>
open_bd_design: Time (s): cpu = 00:00:12 ; elapsed = 00:00:10 . Memory (MB): peak = 942.684 ; gain = 69.574
report_ip_status -name ip_status 
upgrade_ip [get_ips  {design_1_microblaze_0_axi_periph_0 design_1_axi_emc_0_0 design_1_dlmb_bram_if_cntlr_0 design_1_microblaze_0_0 design_1_axi_gpio_0_0 design_1_microblaze_0_axi_intc_0 design_1_axi_uartlite_0_0 design_1_axi_mem_intercon_0 design_1_clk_wiz_0_0 design_1_axi_gpio_1_0 design_1_PmodWIFI_0_0 design_1_ilmb_bram_if_cntlr_0 design_1_mdm_1_0}] -log ip_upgrade.log
Upgrading 'C:/Xilinx/Vivado/MyProjects/PMOD_WIFI_OLD/PMOD_WIFI.srcs/sources_1/bd/design_1/design_1.bd'
INFO: [IP_Flow 19-1972] Upgraded design_1_PmodWIFI_0_0 from PmodWIFI_v1_0 1.0 to PmodWIFI_v1_0 1.0
WARNING: [Board 49-26] cannot add Board Part digilentinc.com:genesys2:part0:1.1 available at C:/Xilinx/Vivado/2017.2/data/boards/board_files/genesys2/H/board.xml as part xc7k325tffg900-2 specified in board_part file is either invalid or not available
WARNING: [Board 49-26] cannot add Board Part digilentinc.com:genesys2:part0:1.1 available at C:/Xilinx/Vivado/2017.2/data/boards/board_files/genesys2/H/board.xml as part xc7k325tffg900-2 specified in board_part file is either invalid or not available
WARNING: [Board 49-26] cannot add Board Part digilentinc.com:genesys2:part0:1.1 available at C:/Xilinx/Vivado/2017.2/data/boards/board_files/genesys2/H/board.xml as part xc7k325tffg900-2 specified in board_part file is either invalid or not available
WARNING: [Board 49-26] cannot add Board Part digilentinc.com:genesys2:part0:1.1 available at C:/Xilinx/Vivado/2017.2/data/boards/board_files/genesys2/H/board.xml as part xc7k325tffg900-2 specified in board_part file is either invalid or not available
WARNING: [Board 49-26] cannot add Board Part digilentinc.com:genesys2:part0:1.1 available at C:/Xilinx/Vivado/2017.2/data/boards/board_files/genesys2/H/board.xml as part xc7k325tffg900-2 specified in board_part file is either invalid or not available
WARNING: [Board 49-26] cannot add Board Part digilentinc.com:genesys2:part0:1.1 available at C:/Xilinx/Vivado/2017.2/data/boards/board_files/genesys2/H/board.xml as part xc7k325tffg900-2 specified in board_part file is either invalid or not available
WARNING: [Board 49-26] cannot add Board Part digilentinc.com:genesys2:part0:1.1 available at C:/Xilinx/Vivado/2017.2/data/boards/board_files/genesys2/H/board.xml as part xc7k325tffg900-2 specified in board_part file is either invalid or not available
WARNING: [Board 49-26] cannot add Board Part digilentinc.com:genesys2:part0:1.1 available at C:/Xilinx/Vivado/2017.2/data/boards/board_files/genesys2/H/board.xml as part xc7k325tffg900-2 specified in board_part file is either invalid or not available
WARNING: [Board 49-26] cannot add Board Part digilentinc.com:genesys2:part0:1.1 available at C:/Xilinx/Vivado/2017.2/data/boards/board_files/genesys2/H/board.xml as part xc7k325tffg900-2 specified in board_part file is either invalid or not available
WARNING: [Board 49-26] cannot add Board Part digilentinc.com:genesys2:part0:1.1 available at C:/Xilinx/Vivado/2017.2/data/boards/board_files/genesys2/H/board.xml as part xc7k325tffg900-2 specified in board_part file is either invalid or not available
WARNING: [Board 49-26] cannot add Board Part digilentinc.com:genesys2:part0:1.1 available at C:/Xilinx/Vivado/2017.2/data/boards/board_files/genesys2/H/board.xml as part xc7k325tffg900-2 specified in board_part file is either invalid or not available
WARNING: [Board 49-26] cannot add Board Part digilentinc.com:genesys2:part0:1.1 available at C:/Xilinx/Vivado/2017.2/data/boards/board_files/genesys2/H/board.xml as part xc7k325tffg900-2 specified in board_part file is either invalid or not available
WARNING: [Board 49-26] cannot add Board Part digilentinc.com:genesys2:part0:1.1 available at C:/Xilinx/Vivado/2017.2/data/boards/board_files/genesys2/H/board.xml as part xc7k325tffg900-2 specified in board_part file is either invalid or not available
WARNING: [Board 49-26] cannot add Board Part digilentinc.com:genesys2:part0:1.1 available at C:/Xilinx/Vivado/2017.2/data/boards/board_files/genesys2/H/board.xml as part xc7k325tffg900-2 specified in board_part file is either invalid or not available
WARNING: [Board 49-26] cannot add Board Part digilentinc.com:genesys2:part0:1.1 available at C:/Xilinx/Vivado/2017.2/data/boards/board_files/genesys2/H/board.xml as part xc7k325tffg900-2 specified in board_part file is either invalid or not available
WARNING: [Board 49-26] cannot add Board Part digilentinc.com:genesys2:part0:1.1 available at C:/Xilinx/Vivado/2017.2/data/boards/board_files/genesys2/H/board.xml as part xc7k325tffg900-2 specified in board_part file is either invalid or not available
WARNING: [Board 49-26] cannot add Board Part digilentinc.com:genesys2:part0:1.1 available at C:/Xilinx/Vivado/2017.2/data/boards/board_files/genesys2/H/board.xml as part xc7k325tffg900-2 specified in board_part file is either invalid or not available
WARNING: [Board 49-26] cannot add Board Part digilentinc.com:genesys2:part0:1.1 available at C:/Xilinx/Vivado/2017.2/data/boards/board_files/genesys2/H/board.xml as part xc7k325tffg900-2 specified in board_part file is either invalid or not available
WARNING: [Board 49-26] cannot add Board Part digilentinc.com:genesys2:part0:1.1 available at C:/Xilinx/Vivado/2017.2/data/boards/board_files/genesys2/H/board.xml as part xc7k325tffg900-2 specified in board_part file is either invalid or not available
WARNING: [Board 49-26] cannot add Board Part digilentinc.com:genesys2:part0:1.1 available at C:/Xilinx/Vivado/2017.2/data/boards/board_files/genesys2/H/board.xml as part xc7k325tffg900-2 specified in board_part file is either invalid or not available
WARNING: [Board 49-26] cannot add Board Part digilentinc.com:genesys2:part0:1.1 available at C:/Xilinx/Vivado/2017.2/data/boards/board_files/genesys2/H/board.xml as part xc7k325tffg900-2 specified in board_part file is either invalid or not available
WARNING: [Board 49-26] cannot add Board Part digilentinc.com:genesys2:part0:1.1 available at C:/Xilinx/Vivado/2017.2/data/boards/board_files/genesys2/H/board.xml as part xc7k325tffg900-2 specified in board_part file is either invalid or not available
WARNING: [Board 49-26] cannot add Board Part digilentinc.com:genesys2:part0:1.1 available at C:/Xilinx/Vivado/2017.2/data/boards/board_files/genesys2/H/board.xml as part xc7k325tffg900-2 specified in board_part file is either invalid or not available
WARNING: [Board 49-26] cannot add Board Part digilentinc.com:genesys2:part0:1.1 available at C:/Xilinx/Vivado/2017.2/data/boards/board_files/genesys2/H/board.xml as part xc7k325tffg900-2 specified in board_part file is either invalid or not available
INFO: [IP_Flow 19-3420] Updated design_1_axi_emc_0_0 to use current project options
WARNING: [Board 49-26] cannot add Board Part digilentinc.com:genesys2:part0:1.1 available at C:/Xilinx/Vivado/2017.2/data/boards/board_files/genesys2/H/board.xml as part xc7k325tffg900-2 specified in board_part file is either invalid or not available
WARNING: [Board 49-26] cannot add Board Part digilentinc.com:genesys2:part0:1.1 available at C:/Xilinx/Vivado/2017.2/data/boards/board_files/genesys2/H/board.xml as part xc7k325tffg900-2 specified in board_part file is either invalid or not available
WARNING: [Board 49-26] cannot add Board Part digilentinc.com:genesys2:part0:1.1 available at C:/Xilinx/Vivado/2017.2/data/boards/board_files/genesys2/H/board.xml as part xc7k325tffg900-2 specified in board_part file is either invalid or not available
WARNING: [Board 49-26] cannot add Board Part digilentinc.com:genesys2:part0:1.1 available at C:/Xilinx/Vivado/2017.2/data/boards/board_files/genesys2/H/board.xml as part xc7k325tffg900-2 specified in board_part file is either invalid or not available
WARNING: [Board 49-26] cannot add Board Part digilentinc.com:genesys2:part0:1.1 available at C:/Xilinx/Vivado/2017.2/data/boards/board_files/genesys2/H/board.xml as part xc7k325tffg900-2 specified in board_part file is either invalid or not available
WARNING: [Board 49-26] cannot add Board Part digilentinc.com:genesys2:part0:1.1 available at C:/Xilinx/Vivado/2017.2/data/boards/board_files/genesys2/H/board.xml as part xc7k325tffg900-2 specified in board_part file is either invalid or not available
WARNING: [Board 49-26] cannot add Board Part digilentinc.com:genesys2:part0:1.1 available at C:/Xilinx/Vivado/2017.2/data/boards/board_files/genesys2/H/board.xml as part xc7k325tffg900-2 specified in board_part file is either invalid or not available
WARNING: [Board 49-26] cannot add Board Part digilentinc.com:genesys2:part0:1.1 available at C:/Xilinx/Vivado/2017.2/data/boards/board_files/genesys2/H/board.xml as part xc7k325tffg900-2 specified in board_part file is either invalid or not available
WARNING: [Board 49-26] cannot add Board Part digilentinc.com:genesys2:part0:1.1 available at C:/Xilinx/Vivado/2017.2/data/boards/board_files/genesys2/H/board.xml as part xc7k325tffg900-2 specified in board_part file is either invalid or not available
WARNING: [Board 49-26] cannot add Board Part digilentinc.com:genesys2:part0:1.1 available at C:/Xilinx/Vivado/2017.2/data/boards/board_files/genesys2/H/board.xml as part xc7k325tffg900-2 specified in board_part file is either invalid or not available
WARNING: [Board 49-26] cannot add Board Part digilentinc.com:genesys2:part0:1.1 available at C:/Xilinx/Vivado/2017.2/data/boards/board_files/genesys2/H/board.xml as part xc7k325tffg900-2 specified in board_part file is either invalid or not available
WARNING: [Board 49-26] cannot add Board Part digilentinc.com:genesys2:part0:1.1 available at C:/Xilinx/Vivado/2017.2/data/boards/board_files/genesys2/H/board.xml as part xc7k325tffg900-2 specified in board_part file is either invalid or not available
WARNING: [Board 49-26] cannot add Board Part digilentinc.com:genesys2:part0:1.1 available at C:/Xilinx/Vivado/2017.2/data/boards/board_files/genesys2/H/board.xml as part xc7k325tffg900-2 specified in board_part file is either invalid or not available
WARNING: [Board 49-26] cannot add Board Part digilentinc.com:genesys2:part0:1.1 available at C:/Xilinx/Vivado/2017.2/data/boards/board_files/genesys2/H/board.xml as part xc7k325tffg900-2 specified in board_part file is either invalid or not available
WARNING: [Board 49-26] cannot add Board Part digilentinc.com:genesys2:part0:1.1 available at C:/Xilinx/Vivado/2017.2/data/boards/board_files/genesys2/H/board.xml as part xc7k325tffg900-2 specified in board_part file is either invalid or not available
WARNING: [Board 49-26] cannot add Board Part digilentinc.com:genesys2:part0:1.1 available at C:/Xilinx/Vivado/2017.2/data/boards/board_files/genesys2/H/board.xml as part xc7k325tffg900-2 specified in board_part file is either invalid or not available
WARNING: [Board 49-26] cannot add Board Part digilentinc.com:genesys2:part0:1.1 available at C:/Xilinx/Vivado/2017.2/data/boards/board_files/genesys2/H/board.xml as part xc7k325tffg900-2 specified in board_part file is either invalid or not available
WARNING: [Board 49-26] cannot add Board Part digilentinc.com:genesys2:part0:1.1 available at C:/Xilinx/Vivado/2017.2/data/boards/board_files/genesys2/H/board.xml as part xc7k325tffg900-2 specified in board_part file is either invalid or not available
WARNING: [Board 49-26] cannot add Board Part digilentinc.com:genesys2:part0:1.1 available at C:/Xilinx/Vivado/2017.2/data/boards/board_files/genesys2/H/board.xml as part xc7k325tffg900-2 specified in board_part file is either invalid or not available
WARNING: [Board 49-26] cannot add Board Part digilentinc.com:genesys2:part0:1.1 available at C:/Xilinx/Vivado/2017.2/data/boards/board_files/genesys2/H/board.xml as part xc7k325tffg900-2 specified in board_part file is either invalid or not available
WARNING: [Board 49-26] cannot add Board Part digilentinc.com:genesys2:part0:1.1 available at C:/Xilinx/Vivado/2017.2/data/boards/board_files/genesys2/H/board.xml as part xc7k325tffg900-2 specified in board_part file is either invalid or not available
WARNING: [Board 49-26] cannot add Board Part digilentinc.com:genesys2:part0:1.1 available at C:/Xilinx/Vivado/2017.2/data/boards/board_files/genesys2/H/board.xml as part xc7k325tffg900-2 specified in board_part file is either invalid or not available
WARNING: [Board 49-26] cannot add Board Part digilentinc.com:genesys2:part0:1.1 available at C:/Xilinx/Vivado/2017.2/data/boards/board_files/genesys2/H/board.xml as part xc7k325tffg900-2 specified in board_part file is either invalid or not available
WARNING: [Board 49-26] cannot add Board Part digilentinc.com:genesys2:part0:1.1 available at C:/Xilinx/Vivado/2017.2/data/boards/board_files/genesys2/H/board.xml as part xc7k325tffg900-2 specified in board_part file is either invalid or not available
WARNING: [Board 49-26] cannot add Board Part digilentinc.com:genesys2:part0:1.1 available at C:/Xilinx/Vivado/2017.2/data/boards/board_files/genesys2/H/board.xml as part xc7k325tffg900-2 specified in board_part file is either invalid or not available
INFO: [IP_Flow 19-3420] Updated design_1_axi_gpio_0_0 to use current project options
WARNING: [Board 49-26] cannot add Board Part digilentinc.com:genesys2:part0:1.1 available at C:/Xilinx/Vivado/2017.2/data/boards/board_files/genesys2/H/board.xml as part xc7k325tffg900-2 specified in board_part file is either invalid or not available
WARNING: [Board 49-26] cannot add Board Part digilentinc.com:genesys2:part0:1.1 available at C:/Xilinx/Vivado/2017.2/data/boards/board_files/genesys2/H/board.xml as part xc7k325tffg900-2 specified in board_part file is either invalid or not available
WARNING: [Board 49-26] cannot add Board Part digilentinc.com:genesys2:part0:1.1 available at C:/Xilinx/Vivado/2017.2/data/boards/board_files/genesys2/H/board.xml as part xc7k325tffg900-2 specified in board_part file is either invalid or not available
WARNING: [Board 49-26] cannot add Board Part digilentinc.com:genesys2:part0:1.1 available at C:/Xilinx/Vivado/2017.2/data/boards/board_files/genesys2/H/board.xml as part xc7k325tffg900-2 specified in board_part file is either invalid or not available
WARNING: [Board 49-26] cannot add Board Part digilentinc.com:genesys2:part0:1.1 available at C:/Xilinx/Vivado/2017.2/data/boards/board_files/genesys2/H/board.xml as part xc7k325tffg900-2 specified in board_part file is either invalid or not available
WARNING: [Board 49-26] cannot add Board Part digilentinc.com:genesys2:part0:1.1 available at C:/Xilinx/Vivado/2017.2/data/boards/board_files/genesys2/H/board.xml as part xc7k325tffg900-2 specified in board_part file is either invalid or not available
WARNING: [Board 49-26] cannot add Board Part digilentinc.com:genesys2:part0:1.1 available at C:/Xilinx/Vivado/2017.2/data/boards/board_files/genesys2/H/board.xml as part xc7k325tffg900-2 specified in board_part file is either invalid or not available
WARNING: [Board 49-26] cannot add Board Part digilentinc.com:genesys2:part0:1.1 available at C:/Xilinx/Vivado/2017.2/data/boards/board_files/genesys2/H/board.xml as part xc7k325tffg900-2 specified in board_part file is either invalid or not available
WARNING: [Board 49-26] cannot add Board Part digilentinc.com:genesys2:part0:1.1 available at C:/Xilinx/Vivado/2017.2/data/boards/board_files/genesys2/H/board.xml as part xc7k325tffg900-2 specified in board_part file is either invalid or not available
WARNING: [Board 49-26] cannot add Board Part digilentinc.com:genesys2:part0:1.1 available at C:/Xilinx/Vivado/2017.2/data/boards/board_files/genesys2/H/board.xml as part xc7k325tffg900-2 specified in board_part file is either invalid or not available
WARNING: [Board 49-26] cannot add Board Part digilentinc.com:genesys2:part0:1.1 available at C:/Xilinx/Vivado/2017.2/data/boards/board_files/genesys2/H/board.xml as part xc7k325tffg900-2 specified in board_part file is either invalid or not available
WARNING: [Board 49-26] cannot add Board Part digilentinc.com:genesys2:part0:1.1 available at C:/Xilinx/Vivado/2017.2/data/boards/board_files/genesys2/H/board.xml as part xc7k325tffg900-2 specified in board_part file is either invalid or not available
WARNING: [Board 49-26] cannot add Board Part digilentinc.com:genesys2:part0:1.1 available at C:/Xilinx/Vivado/2017.2/data/boards/board_files/genesys2/H/board.xml as part xc7k325tffg900-2 specified in board_part file is either invalid or not available
WARNING: [Board 49-26] cannot add Board Part digilentinc.com:genesys2:part0:1.1 available at C:/Xilinx/Vivado/2017.2/data/boards/board_files/genesys2/H/board.xml as part xc7k325tffg900-2 specified in board_part file is either invalid or not available
INFO: [IP_Flow 19-3420] Updated design_1_axi_gpio_1_0 to use current project options
INFO: [IP_Flow 19-3420] Updated design_1_axi_mem_intercon_0 to use current project options
INFO: [IP_Flow 19-3420] Updated design_1_axi_uartlite_0_0 to use current project options
INFO: [IP_Flow 19-3420] Updated design_1_clk_wiz_0_0 to use current project options
INFO: [IP_Flow 19-3420] Updated design_1_dlmb_bram_if_cntlr_0 to use current project options
INFO: [IP_Flow 19-3420] Updated design_1_ilmb_bram_if_cntlr_0 to use current project options
INFO: [IP_Flow 19-3420] Updated design_1_mdm_1_0 to use current project options
INFO: [IP_Flow 19-3420] Updated design_1_microblaze_0_0 to use current project options
INFO: [IP_Flow 19-3420] Updated design_1_microblaze_0_axi_intc_0 to use current project options
INFO: [IP_Flow 19-3420] Updated design_1_microblaze_0_axi_periph_0 to use current project options
Wrote  : <C:/Xilinx/Vivado/MyProjects/PMOD_WIFI_OLD/PMOD_WIFI.srcs/sources_1/bd/design_1/design_1.bd> 
INFO: [Coretcl 2-1525] Wrote upgrade log to 'C:/Xilinx/Vivado/MyProjects/PMOD_WIFI_OLD/ip_upgrade.log'.
upgrade_ip: Time (s): cpu = 00:00:48 ; elapsed = 00:00:32 . Memory (MB): peak = 1145.215 ; gain = 175.129
export_ip_user_files -of_objects [get_ips {design_1_microblaze_0_axi_periph_0 design_1_axi_emc_0_0 design_1_dlmb_bram_if_cntlr_0 design_1_microblaze_0_0 design_1_axi_gpio_0_0 design_1_microblaze_0_axi_intc_0 design_1_axi_uartlite_0_0 design_1_axi_mem_intercon_0 design_1_clk_wiz_0_0 design_1_axi_gpio_1_0 design_1_PmodWIFI_0_0 design_1_ilmb_bram_if_cntlr_0 design_1_mdm_1_0}] -no_script -sync -force -quiet
generate_target all [get_files  C:/Xilinx/Vivado/MyProjects/PMOD_WIFI_OLD/PMOD_WIFI.srcs/sources_1/bd/design_1/design_1.bd]
INFO: [xilinx.com:ip:microblaze:10.0-16] /microblaze_0: Setting D-cache cacheable area base address C_DCACHE_BASEADDR to 0x60000000 and high address C_DCACHE_HIGHADDR to 0x61FFFFFF.
INFO: [xilinx.com:ip:microblaze:10.0-16] /microblaze_0: Setting I-cache cacheable area base address C_ICACHE_BASEADDR to 0x60000000 and high address C_ICACHE_HIGHADDR to 0x61FFFFFF.
INFO: [xilinx.com:ip:axi_intc:4.1-1] /microblaze_0_axi_intc: The AXI INTC core has been configured to operate with synchronous clocks.
Wrote  : <C:/Xilinx/Vivado/MyProjects/PMOD_WIFI_OLD/PMOD_WIFI.srcs/sources_1/bd/design_1/design_1.bd> 
Verilog Output written to : C:/Xilinx/Vivado/MyProjects/PMOD_WIFI_OLD/PMOD_WIFI.srcs/sources_1/bd/design_1/hdl/design_1.v
Verilog Output written to : C:/Xilinx/Vivado/MyProjects/PMOD_WIFI_OLD/PMOD_WIFI.srcs/sources_1/bd/design_1/hdl/design_1_wrapper.v
WARNING: [Board 49-26] cannot add Board Part digilentinc.com:genesys2:part0:1.1 available at C:/Xilinx/Vivado/2017.2/data/boards/board_files/genesys2/H/board.xml as part xc7k325tffg900-2 specified in board_part file is either invalid or not available
WARNING: [Board 49-26] cannot add Board Part digilentinc.com:genesys2:part0:1.1 available at C:/Xilinx/Vivado/2017.2/data/boards/board_files/genesys2/H/board.xml as part xc7k325tffg900-2 specified in board_part file is either invalid or not available
WARNING: [Board 49-26] cannot add Board Part digilentinc.com:genesys2:part0:1.1 available at C:/Xilinx/Vivado/2017.2/data/boards/board_files/genesys2/H/board.xml as part xc7k325tffg900-2 specified in board_part file is either invalid or not available
WARNING: [Board 49-26] cannot add Board Part digilentinc.com:genesys2:part0:1.1 available at C:/Xilinx/Vivado/2017.2/data/boards/board_files/genesys2/H/board.xml as part xc7k325tffg900-2 specified in board_part file is either invalid or not available
WARNING: [Board 49-26] cannot add Board Part digilentinc.com:genesys2:part0:1.1 available at C:/Xilinx/Vivado/2017.2/data/boards/board_files/genesys2/H/board.xml as part xc7k325tffg900-2 specified in board_part file is either invalid or not available
WARNING: [Board 49-26] cannot add Board Part digilentinc.com:genesys2:part0:1.1 available at C:/Xilinx/Vivado/2017.2/data/boards/board_files/genesys2/H/board.xml as part xc7k325tffg900-2 specified in board_part file is either invalid or not available
WARNING: [Board 49-26] cannot add Board Part digilentinc.com:genesys2:part0:1.1 available at C:/Xilinx/Vivado/2017.2/data/boards/board_files/genesys2/H/board.xml as part xc7k325tffg900-2 specified in board_part file is either invalid or not available
WARNING: [Board 49-26] cannot add Board Part digilentinc.com:genesys2:part0:1.1 available at C:/Xilinx/Vivado/2017.2/data/boards/board_files/genesys2/H/board.xml as part xc7k325tffg900-2 specified in board_part file is either invalid or not available
WARNING: [Board 49-26] cannot add Board Part digilentinc.com:genesys2:part0:1.1 available at C:/Xilinx/Vivado/2017.2/data/boards/board_files/genesys2/H/board.xml as part xc7k325tffg900-2 specified in board_part file is either invalid or not available
WARNING: [Board 49-26] cannot add Board Part digilentinc.com:genesys2:part0:1.1 available at C:/Xilinx/Vivado/2017.2/data/boards/board_files/genesys2/H/board.xml as part xc7k325tffg900-2 specified in board_part file is either invalid or not available
WARNING: [Board 49-26] cannot add Board Part digilentinc.com:genesys2:part0:1.1 available at C:/Xilinx/Vivado/2017.2/data/boards/board_files/genesys2/H/board.xml as part xc7k325tffg900-2 specified in board_part file is either invalid or not available
WARNING: [Board 49-26] cannot add Board Part digilentinc.com:genesys2:part0:1.1 available at C:/Xilinx/Vivado/2017.2/data/boards/board_files/genesys2/H/board.xml as part xc7k325tffg900-2 specified in board_part file is either invalid or not available
WARNING: [Board 49-26] cannot add Board Part digilentinc.com:genesys2:part0:1.1 available at C:/Xilinx/Vivado/2017.2/data/boards/board_files/genesys2/H/board.xml as part xc7k325tffg900-2 specified in board_part file is either invalid or not available
WARNING: [Board 49-26] cannot add Board Part digilentinc.com:genesys2:part0:1.1 available at C:/Xilinx/Vivado/2017.2/data/boards/board_files/genesys2/H/board.xml as part xc7k325tffg900-2 specified in board_part file is either invalid or not available
WARNING: [Board 49-26] cannot add Board Part digilentinc.com:genesys2:part0:1.1 available at C:/Xilinx/Vivado/2017.2/data/boards/board_files/genesys2/H/board.xml as part xc7k325tffg900-2 specified in board_part file is either invalid or not available
WARNING: [Board 49-26] cannot add Board Part digilentinc.com:genesys2:part0:1.1 available at C:/Xilinx/Vivado/2017.2/data/boards/board_files/genesys2/H/board.xml as part xc7k325tffg900-2 specified in board_part file is either invalid or not available
WARNING: [Board 49-26] cannot add Board Part digilentinc.com:genesys2:part0:1.1 available at C:/Xilinx/Vivado/2017.2/data/boards/board_files/genesys2/H/board.xml as part xc7k325tffg900-2 specified in board_part file is either invalid or not available
WARNING: [Board 49-26] cannot add Board Part digilentinc.com:genesys2:part0:1.1 available at C:/Xilinx/Vivado/2017.2/data/boards/board_files/genesys2/H/board.xml as part xc7k325tffg900-2 specified in board_part file is either invalid or not available
WARNING: [Board 49-26] cannot add Board Part digilentinc.com:genesys2:part0:1.1 available at C:/Xilinx/Vivado/2017.2/data/boards/board_files/genesys2/H/board.xml as part xc7k325tffg900-2 specified in board_part file is either invalid or not available
WARNING: [Board 49-26] cannot add Board Part digilentinc.com:genesys2:part0:1.1 available at C:/Xilinx/Vivado/2017.2/data/boards/board_files/genesys2/H/board.xml as part xc7k325tffg900-2 specified in board_part file is either invalid or not available
WARNING: [Board 49-26] cannot add Board Part digilentinc.com:genesys2:part0:1.1 available at C:/Xilinx/Vivado/2017.2/data/boards/board_files/genesys2/H/board.xml as part xc7k325tffg900-2 specified in board_part file is either invalid or not available
WARNING: [Board 49-26] cannot add Board Part digilentinc.com:genesys2:part0:1.1 available at C:/Xilinx/Vivado/2017.2/data/boards/board_files/genesys2/H/board.xml as part xc7k325tffg900-2 specified in board_part file is either invalid or not available
WARNING: [Board 49-26] cannot add Board Part digilentinc.com:genesys2:part0:1.1 available at C:/Xilinx/Vivado/2017.2/data/boards/board_files/genesys2/H/board.xml as part xc7k325tffg900-2 specified in board_part file is either invalid or not available
WARNING: [Board 49-26] cannot add Board Part digilentinc.com:genesys2:part0:1.1 available at C:/Xilinx/Vivado/2017.2/data/boards/board_files/genesys2/H/board.xml as part xc7k325tffg900-2 specified in board_part file is either invalid or not available
WARNING: [Board 49-26] cannot add Board Part digilentinc.com:genesys2:part0:1.1 available at C:/Xilinx/Vivado/2017.2/data/boards/board_files/genesys2/H/board.xml as part xc7k325tffg900-2 specified in board_part file is either invalid or not available
WARNING: [Board 49-26] cannot add Board Part digilentinc.com:genesys2:part0:1.1 available at C:/Xilinx/Vivado/2017.2/data/boards/board_files/genesys2/H/board.xml as part xc7k325tffg900-2 specified in board_part file is either invalid or not available
WARNING: [Board 49-26] cannot add Board Part digilentinc.com:genesys2:part0:1.1 available at C:/Xilinx/Vivado/2017.2/data/boards/board_files/genesys2/H/board.xml as part xc7k325tffg900-2 specified in board_part file is either invalid or not available
WARNING: [Board 49-26] cannot add Board Part digilentinc.com:genesys2:part0:1.1 available at C:/Xilinx/Vivado/2017.2/data/boards/board_files/genesys2/H/board.xml as part xc7k325tffg900-2 specified in board_part file is either invalid or not available
WARNING: [Board 49-26] cannot add Board Part digilentinc.com:genesys2:part0:1.1 available at C:/Xilinx/Vivado/2017.2/data/boards/board_files/genesys2/H/board.xml as part xc7k325tffg900-2 specified in board_part file is either invalid or not available
WARNING: [Board 49-26] cannot add Board Part digilentinc.com:genesys2:part0:1.1 available at C:/Xilinx/Vivado/2017.2/data/boards/board_files/genesys2/H/board.xml as part xc7k325tffg900-2 specified in board_part file is either invalid or not available
WARNING: [Board 49-26] cannot add Board Part digilentinc.com:genesys2:part0:1.1 available at C:/Xilinx/Vivado/2017.2/data/boards/board_files/genesys2/H/board.xml as part xc7k325tffg900-2 specified in board_part file is either invalid or not available
WARNING: [Board 49-26] cannot add Board Part digilentinc.com:genesys2:part0:1.1 available at C:/Xilinx/Vivado/2017.2/data/boards/board_files/genesys2/H/board.xml as part xc7k325tffg900-2 specified in board_part file is either invalid or not available
WARNING: [Board 49-26] cannot add Board Part digilentinc.com:genesys2:part0:1.1 available at C:/Xilinx/Vivado/2017.2/data/boards/board_files/genesys2/H/board.xml as part xc7k325tffg900-2 specified in board_part file is either invalid or not available
WARNING: [Board 49-26] cannot add Board Part digilentinc.com:genesys2:part0:1.1 available at C:/Xilinx/Vivado/2017.2/data/boards/board_files/genesys2/H/board.xml as part xc7k325tffg900-2 specified in board_part file is either invalid or not available
WARNING: [Board 49-26] cannot add Board Part digilentinc.com:genesys2:part0:1.1 available at C:/Xilinx/Vivado/2017.2/data/boards/board_files/genesys2/H/board.xml as part xc7k325tffg900-2 specified in board_part file is either invalid or not available
WARNING: [Board 49-26] cannot add Board Part digilentinc.com:genesys2:part0:1.1 available at C:/Xilinx/Vivado/2017.2/data/boards/board_files/genesys2/H/board.xml as part xc7k325tffg900-2 specified in board_part file is either invalid or not available
WARNING: [Board 49-26] cannot add Board Part digilentinc.com:genesys2:part0:1.1 available at C:/Xilinx/Vivado/2017.2/data/boards/board_files/genesys2/H/board.xml as part xc7k325tffg900-2 specified in board_part file is either invalid or not available
WARNING: [Board 49-26] cannot add Board Part digilentinc.com:genesys2:part0:1.1 available at C:/Xilinx/Vivado/2017.2/data/boards/board_files/genesys2/H/board.xml as part xc7k325tffg900-2 specified in board_part file is either invalid or not available
WARNING: [Board 49-26] cannot add Board Part digilentinc.com:genesys2:part0:1.1 available at C:/Xilinx/Vivado/2017.2/data/boards/board_files/genesys2/H/board.xml as part xc7k325tffg900-2 specified in board_part file is either invalid or not available
WARNING: [Board 49-26] cannot add Board Part digilentinc.com:genesys2:part0:1.1 available at C:/Xilinx/Vivado/2017.2/data/boards/board_files/genesys2/H/board.xml as part xc7k325tffg900-2 specified in board_part file is either invalid or not available
WARNING: [Board 49-26] cannot add Board Part digilentinc.com:genesys2:part0:1.1 available at C:/Xilinx/Vivado/2017.2/data/boards/board_files/genesys2/H/board.xml as part xc7k325tffg900-2 specified in board_part file is either invalid or not available
WARNING: [Board 49-26] cannot add Board Part digilentinc.com:genesys2:part0:1.1 available at C:/Xilinx/Vivado/2017.2/data/boards/board_files/genesys2/H/board.xml as part xc7k325tffg900-2 specified in board_part file is either invalid or not available
WARNING: [Board 49-26] cannot add Board Part digilentinc.com:genesys2:part0:1.1 available at C:/Xilinx/Vivado/2017.2/data/boards/board_files/genesys2/H/board.xml as part xc7k325tffg900-2 specified in board_part file is either invalid or not available
WARNING: [Board 49-26] cannot add Board Part digilentinc.com:genesys2:part0:1.1 available at C:/Xilinx/Vivado/2017.2/data/boards/board_files/genesys2/H/board.xml as part xc7k325tffg900-2 specified in board_part file is either invalid or not available
WARNING: [Board 49-26] cannot add Board Part digilentinc.com:genesys2:part0:1.1 available at C:/Xilinx/Vivado/2017.2/data/boards/board_files/genesys2/H/board.xml as part xc7k325tffg900-2 specified in board_part file is either invalid or not available
WARNING: [Board 49-26] cannot add Board Part digilentinc.com:genesys2:part0:1.1 available at C:/Xilinx/Vivado/2017.2/data/boards/board_files/genesys2/H/board.xml as part xc7k325tffg900-2 specified in board_part file is either invalid or not available
WARNING: [Board 49-26] cannot add Board Part digilentinc.com:genesys2:part0:1.1 available at C:/Xilinx/Vivado/2017.2/data/boards/board_files/genesys2/H/board.xml as part xc7k325tffg900-2 specified in board_part file is either invalid or not available
INFO: [BD 41-1029] Generation completed for the IP Integrator block axi_emc_0 .
WARNING: [Board 49-26] cannot add Board Part digilentinc.com:genesys2:part0:1.1 available at C:/Xilinx/Vivado/2017.2/data/boards/board_files/genesys2/H/board.xml as part xc7k325tffg900-2 specified in board_part file is either invalid or not available
WARNING: [Board 49-26] cannot add Board Part digilentinc.com:genesys2:part0:1.1 available at C:/Xilinx/Vivado/2017.2/data/boards/board_files/genesys2/H/board.xml as part xc7k325tffg900-2 specified in board_part file is either invalid or not available
WARNING: [Board 49-26] cannot add Board Part digilentinc.com:genesys2:part0:1.1 available at C:/Xilinx/Vivado/2017.2/data/boards/board_files/genesys2/H/board.xml as part xc7k325tffg900-2 specified in board_part file is either invalid or not available
WARNING: [Board 49-26] cannot add Board Part digilentinc.com:genesys2:part0:1.1 available at C:/Xilinx/Vivado/2017.2/data/boards/board_files/genesys2/H/board.xml as part xc7k325tffg900-2 specified in board_part file is either invalid or not available
WARNING: [Board 49-26] cannot add Board Part digilentinc.com:genesys2:part0:1.1 available at C:/Xilinx/Vivado/2017.2/data/boards/board_files/genesys2/H/board.xml as part xc7k325tffg900-2 specified in board_part file is either invalid or not available
WARNING: [Board 49-26] cannot add Board Part digilentinc.com:genesys2:part0:1.1 available at C:/Xilinx/Vivado/2017.2/data/boards/board_files/genesys2/H/board.xml as part xc7k325tffg900-2 specified in board_part file is either invalid or not available
INFO: [BD 41-1029] Generation completed for the IP Integrator block clk_wiz_0 .
WARNING: [Board 49-26] cannot add Board Part digilentinc.com:genesys2:part0:1.1 available at C:/Xilinx/Vivado/2017.2/data/boards/board_files/genesys2/H/board.xml as part xc7k325tffg900-2 specified in board_part file is either invalid or not available
WARNING: [Board 49-26] cannot add Board Part digilentinc.com:genesys2:part0:1.1 available at C:/Xilinx/Vivado/2017.2/data/boards/board_files/genesys2/H/board.xml as part xc7k325tffg900-2 specified in board_part file is either invalid or not available
WARNING: [Board 49-26] cannot add Board Part digilentinc.com:genesys2:part0:1.1 available at C:/Xilinx/Vivado/2017.2/data/boards/board_files/genesys2/H/board.xml as part xc7k325tffg900-2 specified in board_part file is either invalid or not available
WARNING: [Board 49-26] cannot add Board Part digilentinc.com:genesys2:part0:1.1 available at C:/Xilinx/Vivado/2017.2/data/boards/board_files/genesys2/H/board.xml as part xc7k325tffg900-2 specified in board_part file is either invalid or not available
WARNING: [Board 49-26] cannot add Board Part digilentinc.com:genesys2:part0:1.1 available at C:/Xilinx/Vivado/2017.2/data/boards/board_files/genesys2/H/board.xml as part xc7k325tffg900-2 specified in board_part file is either invalid or not available
WARNING: [Board 49-26] cannot add Board Part digilentinc.com:genesys2:part0:1.1 available at C:/Xilinx/Vivado/2017.2/data/boards/board_files/genesys2/H/board.xml as part xc7k325tffg900-2 specified in board_part file is either invalid or not available
INFO: [BD 41-1029] Generation completed for the IP Integrator block axi_uartlite_0 .
INFO: [BD 41-1029] Generation completed for the IP Integrator block microblaze_0 .
INFO: [BD 41-1029] Generation completed for the IP Integrator block microblaze_0_local_memory/dlmb_v10 .
INFO: [BD 41-1029] Generation completed for the IP Integrator block microblaze_0_local_memory/ilmb_v10 .
INFO: [BD 41-1029] Generation completed for the IP Integrator block microblaze_0_local_memory/dlmb_bram_if_cntlr .
INFO: [BD 41-1029] Generation completed for the IP Integrator block microblaze_0_local_memory/ilmb_bram_if_cntlr .
INFO: [BD 41-1029] Generation completed for the IP Integrator block microblaze_0_local_memory/lmb_bram .
INFO: [BD 41-1029] Generation completed for the IP Integrator block microblaze_0_axi_intc .
INFO: [BD 41-1029] Generation completed for the IP Integrator block microblaze_0_xlconcat .
INFO: [BD 41-1029] Generation completed for the IP Integrator block mdm_1 .
WARNING: [Board 49-26] cannot add Board Part digilentinc.com:genesys2:part0:1.1 available at C:/Xilinx/Vivado/2017.2/data/boards/board_files/genesys2/H/board.xml as part xc7k325tffg900-2 specified in board_part file is either invalid or not available
WARNING: [Board 49-26] cannot add Board Part digilentinc.com:genesys2:part0:1.1 available at C:/Xilinx/Vivado/2017.2/data/boards/board_files/genesys2/H/board.xml as part xc7k325tffg900-2 specified in board_part file is either invalid or not available
WARNING: [Board 49-26] cannot add Board Part digilentinc.com:genesys2:part0:1.1 available at C:/Xilinx/Vivado/2017.2/data/boards/board_files/genesys2/H/board.xml as part xc7k325tffg900-2 specified in board_part file is either invalid or not available
INFO: [BD 41-1029] Generation completed for the IP Integrator block rst_clk_wiz_0_100M .
WARNING: [Board 49-26] cannot add Board Part digilentinc.com:genesys2:part0:1.1 available at C:/Xilinx/Vivado/2017.2/data/boards/board_files/genesys2/H/board.xml as part xc7k325tffg900-2 specified in board_part file is either invalid or not available
WARNING: [Board 49-26] cannot add Board Part digilentinc.com:genesys2:part0:1.1 available at C:/Xilinx/Vivado/2017.2/data/boards/board_files/genesys2/H/board.xml as part xc7k325tffg900-2 specified in board_part file is either invalid or not available
WARNING: [Board 49-26] cannot add Board Part digilentinc.com:genesys2:part0:1.1 available at C:/Xilinx/Vivado/2017.2/data/boards/board_files/genesys2/H/board.xml as part xc7k325tffg900-2 specified in board_part file is either invalid or not available
WARNING: [Board 49-26] cannot add Board Part digilentinc.com:genesys2:part0:1.1 available at C:/Xilinx/Vivado/2017.2/data/boards/board_files/genesys2/H/board.xml as part xc7k325tffg900-2 specified in board_part file is either invalid or not available
WARNING: [Board 49-26] cannot add Board Part digilentinc.com:genesys2:part0:1.1 available at C:/Xilinx/Vivado/2017.2/data/boards/board_files/genesys2/H/board.xml as part xc7k325tffg900-2 specified in board_part file is either invalid or not available
WARNING: [Board 49-26] cannot add Board Part digilentinc.com:genesys2:part0:1.1 available at C:/Xilinx/Vivado/2017.2/data/boards/board_files/genesys2/H/board.xml as part xc7k325tffg900-2 specified in board_part file is either invalid or not available
WARNING: [Board 49-26] cannot add Board Part digilentinc.com:genesys2:part0:1.1 available at C:/Xilinx/Vivado/2017.2/data/boards/board_files/genesys2/H/board.xml as part xc7k325tffg900-2 specified in board_part file is either invalid or not available
WARNING: [Board 49-26] cannot add Board Part digilentinc.com:genesys2:part0:1.1 available at C:/Xilinx/Vivado/2017.2/data/boards/board_files/genesys2/H/board.xml as part xc7k325tffg900-2 specified in board_part file is either invalid or not available
WARNING: [Board 49-26] cannot add Board Part digilentinc.com:genesys2:part0:1.1 available at C:/Xilinx/Vivado/2017.2/data/boards/board_files/genesys2/H/board.xml as part xc7k325tffg900-2 specified in board_part file is either invalid or not available
WARNING: [Board 49-26] cannot add Board Part digilentinc.com:genesys2:part0:1.1 available at C:/Xilinx/Vivado/2017.2/data/boards/board_files/genesys2/H/board.xml as part xc7k325tffg900-2 specified in board_part file is either invalid or not available
WARNING: [Board 49-26] cannot add Board Part digilentinc.com:genesys2:part0:1.1 available at C:/Xilinx/Vivado/2017.2/data/boards/board_files/genesys2/H/board.xml as part xc7k325tffg900-2 specified in board_part file is either invalid or not available
WARNING: [Board 49-26] cannot add Board Part digilentinc.com:genesys2:part0:1.1 available at C:/Xilinx/Vivado/2017.2/data/boards/board_files/genesys2/H/board.xml as part xc7k325tffg900-2 specified in board_part file is either invalid or not available
WARNING: [Board 49-26] cannot add Board Part digilentinc.com:genesys2:part0:1.1 available at C:/Xilinx/Vivado/2017.2/data/boards/board_files/genesys2/H/board.xml as part xc7k325tffg900-2 specified in board_part file is either invalid or not available
WARNING: [Board 49-26] cannot add Board Part digilentinc.com:genesys2:part0:1.1 available at C:/Xilinx/Vivado/2017.2/data/boards/board_files/genesys2/H/board.xml as part xc7k325tffg900-2 specified in board_part file is either invalid or not available
WARNING: [Board 49-26] cannot add Board Part digilentinc.com:genesys2:part0:1.1 available at C:/Xilinx/Vivado/2017.2/data/boards/board_files/genesys2/H/board.xml as part xc7k325tffg900-2 specified in board_part file is either invalid or not available
WARNING: [Board 49-26] cannot add Board Part digilentinc.com:genesys2:part0:1.1 available at C:/Xilinx/Vivado/2017.2/data/boards/board_files/genesys2/H/board.xml as part xc7k325tffg900-2 specified in board_part file is either invalid or not available
WARNING: [Board 49-26] cannot add Board Part digilentinc.com:genesys2:part0:1.1 available at C:/Xilinx/Vivado/2017.2/data/boards/board_files/genesys2/H/board.xml as part xc7k325tffg900-2 specified in board_part file is either invalid or not available
WARNING: [Board 49-26] cannot add Board Part digilentinc.com:genesys2:part0:1.1 available at C:/Xilinx/Vivado/2017.2/data/boards/board_files/genesys2/H/board.xml as part xc7k325tffg900-2 specified in board_part file is either invalid or not available
WARNING: [Board 49-26] cannot add Board Part digilentinc.com:genesys2:part0:1.1 available at C:/Xilinx/Vivado/2017.2/data/boards/board_files/genesys2/H/board.xml as part xc7k325tffg900-2 specified in board_part file is either invalid or not available
WARNING: [Board 49-26] cannot add Board Part digilentinc.com:genesys2:part0:1.1 available at C:/Xilinx/Vivado/2017.2/data/boards/board_files/genesys2/H/board.xml as part xc7k325tffg900-2 specified in board_part file is either invalid or not available
WARNING: [Board 49-26] cannot add Board Part digilentinc.com:genesys2:part0:1.1 available at C:/Xilinx/Vivado/2017.2/data/boards/board_files/genesys2/H/board.xml as part xc7k325tffg900-2 specified in board_part file is either invalid or not available
WARNING: [Board 49-26] cannot add Board Part digilentinc.com:genesys2:part0:1.1 available at C:/Xilinx/Vivado/2017.2/data/boards/board_files/genesys2/H/board.xml as part xc7k325tffg900-2 specified in board_part file is either invalid or not available
WARNING: [Board 49-26] cannot add Board Part digilentinc.com:genesys2:part0:1.1 available at C:/Xilinx/Vivado/2017.2/data/boards/board_files/genesys2/H/board.xml as part xc7k325tffg900-2 specified in board_part file is either invalid or not available
WARNING: [Board 49-26] cannot add Board Part digilentinc.com:genesys2:part0:1.1 available at C:/Xilinx/Vivado/2017.2/data/boards/board_files/genesys2/H/board.xml as part xc7k325tffg900-2 specified in board_part file is either invalid or not available
CRITICAL WARNING: [IP_Flow 19-4965] IP PmodWIFI_pmod_bridge_0_0 was packaged with board value 'digilentinc.com:nexys_video:part0:1.1'. Current project's board value is 'digilentinc.com:nexys4:part0:1.1'. Please update the project settings to match the packaged IP.
INFO: [IP_Flow 19-3422] Upgraded PmodWIFI_pmod_bridge_0_0 (Pmod Bridge 1.0) from revision 7 to revision 7
CRITICAL WARNING: [IP_Flow 19-4965] IP PmodWIFI_axi_quad_spi_0_0 was packaged with board value 'digilentinc.com:arty:part0:1.1'. Current project's board value is 'digilentinc.com:nexys4:part0:1.1'. Please update the project settings to match the packaged IP.
INFO: [IP_Flow 19-3420] Updated PmodWIFI_axi_quad_spi_0_0 to use current project options
CRITICAL WARNING: [IP_Flow 19-4965] IP PmodWIFI_axi_gpio_0_0 was packaged with board value 'digilentinc.com:nexys_video:part0:1.1'. Current project's board value is 'digilentinc.com:nexys4:part0:1.1'. Please update the project settings to match the packaged IP.
INFO: [IP_Flow 19-3420] Updated PmodWIFI_axi_gpio_0_0 to use current project options
CRITICAL WARNING: [IP_Flow 19-4965] IP PmodWIFI_axi_gpio_1_0 was packaged with board value 'digilentinc.com:nexys_video:part0:1.1'. Current project's board value is 'digilentinc.com:nexys4:part0:1.1'. Please update the project settings to match the packaged IP.
INFO: [IP_Flow 19-3420] Updated PmodWIFI_axi_gpio_1_0 to use current project options
CRITICAL WARNING: [IP_Flow 19-4965] IP PmodWIFI_axi_timer_0_0 was packaged with board value 'digilentinc.com:nexys_video:part0:1.1'. Current project's board value is 'digilentinc.com:nexys4:part0:1.1'. Please update the project settings to match the packaged IP.
WARNING: [IP_Flow 19-3374] An attempt to modify the value of disabled parameter 'enable_timer2' from '1' to '0' has been ignored for IP 'design_1_PmodWIFI_0_0/PmodWIFI_axi_timer_0_0'
INFO: [IP_Flow 19-3420] Updated PmodWIFI_axi_timer_0_0 to use current project options
INFO: [BD 41-1029] Generation completed for the IP Integrator block PmodWIFI_0 .
WARNING: [Board 49-26] cannot add Board Part digilentinc.com:genesys2:part0:1.1 available at C:/Xilinx/Vivado/2017.2/data/boards/board_files/genesys2/H/board.xml as part xc7k325tffg900-2 specified in board_part file is either invalid or not available
WARNING: [Board 49-26] cannot add Board Part digilentinc.com:genesys2:part0:1.1 available at C:/Xilinx/Vivado/2017.2/data/boards/board_files/genesys2/H/board.xml as part xc7k325tffg900-2 specified in board_part file is either invalid or not available
WARNING: [Board 49-26] cannot add Board Part digilentinc.com:genesys2:part0:1.1 available at C:/Xilinx/Vivado/2017.2/data/boards/board_files/genesys2/H/board.xml as part xc7k325tffg900-2 specified in board_part file is either invalid or not available
WARNING: [Board 49-26] cannot add Board Part digilentinc.com:genesys2:part0:1.1 available at C:/Xilinx/Vivado/2017.2/data/boards/board_files/genesys2/H/board.xml as part xc7k325tffg900-2 specified in board_part file is either invalid or not available
WARNING: [Board 49-26] cannot add Board Part digilentinc.com:genesys2:part0:1.1 available at C:/Xilinx/Vivado/2017.2/data/boards/board_files/genesys2/H/board.xml as part xc7k325tffg900-2 specified in board_part file is either invalid or not available
WARNING: [Board 49-26] cannot add Board Part digilentinc.com:genesys2:part0:1.1 available at C:/Xilinx/Vivado/2017.2/data/boards/board_files/genesys2/H/board.xml as part xc7k325tffg900-2 specified in board_part file is either invalid or not available
INFO: [BD 41-1029] Generation completed for the IP Integrator block axi_gpio_led .
WARNING: [Board 49-26] cannot add Board Part digilentinc.com:genesys2:part0:1.1 available at C:/Xilinx/Vivado/2017.2/data/boards/board_files/genesys2/H/board.xml as part xc7k325tffg900-2 specified in board_part file is either invalid or not available
WARNING: [Board 49-26] cannot add Board Part digilentinc.com:genesys2:part0:1.1 available at C:/Xilinx/Vivado/2017.2/data/boards/board_files/genesys2/H/board.xml as part xc7k325tffg900-2 specified in board_part file is either invalid or not available
WARNING: [Board 49-26] cannot add Board Part digilentinc.com:genesys2:part0:1.1 available at C:/Xilinx/Vivado/2017.2/data/boards/board_files/genesys2/H/board.xml as part xc7k325tffg900-2 specified in board_part file is either invalid or not available
WARNING: [Board 49-26] cannot add Board Part digilentinc.com:genesys2:part0:1.1 available at C:/Xilinx/Vivado/2017.2/data/boards/board_files/genesys2/H/board.xml as part xc7k325tffg900-2 specified in board_part file is either invalid or not available
WARNING: [Board 49-26] cannot add Board Part digilentinc.com:genesys2:part0:1.1 available at C:/Xilinx/Vivado/2017.2/data/boards/board_files/genesys2/H/board.xml as part xc7k325tffg900-2 specified in board_part file is either invalid or not available
INFO: [BD 41-1029] Generation completed for the IP Integrator block axi_gpio_sw .
INFO: [BD 41-1029] Generation completed for the IP Integrator block microblaze_0_axi_periph/xbar .
INFO: [BD 41-1029] Generation completed for the IP Integrator block axi_mem_intercon/xbar .
Exporting to file C:/Xilinx/Vivado/MyProjects/PMOD_WIFI_OLD/PMOD_WIFI.srcs/sources_1/bd/design_1/hw_handoff/design_1.hwh
Generated Block Design Tcl file C:/Xilinx/Vivado/MyProjects/PMOD_WIFI_OLD/PMOD_WIFI.srcs/sources_1/bd/design_1/hw_handoff/design_1_bd.tcl
Generated Hardware Definition File C:/Xilinx/Vivado/MyProjects/PMOD_WIFI_OLD/PMOD_WIFI.srcs/sources_1/bd/design_1/hdl/design_1.hwdef
generate_target: Time (s): cpu = 00:00:16 ; elapsed = 00:00:23 . Memory (MB): peak = 1227.648 ; gain = 70.113
catch { config_ip_cache -export [get_ips -all design_1_axi_emc_0_0] }
INFO: [IP_Flow 19-4993] Using cached IP synthesis design for IP design_1_axi_emc_0_0, cache-ID = c2770d5b7e5dea76; cache size = 38.781 MB.
catch { config_ip_cache -export [get_ips -all design_1_clk_wiz_0_0] }
INFO: [IP_Flow 19-4993] Using cached IP synthesis design for IP design_1_clk_wiz_0_0, cache-ID = 9c938d9785f1d1fa; cache size = 38.781 MB.
catch { config_ip_cache -export [get_ips -all design_1_axi_uartlite_0_0] }
INFO: [IP_Flow 19-4993] Using cached IP synthesis design for IP design_1_axi_uartlite_0_0, cache-ID = f13c103aaf152d57; cache size = 38.781 MB.
catch { config_ip_cache -export [get_ips -all design_1_microblaze_0_0] }
INFO: [IP_Flow 19-4993] Using cached IP synthesis design for IP design_1_microblaze_0_0, cache-ID = 78b62b0ea2a8f5d2; cache size = 38.781 MB.
catch { config_ip_cache -export [get_ips -all design_1_dlmb_v10_0] }
INFO: [IP_Flow 19-4993] Using cached IP synthesis design for IP design_1_dlmb_v10_0, cache-ID = 445b9ad46e9d7af0; cache size = 38.781 MB.
catch { [ delete_ip_run [get_ips -all design_1_dlmb_v10_0] ] }
catch { config_ip_cache -export [get_ips -all design_1_ilmb_v10_0] }
INFO: [IP_Flow 19-4993] Using cached IP synthesis design for IP design_1_ilmb_v10_0, cache-ID = fc71246edff78df9; cache size = 38.781 MB.
catch { [ delete_ip_run [get_ips -all design_1_ilmb_v10_0] ] }
catch { config_ip_cache -export [get_ips -all design_1_dlmb_bram_if_cntlr_0] }
INFO: [IP_Flow 19-4993] Using cached IP synthesis design for IP design_1_dlmb_bram_if_cntlr_0, cache-ID = 33f80ed54bd9cd97; cache size = 38.781 MB.
catch { config_ip_cache -export [get_ips -all design_1_ilmb_bram_if_cntlr_0] }
INFO: [IP_Flow 19-4993] Using cached IP synthesis design for IP design_1_ilmb_bram_if_cntlr_0, cache-ID = d8d1a48ab89ff5fc; cache size = 38.781 MB.
catch { config_ip_cache -export [get_ips -all design_1_lmb_bram_0] }
INFO: [IP_Flow 19-4993] Using cached IP synthesis design for IP design_1_lmb_bram_0, cache-ID = 2538145aa5fc4285; cache size = 38.781 MB.
catch { [ delete_ip_run [get_ips -all design_1_lmb_bram_0] ] }
catch { config_ip_cache -export [get_ips -all design_1_microblaze_0_axi_intc_0] }
INFO: [IP_Flow 19-4993] Using cached IP synthesis design for IP design_1_microblaze_0_axi_intc_0, cache-ID = 725709e63e2b0080; cache size = 38.781 MB.
catch { config_ip_cache -export [get_ips -all design_1_microblaze_0_xlconcat_0] }
INFO: [IP_Flow 19-4993] Using cached IP synthesis design for IP design_1_microblaze_0_xlconcat_0, cache-ID = e3a481b850c4ba91; cache size = 38.782 MB.
catch { [ delete_ip_run [get_ips -all design_1_microblaze_0_xlconcat_0] ] }
catch { config_ip_cache -export [get_ips -all design_1_mdm_1_0] }
INFO: [IP_Flow 19-4993] Using cached IP synthesis design for IP design_1_mdm_1_0, cache-ID = 19d14a04de4f50af; cache size = 38.782 MB.
catch { config_ip_cache -export [get_ips -all design_1_rst_clk_wiz_0_100M_0] }
INFO: [IP_Flow 19-4993] Using cached IP synthesis design for IP design_1_rst_clk_wiz_0_100M_0, cache-ID = 2d303f2707e1c249; cache size = 38.782 MB.
catch { [ delete_ip_run [get_ips -all design_1_rst_clk_wiz_0_100M_0] ] }
catch { config_ip_cache -export [get_ips -all design_1_PmodWIFI_0_0] }
INFO: [IP_Flow 19-4993] Using cached IP synthesis design for IP design_1_PmodWIFI_0_0, cache-ID = fa3d066b64129e8e; cache size = 38.782 MB.
catch { config_ip_cache -export [get_ips -all design_1_axi_gpio_0_0] }
INFO: [IP_Flow 19-4993] Using cached IP synthesis design for IP design_1_axi_gpio_0_0, cache-ID = 7e1629719d0409c0; cache size = 38.782 MB.
catch { config_ip_cache -export [get_ips -all design_1_axi_gpio_1_0] }
INFO: [IP_Flow 19-4993] Using cached IP synthesis design for IP design_1_axi_gpio_1_0, cache-ID = fc857107e60560a7; cache size = 38.782 MB.
catch { config_ip_cache -export [get_ips -all design_1_xbar_1] }
INFO: [IP_Flow 19-4993] Using cached IP synthesis design for IP design_1_xbar_1, cache-ID = 2e7f21b7ce943e2c; cache size = 38.782 MB.
catch { config_ip_cache -export [get_ips -all design_1_xbar_0] }
INFO: [IP_Flow 19-4993] Using cached IP synthesis design for IP design_1_xbar_0, cache-ID = 12bf3e837f41f90b; cache size = 38.782 MB.
export_ip_user_files -of_objects [get_files C:/Xilinx/Vivado/MyProjects/PMOD_WIFI_OLD/PMOD_WIFI.srcs/sources_1/bd/design_1/design_1.bd] -no_script -sync -force -quiet
create_ip_run [get_files -of_objects [get_fileset sources_1] C:/Xilinx/Vivado/MyProjects/PMOD_WIFI_OLD/PMOD_WIFI.srcs/sources_1/bd/design_1/design_1.bd]
export_simulation -of_objects [get_files C:/Xilinx/Vivado/MyProjects/PMOD_WIFI_OLD/PMOD_WIFI.srcs/sources_1/bd/design_1/design_1.bd] -directory C:/College/Thesis/VivadoProjects/PMOD_WIFI/PMOD_WIFI.ip_user_files/sim_scripts -ip_user_files_dir C:/College/Thesis/VivadoProjects/PMOD_WIFI/PMOD_WIFI.ip_user_files -ipstatic_source_dir C:/Xilinx/Vivado/MyProjects/PMOD_WIFI_OLD/PMOD_WIFI.ip_user_files/ipstatic -lib_map_path [list {modelsim=C:/Xilinx/Vivado/MyProjects/PMOD_WIFI_OLD/PMOD_WIFI.cache/compile_simlib/modelsim} {questa=C:/Xilinx/Vivado/MyProjects/PMOD_WIFI_OLD/PMOD_WIFI.cache/compile_simlib/questa} {riviera=C:/Xilinx/Vivado/MyProjects/PMOD_WIFI_OLD/PMOD_WIFI.cache/compile_simlib/riviera} {activehdl=C:/Xilinx/Vivado/MyProjects/PMOD_WIFI_OLD/PMOD_WIFI.cache/compile_simlib/activehdl}] -use_ip_compiled_libs -force -quiet
report_ip_status -name ip_status 
delete_bd_objs [get_bd_intf_nets microblaze_0_axi_periph_M06_AXI] [get_bd_intf_nets axi_gpio_0_GPIO] [get_bd_intf_nets axi_gpio_0_GPIO2] [get_bd_cells axi_gpio_led]
delete_bd_objs [get_bd_intf_ports led_16bits]
delete_bd_objs [get_bd_intf_ports rgb_led]
save_bd_design
Wrote  : <C:/Xilinx/Vivado/MyProjects/PMOD_WIFI_OLD/PMOD_WIFI.srcs/sources_1/bd/design_1/design_1.bd> 
Wrote  : <C:/Xilinx/Vivado/MyProjects/PMOD_WIFI_OLD/PMOD_WIFI.srcs/sources_1/bd/design_1/ui/bd_1f5defd0.ui> 
set_property  ip_repo_paths  {c:/College/Thesis/vivado-library-master C:/Xilinx/Vivado/MyProjects/myIps} [current_project]
update_ip_catalog
INFO: [IP_Flow 19-234] Refreshing IP repositories
INFO: [IP_Flow 19-1700] Loaded user IP repository 'c:/College/Thesis/vivado-library-master'.
INFO: [IP_Flow 19-1700] Loaded user IP repository 'c:/Xilinx/Vivado/MyProjects/myIps'.
startgroup
create_bd_cell -type ip -vlnv xilinx.com:user:led_ip:1.0 led_ip_0
endgroup
apply_bd_automation -rule xilinx.com:bd_rule:axi4 -config {Master "/microblaze_0 (Periph)" intc_ip "/microblaze_0_axi_periph" Clk_xbar "Auto" Clk_master "Auto" Clk_slave "Auto" }  [get_bd_intf_pins led_ip_0/S_AXI]
</led_ip_0/S_AXI/S_AXI_reg> is being mapped into </microblaze_0/Data> at <0x44A40000 [ 64K ]>
startgroup
make_bd_pins_external  [get_bd_pins led_ip_0/LED]
endgroup
save_bd_design
Wrote  : <C:/Xilinx/Vivado/MyProjects/PMOD_WIFI_OLD/PMOD_WIFI.srcs/sources_1/bd/design_1/design_1.bd> 
Wrote  : <C:/Xilinx/Vivado/MyProjects/PMOD_WIFI_OLD/PMOD_WIFI.srcs/sources_1/bd/design_1/ui/bd_1f5defd0.ui> 
regenerate_bd_layout
startgroup
create_bd_cell -type ip -vlnv xilinx.com:ip:axi_bram_ctrl:4.0 axi_bram_ctrl_0
INFO: [Device 21-403] Loading part xc7a100tcsg324-1
INFO: [xilinx.com:ip:axi_bram_ctrl:4.0-2] design_1_axi_bram_ctrl_0_0: In IP Integrator, please note that memory depth value gets calculated based on the Data Width of the IP and Address range selected in the Address Editor.Incase a validation error occured on the range of this parameter, please check if the selected Data width and the Address Range are valid. For valid Data width and memory depth values, please refer to the AXI BRAM Controller Product Guide.
INFO: [xilinx.com:ip:axi_bram_ctrl:4.0-1] design_1_axi_bram_ctrl_0_0: In IP Integrator, The Maximum address range supported is 2G. Selecting the address range more than 2G in the address editor may resets the value of Memory depth to default value (1024). please refer to the AXI BRAM Controller Product Guide.
endgroup
apply_bd_automation -rule xilinx.com:bd_rule:axi4 -config {Master "/microblaze_0 (Cached)" intc_ip "Auto" Clk_xbar "Auto" Clk_master "Auto" Clk_slave "Auto" }  [get_bd_intf_pins axi_bram_ctrl_0/S_AXI]
</axi_bram_ctrl_0/S_AXI/Mem0> is being mapped into </microblaze_0/Data> at <0xC0000000 [ 8K ]>
</axi_bram_ctrl_0/S_AXI/Mem0> is being mapped into </microblaze_0/Instruction> at <0xC0000000 [ 8K ]>
startgroup
set_property -dict [list CONFIG.SINGLE_PORT_BRAM {1}] [get_bd_cells axi_bram_ctrl_0]
endgroup
startgroup
endgroup
apply_bd_automation -rule xilinx.com:bd_rule:bram_cntlr -config {BRAM "Auto" }  [get_bd_intf_pins axi_bram_ctrl_0/BRAM_PORTA]
save_bd_design
Wrote  : <C:/Xilinx/Vivado/MyProjects/PMOD_WIFI_OLD/PMOD_WIFI.srcs/sources_1/bd/design_1/design_1.bd> 
Wrote  : <C:/Xilinx/Vivado/MyProjects/PMOD_WIFI_OLD/PMOD_WIFI.srcs/sources_1/bd/design_1/ui/bd_1f5defd0.ui> 
regenerate_bd_layout
save_bd_design
Wrote  : <C:/Xilinx/Vivado/MyProjects/PMOD_WIFI_OLD/PMOD_WIFI.srcs/sources_1/bd/design_1/ui/bd_1f5defd0.ui> 
validate_bd_design
WARNING: [xilinx.com:ip:microblaze:10.0-14] /microblaze_0: The D-cache cacheable segment 0x60000000 - 0x61FFFFFF does not include the M_AXI_DC segment 0xC0000000-0xC0001FFF, which prevents this M_AXI_DC segment from being accessed by the cache. To resolve this issue assign parameters C_DCACHE_BASEADDR and C_DCACHE_HIGHADDR manually, or modify the address map.
INFO: [xilinx.com:ip:microblaze:10.0-16] /microblaze_0: Setting D-cache cacheable area base address C_DCACHE_BASEADDR to 0x60000000 and high address C_DCACHE_HIGHADDR to 0x61FFFFFF.
WARNING: [xilinx.com:ip:microblaze:10.0-14] /microblaze_0: The I-cache cacheable segment 0x60000000 - 0x61FFFFFF does not include the M_AXI_IC segment 0xC0000000-0xC0001FFF, which prevents this M_AXI_IC segment from being accessed by the cache. To resolve this issue assign parameters C_ICACHE_BASEADDR and C_ICACHE_HIGHADDR manually, or modify the address map.
INFO: [xilinx.com:ip:microblaze:10.0-16] /microblaze_0: Setting I-cache cacheable area base address C_ICACHE_BASEADDR to 0x60000000 and high address C_ICACHE_HIGHADDR to 0x61FFFFFF.
INFO: [xilinx.com:ip:axi_intc:4.1-1] /microblaze_0_axi_intc: The AXI INTC core has been configured to operate with synchronous clocks.
validate_bd_design: Time (s): cpu = 00:00:12 ; elapsed = 00:00:12 . Memory (MB): peak = 1339.523 ; gain = 0.000
report_ip_status -name ip_status 
validate_bd_design -force
WARNING: [xilinx.com:ip:microblaze:10.0-14] /microblaze_0: The D-cache cacheable segment 0x60000000 - 0x61FFFFFF does not include the M_AXI_DC segment 0xC0000000-0xC0001FFF, which prevents this M_AXI_DC segment from being accessed by the cache. To resolve this issue assign parameters C_DCACHE_BASEADDR and C_DCACHE_HIGHADDR manually, or modify the address map.
INFO: [xilinx.com:ip:microblaze:10.0-16] /microblaze_0: Setting D-cache cacheable area base address C_DCACHE_BASEADDR to 0x60000000 and high address C_DCACHE_HIGHADDR to 0x61FFFFFF.
WARNING: [xilinx.com:ip:microblaze:10.0-14] /microblaze_0: The I-cache cacheable segment 0x60000000 - 0x61FFFFFF does not include the M_AXI_IC segment 0xC0000000-0xC0001FFF, which prevents this M_AXI_IC segment from being accessed by the cache. To resolve this issue assign parameters C_ICACHE_BASEADDR and C_ICACHE_HIGHADDR manually, or modify the address map.
INFO: [xilinx.com:ip:microblaze:10.0-16] /microblaze_0: Setting I-cache cacheable area base address C_ICACHE_BASEADDR to 0x60000000 and high address C_ICACHE_HIGHADDR to 0x61FFFFFF.
INFO: [xilinx.com:ip:axi_intc:4.1-1] /microblaze_0_axi_intc: The AXI INTC core has been configured to operate with synchronous clocks.
validate_bd_design: Time (s): cpu = 00:00:10 ; elapsed = 00:00:10 . Memory (MB): peak = 1339.523 ; gain = 0.000
save_bd_design
Wrote  : <C:/Xilinx/Vivado/MyProjects/PMOD_WIFI_OLD/PMOD_WIFI.srcs/sources_1/bd/design_1/design_1.bd> 
Wrote  : <C:/Xilinx/Vivado/MyProjects/PMOD_WIFI_OLD/PMOD_WIFI.srcs/sources_1/bd/design_1/ui/bd_1f5defd0.ui> 
add_files -fileset constrs_1 -norecurse C:/Users/ATAL/Desktop/Parikh/LED/nexys4.xdc
import_files -fileset constrs_1 C:/Users/ATAL/Desktop/Parikh/LED/nexys4.xdc
generate_target all [get_files  C:/Xilinx/Vivado/MyProjects/PMOD_WIFI_OLD/PMOD_WIFI.srcs/sources_1/bd/design_1/design_1.bd]
INFO: [BD 41-1662] The design 'design_1.bd' is already validated. Therefore parameter propagation will not be re-run.
WARNING: [BD 41-235] Width mismatch when connecting pin: '/axi_bram_ctrl_0_bram/addra'(32) to net 'axi_bram_ctrl_0_BRAM_PORTA_ADDR'(13) - Only lower order bits will be connected.
Verilog Output written to : C:/Xilinx/Vivado/MyProjects/PMOD_WIFI_OLD/PMOD_WIFI.srcs/sources_1/bd/design_1/hdl/design_1.v
Verilog Output written to : C:/Xilinx/Vivado/MyProjects/PMOD_WIFI_OLD/PMOD_WIFI.srcs/sources_1/bd/design_1/hdl/design_1_wrapper.v
INFO: [BD 41-1029] Generation completed for the IP Integrator block axi_emc_0 .
INFO: [BD 41-1029] Generation completed for the IP Integrator block clk_wiz_0 .
INFO: [BD 41-1029] Generation completed for the IP Integrator block axi_uartlite_0 .
INFO: [BD 41-1029] Generation completed for the IP Integrator block microblaze_0 .
INFO: [BD 41-1029] Generation completed for the IP Integrator block microblaze_0_local_memory/dlmb_v10 .
INFO: [BD 41-1029] Generation completed for the IP Integrator block microblaze_0_local_memory/ilmb_v10 .
INFO: [BD 41-1029] Generation completed for the IP Integrator block microblaze_0_local_memory/dlmb_bram_if_cntlr .
INFO: [BD 41-1029] Generation completed for the IP Integrator block microblaze_0_local_memory/ilmb_bram_if_cntlr .
INFO: [BD 41-1029] Generation completed for the IP Integrator block microblaze_0_local_memory/lmb_bram .
INFO: [BD 41-1029] Generation completed for the IP Integrator block microblaze_0_axi_intc .
INFO: [BD 41-1029] Generation completed for the IP Integrator block microblaze_0_xlconcat .
INFO: [BD 41-1029] Generation completed for the IP Integrator block mdm_1 .
INFO: [BD 41-1029] Generation completed for the IP Integrator block rst_clk_wiz_0_100M .
INFO: [BD 41-1029] Generation completed for the IP Integrator block PmodWIFI_0 .
INFO: [BD 41-1029] Generation completed for the IP Integrator block axi_gpio_sw .
INFO: [BD 41-1029] Generation completed for the IP Integrator block microblaze_0_axi_periph/xbar .
INFO: [BD 41-1029] Generation completed for the IP Integrator block axi_mem_intercon/xbar .
INFO: [BD 41-1029] Generation completed for the IP Integrator block led_ip_0 .
INFO: [BD 41-1029] Generation completed for the IP Integrator block axi_bram_ctrl_0 .
INFO: [BD 41-1029] Generation completed for the IP Integrator block axi_bram_ctrl_0_bram .
Exporting to file C:/Xilinx/Vivado/MyProjects/PMOD_WIFI_OLD/PMOD_WIFI.srcs/sources_1/bd/design_1/hw_handoff/design_1.hwh
Generated Block Design Tcl file C:/Xilinx/Vivado/MyProjects/PMOD_WIFI_OLD/PMOD_WIFI.srcs/sources_1/bd/design_1/hw_handoff/design_1_bd.tcl
Generated Hardware Definition File C:/Xilinx/Vivado/MyProjects/PMOD_WIFI_OLD/PMOD_WIFI.srcs/sources_1/bd/design_1/hdl/design_1.hwdef
generate_target: Time (s): cpu = 00:00:06 ; elapsed = 00:00:06 . Memory (MB): peak = 1395.676 ; gain = 42.340
catch { config_ip_cache -export [get_ips -all design_1_ilmb_bram_if_cntlr_0] }
INFO: [IP_Flow 19-4993] Using cached IP synthesis design for IP design_1_ilmb_bram_if_cntlr_0, cache-ID = 33f80ed54bd9cd97; cache size = 38.782 MB.
catch { config_ip_cache -export [get_ips -all design_1_xbar_1] }
catch { config_ip_cache -export [get_ips -all design_1_xbar_0] }
catch { config_ip_cache -export [get_ips -all design_1_led_ip_0_0] }
catch { config_ip_cache -export [get_ips -all design_1_axi_bram_ctrl_0_0] }
catch { config_ip_cache -export [get_ips -all design_1_axi_bram_ctrl_0_bram_0] }
export_ip_user_files -of_objects [get_files C:/Xilinx/Vivado/MyProjects/PMOD_WIFI_OLD/PMOD_WIFI.srcs/sources_1/bd/design_1/design_1.bd] -no_script -sync -force -quiet
create_ip_run [get_files -of_objects [get_fileset sources_1] C:/Xilinx/Vivado/MyProjects/PMOD_WIFI_OLD/PMOD_WIFI.srcs/sources_1/bd/design_1/design_1.bd]
launch_runs -jobs 2 {design_1_xbar_1_synth_1 design_1_xbar_0_synth_1 design_1_led_ip_0_0_synth_1 design_1_axi_bram_ctrl_0_0_synth_1 design_1_axi_bram_ctrl_0_bram_0_synth_1}
[Tue Sep 25 22:27:30 2018] Launched design_1_xbar_1_synth_1, design_1_xbar_0_synth_1, design_1_led_ip_0_0_synth_1, design_1_axi_bram_ctrl_0_0_synth_1, design_1_axi_bram_ctrl_0_bram_0_synth_1...
Run output will be captured here:
design_1_xbar_1_synth_1: C:/Xilinx/Vivado/MyProjects/PMOD_WIFI_OLD/PMOD_WIFI.runs/design_1_xbar_1_synth_1/runme.log
design_1_xbar_0_synth_1: C:/Xilinx/Vivado/MyProjects/PMOD_WIFI_OLD/PMOD_WIFI.runs/design_1_xbar_0_synth_1/runme.log
design_1_led_ip_0_0_synth_1: C:/Xilinx/Vivado/MyProjects/PMOD_WIFI_OLD/PMOD_WIFI.runs/design_1_led_ip_0_0_synth_1/runme.log
design_1_axi_bram_ctrl_0_0_synth_1: C:/Xilinx/Vivado/MyProjects/PMOD_WIFI_OLD/PMOD_WIFI.runs/design_1_axi_bram_ctrl_0_0_synth_1/runme.log
design_1_axi_bram_ctrl_0_bram_0_synth_1: C:/Xilinx/Vivado/MyProjects/PMOD_WIFI_OLD/PMOD_WIFI.runs/design_1_axi_bram_ctrl_0_bram_0_synth_1/runme.log
export_simulation -of_objects [get_files C:/Xilinx/Vivado/MyProjects/PMOD_WIFI_OLD/PMOD_WIFI.srcs/sources_1/bd/design_1/design_1.bd] -directory C:/College/Thesis/VivadoProjects/PMOD_WIFI/PMOD_WIFI.ip_user_files/sim_scripts -ip_user_files_dir C:/College/Thesis/VivadoProjects/PMOD_WIFI/PMOD_WIFI.ip_user_files -ipstatic_source_dir C:/Xilinx/Vivado/MyProjects/PMOD_WIFI_OLD/PMOD_WIFI.ip_user_files/ipstatic -lib_map_path [list {modelsim=C:/Xilinx/Vivado/MyProjects/PMOD_WIFI_OLD/PMOD_WIFI.cache/compile_simlib/modelsim} {questa=C:/Xilinx/Vivado/MyProjects/PMOD_WIFI_OLD/PMOD_WIFI.cache/compile_simlib/questa} {riviera=C:/Xilinx/Vivado/MyProjects/PMOD_WIFI_OLD/PMOD_WIFI.cache/compile_simlib/riviera} {activehdl=C:/Xilinx/Vivado/MyProjects/PMOD_WIFI_OLD/PMOD_WIFI.cache/compile_simlib/activehdl}] -use_ip_compiled_libs -force -quiet
reset_run synth_1
launch_runs impl_1 -to_step write_bitstream -jobs 2
[Tue Sep 25 22:31:42 2018] Launched synth_1...
Run output will be captured here: C:/Xilinx/Vivado/MyProjects/PMOD_WIFI_OLD/PMOD_WIFI.runs/synth_1/runme.log
[Tue Sep 25 22:31:42 2018] Launched impl_1...
Run output will be captured here: C:/Xilinx/Vivado/MyProjects/PMOD_WIFI_OLD/PMOD_WIFI.runs/impl_1/runme.log
open_run impl_1
INFO: [Netlist 29-17] Analyzing 337 Unisim elements for replacement
INFO: [Netlist 29-28] Unisim Transformation completed in 0 CPU seconds
INFO: [Project 1-479] Netlist was created with Vivado 2017.2
INFO: [Project 1-570] Preparing netlist for logic optimization
Parsing XDC File [C:/Xilinx/Vivado/MyProjects/PMOD_WIFI_OLD/.Xil/Vivado-10212-DESKTOP-GJPCRJL/dcp79/design_1_wrapper_board.xdc]
Finished Parsing XDC File [C:/Xilinx/Vivado/MyProjects/PMOD_WIFI_OLD/.Xil/Vivado-10212-DESKTOP-GJPCRJL/dcp79/design_1_wrapper_board.xdc]
Parsing XDC File [C:/Xilinx/Vivado/MyProjects/PMOD_WIFI_OLD/.Xil/Vivado-10212-DESKTOP-GJPCRJL/dcp79/design_1_wrapper_early.xdc]
INFO: [Common 17-41] Interrupt caught. Command should exit soon. [C:/Xilinx/Vivado/MyProjects/PMOD_WIFI_OLD/PMOD_WIFI.srcs/sources_1/bd/design_1/ip/design_1_clk_wiz_0_0/design_1_clk_wiz_0_0.xdc:57]
INFO: [Timing 38-2] Deriving generated clocks [C:/Xilinx/Vivado/MyProjects/PMOD_WIFI_OLD/PMOD_WIFI.srcs/sources_1/bd/design_1/ip/design_1_clk_wiz_0_0/design_1_clk_wiz_0_0.xdc:57]
INFO: [Common 17-344] 'get_clocks' was cancelled [C:/Xilinx/Vivado/MyProjects/PMOD_WIFI_OLD/PMOD_WIFI.srcs/sources_1/bd/design_1/ip/design_1_clk_wiz_0_0/design_1_clk_wiz_0_0.xdc:57]
Finished Parsing XDC File [C:/Xilinx/Vivado/MyProjects/PMOD_WIFI_OLD/.Xil/Vivado-10212-DESKTOP-GJPCRJL/dcp79/design_1_wrapper_early.xdc]
Parsing XDC File [C:/Xilinx/Vivado/MyProjects/PMOD_WIFI_OLD/.Xil/Vivado-10212-DESKTOP-GJPCRJL/dcp79/design_1_wrapper.xdc]
Finished Parsing XDC File [C:/Xilinx/Vivado/MyProjects/PMOD_WIFI_OLD/.Xil/Vivado-10212-DESKTOP-GJPCRJL/dcp79/design_1_wrapper.xdc]
Parsing XDC File [C:/Xilinx/Vivado/MyProjects/PMOD_WIFI_OLD/.Xil/Vivado-10212-DESKTOP-GJPCRJL/dcp79/design_1_wrapper_late.xdc]
Finished Parsing XDC File [C:/Xilinx/Vivado/MyProjects/PMOD_WIFI_OLD/.Xil/Vivado-10212-DESKTOP-GJPCRJL/dcp79/design_1_wrapper_late.xdc]
Reading XDEF placement.
Reading placer database...
Reading XDEF routing.
Restored from archive | CPU: 1.000000 secs | Memory: 0.000000 MB |
Finished XDEF File Restore: Time (s): cpu = 00:00:01 ; elapsed = 00:00:00.616 . Memory (MB): peak = 2037.348 ; gain = 8.078
open_run: Time (s): cpu = 00:00:23 ; elapsed = 00:00:22 . Memory (MB): peak = 2041.418 ; gain = 645.195
INFO: [Common 17-344] 'open_run' was cancelled
file copy -force C:/Xilinx/Vivado/MyProjects/PMOD_WIFI_OLD/PMOD_WIFI.runs/impl_1/design_1_wrapper.sysdef C:/Xilinx/Vivado/MyProjects/PMOD_WIFI_OLD/PMOD_WIFI.sdk/design_1_wrapper.hdf

launch_sdk -workspace C:/Xilinx/Vivado/MyProjects/PMOD_WIFI_OLD/PMOD_WIFI.sdk -hwspec C:/Xilinx/Vivado/MyProjects/PMOD_WIFI_OLD/PMOD_WIFI.sdk/design_1_wrapper.hdf
INFO: [Vivado 12-393] Launching SDK...
INFO: [Vivado 12-417] Running xsdk -workspace C:/Xilinx/Vivado/MyProjects/PMOD_WIFI_OLD/PMOD_WIFI.sdk -hwspec C:/Xilinx/Vivado/MyProjects/PMOD_WIFI_OLD/PMOD_WIFI.sdk/design_1_wrapper.hdf
INFO: [Vivado 12-3157] SDK launch initiated. Please check console for any further messages.
file copy -force C:/Xilinx/Vivado/MyProjects/PMOD_WIFI_OLD/PMOD_WIFI.runs/impl_1/design_1_wrapper.sysdef C:/Xilinx/Vivado/MyProjects/PMOD_WIFI_OLD/PMOD_WIFI.sdk/design_1_wrapper.hdf

launch_sdk -workspace C:/Xilinx/Vivado/MyProjects/PMOD_WIFI_OLD/PMOD_WIFI.sdk -hwspec C:/Xilinx/Vivado/MyProjects/PMOD_WIFI_OLD/PMOD_WIFI.sdk/design_1_wrapper.hdf
INFO: [Vivado 12-393] Launching SDK...
INFO: [Vivado 12-417] Running xsdk -workspace C:/Xilinx/Vivado/MyProjects/PMOD_WIFI_OLD/PMOD_WIFI.sdk -hwspec C:/Xilinx/Vivado/MyProjects/PMOD_WIFI_OLD/PMOD_WIFI.sdk/design_1_wrapper.hdf
INFO: [Vivado 12-3157] SDK launch initiated. Please check console for any further messages.
exit
INFO: [Common 17-206] Exiting Vivado at Tue Sep 25 22:48:51 2018...
