
*** Running vivado
    with args -log design_1_microblaze_0_0.vds -m64 -product Vivado -mode batch -messageDb vivado.pb -notrace -source design_1_microblaze_0_0.tcl


****** Vivado v2017.2 (64-bit)
  **** SW Build 1909853 on Thu Jun 15 18:39:09 MDT 2017
  **** IP Build 1909766 on Thu Jun 15 19:58:00 MDT 2017
    ** Copyright 1986-2017 Xilinx, Inc. All Rights Reserved.

source design_1_microblaze_0_0.tcl -notrace
Starting RTL Elaboration : Time (s): cpu = 00:00:09 ; elapsed = 00:00:10 . Memory (MB): peak = 410.094 ; gain = 84.574
INFO: [Synth 8-638] synthesizing module 'design_1_microblaze_0_0' [c:/College/Thesis/VivadoProjects/PMOD_WIFI_OLD/PMOD_WIFI.srcs/sources_1/bd/design_1/ip/design_1_microblaze_0_0/synth/design_1_microblaze_0_0.vhd:190]
INFO: [Synth 8-256] done synthesizing module 'design_1_microblaze_0_0' (63#1) [c:/College/Thesis/VivadoProjects/PMOD_WIFI_OLD/PMOD_WIFI.srcs/sources_1/bd/design_1/ip/design_1_microblaze_0_0/synth/design_1_microblaze_0_0.vhd:190]
Finished RTL Elaboration : Time (s): cpu = 00:00:30 ; elapsed = 00:00:35 . Memory (MB): peak = 768.766 ; gain = 443.246
Finished RTL Optimization Phase 1 : Time (s): cpu = 00:00:32 ; elapsed = 00:00:38 . Memory (MB): peak = 768.766 ; gain = 443.246
INFO: [Device 21-403] Loading part xc7a100tcsg324-1
Constraint Validation Runtime : Time (s): cpu = 00:00:01 ; elapsed = 00:00:00.232 . Memory (MB): peak = 1052.605 ; gain = 0.188
Finished Constraint Validation : Time (s): cpu = 00:01:04 ; elapsed = 00:01:14 . Memory (MB): peak = 1052.605 ; gain = 727.086
Finished Loading Part and Timing Information : Time (s): cpu = 00:01:04 ; elapsed = 00:01:14 . Memory (MB): peak = 1052.605 ; gain = 727.086
Finished applying 'set_property' XDC Constraints : Time (s): cpu = 00:01:04 ; elapsed = 00:01:14 . Memory (MB): peak = 1052.605 ; gain = 727.086
Finished RTL Optimization Phase 2 : Time (s): cpu = 00:01:14 ; elapsed = 00:01:25 . Memory (MB): peak = 1052.605 ; gain = 727.086
Finished Cross Boundary and Area Optimization : Time (s): cpu = 00:01:39 ; elapsed = 00:01:54 . Memory (MB): peak = 1052.605 ; gain = 727.086
Finished Applying XDC Timing Constraints : Time (s): cpu = 00:01:59 ; elapsed = 00:02:15 . Memory (MB): peak = 1052.605 ; gain = 727.086
Finished Timing Optimization : Time (s): cpu = 00:02:03 ; elapsed = 00:02:19 . Memory (MB): peak = 1052.605 ; gain = 727.086
Finished Technology Mapping : Time (s): cpu = 00:02:09 ; elapsed = 00:02:26 . Memory (MB): peak = 1052.605 ; gain = 727.086
Finished IO Insertion : Time (s): cpu = 00:02:11 ; elapsed = 00:02:27 . Memory (MB): peak = 1052.605 ; gain = 727.086
Finished Renaming Generated Instances : Time (s): cpu = 00:02:11 ; elapsed = 00:02:27 . Memory (MB): peak = 1052.605 ; gain = 727.086
Finished Rebuilding User Hierarchy : Time (s): cpu = 00:02:12 ; elapsed = 00:02:29 . Memory (MB): peak = 1052.605 ; gain = 727.086
Finished Renaming Generated Ports : Time (s): cpu = 00:02:12 ; elapsed = 00:02:29 . Memory (MB): peak = 1052.605 ; gain = 727.086
Finished Handling Custom Attributes : Time (s): cpu = 00:02:13 ; elapsed = 00:02:29 . Memory (MB): peak = 1052.605 ; gain = 727.086
Finished Renaming Generated Nets : Time (s): cpu = 00:02:13 ; elapsed = 00:02:29 . Memory (MB): peak = 1052.605 ; gain = 727.086

Report Cell Usage: 
+------+-----------+------+
|      |Cell       |Count |
+------+-----------+------+
|1     |AND2B1L    |     4|
|2     |CARRY4     |     1|
|3     |LUT1       |    32|
|4     |LUT2       |   101|
|5     |LUT3       |   332|
|6     |LUT4       |   197|
|7     |LUT5       |   365|
|8     |LUT6       |   480|
|9     |LUT6_2     |    64|
|10    |MULT_AND   |     1|
|11    |MUXCY_L    |   167|
|12    |MUXF7      |   113|
|13    |RAM32M     |    16|
|14    |RAM32X1D   |    32|
|15    |RAMB36E1   |     2|
|16    |RAMB36E1_1 |    16|
|17    |SRL16E     |   166|
|18    |SRLC16E    |     8|
|19    |XORCY      |    94|
|20    |FDCE       |   143|
|21    |FDE        |    32|
|22    |FDR        |   125|
|23    |FDRE       |  1729|
|24    |FDS        |     1|
|25    |FDSE       |    60|
+------+-----------+------+
Finished Writing Synthesis Report : Time (s): cpu = 00:02:13 ; elapsed = 00:02:29 . Memory (MB): peak = 1052.605 ; gain = 727.086
synth_design: Time (s): cpu = 00:02:20 ; elapsed = 00:02:37 . Memory (MB): peak = 1052.605 ; gain = 731.152
