
*** Running vivado
    with args -log design_1_axi_gpio_1_0.vds -m64 -product Vivado -mode batch -messageDb vivado.pb -notrace -source design_1_axi_gpio_1_0.tcl


****** Vivado v2017.2 (64-bit)
  **** SW Build 1909853 on Thu Jun 15 18:39:09 MDT 2017
  **** IP Build 1909766 on Thu Jun 15 19:58:00 MDT 2017
    ** Copyright 1986-2017 Xilinx, Inc. All Rights Reserved.

source design_1_axi_gpio_1_0.tcl -notrace
Starting RTL Elaboration : Time (s): cpu = 00:00:06 ; elapsed = 00:00:10 . Memory (MB): peak = 413.238 ; gain = 85.211
INFO: [Synth 8-638] synthesizing module 'design_1_axi_gpio_1_0' [c:/College/Thesis/VivadoProjects/PMOD_WIFI_OLD/PMOD_WIFI.srcs/sources_1/bd/design_1/ip/design_1_axi_gpio_1_0/synth/design_1_axi_gpio_1_0.vhd:84]
INFO: [Synth 8-638] synthesizing module 'axi_gpio' [c:/College/Thesis/VivadoProjects/PMOD_WIFI_OLD/PMOD_WIFI.srcs/sources_1/bd/design_1/ipshared/cb07/hdl/axi_gpio_v2_0_vh_rfs.vhd:1257]
INFO: [Synth 8-638] synthesizing module 'axi_lite_ipif' [c:/College/Thesis/VivadoProjects/PMOD_WIFI_OLD/PMOD_WIFI.srcs/sources_1/bd/design_1/ipshared/0ba0/hdl/axi_lite_ipif_v3_0_vh_rfs.vhd:2948]
INFO: [Synth 8-638] synthesizing module 'slave_attachment' [c:/College/Thesis/VivadoProjects/PMOD_WIFI_OLD/PMOD_WIFI.srcs/sources_1/bd/design_1/ipshared/0ba0/hdl/axi_lite_ipif_v3_0_vh_rfs.vhd:2341]
INFO: [Synth 8-638] synthesizing module 'address_decoder' [c:/College/Thesis/VivadoProjects/PMOD_WIFI_OLD/PMOD_WIFI.srcs/sources_1/bd/design_1/ipshared/0ba0/hdl/axi_lite_ipif_v3_0_vh_rfs.vhd:1775]
INFO: [Synth 8-638] synthesizing module 'pselect_f' [c:/College/Thesis/VivadoProjects/PMOD_WIFI_OLD/PMOD_WIFI.srcs/sources_1/bd/design_1/ipshared/0ba0/hdl/axi_lite_ipif_v3_0_vh_rfs.vhd:1534]
INFO: [Synth 8-256] done synthesizing module 'pselect_f' (1#1) [c:/College/Thesis/VivadoProjects/PMOD_WIFI_OLD/PMOD_WIFI.srcs/sources_1/bd/design_1/ipshared/0ba0/hdl/axi_lite_ipif_v3_0_vh_rfs.vhd:1534]
INFO: [Synth 8-638] synthesizing module 'pselect_f__parameterized0' [c:/College/Thesis/VivadoProjects/PMOD_WIFI_OLD/PMOD_WIFI.srcs/sources_1/bd/design_1/ipshared/0ba0/hdl/axi_lite_ipif_v3_0_vh_rfs.vhd:1534]
INFO: [Synth 8-256] done synthesizing module 'pselect_f__parameterized0' (1#1) [c:/College/Thesis/VivadoProjects/PMOD_WIFI_OLD/PMOD_WIFI.srcs/sources_1/bd/design_1/ipshared/0ba0/hdl/axi_lite_ipif_v3_0_vh_rfs.vhd:1534]
INFO: [Synth 8-638] synthesizing module 'pselect_f__parameterized1' [c:/College/Thesis/VivadoProjects/PMOD_WIFI_OLD/PMOD_WIFI.srcs/sources_1/bd/design_1/ipshared/0ba0/hdl/axi_lite_ipif_v3_0_vh_rfs.vhd:1534]
INFO: [Synth 8-256] done synthesizing module 'pselect_f__parameterized1' (1#1) [c:/College/Thesis/VivadoProjects/PMOD_WIFI_OLD/PMOD_WIFI.srcs/sources_1/bd/design_1/ipshared/0ba0/hdl/axi_lite_ipif_v3_0_vh_rfs.vhd:1534]
INFO: [Synth 8-638] synthesizing module 'pselect_f__parameterized2' [c:/College/Thesis/VivadoProjects/PMOD_WIFI_OLD/PMOD_WIFI.srcs/sources_1/bd/design_1/ipshared/0ba0/hdl/axi_lite_ipif_v3_0_vh_rfs.vhd:1534]
INFO: [Synth 8-256] done synthesizing module 'pselect_f__parameterized2' (1#1) [c:/College/Thesis/VivadoProjects/PMOD_WIFI_OLD/PMOD_WIFI.srcs/sources_1/bd/design_1/ipshared/0ba0/hdl/axi_lite_ipif_v3_0_vh_rfs.vhd:1534]
INFO: [Synth 8-256] done synthesizing module 'address_decoder' (2#1) [c:/College/Thesis/VivadoProjects/PMOD_WIFI_OLD/PMOD_WIFI.srcs/sources_1/bd/design_1/ipshared/0ba0/hdl/axi_lite_ipif_v3_0_vh_rfs.vhd:1775]
INFO: [Synth 8-256] done synthesizing module 'slave_attachment' (3#1) [c:/College/Thesis/VivadoProjects/PMOD_WIFI_OLD/PMOD_WIFI.srcs/sources_1/bd/design_1/ipshared/0ba0/hdl/axi_lite_ipif_v3_0_vh_rfs.vhd:2341]
INFO: [Synth 8-256] done synthesizing module 'axi_lite_ipif' (4#1) [c:/College/Thesis/VivadoProjects/PMOD_WIFI_OLD/PMOD_WIFI.srcs/sources_1/bd/design_1/ipshared/0ba0/hdl/axi_lite_ipif_v3_0_vh_rfs.vhd:2948]
INFO: [Synth 8-638] synthesizing module 'GPIO_Core' [c:/College/Thesis/VivadoProjects/PMOD_WIFI_OLD/PMOD_WIFI.srcs/sources_1/bd/design_1/ipshared/cb07/hdl/axi_gpio_v2_0_vh_rfs.vhd:177]
INFO: [Synth 8-638] synthesizing module 'cdc_sync' [c:/College/Thesis/VivadoProjects/PMOD_WIFI_OLD/PMOD_WIFI.srcs/sources_1/bd/design_1/ipshared/52cb/hdl/lib_cdc_v1_0_rfs.vhd:106]
INFO: [Synth 8-256] done synthesizing module 'cdc_sync' (5#1) [c:/College/Thesis/VivadoProjects/PMOD_WIFI_OLD/PMOD_WIFI.srcs/sources_1/bd/design_1/ipshared/52cb/hdl/lib_cdc_v1_0_rfs.vhd:106]
INFO: [Synth 8-256] done synthesizing module 'GPIO_Core' (6#1) [c:/College/Thesis/VivadoProjects/PMOD_WIFI_OLD/PMOD_WIFI.srcs/sources_1/bd/design_1/ipshared/cb07/hdl/axi_gpio_v2_0_vh_rfs.vhd:177]
INFO: [Synth 8-256] done synthesizing module 'axi_gpio' (7#1) [c:/College/Thesis/VivadoProjects/PMOD_WIFI_OLD/PMOD_WIFI.srcs/sources_1/bd/design_1/ipshared/cb07/hdl/axi_gpio_v2_0_vh_rfs.vhd:1257]
INFO: [Synth 8-256] done synthesizing module 'design_1_axi_gpio_1_0' (8#1) [c:/College/Thesis/VivadoProjects/PMOD_WIFI_OLD/PMOD_WIFI.srcs/sources_1/bd/design_1/ip/design_1_axi_gpio_1_0/synth/design_1_axi_gpio_1_0.vhd:84]
Finished RTL Elaboration : Time (s): cpu = 00:00:09 ; elapsed = 00:00:14 . Memory (MB): peak = 464.695 ; gain = 136.668
Finished RTL Optimization Phase 1 : Time (s): cpu = 00:00:09 ; elapsed = 00:00:15 . Memory (MB): peak = 464.695 ; gain = 136.668
INFO: [Device 21-403] Loading part xc7a100tcsg324-1
Constraint Validation Runtime : Time (s): cpu = 00:00:00 ; elapsed = 00:00:00.095 . Memory (MB): peak = 798.508 ; gain = 1.867
Finished Constraint Validation : Time (s): cpu = 00:00:30 ; elapsed = 00:00:46 . Memory (MB): peak = 798.508 ; gain = 470.480
Finished Loading Part and Timing Information : Time (s): cpu = 00:00:30 ; elapsed = 00:00:46 . Memory (MB): peak = 798.508 ; gain = 470.480
Finished applying 'set_property' XDC Constraints : Time (s): cpu = 00:00:30 ; elapsed = 00:00:46 . Memory (MB): peak = 798.508 ; gain = 470.480
Finished RTL Optimization Phase 2 : Time (s): cpu = 00:00:31 ; elapsed = 00:00:47 . Memory (MB): peak = 798.508 ; gain = 470.480
Finished Cross Boundary and Area Optimization : Time (s): cpu = 00:00:32 ; elapsed = 00:00:49 . Memory (MB): peak = 798.508 ; gain = 470.480
Finished Applying XDC Timing Constraints : Time (s): cpu = 00:00:53 ; elapsed = 00:01:18 . Memory (MB): peak = 798.508 ; gain = 470.480
Finished Timing Optimization : Time (s): cpu = 00:00:54 ; elapsed = 00:01:18 . Memory (MB): peak = 798.508 ; gain = 470.480
Finished Technology Mapping : Time (s): cpu = 00:00:54 ; elapsed = 00:01:18 . Memory (MB): peak = 803.777 ; gain = 475.750
Finished IO Insertion : Time (s): cpu = 00:00:55 ; elapsed = 00:01:19 . Memory (MB): peak = 803.777 ; gain = 475.750
Finished Renaming Generated Instances : Time (s): cpu = 00:00:55 ; elapsed = 00:01:19 . Memory (MB): peak = 803.777 ; gain = 475.750
Finished Rebuilding User Hierarchy : Time (s): cpu = 00:00:55 ; elapsed = 00:01:20 . Memory (MB): peak = 803.777 ; gain = 475.750
Finished Renaming Generated Ports : Time (s): cpu = 00:00:55 ; elapsed = 00:01:20 . Memory (MB): peak = 803.777 ; gain = 475.750
Finished Handling Custom Attributes : Time (s): cpu = 00:00:55 ; elapsed = 00:01:20 . Memory (MB): peak = 803.777 ; gain = 475.750
Finished Renaming Generated Nets : Time (s): cpu = 00:00:55 ; elapsed = 00:01:20 . Memory (MB): peak = 803.777 ; gain = 475.750

Report Cell Usage: 
+------+-----+------+
|      |Cell |Count |
+------+-----+------+
|1     |LUT1 |     2|
|2     |LUT2 |     5|
|3     |LUT3 |     4|
|4     |LUT4 |    19|
|5     |LUT5 |    11|
|6     |LUT6 |    22|
|7     |FDR  |    64|
|8     |FDRE |   101|
|9     |FDSE |    16|
+------+-----+------+
Finished Writing Synthesis Report : Time (s): cpu = 00:00:55 ; elapsed = 00:01:20 . Memory (MB): peak = 803.777 ; gain = 475.750
synth_design: Time (s): cpu = 00:00:58 ; elapsed = 00:01:24 . Memory (MB): peak = 803.777 ; gain = 482.813
