
*** Running vivado
    with args -log WiFi_microblaze_0_axi_intc_0.vds -m64 -product Vivado -mode batch -messageDb vivado.pb -notrace -source WiFi_microblaze_0_axi_intc_0.tcl


****** Vivado v2016.3 (64-bit)
  **** SW Build 1682563 on Mon Oct 10 19:07:27 MDT 2016
  **** IP Build 1681267 on Mon Oct 10 21:28:31 MDT 2016
    ** Copyright 1986-2016 Xilinx, Inc. All Rights Reserved.

source WiFi_microblaze_0_axi_intc_0.tcl -notrace
Starting RTL Elaboration : Time (s): cpu = 00:00:09 ; elapsed = 00:00:12 . Memory (MB): peak = 338.875 ; gain = 129.453
INFO: [Synth 8-638] synthesizing module 'WiFi_microblaze_0_axi_intc_0' [c:/College/Thesis/VivadoProjects/WiFi/WiFi/WiFi.srcs/sources_1/bd/WiFi/ip/WiFi_microblaze_0_axi_intc_0/synth/WiFi_microblaze_0_axi_intc_0.vhd:89]
INFO: [Synth 8-638] synthesizing module 'axi_intc' [c:/College/Thesis/VivadoProjects/WiFi/WiFi/WiFi.srcs/sources_1/bd/WiFi/ipshared/3dfb/hdl/axi_intc_v4_1_vh_rfs.vhd:3769]
INFO: [Synth 8-638] synthesizing module 'intc_core' [c:/College/Thesis/VivadoProjects/WiFi/WiFi/WiFi.srcs/sources_1/bd/WiFi/ipshared/3dfb/hdl/axi_intc_v4_1_vh_rfs.vhd:782]
INFO: [Synth 8-638] synthesizing module 'shared_ram_ivar' [c:/College/Thesis/VivadoProjects/WiFi/WiFi/WiFi.srcs/sources_1/bd/WiFi/ipshared/3dfb/hdl/axi_intc_v4_1_vh_rfs.vhd:321]
INFO: [Synth 8-256] done synthesizing module 'shared_ram_ivar' (1#1) [c:/College/Thesis/VivadoProjects/WiFi/WiFi/WiFi.srcs/sources_1/bd/WiFi/ipshared/3dfb/hdl/axi_intc_v4_1_vh_rfs.vhd:321]
INFO: [Synth 8-256] done synthesizing module 'intc_core' (2#1) [c:/College/Thesis/VivadoProjects/WiFi/WiFi/WiFi.srcs/sources_1/bd/WiFi/ipshared/3dfb/hdl/axi_intc_v4_1_vh_rfs.vhd:782]
INFO: [Synth 8-638] synthesizing module 'axi_lite_ipif' [c:/College/Thesis/VivadoProjects/WiFi/WiFi/WiFi.srcs/sources_1/bd/WiFi/ipshared/0ba0/hdl/axi_lite_ipif_v3_0_vh_rfs.vhd:2948]
INFO: [Synth 8-638] synthesizing module 'slave_attachment' [c:/College/Thesis/VivadoProjects/WiFi/WiFi/WiFi.srcs/sources_1/bd/WiFi/ipshared/0ba0/hdl/axi_lite_ipif_v3_0_vh_rfs.vhd:2341]
INFO: [Synth 8-638] synthesizing module 'address_decoder' [c:/College/Thesis/VivadoProjects/WiFi/WiFi/WiFi.srcs/sources_1/bd/WiFi/ipshared/0ba0/hdl/axi_lite_ipif_v3_0_vh_rfs.vhd:1775]
INFO: [Synth 8-638] synthesizing module 'pselect_f' [c:/College/Thesis/VivadoProjects/WiFi/WiFi/WiFi.srcs/sources_1/bd/WiFi/ipshared/0ba0/hdl/axi_lite_ipif_v3_0_vh_rfs.vhd:1534]
INFO: [Synth 8-256] done synthesizing module 'pselect_f' (3#1) [c:/College/Thesis/VivadoProjects/WiFi/WiFi/WiFi.srcs/sources_1/bd/WiFi/ipshared/0ba0/hdl/axi_lite_ipif_v3_0_vh_rfs.vhd:1534]
INFO: [Synth 8-638] synthesizing module 'pselect_f__parameterized0' [c:/College/Thesis/VivadoProjects/WiFi/WiFi/WiFi.srcs/sources_1/bd/WiFi/ipshared/0ba0/hdl/axi_lite_ipif_v3_0_vh_rfs.vhd:1534]
INFO: [Synth 8-256] done synthesizing module 'pselect_f__parameterized0' (3#1) [c:/College/Thesis/VivadoProjects/WiFi/WiFi/WiFi.srcs/sources_1/bd/WiFi/ipshared/0ba0/hdl/axi_lite_ipif_v3_0_vh_rfs.vhd:1534]
INFO: [Synth 8-638] synthesizing module 'pselect_f__parameterized1' [c:/College/Thesis/VivadoProjects/WiFi/WiFi/WiFi.srcs/sources_1/bd/WiFi/ipshared/0ba0/hdl/axi_lite_ipif_v3_0_vh_rfs.vhd:1534]
INFO: [Synth 8-256] done synthesizing module 'pselect_f__parameterized1' (3#1) [c:/College/Thesis/VivadoProjects/WiFi/WiFi/WiFi.srcs/sources_1/bd/WiFi/ipshared/0ba0/hdl/axi_lite_ipif_v3_0_vh_rfs.vhd:1534]
INFO: [Synth 8-638] synthesizing module 'pselect_f__parameterized2' [c:/College/Thesis/VivadoProjects/WiFi/WiFi/WiFi.srcs/sources_1/bd/WiFi/ipshared/0ba0/hdl/axi_lite_ipif_v3_0_vh_rfs.vhd:1534]
INFO: [Synth 8-256] done synthesizing module 'pselect_f__parameterized2' (3#1) [c:/College/Thesis/VivadoProjects/WiFi/WiFi/WiFi.srcs/sources_1/bd/WiFi/ipshared/0ba0/hdl/axi_lite_ipif_v3_0_vh_rfs.vhd:1534]
INFO: [Synth 8-638] synthesizing module 'pselect_f__parameterized3' [c:/College/Thesis/VivadoProjects/WiFi/WiFi/WiFi.srcs/sources_1/bd/WiFi/ipshared/0ba0/hdl/axi_lite_ipif_v3_0_vh_rfs.vhd:1534]
INFO: [Synth 8-256] done synthesizing module 'pselect_f__parameterized3' (3#1) [c:/College/Thesis/VivadoProjects/WiFi/WiFi/WiFi.srcs/sources_1/bd/WiFi/ipshared/0ba0/hdl/axi_lite_ipif_v3_0_vh_rfs.vhd:1534]
INFO: [Synth 8-638] synthesizing module 'pselect_f__parameterized4' [c:/College/Thesis/VivadoProjects/WiFi/WiFi/WiFi.srcs/sources_1/bd/WiFi/ipshared/0ba0/hdl/axi_lite_ipif_v3_0_vh_rfs.vhd:1534]
INFO: [Synth 8-256] done synthesizing module 'pselect_f__parameterized4' (3#1) [c:/College/Thesis/VivadoProjects/WiFi/WiFi/WiFi.srcs/sources_1/bd/WiFi/ipshared/0ba0/hdl/axi_lite_ipif_v3_0_vh_rfs.vhd:1534]
INFO: [Synth 8-638] synthesizing module 'pselect_f__parameterized5' [c:/College/Thesis/VivadoProjects/WiFi/WiFi/WiFi.srcs/sources_1/bd/WiFi/ipshared/0ba0/hdl/axi_lite_ipif_v3_0_vh_rfs.vhd:1534]
INFO: [Synth 8-256] done synthesizing module 'pselect_f__parameterized5' (3#1) [c:/College/Thesis/VivadoProjects/WiFi/WiFi/WiFi.srcs/sources_1/bd/WiFi/ipshared/0ba0/hdl/axi_lite_ipif_v3_0_vh_rfs.vhd:1534]
INFO: [Synth 8-638] synthesizing module 'pselect_f__parameterized6' [c:/College/Thesis/VivadoProjects/WiFi/WiFi/WiFi.srcs/sources_1/bd/WiFi/ipshared/0ba0/hdl/axi_lite_ipif_v3_0_vh_rfs.vhd:1534]
INFO: [Synth 8-256] done synthesizing module 'pselect_f__parameterized6' (3#1) [c:/College/Thesis/VivadoProjects/WiFi/WiFi/WiFi.srcs/sources_1/bd/WiFi/ipshared/0ba0/hdl/axi_lite_ipif_v3_0_vh_rfs.vhd:1534]
INFO: [Synth 8-638] synthesizing module 'pselect_f__parameterized7' [c:/College/Thesis/VivadoProjects/WiFi/WiFi/WiFi.srcs/sources_1/bd/WiFi/ipshared/0ba0/hdl/axi_lite_ipif_v3_0_vh_rfs.vhd:1534]
INFO: [Synth 8-256] done synthesizing module 'pselect_f__parameterized7' (3#1) [c:/College/Thesis/VivadoProjects/WiFi/WiFi/WiFi.srcs/sources_1/bd/WiFi/ipshared/0ba0/hdl/axi_lite_ipif_v3_0_vh_rfs.vhd:1534]
INFO: [Synth 8-638] synthesizing module 'pselect_f__parameterized8' [c:/College/Thesis/VivadoProjects/WiFi/WiFi/WiFi.srcs/sources_1/bd/WiFi/ipshared/0ba0/hdl/axi_lite_ipif_v3_0_vh_rfs.vhd:1534]
INFO: [Synth 8-256] done synthesizing module 'pselect_f__parameterized8' (3#1) [c:/College/Thesis/VivadoProjects/WiFi/WiFi/WiFi.srcs/sources_1/bd/WiFi/ipshared/0ba0/hdl/axi_lite_ipif_v3_0_vh_rfs.vhd:1534]
INFO: [Synth 8-638] synthesizing module 'pselect_f__parameterized9' [c:/College/Thesis/VivadoProjects/WiFi/WiFi/WiFi.srcs/sources_1/bd/WiFi/ipshared/0ba0/hdl/axi_lite_ipif_v3_0_vh_rfs.vhd:1534]
INFO: [Synth 8-256] done synthesizing module 'pselect_f__parameterized9' (3#1) [c:/College/Thesis/VivadoProjects/WiFi/WiFi/WiFi.srcs/sources_1/bd/WiFi/ipshared/0ba0/hdl/axi_lite_ipif_v3_0_vh_rfs.vhd:1534]
INFO: [Synth 8-638] synthesizing module 'pselect_f__parameterized10' [c:/College/Thesis/VivadoProjects/WiFi/WiFi/WiFi.srcs/sources_1/bd/WiFi/ipshared/0ba0/hdl/axi_lite_ipif_v3_0_vh_rfs.vhd:1534]
INFO: [Synth 8-256] done synthesizing module 'pselect_f__parameterized10' (3#1) [c:/College/Thesis/VivadoProjects/WiFi/WiFi/WiFi.srcs/sources_1/bd/WiFi/ipshared/0ba0/hdl/axi_lite_ipif_v3_0_vh_rfs.vhd:1534]
INFO: [Synth 8-638] synthesizing module 'pselect_f__parameterized11' [c:/College/Thesis/VivadoProjects/WiFi/WiFi/WiFi.srcs/sources_1/bd/WiFi/ipshared/0ba0/hdl/axi_lite_ipif_v3_0_vh_rfs.vhd:1534]
INFO: [Synth 8-256] done synthesizing module 'pselect_f__parameterized11' (3#1) [c:/College/Thesis/VivadoProjects/WiFi/WiFi/WiFi.srcs/sources_1/bd/WiFi/ipshared/0ba0/hdl/axi_lite_ipif_v3_0_vh_rfs.vhd:1534]
INFO: [Synth 8-638] synthesizing module 'pselect_f__parameterized12' [c:/College/Thesis/VivadoProjects/WiFi/WiFi/WiFi.srcs/sources_1/bd/WiFi/ipshared/0ba0/hdl/axi_lite_ipif_v3_0_vh_rfs.vhd:1534]
INFO: [Synth 8-256] done synthesizing module 'pselect_f__parameterized12' (3#1) [c:/College/Thesis/VivadoProjects/WiFi/WiFi/WiFi.srcs/sources_1/bd/WiFi/ipshared/0ba0/hdl/axi_lite_ipif_v3_0_vh_rfs.vhd:1534]
INFO: [Synth 8-638] synthesizing module 'pselect_f__parameterized13' [c:/College/Thesis/VivadoProjects/WiFi/WiFi/WiFi.srcs/sources_1/bd/WiFi/ipshared/0ba0/hdl/axi_lite_ipif_v3_0_vh_rfs.vhd:1534]
INFO: [Synth 8-256] done synthesizing module 'pselect_f__parameterized13' (3#1) [c:/College/Thesis/VivadoProjects/WiFi/WiFi/WiFi.srcs/sources_1/bd/WiFi/ipshared/0ba0/hdl/axi_lite_ipif_v3_0_vh_rfs.vhd:1534]
INFO: [Synth 8-638] synthesizing module 'pselect_f__parameterized14' [c:/College/Thesis/VivadoProjects/WiFi/WiFi/WiFi.srcs/sources_1/bd/WiFi/ipshared/0ba0/hdl/axi_lite_ipif_v3_0_vh_rfs.vhd:1534]
INFO: [Synth 8-256] done synthesizing module 'pselect_f__parameterized14' (3#1) [c:/College/Thesis/VivadoProjects/WiFi/WiFi/WiFi.srcs/sources_1/bd/WiFi/ipshared/0ba0/hdl/axi_lite_ipif_v3_0_vh_rfs.vhd:1534]
INFO: [Synth 8-638] synthesizing module 'pselect_f__parameterized15' [c:/College/Thesis/VivadoProjects/WiFi/WiFi/WiFi.srcs/sources_1/bd/WiFi/ipshared/0ba0/hdl/axi_lite_ipif_v3_0_vh_rfs.vhd:1534]
INFO: [Synth 8-256] done synthesizing module 'pselect_f__parameterized15' (3#1) [c:/College/Thesis/VivadoProjects/WiFi/WiFi/WiFi.srcs/sources_1/bd/WiFi/ipshared/0ba0/hdl/axi_lite_ipif_v3_0_vh_rfs.vhd:1534]
INFO: [Synth 8-638] synthesizing module 'pselect_f__parameterized16' [c:/College/Thesis/VivadoProjects/WiFi/WiFi/WiFi.srcs/sources_1/bd/WiFi/ipshared/0ba0/hdl/axi_lite_ipif_v3_0_vh_rfs.vhd:1534]
INFO: [Synth 8-256] done synthesizing module 'pselect_f__parameterized16' (3#1) [c:/College/Thesis/VivadoProjects/WiFi/WiFi/WiFi.srcs/sources_1/bd/WiFi/ipshared/0ba0/hdl/axi_lite_ipif_v3_0_vh_rfs.vhd:1534]
INFO: [Synth 8-256] done synthesizing module 'address_decoder' (4#1) [c:/College/Thesis/VivadoProjects/WiFi/WiFi/WiFi.srcs/sources_1/bd/WiFi/ipshared/0ba0/hdl/axi_lite_ipif_v3_0_vh_rfs.vhd:1775]
INFO: [Synth 8-256] done synthesizing module 'slave_attachment' (5#1) [c:/College/Thesis/VivadoProjects/WiFi/WiFi/WiFi.srcs/sources_1/bd/WiFi/ipshared/0ba0/hdl/axi_lite_ipif_v3_0_vh_rfs.vhd:2341]
INFO: [Synth 8-256] done synthesizing module 'axi_lite_ipif' (6#1) [c:/College/Thesis/VivadoProjects/WiFi/WiFi/WiFi.srcs/sources_1/bd/WiFi/ipshared/0ba0/hdl/axi_lite_ipif_v3_0_vh_rfs.vhd:2948]
INFO: [Synth 8-256] done synthesizing module 'axi_intc' (7#1) [c:/College/Thesis/VivadoProjects/WiFi/WiFi/WiFi.srcs/sources_1/bd/WiFi/ipshared/3dfb/hdl/axi_intc_v4_1_vh_rfs.vhd:3769]
INFO: [Synth 8-256] done synthesizing module 'WiFi_microblaze_0_axi_intc_0' (8#1) [c:/College/Thesis/VivadoProjects/WiFi/WiFi/WiFi.srcs/sources_1/bd/WiFi/ip/WiFi_microblaze_0_axi_intc_0/synth/WiFi_microblaze_0_axi_intc_0.vhd:89]
Finished RTL Elaboration : Time (s): cpu = 00:00:11 ; elapsed = 00:00:14 . Memory (MB): peak = 378.246 ; gain = 168.824
Finished RTL Optimization Phase 1 : Time (s): cpu = 00:00:11 ; elapsed = 00:00:14 . Memory (MB): peak = 378.246 ; gain = 168.824
INFO: [Device 21-403] Loading part xc7a100tcsg324-1
Constraint Validation Runtime : Time (s): cpu = 00:00:00 ; elapsed = 00:00:00.038 . Memory (MB): peak = 687.406 ; gain = 0.016
Finished Constraint Validation : Time (s): cpu = 00:00:22 ; elapsed = 00:00:25 . Memory (MB): peak = 687.406 ; gain = 477.984
Finished Loading Part and Timing Information : Time (s): cpu = 00:00:22 ; elapsed = 00:00:25 . Memory (MB): peak = 687.406 ; gain = 477.984
Finished applying 'set_property' XDC Constraints : Time (s): cpu = 00:00:22 ; elapsed = 00:00:25 . Memory (MB): peak = 687.406 ; gain = 477.984
Finished RTL Optimization Phase 2 : Time (s): cpu = 00:00:23 ; elapsed = 00:00:26 . Memory (MB): peak = 687.406 ; gain = 477.984
Finished Cross Boundary and Area Optimization : Time (s): cpu = 00:00:24 ; elapsed = 00:00:27 . Memory (MB): peak = 687.406 ; gain = 477.984
---------------------------------------------------------------------------------
Start ROM, RAM, DSP and Shift Register Reporting
---------------------------------------------------------------------------------

Distributed RAM: Preliminary Mapping  Report (see note below)
+------------+--------------------------------------------------------------------------------+----------------+----------------------+-----------------+
|Module Name | RTL Object                                                                     | Inference      | Size (Depth x Width) | Primitives      | 
+------------+--------------------------------------------------------------------------------+----------------+----------------------+-----------------+
|axi_intc    | INTC_CORE_I/IVAR_FAST_MODE_GEN.IVAR_REG_MEM_AXI_CLK_GEN.IVAR_REG_MEM_I/ram_reg | User Attribute | 16 x 32              | RAM16X1D x 32   | 
+------------+--------------------------------------------------------------------------------+----------------+----------------------+-----------------+

Note: The table above is a preliminary report that shows the Distributed RAMs at the current stage of the synthesis flow. Some Distributed RAMs may be reimplemented as non Distributed RAM primitives later in the synthesis flow. Multiple instantiated RAMs are reported only once.
---------------------------------------------------------------------------------
Finished ROM, RAM, DSP and Shift Register Reporting
---------------------------------------------------------------------------------
Finished Applying XDC Timing Constraints : Time (s): cpu = 00:00:36 ; elapsed = 00:00:40 . Memory (MB): peak = 687.406 ; gain = 477.984
Finished Timing Optimization : Time (s): cpu = 00:00:37 ; elapsed = 00:00:41 . Memory (MB): peak = 687.406 ; gain = 477.984
Finished Technology Mapping : Time (s): cpu = 00:00:37 ; elapsed = 00:00:41 . Memory (MB): peak = 687.406 ; gain = 477.984
Finished IO Insertion : Time (s): cpu = 00:00:38 ; elapsed = 00:00:42 . Memory (MB): peak = 687.406 ; gain = 477.984
Finished Renaming Generated Instances : Time (s): cpu = 00:00:38 ; elapsed = 00:00:42 . Memory (MB): peak = 687.406 ; gain = 477.984
Finished Rebuilding User Hierarchy : Time (s): cpu = 00:00:38 ; elapsed = 00:00:42 . Memory (MB): peak = 687.406 ; gain = 477.984
Finished Renaming Generated Ports : Time (s): cpu = 00:00:38 ; elapsed = 00:00:42 . Memory (MB): peak = 687.406 ; gain = 477.984
Finished Handling Custom Attributes : Time (s): cpu = 00:00:38 ; elapsed = 00:00:42 . Memory (MB): peak = 687.406 ; gain = 477.984
Finished Renaming Generated Nets : Time (s): cpu = 00:00:38 ; elapsed = 00:00:42 . Memory (MB): peak = 687.406 ; gain = 477.984

Report Cell Usage: 
+------+---------+------+
|      |Cell     |Count |
+------+---------+------+
|1     |LUT1     |     2|
|2     |LUT2     |    18|
|3     |LUT3     |    42|
|4     |LUT4     |    28|
|5     |LUT5     |    30|
|6     |LUT6     |    38|
|7     |RAM16X1D |    32|
|8     |FDRE     |   186|
|9     |FDSE     |     1|
+------+---------+------+
Finished Writing Synthesis Report : Time (s): cpu = 00:00:38 ; elapsed = 00:00:42 . Memory (MB): peak = 687.406 ; gain = 477.984
synth_design: Time (s): cpu = 00:00:35 ; elapsed = 00:00:36 . Memory (MB): peak = 687.406 ; gain = 426.137
