10:47:12 INFO  : Registering command handlers for SDK TCF services
10:47:12 INFO  : Launching XSCT server: xsct.bat -interactive C:\College\Thesis\VivadoProjects\WiFi\WiFi\WiFi.sdk\temp_xsdb_launch_script.tcl
10:47:15 INFO  : XSCT server has started successfully.
10:47:20 INFO  : Successfully done setting XSCT server connection channel  
10:47:20 INFO  : Processing command line option -hwspec C:/College/Thesis/VivadoProjects/WiFi/WiFi/WiFi.sdk/WiFi_wrapper.hdf.
10:47:20 INFO  : Successfully done setting SDK workspace  
10:58:53 INFO  : Refreshed build settings on project echo_server
10:59:26 INFO  : Connected to target on host '127.0.0.1' and port '3121'.
11:00:42 INFO  : Connected to target on host '127.0.0.1' and port '3121'.
11:00:42 INFO  : 'targets -set -filter {jtag_cable_name =~ "Digilent Nexys4 210274592338A" && level==0} -index 0' command is executed.
11:00:44 INFO  : FPGA configured successfully with bitstream "C:/College/Thesis/VivadoProjects/WiFi/WiFi/WiFi.sdk/WiFi_wrapper_hw_platform_0/download.bit"
11:17:45 INFO  : Connected to target on host '127.0.0.1' and port '3121'.
11:18:33 INFO  : Connected to target on host '127.0.0.1' and port '3121'.
11:18:34 INFO  : 'targets -set -filter {jtag_cable_name =~ "Digilent Nexys4 210274592338A" && level==0} -index 0' command is executed.
11:18:36 INFO  : FPGA configured successfully with bitstream "C:/College/Thesis/VivadoProjects/WiFi/WiFi/WiFi.sdk/WiFi_wrapper_hw_platform_0/download.bit"
11:19:05 INFO  : Processor reset is completed for microblaze_0
11:26:32 INFO  : Connected to target on host '127.0.0.1' and port '3121'.
11:26:32 INFO  : 'targets -set -filter {jtag_cable_name =~ "Digilent Nexys4 210274592338A" && level==0} -index 0' command is executed.
11:26:34 INFO  : FPGA configured successfully with bitstream "C:/College/Thesis/VivadoProjects/WiFi/WiFi/WiFi.sdk/WiFi_wrapper_hw_platform_0/download.bit"
11:27:05 INFO  : 'targets -set -filter {jtag_cable_name =~ "Digilent Nexys4 210274592338A" && level==0} -index 0' command is executed.
11:27:05 INFO  : 'fpga -state' command is executed.
11:27:05 INFO  : Connected to target on host '127.0.0.1' and port '3121'.
11:27:05 INFO  : Jtag cable 'Digilent Nexys4 210274592338A' is selected.
11:27:05 INFO  : 'jtag frequency' command is executed.
11:27:05 INFO  : Context for processor 'microblaze_0' is selected.
11:27:06 INFO  : Hardware design information is loaded from 'C:/College/Thesis/VivadoProjects/WiFi/WiFi/WiFi.sdk/WiFi_wrapper_hw_platform_0/system.hdf'.
11:27:06 INFO  : Context for processor 'microblaze_0' is selected.
11:27:06 INFO  : Processor reset is completed for 'microblaze_0'.
11:27:06 INFO  : Context for processor 'microblaze_0' is selected.
11:27:10 INFO  : The application 'C:/College/Thesis/VivadoProjects/WiFi/WiFi/WiFi.sdk/SPI_loopback_test/Debug/SPI_loopback_test.elf' is downloaded to processor 'microblaze_0'.
11:27:10 INFO  : ----------------XSDB Script----------------
connect -url tcp:127.0.0.1:3121
targets -set -nocase -filter {name =~ "microblaze*#0" && bscan=="USER2"  && jtag_cable_name =~ "Digilent Nexys4 210274592338A"} -index 0
loadhw C:/College/Thesis/VivadoProjects/WiFi/WiFi/WiFi.sdk/WiFi_wrapper_hw_platform_0/system.hdf
targets -set -nocase -filter {name =~ "microblaze*#0" && bscan=="USER2"  && jtag_cable_name =~ "Digilent Nexys4 210274592338A"} -index 0
rst -processor
targets -set -nocase -filter {name =~ "microblaze*#0" && bscan=="USER2"  && jtag_cable_name =~ "Digilent Nexys4 210274592338A"} -index 0
dow C:/College/Thesis/VivadoProjects/WiFi/WiFi/WiFi.sdk/SPI_loopback_test/Debug/SPI_loopback_test.elf
----------------End of Script----------------

11:27:10 INFO  : Memory regions updated for context MicroBlaze #0
11:27:10 INFO  : Memory regions updated for context MicroBlaze Debug Module at USER2
11:27:11 INFO  : Context for processor 'microblaze_0' is selected.
11:27:11 INFO  : 'con' command is executed.
11:27:11 INFO  : ----------------XSDB Script (After Launch)----------------
targets -set -nocase -filter {name =~ "microblaze*#0" && bscan=="USER2"  && jtag_cable_name =~ "Digilent Nexys4 210274592338A"} -index 0
con
----------------End of Script----------------

11:27:11 INFO  : Launch script is exported to file 'C:\College\Thesis\VivadoProjects\WiFi\WiFi\WiFi.sdk\.sdk\launch_scripts\xilinx_c-c++_application_(system_debugger)\system_debugger_using_debug_spi_loopback_test.elf_on_local.tcl'
11:29:27 INFO  : Disconnected from the channel tcfchan#1.
11:29:30 ERROR : Unexpected error while parsing XMD response ?: com.google.gson.JsonSyntaxException: com.google.gson.stream.MalformedJsonException: invalid number or unquoted string near 
11:44:44 INFO  : Registering command handlers for SDK TCF services
11:44:45 INFO  : Launching XSCT server: xsct.bat -interactive C:\College\Thesis\VivadoProjects\WiFi\WiFi\WiFi.sdk\temp_xsdb_launch_script.tcl
11:44:47 INFO  : XSCT server has started successfully.
11:44:47 INFO  : Successfully done setting XSCT server connection channel  
11:44:47 INFO  : Processing command line option -hwspec C:/College/Thesis/VivadoProjects/WiFi/WiFi/WiFi.sdk/WiFi_wrapper.hdf.
11:44:47 INFO  : Successfully done setting SDK workspace  
11:44:47 INFO  : Checking for hwspec changes in the project WiFi_wrapper_hw_platform_0.
11:44:47 INFO  : SDK has detected change in the last modified timestamps for source hardware specification file Source:1494517435222,  Project:1494513716550
11:44:47 INFO  : The hardware specification for project 'WiFi_wrapper_hw_platform_0' is different from C:/College/Thesis/VivadoProjects/WiFi/WiFi/WiFi.sdk/WiFi_wrapper.hdf.
11:44:48 INFO  : Copied contents of C:/College/Thesis/VivadoProjects/WiFi/WiFi/WiFi.sdk/WiFi_wrapper.hdf into \WiFi_wrapper_hw_platform_0\system.hdf.
11:44:48 INFO  : Synchronizing projects in the workspace with the hardware platform specification changes.
11:44:51 INFO  : 
11:44:52 INFO  : Updating hardware inferred compiler options for SPI_loopback_test.
11:44:52 INFO  : Clearing existing target manager status.
11:45:22 INFO  : Connected to target on host '127.0.0.1' and port '3121'.
11:45:27 INFO  : 'targets -set -filter {jtag_cable_name =~ "Digilent Nexys4 210274592338A" && level==0} -index 0' command is executed.
11:45:30 INFO  : FPGA configured successfully with bitstream "C:/College/Thesis/VivadoProjects/WiFi/WiFi/WiFi.sdk/WiFi_wrapper_hw_platform_0/download.bit"
11:45:51 INFO  : 'targets -set -filter {jtag_cable_name =~ "Digilent Nexys4 210274592338A" && level==0} -index 0' command is executed.
11:45:51 INFO  : 'fpga -state' command is executed.
11:45:51 INFO  : Connected to target on host '127.0.0.1' and port '3121'.
11:45:52 INFO  : Jtag cable 'Digilent Nexys4 210274592338A' is selected.
11:45:52 INFO  : 'jtag frequency' command is executed.
11:45:52 INFO  : Context for processor 'microblaze_0' is selected.
11:45:52 INFO  : Hardware design information is loaded from 'C:/College/Thesis/VivadoProjects/WiFi/WiFi/WiFi.sdk/WiFi_wrapper_hw_platform_0/system.hdf'.
11:45:52 INFO  : Context for processor 'microblaze_0' is selected.
11:45:53 INFO  : Processor reset is completed for 'microblaze_0'.
11:45:53 INFO  : Context for processor 'microblaze_0' is selected.
11:45:55 INFO  : The application 'C:/College/Thesis/VivadoProjects/WiFi/WiFi/WiFi.sdk/SPI_loopback_test/Debug/SPI_loopback_test.elf' is downloaded to processor 'microblaze_0'.
11:45:55 INFO  : ----------------XSDB Script----------------
connect -url tcp:127.0.0.1:3121
targets -set -nocase -filter {name =~ "microblaze*#0" && bscan=="USER2"  && jtag_cable_name =~ "Digilent Nexys4 210274592338A"} -index 0
loadhw C:/College/Thesis/VivadoProjects/WiFi/WiFi/WiFi.sdk/WiFi_wrapper_hw_platform_0/system.hdf
targets -set -nocase -filter {name =~ "microblaze*#0" && bscan=="USER2"  && jtag_cable_name =~ "Digilent Nexys4 210274592338A"} -index 0
rst -processor
targets -set -nocase -filter {name =~ "microblaze*#0" && bscan=="USER2"  && jtag_cable_name =~ "Digilent Nexys4 210274592338A"} -index 0
dow C:/College/Thesis/VivadoProjects/WiFi/WiFi/WiFi.sdk/SPI_loopback_test/Debug/SPI_loopback_test.elf
----------------End of Script----------------

11:45:56 INFO  : Memory regions updated for context MicroBlaze #0
11:45:56 INFO  : Memory regions updated for context MicroBlaze Debug Module at USER2
11:45:56 INFO  : Context for processor 'microblaze_0' is selected.
11:45:56 INFO  : 'con' command is executed.
11:45:56 INFO  : ----------------XSDB Script (After Launch)----------------
targets -set -nocase -filter {name =~ "microblaze*#0" && bscan=="USER2"  && jtag_cable_name =~ "Digilent Nexys4 210274592338A"} -index 0
con
----------------End of Script----------------

11:45:56 INFO  : Launch script is exported to file 'C:\College\Thesis\VivadoProjects\WiFi\WiFi\WiFi.sdk\.sdk\launch_scripts\xilinx_c-c++_application_(system_debugger)\system_debugger_using_debug_spi_loopback_test.elf_on_local.tcl'
11:47:10 INFO  : Disconnected from the channel tcfchan#1.
11:47:14 ERROR : Unexpected error while parsing XMD response ?: com.google.gson.JsonSyntaxException: com.google.gson.stream.MalformedJsonException: invalid number or unquoted string near 
11:50:01 INFO  : Registering command handlers for SDK TCF services
11:50:01 INFO  : Launching XSCT server: xsct.bat -interactive C:\College\Thesis\VivadoProjects\WiFi\WiFi\WiFi.sdk\temp_xsdb_launch_script.tcl
11:50:04 INFO  : XSCT server has started successfully.
11:50:04 INFO  : Successfully done setting XSCT server connection channel  
11:50:05 INFO  : Successfully done setting SDK workspace  
11:50:05 INFO  : Processing command line option -hwspec C:/College/Thesis/VivadoProjects/WiFi/WiFi/WiFi.sdk/WiFi_wrapper.hdf.
11:50:05 INFO  : Checking for hwspec changes in the project WiFi_wrapper_hw_platform_0.
11:51:06 INFO  : Connected to target on host '127.0.0.1' and port '3121'.
11:51:10 INFO  : 'targets -set -filter {jtag_cable_name =~ "Digilent Nexys4 210274592338A" && level==0} -index 0' command is executed.
11:51:13 INFO  : FPGA configured successfully with bitstream "C:/College/Thesis/VivadoProjects/WiFi/WiFi/WiFi.sdk/WiFi_wrapper_hw_platform_0/download.bit"
11:51:26 INFO  : 'targets -set -filter {jtag_cable_name =~ "Digilent Nexys4 210274592338A" && level==0} -index 0' command is executed.
11:51:26 INFO  : 'fpga -state' command is executed.
11:51:26 INFO  : Connected to target on host '127.0.0.1' and port '3121'.
11:51:26 INFO  : Jtag cable 'Digilent Nexys4 210274592338A' is selected.
11:51:26 INFO  : 'jtag frequency' command is executed.
11:51:27 INFO  : Context for processor 'microblaze_0' is selected.
11:51:27 INFO  : Hardware design information is loaded from 'C:/College/Thesis/VivadoProjects/WiFi/WiFi/WiFi.sdk/WiFi_wrapper_hw_platform_0/system.hdf'.
11:51:27 INFO  : Context for processor 'microblaze_0' is selected.
11:51:28 INFO  : Processor reset is completed for 'microblaze_0'.
11:51:28 INFO  : Context for processor 'microblaze_0' is selected.
11:51:35 INFO  : The application 'C:/College/Thesis/VivadoProjects/WiFi/WiFi/WiFi.sdk/SPI_loopback_test/Debug/SPI_loopback_test.elf' is downloaded to processor 'microblaze_0'.
11:51:35 INFO  : ----------------XSDB Script----------------
connect -url tcp:127.0.0.1:3121
targets -set -nocase -filter {name =~ "microblaze*#0" && bscan=="USER2"  && jtag_cable_name =~ "Digilent Nexys4 210274592338A"} -index 0
loadhw C:/College/Thesis/VivadoProjects/WiFi/WiFi/WiFi.sdk/WiFi_wrapper_hw_platform_0/system.hdf
targets -set -nocase -filter {name =~ "microblaze*#0" && bscan=="USER2"  && jtag_cable_name =~ "Digilent Nexys4 210274592338A"} -index 0
rst -processor
targets -set -nocase -filter {name =~ "microblaze*#0" && bscan=="USER2"  && jtag_cable_name =~ "Digilent Nexys4 210274592338A"} -index 0
dow C:/College/Thesis/VivadoProjects/WiFi/WiFi/WiFi.sdk/SPI_loopback_test/Debug/SPI_loopback_test.elf
----------------End of Script----------------

11:51:36 INFO  : Memory regions updated for context MicroBlaze #0
11:51:36 INFO  : Memory regions updated for context MicroBlaze Debug Module at USER2
11:51:36 INFO  : Context for processor 'microblaze_0' is selected.
11:51:36 INFO  : 'con' command is executed.
11:51:36 INFO  : ----------------XSDB Script (After Launch)----------------
targets -set -nocase -filter {name =~ "microblaze*#0" && bscan=="USER2"  && jtag_cable_name =~ "Digilent Nexys4 210274592338A"} -index 0
con
----------------End of Script----------------

11:51:36 INFO  : Launch script is exported to file 'C:\College\Thesis\VivadoProjects\WiFi\WiFi\WiFi.sdk\.sdk\launch_scripts\xilinx_c-c++_application_(system_debugger)\system_debugger_using_debug_spi_loopback_test.elf_on_local.tcl'
12:02:04 INFO  : Connected to target on host '127.0.0.1' and port '3121'.
12:02:04 INFO  : 'targets -set -filter {jtag_cable_name =~ "Digilent Nexys4 210274592338A" && level==0} -index 0' command is executed.
12:02:06 INFO  : FPGA configured successfully with bitstream "C:/College/Thesis/VivadoProjects/WiFi/WiFi/WiFi.sdk/WiFi_wrapper_hw_platform_0/download.bit"
12:02:19 INFO  : Disconnected from the channel tcfchan#1.
12:02:23 INFO  : 'targets -set -filter {jtag_cable_name =~ "Digilent Nexys4 210274592338A" && level==0} -index 0' command is executed.
12:02:24 INFO  : 'fpga -state' command is executed.
12:02:24 INFO  : Connected to target on host '127.0.0.1' and port '3121'.
12:02:25 INFO  : Jtag cable 'Digilent Nexys4 210274592338A' is selected.
12:02:25 INFO  : 'jtag frequency' command is executed.
12:02:25 INFO  : Context for processor 'microblaze_0' is selected.
12:02:25 INFO  : Hardware design information is loaded from 'C:/College/Thesis/VivadoProjects/WiFi/WiFi/WiFi.sdk/WiFi_wrapper_hw_platform_0/system.hdf'.
12:02:26 INFO  : Context for processor 'microblaze_0' is selected.
12:02:27 INFO  : Processor reset is completed for 'microblaze_0'.
12:02:27 INFO  : Context for processor 'microblaze_0' is selected.
12:02:31 INFO  : The application 'C:/College/Thesis/VivadoProjects/WiFi/WiFi/WiFi.sdk/SPI_loopback_test/Debug/SPI_loopback_test.elf' is downloaded to processor 'microblaze_0'.
12:02:31 INFO  : ----------------XSDB Script----------------
connect -url tcp:127.0.0.1:3121
targets -set -nocase -filter {name =~ "microblaze*#0" && bscan=="USER2"  && jtag_cable_name =~ "Digilent Nexys4 210274592338A"} -index 0
loadhw C:/College/Thesis/VivadoProjects/WiFi/WiFi/WiFi.sdk/WiFi_wrapper_hw_platform_0/system.hdf
targets -set -nocase -filter {name =~ "microblaze*#0" && bscan=="USER2"  && jtag_cable_name =~ "Digilent Nexys4 210274592338A"} -index 0
rst -processor
targets -set -nocase -filter {name =~ "microblaze*#0" && bscan=="USER2"  && jtag_cable_name =~ "Digilent Nexys4 210274592338A"} -index 0
dow C:/College/Thesis/VivadoProjects/WiFi/WiFi/WiFi.sdk/SPI_loopback_test/Debug/SPI_loopback_test.elf
----------------End of Script----------------

12:02:31 INFO  : Memory regions updated for context MicroBlaze #0
12:02:31 INFO  : Memory regions updated for context MicroBlaze Debug Module at USER2
12:02:31 INFO  : Context for processor 'microblaze_0' is selected.
12:02:31 INFO  : 'con' command is executed.
12:02:31 INFO  : ----------------XSDB Script (After Launch)----------------
targets -set -nocase -filter {name =~ "microblaze*#0" && bscan=="USER2"  && jtag_cable_name =~ "Digilent Nexys4 210274592338A"} -index 0
con
----------------End of Script----------------

12:02:31 INFO  : Launch script is exported to file 'C:\College\Thesis\VivadoProjects\WiFi\WiFi\WiFi.sdk\.sdk\launch_scripts\xilinx_c-c++_application_(system_debugger)\system_debugger_using_debug_spi_loopback_test.elf_on_local.tcl'
12:21:27 INFO  : Connected to target on host '127.0.0.1' and port '3121'.
12:21:27 INFO  : 'targets -set -filter {jtag_cable_name =~ "Digilent Nexys4 210274592338A" && level==0} -index 0' command is executed.
12:21:30 INFO  : FPGA configured successfully with bitstream "C:/College/Thesis/VivadoProjects/WiFi/WiFi/WiFi.sdk/WiFi_wrapper_hw_platform_0/download.bit"
12:21:50 INFO  : Disconnected from the channel tcfchan#2.
12:21:52 INFO  : 'targets -set -filter {jtag_cable_name =~ "Digilent Nexys4 210274592338A" && level==0} -index 0' command is executed.
12:21:53 INFO  : 'fpga -state' command is executed.
12:21:53 INFO  : Connected to target on host '127.0.0.1' and port '3121'.
12:21:53 INFO  : Jtag cable 'Digilent Nexys4 210274592338A' is selected.
12:21:53 INFO  : 'jtag frequency' command is executed.
12:21:53 INFO  : Context for processor 'microblaze_0' is selected.
12:21:53 INFO  : Hardware design information is loaded from 'C:/College/Thesis/VivadoProjects/WiFi/WiFi/WiFi.sdk/WiFi_wrapper_hw_platform_0/system.hdf'.
12:21:54 INFO  : Context for processor 'microblaze_0' is selected.
12:21:54 INFO  : Processor reset is completed for 'microblaze_0'.
12:21:54 INFO  : Context for processor 'microblaze_0' is selected.
12:21:56 INFO  : The application 'C:/College/Thesis/VivadoProjects/WiFi/WiFi/WiFi.sdk/SPI_loopback_test/Debug/SPI_loopback_test.elf' is downloaded to processor 'microblaze_0'.
12:21:56 INFO  : ----------------XSDB Script----------------
connect -url tcp:127.0.0.1:3121
targets -set -nocase -filter {name =~ "microblaze*#0" && bscan=="USER2"  && jtag_cable_name =~ "Digilent Nexys4 210274592338A"} -index 0
loadhw C:/College/Thesis/VivadoProjects/WiFi/WiFi/WiFi.sdk/WiFi_wrapper_hw_platform_0/system.hdf
targets -set -nocase -filter {name =~ "microblaze*#0" && bscan=="USER2"  && jtag_cable_name =~ "Digilent Nexys4 210274592338A"} -index 0
rst -processor
targets -set -nocase -filter {name =~ "microblaze*#0" && bscan=="USER2"  && jtag_cable_name =~ "Digilent Nexys4 210274592338A"} -index 0
dow C:/College/Thesis/VivadoProjects/WiFi/WiFi/WiFi.sdk/SPI_loopback_test/Debug/SPI_loopback_test.elf
----------------End of Script----------------

12:21:57 INFO  : Memory regions updated for context MicroBlaze #0
12:21:57 INFO  : Memory regions updated for context MicroBlaze Debug Module at USER2
12:21:57 INFO  : Context for processor 'microblaze_0' is selected.
12:21:57 INFO  : 'con' command is executed.
12:21:57 INFO  : ----------------XSDB Script (After Launch)----------------
targets -set -nocase -filter {name =~ "microblaze*#0" && bscan=="USER2"  && jtag_cable_name =~ "Digilent Nexys4 210274592338A"} -index 0
con
----------------End of Script----------------

12:21:57 INFO  : Launch script is exported to file 'C:\College\Thesis\VivadoProjects\WiFi\WiFi\WiFi.sdk\.sdk\launch_scripts\xilinx_c-c++_application_(system_debugger)\system_debugger_using_debug_spi_loopback_test.elf_on_local.tcl'
12:23:34 INFO  : Connected to target on host '127.0.0.1' and port '3121'.
12:23:35 INFO  : 'targets -set -filter {jtag_cable_name =~ "Digilent Nexys4 210274592338A" && level==0} -index 0' command is executed.
12:23:37 INFO  : FPGA configured successfully with bitstream "C:/College/Thesis/VivadoProjects/WiFi/WiFi/WiFi.sdk/WiFi_wrapper_hw_platform_0/download.bit"
12:24:27 INFO  : Disconnected from the channel tcfchan#3.
12:24:29 INFO  : 'targets -set -filter {jtag_cable_name =~ "Digilent Nexys4 210274592338A" && level==0} -index 0' command is executed.
12:24:29 INFO  : 'fpga -state' command is executed.
12:24:29 INFO  : Connected to target on host '127.0.0.1' and port '3121'.
12:24:29 INFO  : Jtag cable 'Digilent Nexys4 210274592338A' is selected.
12:24:29 INFO  : 'jtag frequency' command is executed.
12:24:29 INFO  : Context for processor 'microblaze_0' is selected.
12:24:30 INFO  : Hardware design information is loaded from 'C:/College/Thesis/VivadoProjects/WiFi/WiFi/WiFi.sdk/WiFi_wrapper_hw_platform_0/system.hdf'.
12:24:30 INFO  : Context for processor 'microblaze_0' is selected.
12:24:30 INFO  : Processor reset is completed for 'microblaze_0'.
12:24:30 INFO  : Context for processor 'microblaze_0' is selected.
12:24:34 INFO  : The application 'C:/College/Thesis/VivadoProjects/WiFi/WiFi/WiFi.sdk/SPI_loopback_test/Debug/SPI_loopback_test.elf' is downloaded to processor 'microblaze_0'.
12:24:34 INFO  : ----------------XSDB Script----------------
connect -url tcp:127.0.0.1:3121
targets -set -nocase -filter {name =~ "microblaze*#0" && bscan=="USER2"  && jtag_cable_name =~ "Digilent Nexys4 210274592338A"} -index 0
loadhw C:/College/Thesis/VivadoProjects/WiFi/WiFi/WiFi.sdk/WiFi_wrapper_hw_platform_0/system.hdf
targets -set -nocase -filter {name =~ "microblaze*#0" && bscan=="USER2"  && jtag_cable_name =~ "Digilent Nexys4 210274592338A"} -index 0
rst -processor
targets -set -nocase -filter {name =~ "microblaze*#0" && bscan=="USER2"  && jtag_cable_name =~ "Digilent Nexys4 210274592338A"} -index 0
dow C:/College/Thesis/VivadoProjects/WiFi/WiFi/WiFi.sdk/SPI_loopback_test/Debug/SPI_loopback_test.elf
----------------End of Script----------------

12:24:34 INFO  : Memory regions updated for context MicroBlaze #0
12:24:34 INFO  : Memory regions updated for context MicroBlaze Debug Module at USER2
12:24:34 INFO  : Context for processor 'microblaze_0' is selected.
12:24:34 INFO  : 'con' command is executed.
12:24:34 INFO  : ----------------XSDB Script (After Launch)----------------
targets -set -nocase -filter {name =~ "microblaze*#0" && bscan=="USER2"  && jtag_cable_name =~ "Digilent Nexys4 210274592338A"} -index 0
con
----------------End of Script----------------

12:24:34 INFO  : Launch script is exported to file 'C:\College\Thesis\VivadoProjects\WiFi\WiFi\WiFi.sdk\.sdk\launch_scripts\xilinx_c-c++_application_(system_debugger)\system_debugger_using_debug_spi_loopback_test.elf_on_local.tcl'
12:31:12 INFO  : Connected to target on host '127.0.0.1' and port '3121'.
12:31:12 INFO  : 'targets -set -filter {jtag_cable_name =~ "Digilent Nexys4 210274592338A" && level==0} -index 0' command is executed.
12:31:15 INFO  : FPGA configured successfully with bitstream "C:/College/Thesis/VivadoProjects/WiFi/WiFi/WiFi.sdk/WiFi_wrapper_hw_platform_0/download.bit"
12:32:04 INFO  : Disconnected from the channel tcfchan#4.
12:32:06 INFO  : 'targets -set -filter {jtag_cable_name =~ "Digilent Nexys4 210274592338A" && level==0} -index 0' command is executed.
12:32:06 INFO  : 'fpga -state' command is executed.
12:32:06 INFO  : Connected to target on host '127.0.0.1' and port '3121'.
12:32:08 INFO  : Jtag cable 'Digilent Nexys4 210274592338A' is selected.
12:32:08 INFO  : 'jtag frequency' command is executed.
12:32:08 INFO  : Context for processor 'microblaze_0' is selected.
12:32:08 INFO  : Hardware design information is loaded from 'C:/College/Thesis/VivadoProjects/WiFi/WiFi/WiFi.sdk/WiFi_wrapper_hw_platform_0/system.hdf'.
12:32:08 INFO  : Context for processor 'microblaze_0' is selected.
12:32:08 INFO  : Processor reset is completed for 'microblaze_0'.
12:32:09 INFO  : Context for processor 'microblaze_0' is selected.
12:32:13 INFO  : The application 'C:/College/Thesis/VivadoProjects/WiFi/WiFi/WiFi.sdk/SPI_loopback_test/Debug/SPI_loopback_test.elf' is downloaded to processor 'microblaze_0'.
12:32:13 INFO  : ----------------XSDB Script----------------
connect -url tcp:127.0.0.1:3121
targets -set -nocase -filter {name =~ "microblaze*#0" && bscan=="USER2"  && jtag_cable_name =~ "Digilent Nexys4 210274592338A"} -index 0
loadhw C:/College/Thesis/VivadoProjects/WiFi/WiFi/WiFi.sdk/WiFi_wrapper_hw_platform_0/system.hdf
targets -set -nocase -filter {name =~ "microblaze*#0" && bscan=="USER2"  && jtag_cable_name =~ "Digilent Nexys4 210274592338A"} -index 0
rst -processor
targets -set -nocase -filter {name =~ "microblaze*#0" && bscan=="USER2"  && jtag_cable_name =~ "Digilent Nexys4 210274592338A"} -index 0
dow C:/College/Thesis/VivadoProjects/WiFi/WiFi/WiFi.sdk/SPI_loopback_test/Debug/SPI_loopback_test.elf
----------------End of Script----------------

12:32:13 INFO  : Memory regions updated for context MicroBlaze #0
12:32:13 INFO  : Memory regions updated for context MicroBlaze Debug Module at USER2
12:32:13 INFO  : Context for processor 'microblaze_0' is selected.
12:32:14 INFO  : 'con' command is executed.
12:32:14 INFO  : ----------------XSDB Script (After Launch)----------------
targets -set -nocase -filter {name =~ "microblaze*#0" && bscan=="USER2"  && jtag_cable_name =~ "Digilent Nexys4 210274592338A"} -index 0
con
----------------End of Script----------------

12:32:14 INFO  : Launch script is exported to file 'C:\College\Thesis\VivadoProjects\WiFi\WiFi\WiFi.sdk\.sdk\launch_scripts\xilinx_c-c++_application_(system_debugger)\system_debugger_using_debug_spi_loopback_test.elf_on_local.tcl'
12:37:15 INFO  : Connected to target on host '127.0.0.1' and port '3121'.
12:37:15 INFO  : 'targets -set -filter {jtag_cable_name =~ "Digilent Nexys4 210274592338A" && level==0} -index 0' command is executed.
12:37:17 INFO  : FPGA configured successfully with bitstream "C:/College/Thesis/VivadoProjects/WiFi/WiFi/WiFi.sdk/WiFi_wrapper_hw_platform_0/download.bit"
12:37:46 INFO  : Disconnected from the channel tcfchan#5.
12:37:47 INFO  : 'targets -set -filter {jtag_cable_name =~ "Digilent Nexys4 210274592338A" && level==0} -index 0' command is executed.
12:37:47 INFO  : 'fpga -state' command is executed.
12:37:47 INFO  : Connected to target on host '127.0.0.1' and port '3121'.
12:37:48 INFO  : Jtag cable 'Digilent Nexys4 210274592338A' is selected.
12:37:48 INFO  : 'jtag frequency' command is executed.
12:37:48 INFO  : Context for processor 'microblaze_0' is selected.
12:37:48 INFO  : Hardware design information is loaded from 'C:/College/Thesis/VivadoProjects/WiFi/WiFi/WiFi.sdk/WiFi_wrapper_hw_platform_0/system.hdf'.
12:37:48 INFO  : Context for processor 'microblaze_0' is selected.
12:37:48 INFO  : Processor reset is completed for 'microblaze_0'.
12:37:49 INFO  : Context for processor 'microblaze_0' is selected.
12:37:51 INFO  : The application 'C:/College/Thesis/VivadoProjects/WiFi/WiFi/WiFi.sdk/SPI_loopback_test/Debug/SPI_loopback_test.elf' is downloaded to processor 'microblaze_0'.
12:37:51 INFO  : ----------------XSDB Script----------------
connect -url tcp:127.0.0.1:3121
targets -set -nocase -filter {name =~ "microblaze*#0" && bscan=="USER2"  && jtag_cable_name =~ "Digilent Nexys4 210274592338A"} -index 0
loadhw C:/College/Thesis/VivadoProjects/WiFi/WiFi/WiFi.sdk/WiFi_wrapper_hw_platform_0/system.hdf
targets -set -nocase -filter {name =~ "microblaze*#0" && bscan=="USER2"  && jtag_cable_name =~ "Digilent Nexys4 210274592338A"} -index 0
rst -processor
targets -set -nocase -filter {name =~ "microblaze*#0" && bscan=="USER2"  && jtag_cable_name =~ "Digilent Nexys4 210274592338A"} -index 0
dow C:/College/Thesis/VivadoProjects/WiFi/WiFi/WiFi.sdk/SPI_loopback_test/Debug/SPI_loopback_test.elf
----------------End of Script----------------

12:37:51 INFO  : Memory regions updated for context MicroBlaze #0
12:37:51 INFO  : Memory regions updated for context MicroBlaze Debug Module at USER2
12:37:51 INFO  : Context for processor 'microblaze_0' is selected.
12:37:51 INFO  : 'con' command is executed.
12:37:51 INFO  : ----------------XSDB Script (After Launch)----------------
targets -set -nocase -filter {name =~ "microblaze*#0" && bscan=="USER2"  && jtag_cable_name =~ "Digilent Nexys4 210274592338A"} -index 0
con
----------------End of Script----------------

12:37:51 INFO  : Launch script is exported to file 'C:\College\Thesis\VivadoProjects\WiFi\WiFi\WiFi.sdk\.sdk\launch_scripts\xilinx_c-c++_application_(system_debugger)\system_debugger_using_debug_spi_loopback_test.elf_on_local.tcl'
12:43:09 INFO  : Connected to target on host '127.0.0.1' and port '3121'.
12:43:10 INFO  : 'targets -set -filter {jtag_cable_name =~ "Digilent Nexys4 210274592338A" && level==0} -index 0' command is executed.
12:43:13 INFO  : FPGA configured successfully with bitstream "C:/College/Thesis/VivadoProjects/WiFi/WiFi/WiFi.sdk/WiFi_wrapper_hw_platform_0/download.bit"
12:43:44 INFO  : Disconnected from the channel tcfchan#6.
12:43:45 INFO  : 'targets -set -filter {jtag_cable_name =~ "Digilent Nexys4 210274592338A" && level==0} -index 0' command is executed.
12:43:47 INFO  : 'fpga -state' command is executed.
12:43:47 INFO  : Connected to target on host '127.0.0.1' and port '3121'.
12:43:48 INFO  : Jtag cable 'Digilent Nexys4 210274592338A' is selected.
12:43:48 INFO  : 'jtag frequency' command is executed.
12:43:48 INFO  : Context for processor 'microblaze_0' is selected.
12:43:48 INFO  : Hardware design information is loaded from 'C:/College/Thesis/VivadoProjects/WiFi/WiFi/WiFi.sdk/WiFi_wrapper_hw_platform_0/system.hdf'.
12:43:48 INFO  : Context for processor 'microblaze_0' is selected.
12:43:49 INFO  : Processor reset is completed for 'microblaze_0'.
12:43:49 INFO  : Context for processor 'microblaze_0' is selected.
12:43:50 INFO  : The application 'C:/College/Thesis/VivadoProjects/WiFi/WiFi/WiFi.sdk/SPI_loopback_test/Debug/SPI_loopback_test.elf' is downloaded to processor 'microblaze_0'.
12:43:50 INFO  : ----------------XSDB Script----------------
connect -url tcp:127.0.0.1:3121
targets -set -nocase -filter {name =~ "microblaze*#0" && bscan=="USER2"  && jtag_cable_name =~ "Digilent Nexys4 210274592338A"} -index 0
loadhw C:/College/Thesis/VivadoProjects/WiFi/WiFi/WiFi.sdk/WiFi_wrapper_hw_platform_0/system.hdf
targets -set -nocase -filter {name =~ "microblaze*#0" && bscan=="USER2"  && jtag_cable_name =~ "Digilent Nexys4 210274592338A"} -index 0
rst -processor
targets -set -nocase -filter {name =~ "microblaze*#0" && bscan=="USER2"  && jtag_cable_name =~ "Digilent Nexys4 210274592338A"} -index 0
dow C:/College/Thesis/VivadoProjects/WiFi/WiFi/WiFi.sdk/SPI_loopback_test/Debug/SPI_loopback_test.elf
----------------End of Script----------------

12:43:50 INFO  : Memory regions updated for context MicroBlaze #0
12:43:50 INFO  : Memory regions updated for context MicroBlaze Debug Module at USER2
12:43:50 INFO  : Context for processor 'microblaze_0' is selected.
12:43:50 INFO  : 'con' command is executed.
12:43:50 INFO  : ----------------XSDB Script (After Launch)----------------
targets -set -nocase -filter {name =~ "microblaze*#0" && bscan=="USER2"  && jtag_cable_name =~ "Digilent Nexys4 210274592338A"} -index 0
con
----------------End of Script----------------

12:43:50 INFO  : Launch script is exported to file 'C:\College\Thesis\VivadoProjects\WiFi\WiFi\WiFi.sdk\.sdk\launch_scripts\xilinx_c-c++_application_(system_debugger)\system_debugger_using_debug_spi_loopback_test.elf_on_local.tcl'
13:20:20 INFO  : Connected to target on host '127.0.0.1' and port '3121'.
13:20:20 INFO  : 'targets -set -filter {jtag_cable_name =~ "Digilent Nexys4 210274592338A" && level==0} -index 0' command is executed.
13:20:22 INFO  : FPGA configured successfully with bitstream "C:/College/Thesis/VivadoProjects/WiFi/WiFi/WiFi.sdk/WiFi_wrapper_hw_platform_0/download.bit"
13:20:39 INFO  : 'targets -set -filter {jtag_cable_name =~ "Digilent Nexys4 210274592338A" && level==0} -index 0' command is executed.
13:20:39 INFO  : 'fpga -state' command is executed.
13:20:39 INFO  : Connected to target on host '127.0.0.1' and port '3121'.
13:20:39 INFO  : Jtag cable 'Digilent Nexys4 210274592338A' is selected.
13:20:39 INFO  : 'jtag frequency' command is executed.
13:20:39 INFO  : Context for processor 'microblaze_0' is selected.
13:20:39 INFO  : Hardware design information is loaded from 'C:/College/Thesis/VivadoProjects/WiFi/WiFi/WiFi.sdk/WiFi_wrapper_hw_platform_0/system.hdf'.
13:20:40 INFO  : Context for processor 'microblaze_0' is selected.
13:20:40 INFO  : Processor reset is completed for 'microblaze_0'.
13:20:40 INFO  : Context for processor 'microblaze_0' is selected.
13:20:45 INFO  : The application 'C:/College/Thesis/VivadoProjects/WiFi/WiFi/WiFi.sdk/echo_server/Debug/echo_server.elf' is downloaded to processor 'microblaze_0'.
13:20:45 INFO  : ----------------XSDB Script----------------
connect -url tcp:127.0.0.1:3121
targets -set -nocase -filter {name =~ "microblaze*#0" && bscan=="USER2"  && jtag_cable_name =~ "Digilent Nexys4 210274592338A"} -index 0
loadhw C:/College/Thesis/VivadoProjects/WiFi/WiFi/WiFi.sdk/WiFi_wrapper_hw_platform_0/system.hdf
targets -set -nocase -filter {name =~ "microblaze*#0" && bscan=="USER2"  && jtag_cable_name =~ "Digilent Nexys4 210274592338A"} -index 0
rst -processor
targets -set -nocase -filter {name =~ "microblaze*#0" && bscan=="USER2"  && jtag_cable_name =~ "Digilent Nexys4 210274592338A"} -index 0
dow C:/College/Thesis/VivadoProjects/WiFi/WiFi/WiFi.sdk/echo_server/Debug/echo_server.elf
----------------End of Script----------------

13:20:45 INFO  : Memory regions updated for context MicroBlaze #0
13:20:45 INFO  : Memory regions updated for context MicroBlaze Debug Module at USER2
13:20:46 INFO  : Context for processor 'microblaze_0' is selected.
13:20:46 INFO  : 'con' command is executed.
13:20:46 INFO  : ----------------XSDB Script (After Launch)----------------
targets -set -nocase -filter {name =~ "microblaze*#0" && bscan=="USER2"  && jtag_cable_name =~ "Digilent Nexys4 210274592338A"} -index 0
con
----------------End of Script----------------

13:20:46 INFO  : Launch script is exported to file 'C:\College\Thesis\VivadoProjects\WiFi\WiFi\WiFi.sdk\.sdk\launch_scripts\xilinx_c-c++_application_(system_debugger)\system_debugger_using_debug_echo_server.elf_on_local.tcl'
13:25:49 INFO  : Disconnected from the channel tcfchan#7.
13:25:49 WARN  : channel "tcfchan#7" closed
