
*** Running vivado
    with args -log design_1_microblaze_0_0.vds -m64 -product Vivado -mode batch -messageDb vivado.pb -notrace -source design_1_microblaze_0_0.tcl


****** Vivado v2017.1 (64-bit)
  **** SW Build 1846317 on Fri Apr 14 18:55:03 MDT 2017
  **** IP Build 1846188 on Fri Apr 14 20:52:08 MDT 2017
    ** Copyright 1986-2017 Xilinx, Inc. All Rights Reserved.

source design_1_microblaze_0_0.tcl -notrace
Starting RTL Elaboration : Time (s): cpu = 00:00:08 ; elapsed = 00:00:08 . Memory (MB): peak = 350.750 ; gain = 90.023
INFO: [Synth 8-638] synthesizing module 'design_1_microblaze_0_0' [c:/Xilinx/Vivado/MyProjects/PMOD_WIFI_OLD/PMOD_WIFI.srcs/sources_1/bd/design_1/ip/design_1_microblaze_0_0/synth/design_1_microblaze_0_0.vhd:190]
INFO: [Synth 8-256] done synthesizing module 'design_1_microblaze_0_0' (63#1) [c:/Xilinx/Vivado/MyProjects/PMOD_WIFI_OLD/PMOD_WIFI.srcs/sources_1/bd/design_1/ip/design_1_microblaze_0_0/synth/design_1_microblaze_0_0.vhd:190]
Finished RTL Elaboration : Time (s): cpu = 00:00:25 ; elapsed = 00:00:26 . Memory (MB): peak = 713.711 ; gain = 452.984
Finished RTL Optimization Phase 1 : Time (s): cpu = 00:00:27 ; elapsed = 00:00:28 . Memory (MB): peak = 713.711 ; gain = 452.984
INFO: [Device 21-403] Loading part xc7a100tcsg324-1
Constraint Validation Runtime : Time (s): cpu = 00:00:00 ; elapsed = 00:00:00.231 . Memory (MB): peak = 996.719 ; gain = 0.000
Finished Constraint Validation : Time (s): cpu = 00:00:57 ; elapsed = 00:00:59 . Memory (MB): peak = 996.719 ; gain = 735.992
Finished Loading Part and Timing Information : Time (s): cpu = 00:00:57 ; elapsed = 00:00:59 . Memory (MB): peak = 996.719 ; gain = 735.992
Finished applying 'set_property' XDC Constraints : Time (s): cpu = 00:00:57 ; elapsed = 00:00:59 . Memory (MB): peak = 996.719 ; gain = 735.992
Finished RTL Optimization Phase 2 : Time (s): cpu = 00:01:05 ; elapsed = 00:01:07 . Memory (MB): peak = 996.719 ; gain = 735.992
Finished Cross Boundary and Area Optimization : Time (s): cpu = 00:01:42 ; elapsed = 00:01:46 . Memory (MB): peak = 996.719 ; gain = 735.992
Finished Applying XDC Timing Constraints : Time (s): cpu = 00:01:56 ; elapsed = 00:02:00 . Memory (MB): peak = 996.719 ; gain = 735.992
Finished Timing Optimization : Time (s): cpu = 00:01:59 ; elapsed = 00:02:03 . Memory (MB): peak = 996.719 ; gain = 735.992
Finished Technology Mapping : Time (s): cpu = 00:02:04 ; elapsed = 00:02:08 . Memory (MB): peak = 996.719 ; gain = 735.992
Finished IO Insertion : Time (s): cpu = 00:02:05 ; elapsed = 00:02:09 . Memory (MB): peak = 996.719 ; gain = 735.992
Finished Renaming Generated Instances : Time (s): cpu = 00:02:05 ; elapsed = 00:02:09 . Memory (MB): peak = 996.719 ; gain = 735.992
Finished Rebuilding User Hierarchy : Time (s): cpu = 00:02:06 ; elapsed = 00:02:10 . Memory (MB): peak = 996.719 ; gain = 735.992
Finished Renaming Generated Ports : Time (s): cpu = 00:02:06 ; elapsed = 00:02:10 . Memory (MB): peak = 996.719 ; gain = 735.992
Finished Handling Custom Attributes : Time (s): cpu = 00:02:06 ; elapsed = 00:02:10 . Memory (MB): peak = 996.719 ; gain = 735.992
Finished Renaming Generated Nets : Time (s): cpu = 00:02:06 ; elapsed = 00:02:10 . Memory (MB): peak = 996.719 ; gain = 735.992

Report Cell Usage: 
+------+-----------+------+
|      |Cell       |Count |
+------+-----------+------+
|1     |AND2B1L    |     4|
|2     |CARRY4     |     1|
|3     |LUT1       |    32|
|4     |LUT2       |   101|
|5     |LUT3       |   328|
|6     |LUT4       |   197|
|7     |LUT5       |   369|
|8     |LUT6       |   496|
|9     |LUT6_2     |    64|
|10    |MULT_AND   |     1|
|11    |MUXCY_L    |   167|
|12    |MUXF7      |   121|
|13    |RAM32M     |    16|
|14    |RAM32X1D   |    32|
|15    |RAMB36E1   |     2|
|16    |RAMB36E1_1 |    16|
|17    |SRL16E     |   162|
|18    |SRLC16E    |     8|
|19    |XORCY      |    94|
|20    |FDCE       |   143|
|21    |FDE        |    32|
|22    |FDR        |   125|
|23    |FDRE       |  1793|
|24    |FDS        |     1|
|25    |FDSE       |    60|
+------+-----------+------+
Finished Writing Synthesis Report : Time (s): cpu = 00:02:06 ; elapsed = 00:02:10 . Memory (MB): peak = 996.719 ; gain = 735.992
synth_design: Time (s): cpu = 00:02:13 ; elapsed = 00:02:17 . Memory (MB): peak = 996.719 ; gain = 735.992
