
*** Running vivado
    with args -log design_1_ilmb_v10_0.vds -m64 -product Vivado -mode batch -messageDb vivado.pb -notrace -source design_1_ilmb_v10_0.tcl


****** Vivado v2017.1 (64-bit)
  **** SW Build 1846317 on Fri Apr 14 18:55:03 MDT 2017
  **** IP Build 1846188 on Fri Apr 14 20:52:08 MDT 2017
    ** Copyright 1986-2017 Xilinx, Inc. All Rights Reserved.

source design_1_ilmb_v10_0.tcl -notrace
Starting RTL Elaboration : Time (s): cpu = 00:00:06 ; elapsed = 00:00:08 . Memory (MB): peak = 344.703 ; gain = 87.078
INFO: [Synth 8-638] synthesizing module 'design_1_ilmb_v10_0' [c:/Xilinx/Vivado/MyProjects/PMOD_WIFI_OLD/PMOD_WIFI.srcs/sources_1/bd/design_1/ip/design_1_ilmb_v10_0/synth/design_1_ilmb_v10_0.vhd:89]
INFO: [Synth 8-638] synthesizing module 'lmb_v10' [c:/Xilinx/Vivado/MyProjects/PMOD_WIFI_OLD/PMOD_WIFI.srcs/sources_1/bd/design_1/ipshared/162e/hdl/lmb_v10_v3_0_vh_rfs.vhd:140]
INFO: [Synth 8-638] synthesizing module 'FDS' [C:/Xilinx/Vivado/2017.1/scripts/rt/data/unisim_comp.v:4087]
INFO: [Synth 8-256] done synthesizing module 'FDS' (1#1) [C:/Xilinx/Vivado/2017.1/scripts/rt/data/unisim_comp.v:4087]
INFO: [Synth 8-256] done synthesizing module 'lmb_v10' (2#1) [c:/Xilinx/Vivado/MyProjects/PMOD_WIFI_OLD/PMOD_WIFI.srcs/sources_1/bd/design_1/ipshared/162e/hdl/lmb_v10_v3_0_vh_rfs.vhd:140]
INFO: [Synth 8-256] done synthesizing module 'design_1_ilmb_v10_0' (3#1) [c:/Xilinx/Vivado/MyProjects/PMOD_WIFI_OLD/PMOD_WIFI.srcs/sources_1/bd/design_1/ip/design_1_ilmb_v10_0/synth/design_1_ilmb_v10_0.vhd:89]
Finished RTL Elaboration : Time (s): cpu = 00:00:08 ; elapsed = 00:00:10 . Memory (MB): peak = 395.195 ; gain = 137.570
Finished RTL Optimization Phase 1 : Time (s): cpu = 00:00:08 ; elapsed = 00:00:10 . Memory (MB): peak = 395.195 ; gain = 137.570
INFO: [Device 21-403] Loading part xc7a100tcsg324-1
Constraint Validation Runtime : Time (s): cpu = 00:00:00 ; elapsed = 00:00:00.200 . Memory (MB): peak = 640.477 ; gain = 1.316
Finished Constraint Validation : Time (s): cpu = 00:00:24 ; elapsed = 00:00:29 . Memory (MB): peak = 640.477 ; gain = 382.852
Finished Loading Part and Timing Information : Time (s): cpu = 00:00:24 ; elapsed = 00:00:29 . Memory (MB): peak = 640.477 ; gain = 382.852
Finished applying 'set_property' XDC Constraints : Time (s): cpu = 00:00:24 ; elapsed = 00:00:29 . Memory (MB): peak = 640.477 ; gain = 382.852
Finished RTL Optimization Phase 2 : Time (s): cpu = 00:00:24 ; elapsed = 00:00:29 . Memory (MB): peak = 640.477 ; gain = 382.852
Finished Cross Boundary and Area Optimization : Time (s): cpu = 00:00:25 ; elapsed = 00:00:30 . Memory (MB): peak = 640.477 ; gain = 382.852
Finished Applying XDC Timing Constraints : Time (s): cpu = 00:00:39 ; elapsed = 00:00:44 . Memory (MB): peak = 692.531 ; gain = 434.906
Finished Timing Optimization : Time (s): cpu = 00:00:39 ; elapsed = 00:00:44 . Memory (MB): peak = 692.531 ; gain = 434.906
Finished Technology Mapping : Time (s): cpu = 00:00:39 ; elapsed = 00:00:44 . Memory (MB): peak = 702.059 ; gain = 444.434
Finished IO Insertion : Time (s): cpu = 00:00:40 ; elapsed = 00:00:45 . Memory (MB): peak = 702.059 ; gain = 444.434
Finished Renaming Generated Instances : Time (s): cpu = 00:00:40 ; elapsed = 00:00:45 . Memory (MB): peak = 702.059 ; gain = 444.434
Finished Rebuilding User Hierarchy : Time (s): cpu = 00:00:40 ; elapsed = 00:00:45 . Memory (MB): peak = 702.059 ; gain = 444.434
Finished Renaming Generated Ports : Time (s): cpu = 00:00:40 ; elapsed = 00:00:45 . Memory (MB): peak = 702.059 ; gain = 444.434
Finished Handling Custom Attributes : Time (s): cpu = 00:00:40 ; elapsed = 00:00:45 . Memory (MB): peak = 702.059 ; gain = 444.434
Finished Renaming Generated Nets : Time (s): cpu = 00:00:40 ; elapsed = 00:00:45 . Memory (MB): peak = 702.059 ; gain = 444.434

Report Cell Usage: 
+------+-----+------+
|      |Cell |Count |
+------+-----+------+
|1     |FDS  |     1|
+------+-----+------+
Finished Writing Synthesis Report : Time (s): cpu = 00:00:40 ; elapsed = 00:00:45 . Memory (MB): peak = 702.059 ; gain = 444.434
synth_design: Time (s): cpu = 00:00:42 ; elapsed = 00:00:48 . Memory (MB): peak = 714.395 ; gain = 456.770
