
*** Running vivado
    with args -log WiFi_wrapper.vds -m64 -product Vivado -mode batch -messageDb vivado.pb -notrace -source WiFi_wrapper.tcl


****** Vivado v2016.3 (64-bit)
  **** SW Build 1682563 on Mon Oct 10 19:07:27 MDT 2016
  **** IP Build 1681267 on Mon Oct 10 21:28:31 MDT 2016
    ** Copyright 1986-2016 Xilinx, Inc. All Rights Reserved.

source WiFi_wrapper.tcl -notrace
INFO: [IP_Flow 19-234] Refreshing IP repositories
INFO: [IP_Flow 19-1704] No user IP repositories specified
INFO: [IP_Flow 19-2313] Loaded Vivado IP repository 'C:/Xilinx/Vivado/2016.3/data/ip'.
add_files: Time (s): cpu = 00:00:07 ; elapsed = 00:00:07 . Memory (MB): peak = 323.922 ; gain = 84.004
Command: synth_design -top WiFi_wrapper -part xc7a100tcsg324-1
Starting synth_design
Attempting to get a license for feature 'Synthesis' and/or device 'xc7a100t'
INFO: [Common 17-349] Got license for feature 'Synthesis' and/or device 'xc7a100t'
INFO: Launching helper process for spawning children vivado processes
INFO: Helper process launched with PID 7564 
---------------------------------------------------------------------------------
Starting RTL Elaboration : Time (s): cpu = 00:00:15 ; elapsed = 00:00:20 . Memory (MB): peak = 403.363 ; gain = 194.082
---------------------------------------------------------------------------------
INFO: [Synth 8-638] synthesizing module 'WiFi_wrapper' [C:/College/Thesis/VivadoProjects/WiFi/WiFi/WiFi.srcs/sources_1/bd/WiFi/hdl/WiFi_wrapper.v:12]
INFO: [Synth 8-638] synthesizing module 'WiFi' [C:/College/Thesis/VivadoProjects/WiFi/WiFi/WiFi.srcs/sources_1/bd/WiFi/hdl/WiFi.v:13]
INFO: [Synth 8-638] synthesizing module 'WiFi_axi_emc_0_0' [C:/College/Thesis/VivadoProjects/WiFi/WiFi/WiFi.runs/synth_1/.Xil/Vivado-1248-LAPTOP-L1N8U9P6/realtime/WiFi_axi_emc_0_0_stub.v:6]
INFO: [Synth 8-256] done synthesizing module 'WiFi_axi_emc_0_0' (1#1) [C:/College/Thesis/VivadoProjects/WiFi/WiFi/WiFi.runs/synth_1/.Xil/Vivado-1248-LAPTOP-L1N8U9P6/realtime/WiFi_axi_emc_0_0_stub.v:6]
WARNING: [Synth 8-689] width (23) of port connection 'mem_a' does not match port width (32) of module 'WiFi_axi_emc_0_0' [C:/College/Thesis/VivadoProjects/WiFi/WiFi/WiFi.srcs/sources_1/bd/WiFi/hdl/WiFi.v:397]
WARNING: [Synth 8-350] instance 'axi_emc_0' of module 'WiFi_axi_emc_0_0' requires 55 connections, but only 49 given [C:/College/Thesis/VivadoProjects/WiFi/WiFi/WiFi.srcs/sources_1/bd/WiFi/hdl/WiFi.v:396]
INFO: [Synth 8-638] synthesizing module 'WiFi_axi_ethernetlite_0_0' [C:/College/Thesis/VivadoProjects/WiFi/WiFi/WiFi.runs/synth_1/.Xil/Vivado-1248-LAPTOP-L1N8U9P6/realtime/WiFi_axi_ethernetlite_0_0_stub.v:6]
INFO: [Synth 8-256] done synthesizing module 'WiFi_axi_ethernetlite_0_0' (2#1) [C:/College/Thesis/VivadoProjects/WiFi/WiFi/WiFi.runs/synth_1/.Xil/Vivado-1248-LAPTOP-L1N8U9P6/realtime/WiFi_axi_ethernetlite_0_0_stub.v:6]
WARNING: [Synth 8-350] instance 'axi_ethernetlite_0' of module 'WiFi_axi_ethernetlite_0_0' requires 34 connections, but only 33 given [C:/College/Thesis/VivadoProjects/WiFi/WiFi/WiFi.srcs/sources_1/bd/WiFi/hdl/WiFi.v:446]
INFO: [Synth 8-638] synthesizing module 'WiFi_axi_mem_intercon_0' [C:/College/Thesis/VivadoProjects/WiFi/WiFi/WiFi.srcs/sources_1/bd/WiFi/hdl/WiFi.v:1021]
INFO: [Synth 8-638] synthesizing module 'm00_couplers_imp_14VNL1R' [C:/College/Thesis/VivadoProjects/WiFi/WiFi/WiFi.srcs/sources_1/bd/WiFi/hdl/WiFi.v:2769]
INFO: [Synth 8-256] done synthesizing module 'm00_couplers_imp_14VNL1R' (3#1) [C:/College/Thesis/VivadoProjects/WiFi/WiFi/WiFi.srcs/sources_1/bd/WiFi/hdl/WiFi.v:2769]
INFO: [Synth 8-638] synthesizing module 's00_couplers_imp_NUG70A' [C:/College/Thesis/VivadoProjects/WiFi/WiFi/WiFi.srcs/sources_1/bd/WiFi/hdl/WiFi.v:4067]
INFO: [Synth 8-256] done synthesizing module 's00_couplers_imp_NUG70A' (4#1) [C:/College/Thesis/VivadoProjects/WiFi/WiFi/WiFi.srcs/sources_1/bd/WiFi/hdl/WiFi.v:4067]
INFO: [Synth 8-638] synthesizing module 's01_couplers_imp_1JROMQ4' [C:/College/Thesis/VivadoProjects/WiFi/WiFi/WiFi.srcs/sources_1/bd/WiFi/hdl/WiFi.v:4339]
INFO: [Synth 8-256] done synthesizing module 's01_couplers_imp_1JROMQ4' (5#1) [C:/College/Thesis/VivadoProjects/WiFi/WiFi/WiFi.srcs/sources_1/bd/WiFi/hdl/WiFi.v:4339]
INFO: [Synth 8-638] synthesizing module 'WiFi_xbar_0' [C:/College/Thesis/VivadoProjects/WiFi/WiFi/WiFi.runs/synth_1/.Xil/Vivado-1248-LAPTOP-L1N8U9P6/realtime/WiFi_xbar_0_stub.v:6]
INFO: [Synth 8-256] done synthesizing module 'WiFi_xbar_0' (6#1) [C:/College/Thesis/VivadoProjects/WiFi/WiFi/WiFi.runs/synth_1/.Xil/Vivado-1248-LAPTOP-L1N8U9P6/realtime/WiFi_xbar_0_stub.v:6]
WARNING: [Synth 8-350] instance 'xbar' of module 'WiFi_xbar_0' requires 78 connections, but only 74 given [C:/College/Thesis/VivadoProjects/WiFi/WiFi/WiFi.srcs/sources_1/bd/WiFi/hdl/WiFi.v:1834]
INFO: [Synth 8-256] done synthesizing module 'WiFi_axi_mem_intercon_0' (7#1) [C:/College/Thesis/VivadoProjects/WiFi/WiFi/WiFi.srcs/sources_1/bd/WiFi/hdl/WiFi.v:1021]
INFO: [Synth 8-638] synthesizing module 'WiFi_axi_quad_spi_0_0' [C:/College/Thesis/VivadoProjects/WiFi/WiFi/WiFi.runs/synth_1/.Xil/Vivado-1248-LAPTOP-L1N8U9P6/realtime/WiFi_axi_quad_spi_0_0_stub.v:6]
INFO: [Synth 8-256] done synthesizing module 'WiFi_axi_quad_spi_0_0' (8#1) [C:/College/Thesis/VivadoProjects/WiFi/WiFi/WiFi.runs/synth_1/.Xil/Vivado-1248-LAPTOP-L1N8U9P6/realtime/WiFi_axi_quad_spi_0_0_stub.v:6]
WARNING: [Synth 8-350] instance 'axi_quad_spi_0' of module 'WiFi_axi_quad_spi_0_0' requires 33 connections, but only 28 given [C:/College/Thesis/VivadoProjects/WiFi/WiFi/WiFi.srcs/sources_1/bd/WiFi/hdl/WiFi.v:598]
INFO: [Synth 8-638] synthesizing module 'WiFi_axi_timer_0_0' [C:/College/Thesis/VivadoProjects/WiFi/WiFi/WiFi.runs/synth_1/.Xil/Vivado-1248-LAPTOP-L1N8U9P6/realtime/WiFi_axi_timer_0_0_stub.v:6]
INFO: [Synth 8-256] done synthesizing module 'WiFi_axi_timer_0_0' (9#1) [C:/College/Thesis/VivadoProjects/WiFi/WiFi/WiFi.runs/synth_1/.Xil/Vivado-1248-LAPTOP-L1N8U9P6/realtime/WiFi_axi_timer_0_0_stub.v:6]
WARNING: [Synth 8-350] instance 'axi_timer_0' of module 'WiFi_axi_timer_0_0' requires 26 connections, but only 23 given [C:/College/Thesis/VivadoProjects/WiFi/WiFi/WiFi.srcs/sources_1/bd/WiFi/hdl/WiFi.v:627]
INFO: [Synth 8-638] synthesizing module 'WiFi_axi_uartlite_0_0' [C:/College/Thesis/VivadoProjects/WiFi/WiFi/WiFi.runs/synth_1/.Xil/Vivado-1248-LAPTOP-L1N8U9P6/realtime/WiFi_axi_uartlite_0_0_stub.v:6]
INFO: [Synth 8-256] done synthesizing module 'WiFi_axi_uartlite_0_0' (10#1) [C:/College/Thesis/VivadoProjects/WiFi/WiFi/WiFi.runs/synth_1/.Xil/Vivado-1248-LAPTOP-L1N8U9P6/realtime/WiFi_axi_uartlite_0_0_stub.v:6]
WARNING: [Synth 8-350] instance 'axi_uartlite_0' of module 'WiFi_axi_uartlite_0_0' requires 22 connections, but only 21 given [C:/College/Thesis/VivadoProjects/WiFi/WiFi/WiFi.srcs/sources_1/bd/WiFi/hdl/WiFi.v:651]
INFO: [Synth 8-638] synthesizing module 'WiFi_clk_wiz_1_0' [C:/College/Thesis/VivadoProjects/WiFi/WiFi/WiFi.runs/synth_1/.Xil/Vivado-1248-LAPTOP-L1N8U9P6/realtime/WiFi_clk_wiz_1_0_stub.v:5]
INFO: [Synth 8-256] done synthesizing module 'WiFi_clk_wiz_1_0' (11#1) [C:/College/Thesis/VivadoProjects/WiFi/WiFi/WiFi.runs/synth_1/.Xil/Vivado-1248-LAPTOP-L1N8U9P6/realtime/WiFi_clk_wiz_1_0_stub.v:5]
INFO: [Synth 8-638] synthesizing module 'WiFi_mdm_1_0' [C:/College/Thesis/VivadoProjects/WiFi/WiFi/WiFi.runs/synth_1/.Xil/Vivado-1248-LAPTOP-L1N8U9P6/realtime/WiFi_mdm_1_0_stub.v:6]
INFO: [Synth 8-256] done synthesizing module 'WiFi_mdm_1_0' (12#1) [C:/College/Thesis/VivadoProjects/WiFi/WiFi/WiFi.runs/synth_1/.Xil/Vivado-1248-LAPTOP-L1N8U9P6/realtime/WiFi_mdm_1_0_stub.v:6]
INFO: [Synth 8-638] synthesizing module 'WiFi_microblaze_0_0' [C:/College/Thesis/VivadoProjects/WiFi/WiFi/WiFi.runs/synth_1/.Xil/Vivado-1248-LAPTOP-L1N8U9P6/realtime/WiFi_microblaze_0_0_stub.v:6]
INFO: [Synth 8-256] done synthesizing module 'WiFi_microblaze_0_0' (13#1) [C:/College/Thesis/VivadoProjects/WiFi/WiFi/WiFi.runs/synth_1/.Xil/Vivado-1248-LAPTOP-L1N8U9P6/realtime/WiFi_microblaze_0_0_stub.v:6]
INFO: [Synth 8-638] synthesizing module 'WiFi_microblaze_0_axi_intc_0' [C:/College/Thesis/VivadoProjects/WiFi/WiFi/WiFi.runs/synth_1/.Xil/Vivado-1248-LAPTOP-L1N8U9P6/realtime/WiFi_microblaze_0_axi_intc_0_stub.v:6]
INFO: [Synth 8-256] done synthesizing module 'WiFi_microblaze_0_axi_intc_0' (14#1) [C:/College/Thesis/VivadoProjects/WiFi/WiFi/WiFi.runs/synth_1/.Xil/Vivado-1248-LAPTOP-L1N8U9P6/realtime/WiFi_microblaze_0_axi_intc_0_stub.v:6]
INFO: [Synth 8-638] synthesizing module 'WiFi_microblaze_0_axi_periph_0' [C:/College/Thesis/VivadoProjects/WiFi/WiFi/WiFi.srcs/sources_1/bd/WiFi/hdl/WiFi.v:1911]
INFO: [Synth 8-638] synthesizing module 'm00_couplers_imp_6DEH8D' [C:/College/Thesis/VivadoProjects/WiFi/WiFi/WiFi.srcs/sources_1/bd/WiFi/hdl/WiFi.v:3027]
INFO: [Synth 8-256] done synthesizing module 'm00_couplers_imp_6DEH8D' (15#1) [C:/College/Thesis/VivadoProjects/WiFi/WiFi/WiFi.srcs/sources_1/bd/WiFi/hdl/WiFi.v:3027]
INFO: [Synth 8-638] synthesizing module 'm01_couplers_imp_12U4WCR' [C:/College/Thesis/VivadoProjects/WiFi/WiFi/WiFi.srcs/sources_1/bd/WiFi/hdl/WiFi.v:3159]
INFO: [Synth 8-256] done synthesizing module 'm01_couplers_imp_12U4WCR' (16#1) [C:/College/Thesis/VivadoProjects/WiFi/WiFi/WiFi.srcs/sources_1/bd/WiFi/hdl/WiFi.v:3159]
INFO: [Synth 8-638] synthesizing module 'm02_couplers_imp_1WP7G9C' [C:/College/Thesis/VivadoProjects/WiFi/WiFi/WiFi.srcs/sources_1/bd/WiFi/hdl/WiFi.v:3291]
INFO: [Synth 8-256] done synthesizing module 'm02_couplers_imp_1WP7G9C' (17#1) [C:/College/Thesis/VivadoProjects/WiFi/WiFi/WiFi.srcs/sources_1/bd/WiFi/hdl/WiFi.v:3291]
INFO: [Synth 8-638] synthesizing module 'm03_couplers_imp_TKOB52' [C:/College/Thesis/VivadoProjects/WiFi/WiFi/WiFi.srcs/sources_1/bd/WiFi/hdl/WiFi.v:3423]
INFO: [Synth 8-256] done synthesizing module 'm03_couplers_imp_TKOB52' (18#1) [C:/College/Thesis/VivadoProjects/WiFi/WiFi/WiFi.srcs/sources_1/bd/WiFi/hdl/WiFi.v:3423]
INFO: [Synth 8-638] synthesizing module 'm04_couplers_imp_49EY06' [C:/College/Thesis/VivadoProjects/WiFi/WiFi/WiFi.srcs/sources_1/bd/WiFi/hdl/WiFi.v:3555]
INFO: [Synth 8-256] done synthesizing module 'm04_couplers_imp_49EY06' (19#1) [C:/College/Thesis/VivadoProjects/WiFi/WiFi/WiFi.srcs/sources_1/bd/WiFi/hdl/WiFi.v:3555]
INFO: [Synth 8-638] synthesizing module 's00_couplers_imp_1LSVKW8' [C:/College/Thesis/VivadoProjects/WiFi/WiFi/WiFi.srcs/sources_1/bd/WiFi/hdl/WiFi.v:3921]
INFO: [Synth 8-256] done synthesizing module 's00_couplers_imp_1LSVKW8' (20#1) [C:/College/Thesis/VivadoProjects/WiFi/WiFi/WiFi.srcs/sources_1/bd/WiFi/hdl/WiFi.v:3921]
INFO: [Synth 8-638] synthesizing module 'WiFi_xbar_1' [C:/College/Thesis/VivadoProjects/WiFi/WiFi/WiFi.runs/synth_1/.Xil/Vivado-1248-LAPTOP-L1N8U9P6/realtime/WiFi_xbar_1_stub.v:6]
INFO: [Synth 8-256] done synthesizing module 'WiFi_xbar_1' (21#1) [C:/College/Thesis/VivadoProjects/WiFi/WiFi/WiFi.runs/synth_1/.Xil/Vivado-1248-LAPTOP-L1N8U9P6/realtime/WiFi_xbar_1_stub.v:6]
WARNING: [Synth 8-350] instance 'xbar' of module 'WiFi_xbar_1' requires 40 connections, but only 38 given [C:/College/Thesis/VivadoProjects/WiFi/WiFi/WiFi.srcs/sources_1/bd/WiFi/hdl/WiFi.v:2728]
INFO: [Synth 8-256] done synthesizing module 'WiFi_microblaze_0_axi_periph_0' (22#1) [C:/College/Thesis/VivadoProjects/WiFi/WiFi/WiFi.srcs/sources_1/bd/WiFi/hdl/WiFi.v:1911]
INFO: [Synth 8-638] synthesizing module 'microblaze_0_local_memory_imp_1EEBTJT' [C:/College/Thesis/VivadoProjects/WiFi/WiFi/WiFi.srcs/sources_1/bd/WiFi/hdl/WiFi.v:3687]
INFO: [Synth 8-638] synthesizing module 'WiFi_dlmb_bram_if_cntlr_0' [C:/College/Thesis/VivadoProjects/WiFi/WiFi/WiFi.runs/synth_1/.Xil/Vivado-1248-LAPTOP-L1N8U9P6/realtime/WiFi_dlmb_bram_if_cntlr_0_stub.v:6]
INFO: [Synth 8-256] done synthesizing module 'WiFi_dlmb_bram_if_cntlr_0' (23#1) [C:/College/Thesis/VivadoProjects/WiFi/WiFi/WiFi.runs/synth_1/.Xil/Vivado-1248-LAPTOP-L1N8U9P6/realtime/WiFi_dlmb_bram_if_cntlr_0_stub.v:6]
INFO: [Synth 8-638] synthesizing module 'WiFi_dlmb_v10_0' [C:/College/Thesis/VivadoProjects/WiFi/WiFi/WiFi.runs/synth_1/.Xil/Vivado-1248-LAPTOP-L1N8U9P6/realtime/WiFi_dlmb_v10_0_stub.v:6]
INFO: [Synth 8-256] done synthesizing module 'WiFi_dlmb_v10_0' (24#1) [C:/College/Thesis/VivadoProjects/WiFi/WiFi/WiFi.runs/synth_1/.Xil/Vivado-1248-LAPTOP-L1N8U9P6/realtime/WiFi_dlmb_v10_0_stub.v:6]
WARNING: [Synth 8-350] instance 'dlmb_v10' of module 'WiFi_dlmb_v10_0' requires 25 connections, but only 24 given [C:/College/Thesis/VivadoProjects/WiFi/WiFi/WiFi.srcs/sources_1/bd/WiFi/hdl/WiFi.v:3833]
INFO: [Synth 8-638] synthesizing module 'WiFi_ilmb_bram_if_cntlr_0' [C:/College/Thesis/VivadoProjects/WiFi/WiFi/WiFi.runs/synth_1/.Xil/Vivado-1248-LAPTOP-L1N8U9P6/realtime/WiFi_ilmb_bram_if_cntlr_0_stub.v:6]
INFO: [Synth 8-256] done synthesizing module 'WiFi_ilmb_bram_if_cntlr_0' (25#1) [C:/College/Thesis/VivadoProjects/WiFi/WiFi/WiFi.runs/synth_1/.Xil/Vivado-1248-LAPTOP-L1N8U9P6/realtime/WiFi_ilmb_bram_if_cntlr_0_stub.v:6]
INFO: [Synth 8-638] synthesizing module 'WiFi_ilmb_v10_0' [C:/College/Thesis/VivadoProjects/WiFi/WiFi/WiFi.runs/synth_1/.Xil/Vivado-1248-LAPTOP-L1N8U9P6/realtime/WiFi_ilmb_v10_0_stub.v:6]
INFO: [Synth 8-256] done synthesizing module 'WiFi_ilmb_v10_0' (26#1) [C:/College/Thesis/VivadoProjects/WiFi/WiFi/WiFi.runs/synth_1/.Xil/Vivado-1248-LAPTOP-L1N8U9P6/realtime/WiFi_ilmb_v10_0_stub.v:6]
WARNING: [Synth 8-350] instance 'ilmb_v10' of module 'WiFi_ilmb_v10_0' requires 25 connections, but only 24 given [C:/College/Thesis/VivadoProjects/WiFi/WiFi/WiFi.srcs/sources_1/bd/WiFi/hdl/WiFi.v:3879]
INFO: [Synth 8-638] synthesizing module 'WiFi_lmb_bram_0' [C:/College/Thesis/VivadoProjects/WiFi/WiFi/WiFi.runs/synth_1/.Xil/Vivado-1248-LAPTOP-L1N8U9P6/realtime/WiFi_lmb_bram_0_stub.v:6]
INFO: [Synth 8-256] done synthesizing module 'WiFi_lmb_bram_0' (27#1) [C:/College/Thesis/VivadoProjects/WiFi/WiFi/WiFi.runs/synth_1/.Xil/Vivado-1248-LAPTOP-L1N8U9P6/realtime/WiFi_lmb_bram_0_stub.v:6]
INFO: [Synth 8-256] done synthesizing module 'microblaze_0_local_memory_imp_1EEBTJT' (28#1) [C:/College/Thesis/VivadoProjects/WiFi/WiFi/WiFi.srcs/sources_1/bd/WiFi/hdl/WiFi.v:3687]
INFO: [Synth 8-638] synthesizing module 'WiFi_microblaze_0_xlconcat_0' [C:/College/Thesis/VivadoProjects/WiFi/WiFi/WiFi.runs/synth_1/.Xil/Vivado-1248-LAPTOP-L1N8U9P6/realtime/WiFi_microblaze_0_xlconcat_0_stub.v:6]
INFO: [Synth 8-256] done synthesizing module 'WiFi_microblaze_0_xlconcat_0' (29#1) [C:/College/Thesis/VivadoProjects/WiFi/WiFi/WiFi.runs/synth_1/.Xil/Vivado-1248-LAPTOP-L1N8U9P6/realtime/WiFi_microblaze_0_xlconcat_0_stub.v:6]
INFO: [Synth 8-638] synthesizing module 'WiFi_mii_to_rmii_0_0' [C:/College/Thesis/VivadoProjects/WiFi/WiFi/WiFi.runs/synth_1/.Xil/Vivado-1248-LAPTOP-L1N8U9P6/realtime/WiFi_mii_to_rmii_0_0_stub.v:6]
INFO: [Synth 8-256] done synthesizing module 'WiFi_mii_to_rmii_0_0' (30#1) [C:/College/Thesis/VivadoProjects/WiFi/WiFi/WiFi.runs/synth_1/.Xil/Vivado-1248-LAPTOP-L1N8U9P6/realtime/WiFi_mii_to_rmii_0_0_stub.v:6]
INFO: [Synth 8-638] synthesizing module 'WiFi_rst_clk_wiz_1_100M_0' [C:/College/Thesis/VivadoProjects/WiFi/WiFi/WiFi.runs/synth_1/.Xil/Vivado-1248-LAPTOP-L1N8U9P6/realtime/WiFi_rst_clk_wiz_1_100M_0_stub.v:6]
INFO: [Synth 8-256] done synthesizing module 'WiFi_rst_clk_wiz_1_100M_0' (31#1) [C:/College/Thesis/VivadoProjects/WiFi/WiFi/WiFi.runs/synth_1/.Xil/Vivado-1248-LAPTOP-L1N8U9P6/realtime/WiFi_rst_clk_wiz_1_100M_0_stub.v:6]
WARNING: [Synth 8-350] instance 'rst_clk_wiz_1_100M' of module 'WiFi_rst_clk_wiz_1_100M_0' requires 10 connections, but only 9 given [C:/College/Thesis/VivadoProjects/WiFi/WiFi/WiFi.srcs/sources_1/bd/WiFi/hdl/WiFi.v:1009]
INFO: [Synth 8-256] done synthesizing module 'WiFi' (32#1) [C:/College/Thesis/VivadoProjects/WiFi/WiFi/WiFi.srcs/sources_1/bd/WiFi/hdl/WiFi.v:13]
INFO: [Synth 8-638] synthesizing module 'IOBUF' [C:/Xilinx/Vivado/2016.3/scripts/rt/data/unisim_comp.v:17333]
	Parameter DRIVE bound to: 12 - type: integer 
	Parameter IBUF_LOW_PWR bound to: TRUE - type: string 
	Parameter IOSTANDARD bound to: DEFAULT - type: string 
	Parameter SLEW bound to: SLOW - type: string 
INFO: [Synth 8-256] done synthesizing module 'IOBUF' (33#1) [C:/Xilinx/Vivado/2016.3/scripts/rt/data/unisim_comp.v:17333]
INFO: [Synth 8-256] done synthesizing module 'WiFi_wrapper' (34#1) [C:/College/Thesis/VivadoProjects/WiFi/WiFi/WiFi.srcs/sources_1/bd/WiFi/hdl/WiFi_wrapper.v:12]
WARNING: [Synth 8-3331] design s00_couplers_imp_1LSVKW8 has unconnected port M_ACLK
WARNING: [Synth 8-3331] design s00_couplers_imp_1LSVKW8 has unconnected port M_ARESETN
WARNING: [Synth 8-3331] design s00_couplers_imp_1LSVKW8 has unconnected port S_ACLK
WARNING: [Synth 8-3331] design s00_couplers_imp_1LSVKW8 has unconnected port S_ARESETN
WARNING: [Synth 8-3331] design m04_couplers_imp_49EY06 has unconnected port M_ACLK
WARNING: [Synth 8-3331] design m04_couplers_imp_49EY06 has unconnected port M_ARESETN
WARNING: [Synth 8-3331] design m04_couplers_imp_49EY06 has unconnected port S_ACLK
WARNING: [Synth 8-3331] design m04_couplers_imp_49EY06 has unconnected port S_ARESETN
WARNING: [Synth 8-3331] design m03_couplers_imp_TKOB52 has unconnected port M_ACLK
WARNING: [Synth 8-3331] design m03_couplers_imp_TKOB52 has unconnected port M_ARESETN
WARNING: [Synth 8-3331] design m03_couplers_imp_TKOB52 has unconnected port S_ACLK
WARNING: [Synth 8-3331] design m03_couplers_imp_TKOB52 has unconnected port S_ARESETN
WARNING: [Synth 8-3331] design m02_couplers_imp_1WP7G9C has unconnected port M_ACLK
WARNING: [Synth 8-3331] design m02_couplers_imp_1WP7G9C has unconnected port M_ARESETN
WARNING: [Synth 8-3331] design m02_couplers_imp_1WP7G9C has unconnected port S_ACLK
WARNING: [Synth 8-3331] design m02_couplers_imp_1WP7G9C has unconnected port S_ARESETN
WARNING: [Synth 8-3331] design m01_couplers_imp_12U4WCR has unconnected port M_ACLK
WARNING: [Synth 8-3331] design m01_couplers_imp_12U4WCR has unconnected port M_ARESETN
WARNING: [Synth 8-3331] design m01_couplers_imp_12U4WCR has unconnected port S_ACLK
WARNING: [Synth 8-3331] design m01_couplers_imp_12U4WCR has unconnected port S_ARESETN
WARNING: [Synth 8-3331] design m00_couplers_imp_6DEH8D has unconnected port M_ACLK
WARNING: [Synth 8-3331] design m00_couplers_imp_6DEH8D has unconnected port M_ARESETN
WARNING: [Synth 8-3331] design m00_couplers_imp_6DEH8D has unconnected port S_ACLK
WARNING: [Synth 8-3331] design m00_couplers_imp_6DEH8D has unconnected port S_ARESETN
WARNING: [Synth 8-3331] design s01_couplers_imp_1JROMQ4 has unconnected port M_ACLK
WARNING: [Synth 8-3331] design s01_couplers_imp_1JROMQ4 has unconnected port M_ARESETN
WARNING: [Synth 8-3331] design s01_couplers_imp_1JROMQ4 has unconnected port S_ACLK
WARNING: [Synth 8-3331] design s01_couplers_imp_1JROMQ4 has unconnected port S_ARESETN
WARNING: [Synth 8-3331] design s00_couplers_imp_NUG70A has unconnected port M_ACLK
WARNING: [Synth 8-3331] design s00_couplers_imp_NUG70A has unconnected port M_ARESETN
WARNING: [Synth 8-3331] design s00_couplers_imp_NUG70A has unconnected port S_ACLK
WARNING: [Synth 8-3331] design s00_couplers_imp_NUG70A has unconnected port S_ARESETN
WARNING: [Synth 8-3331] design m00_couplers_imp_14VNL1R has unconnected port M_ACLK
WARNING: [Synth 8-3331] design m00_couplers_imp_14VNL1R has unconnected port M_ARESETN
WARNING: [Synth 8-3331] design m00_couplers_imp_14VNL1R has unconnected port S_ACLK
WARNING: [Synth 8-3331] design m00_couplers_imp_14VNL1R has unconnected port S_ARESETN
---------------------------------------------------------------------------------
Finished RTL Elaboration : Time (s): cpu = 00:00:16 ; elapsed = 00:00:21 . Memory (MB): peak = 441.625 ; gain = 232.344
---------------------------------------------------------------------------------

Report Check Netlist: 
+------+------------------+-------+---------+-------+------------------+
|      |Item              |Errors |Warnings |Status |Description       |
+------+------------------+-------+---------+-------+------------------+
|1     |multi_driven_nets |      0|        0|Passed |Multi driven nets |
+------+------------------+-------+---------+-------+------------------+
---------------------------------------------------------------------------------
Finished RTL Optimization Phase 1 : Time (s): cpu = 00:00:17 ; elapsed = 00:00:21 . Memory (MB): peak = 441.625 ; gain = 232.344
---------------------------------------------------------------------------------
WARNING: [Project 1-486] Could not resolve non-primitive black box cell 'WiFi_axi_emc_0_0' instantiated as 'WiFi_i/axi_emc_0' [C:/College/Thesis/VivadoProjects/WiFi/WiFi/WiFi.srcs/sources_1/bd/WiFi/hdl/WiFi.v:396]
WARNING: [Project 1-486] Could not resolve non-primitive black box cell 'WiFi_axi_ethernetlite_0_0' instantiated as 'WiFi_i/axi_ethernetlite_0' [C:/College/Thesis/VivadoProjects/WiFi/WiFi/WiFi.srcs/sources_1/bd/WiFi/hdl/WiFi.v:446]
WARNING: [Project 1-486] Could not resolve non-primitive black box cell 'WiFi_axi_quad_spi_0_0' instantiated as 'WiFi_i/axi_quad_spi_0' [C:/College/Thesis/VivadoProjects/WiFi/WiFi/WiFi.srcs/sources_1/bd/WiFi/hdl/WiFi.v:598]
WARNING: [Project 1-486] Could not resolve non-primitive black box cell 'WiFi_axi_timer_0_0' instantiated as 'WiFi_i/axi_timer_0' [C:/College/Thesis/VivadoProjects/WiFi/WiFi/WiFi.srcs/sources_1/bd/WiFi/hdl/WiFi.v:627]
WARNING: [Project 1-486] Could not resolve non-primitive black box cell 'WiFi_axi_uartlite_0_0' instantiated as 'WiFi_i/axi_uartlite_0' [C:/College/Thesis/VivadoProjects/WiFi/WiFi/WiFi.srcs/sources_1/bd/WiFi/hdl/WiFi.v:651]
WARNING: [Project 1-486] Could not resolve non-primitive black box cell 'WiFi_clk_wiz_1_0' instantiated as 'WiFi_i/clk_wiz_1' [C:/College/Thesis/VivadoProjects/WiFi/WiFi/WiFi.srcs/sources_1/bd/WiFi/hdl/WiFi.v:673]
WARNING: [Project 1-486] Could not resolve non-primitive black box cell 'WiFi_dlmb_bram_if_cntlr_0' instantiated as 'WiFi_i/microblaze_0_local_memory/dlmb_bram_if_cntlr' [C:/College/Thesis/VivadoProjects/WiFi/WiFi/WiFi.srcs/sources_1/bd/WiFi/hdl/WiFi.v:3812]
WARNING: [Project 1-486] Could not resolve non-primitive black box cell 'WiFi_dlmb_v10_0' instantiated as 'WiFi_i/microblaze_0_local_memory/dlmb_v10' [C:/College/Thesis/VivadoProjects/WiFi/WiFi/WiFi.srcs/sources_1/bd/WiFi/hdl/WiFi.v:3833]
WARNING: [Project 1-486] Could not resolve non-primitive black box cell 'WiFi_ilmb_bram_if_cntlr_0' instantiated as 'WiFi_i/microblaze_0_local_memory/ilmb_bram_if_cntlr' [C:/College/Thesis/VivadoProjects/WiFi/WiFi/WiFi.srcs/sources_1/bd/WiFi/hdl/WiFi.v:3858]
WARNING: [Project 1-486] Could not resolve non-primitive black box cell 'WiFi_ilmb_v10_0' instantiated as 'WiFi_i/microblaze_0_local_memory/ilmb_v10' [C:/College/Thesis/VivadoProjects/WiFi/WiFi/WiFi.srcs/sources_1/bd/WiFi/hdl/WiFi.v:3879]
WARNING: [Project 1-486] Could not resolve non-primitive black box cell 'WiFi_lmb_bram_0' instantiated as 'WiFi_i/microblaze_0_local_memory/lmb_bram' [C:/College/Thesis/VivadoProjects/WiFi/WiFi/WiFi.srcs/sources_1/bd/WiFi/hdl/WiFi.v:3904]
WARNING: [Project 1-486] Could not resolve non-primitive black box cell 'WiFi_mdm_1_0' instantiated as 'WiFi_i/mdm_1' [C:/College/Thesis/VivadoProjects/WiFi/WiFi/WiFi.srcs/sources_1/bd/WiFi/hdl/WiFi.v:679]
WARNING: [Project 1-486] Could not resolve non-primitive black box cell 'WiFi_microblaze_0_0' instantiated as 'WiFi_i/microblaze_0' [C:/College/Thesis/VivadoProjects/WiFi/WiFi/WiFi.srcs/sources_1/bd/WiFi/hdl/WiFi.v:692]
WARNING: [Project 1-486] Could not resolve non-primitive black box cell 'WiFi_microblaze_0_axi_intc_0' instantiated as 'WiFi_i/microblaze_0_axi_intc' [C:/College/Thesis/VivadoProjects/WiFi/WiFi/WiFi.srcs/sources_1/bd/WiFi/hdl/WiFi.v:819]
WARNING: [Project 1-486] Could not resolve non-primitive black box cell 'WiFi_microblaze_0_xlconcat_0' instantiated as 'WiFi_i/microblaze_0_xlconcat' [C:/College/Thesis/VivadoProjects/WiFi/WiFi/WiFi.srcs/sources_1/bd/WiFi/hdl/WiFi.v:986]
WARNING: [Project 1-486] Could not resolve non-primitive black box cell 'WiFi_mii_to_rmii_0_0' instantiated as 'WiFi_i/mii_to_rmii_0' [C:/College/Thesis/VivadoProjects/WiFi/WiFi/WiFi.srcs/sources_1/bd/WiFi/hdl/WiFi.v:991]
WARNING: [Project 1-486] Could not resolve non-primitive black box cell 'WiFi_rst_clk_wiz_1_100M_0' instantiated as 'WiFi_i/rst_clk_wiz_1_100M' [C:/College/Thesis/VivadoProjects/WiFi/WiFi/WiFi.srcs/sources_1/bd/WiFi/hdl/WiFi.v:1009]
WARNING: [Project 1-486] Could not resolve non-primitive black box cell 'WiFi_xbar_0' instantiated as 'WiFi_i/axi_mem_intercon/xbar' [C:/College/Thesis/VivadoProjects/WiFi/WiFi/WiFi.srcs/sources_1/bd/WiFi/hdl/WiFi.v:1834]
WARNING: [Project 1-486] Could not resolve non-primitive black box cell 'WiFi_xbar_1' instantiated as 'WiFi_i/microblaze_0_axi_periph/xbar' [C:/College/Thesis/VivadoProjects/WiFi/WiFi/WiFi.srcs/sources_1/bd/WiFi/hdl/WiFi.v:2728]
INFO: [Netlist 29-17] Analyzing 17 Unisim elements for replacement
INFO: [Netlist 29-28] Unisim Transformation completed in 0 CPU seconds
INFO: [Device 21-403] Loading part xc7a100tcsg324-1
INFO: [Project 1-570] Preparing netlist for logic optimization

Processing XDC Constraints
Initializing timing engine
Parsing XDC File [C:/College/Thesis/VivadoProjects/WiFi/WiFi/WiFi.runs/synth_1/.Xil/Vivado-1248-LAPTOP-L1N8U9P6/dcp/WiFi_microblaze_0_0_in_context.xdc] for cell 'WiFi_i/microblaze_0'
Finished Parsing XDC File [C:/College/Thesis/VivadoProjects/WiFi/WiFi/WiFi.runs/synth_1/.Xil/Vivado-1248-LAPTOP-L1N8U9P6/dcp/WiFi_microblaze_0_0_in_context.xdc] for cell 'WiFi_i/microblaze_0'
Parsing XDC File [C:/College/Thesis/VivadoProjects/WiFi/WiFi/WiFi.runs/synth_1/.Xil/Vivado-1248-LAPTOP-L1N8U9P6/dcp_2/WiFi_ilmb_v10_0_in_context.xdc] for cell 'WiFi_i/microblaze_0_local_memory/dlmb_v10'
Finished Parsing XDC File [C:/College/Thesis/VivadoProjects/WiFi/WiFi/WiFi.runs/synth_1/.Xil/Vivado-1248-LAPTOP-L1N8U9P6/dcp_2/WiFi_ilmb_v10_0_in_context.xdc] for cell 'WiFi_i/microblaze_0_local_memory/dlmb_v10'
Parsing XDC File [C:/College/Thesis/VivadoProjects/WiFi/WiFi/WiFi.runs/synth_1/.Xil/Vivado-1248-LAPTOP-L1N8U9P6/dcp_3/WiFi_ilmb_v10_0_in_context.xdc] for cell 'WiFi_i/microblaze_0_local_memory/ilmb_v10'
Finished Parsing XDC File [C:/College/Thesis/VivadoProjects/WiFi/WiFi/WiFi.runs/synth_1/.Xil/Vivado-1248-LAPTOP-L1N8U9P6/dcp_3/WiFi_ilmb_v10_0_in_context.xdc] for cell 'WiFi_i/microblaze_0_local_memory/ilmb_v10'
Parsing XDC File [C:/College/Thesis/VivadoProjects/WiFi/WiFi/WiFi.runs/synth_1/.Xil/Vivado-1248-LAPTOP-L1N8U9P6/dcp_4/WiFi_dlmb_bram_if_cntlr_0_in_context.xdc] for cell 'WiFi_i/microblaze_0_local_memory/dlmb_bram_if_cntlr'
Finished Parsing XDC File [C:/College/Thesis/VivadoProjects/WiFi/WiFi/WiFi.runs/synth_1/.Xil/Vivado-1248-LAPTOP-L1N8U9P6/dcp_4/WiFi_dlmb_bram_if_cntlr_0_in_context.xdc] for cell 'WiFi_i/microblaze_0_local_memory/dlmb_bram_if_cntlr'
Parsing XDC File [C:/College/Thesis/VivadoProjects/WiFi/WiFi/WiFi.runs/synth_1/.Xil/Vivado-1248-LAPTOP-L1N8U9P6/dcp_5/WiFi_ilmb_bram_if_cntlr_0_in_context.xdc] for cell 'WiFi_i/microblaze_0_local_memory/ilmb_bram_if_cntlr'
Finished Parsing XDC File [C:/College/Thesis/VivadoProjects/WiFi/WiFi/WiFi.runs/synth_1/.Xil/Vivado-1248-LAPTOP-L1N8U9P6/dcp_5/WiFi_ilmb_bram_if_cntlr_0_in_context.xdc] for cell 'WiFi_i/microblaze_0_local_memory/ilmb_bram_if_cntlr'
Parsing XDC File [C:/College/Thesis/VivadoProjects/WiFi/WiFi/WiFi.runs/synth_1/.Xil/Vivado-1248-LAPTOP-L1N8U9P6/dcp_6/WiFi_lmb_bram_0_in_context.xdc] for cell 'WiFi_i/microblaze_0_local_memory/lmb_bram'
Finished Parsing XDC File [C:/College/Thesis/VivadoProjects/WiFi/WiFi/WiFi.runs/synth_1/.Xil/Vivado-1248-LAPTOP-L1N8U9P6/dcp_6/WiFi_lmb_bram_0_in_context.xdc] for cell 'WiFi_i/microblaze_0_local_memory/lmb_bram'
Parsing XDC File [C:/College/Thesis/VivadoProjects/WiFi/WiFi/WiFi.runs/synth_1/.Xil/Vivado-1248-LAPTOP-L1N8U9P6/dcp_7/WiFi_microblaze_0_axi_intc_0_in_context.xdc] for cell 'WiFi_i/microblaze_0_axi_intc'
Finished Parsing XDC File [C:/College/Thesis/VivadoProjects/WiFi/WiFi/WiFi.runs/synth_1/.Xil/Vivado-1248-LAPTOP-L1N8U9P6/dcp_7/WiFi_microblaze_0_axi_intc_0_in_context.xdc] for cell 'WiFi_i/microblaze_0_axi_intc'
Parsing XDC File [C:/College/Thesis/VivadoProjects/WiFi/WiFi/WiFi.runs/synth_1/.Xil/Vivado-1248-LAPTOP-L1N8U9P6/dcp_8/WiFi_microblaze_0_xlconcat_0_in_context.xdc] for cell 'WiFi_i/microblaze_0_xlconcat'
Finished Parsing XDC File [C:/College/Thesis/VivadoProjects/WiFi/WiFi/WiFi.runs/synth_1/.Xil/Vivado-1248-LAPTOP-L1N8U9P6/dcp_8/WiFi_microblaze_0_xlconcat_0_in_context.xdc] for cell 'WiFi_i/microblaze_0_xlconcat'
Parsing XDC File [C:/College/Thesis/VivadoProjects/WiFi/WiFi/WiFi.runs/synth_1/.Xil/Vivado-1248-LAPTOP-L1N8U9P6/dcp_9/WiFi_mdm_1_0_in_context.xdc] for cell 'WiFi_i/mdm_1'
Finished Parsing XDC File [C:/College/Thesis/VivadoProjects/WiFi/WiFi/WiFi.runs/synth_1/.Xil/Vivado-1248-LAPTOP-L1N8U9P6/dcp_9/WiFi_mdm_1_0_in_context.xdc] for cell 'WiFi_i/mdm_1'
Parsing XDC File [C:/College/Thesis/VivadoProjects/WiFi/WiFi/WiFi.runs/synth_1/.Xil/Vivado-1248-LAPTOP-L1N8U9P6/dcp_10/WiFi_clk_wiz_1_0_in_context.xdc] for cell 'WiFi_i/clk_wiz_1'
Finished Parsing XDC File [C:/College/Thesis/VivadoProjects/WiFi/WiFi/WiFi.runs/synth_1/.Xil/Vivado-1248-LAPTOP-L1N8U9P6/dcp_10/WiFi_clk_wiz_1_0_in_context.xdc] for cell 'WiFi_i/clk_wiz_1'
Parsing XDC File [C:/College/Thesis/VivadoProjects/WiFi/WiFi/WiFi.runs/synth_1/.Xil/Vivado-1248-LAPTOP-L1N8U9P6/dcp_11/WiFi_rst_clk_wiz_1_100M_0_in_context.xdc] for cell 'WiFi_i/rst_clk_wiz_1_100M'
Finished Parsing XDC File [C:/College/Thesis/VivadoProjects/WiFi/WiFi/WiFi.runs/synth_1/.Xil/Vivado-1248-LAPTOP-L1N8U9P6/dcp_11/WiFi_rst_clk_wiz_1_100M_0_in_context.xdc] for cell 'WiFi_i/rst_clk_wiz_1_100M'
Parsing XDC File [C:/College/Thesis/VivadoProjects/WiFi/WiFi/WiFi.runs/synth_1/.Xil/Vivado-1248-LAPTOP-L1N8U9P6/dcp_12/WiFi_axi_emc_0_0_in_context.xdc] for cell 'WiFi_i/axi_emc_0'
Finished Parsing XDC File [C:/College/Thesis/VivadoProjects/WiFi/WiFi/WiFi.runs/synth_1/.Xil/Vivado-1248-LAPTOP-L1N8U9P6/dcp_12/WiFi_axi_emc_0_0_in_context.xdc] for cell 'WiFi_i/axi_emc_0'
Parsing XDC File [C:/College/Thesis/VivadoProjects/WiFi/WiFi/WiFi.runs/synth_1/.Xil/Vivado-1248-LAPTOP-L1N8U9P6/dcp_13/WiFi_axi_uartlite_0_0_in_context.xdc] for cell 'WiFi_i/axi_uartlite_0'
Finished Parsing XDC File [C:/College/Thesis/VivadoProjects/WiFi/WiFi/WiFi.runs/synth_1/.Xil/Vivado-1248-LAPTOP-L1N8U9P6/dcp_13/WiFi_axi_uartlite_0_0_in_context.xdc] for cell 'WiFi_i/axi_uartlite_0'
Parsing XDC File [C:/College/Thesis/VivadoProjects/WiFi/WiFi/WiFi.runs/synth_1/.Xil/Vivado-1248-LAPTOP-L1N8U9P6/dcp_14/WiFi_mii_to_rmii_0_0_in_context.xdc] for cell 'WiFi_i/mii_to_rmii_0'
Finished Parsing XDC File [C:/College/Thesis/VivadoProjects/WiFi/WiFi/WiFi.runs/synth_1/.Xil/Vivado-1248-LAPTOP-L1N8U9P6/dcp_14/WiFi_mii_to_rmii_0_0_in_context.xdc] for cell 'WiFi_i/mii_to_rmii_0'
Parsing XDC File [C:/College/Thesis/VivadoProjects/WiFi/WiFi/WiFi.runs/synth_1/.Xil/Vivado-1248-LAPTOP-L1N8U9P6/dcp_15/WiFi_axi_ethernetlite_0_0_in_context.xdc] for cell 'WiFi_i/axi_ethernetlite_0'
Finished Parsing XDC File [C:/College/Thesis/VivadoProjects/WiFi/WiFi/WiFi.runs/synth_1/.Xil/Vivado-1248-LAPTOP-L1N8U9P6/dcp_15/WiFi_axi_ethernetlite_0_0_in_context.xdc] for cell 'WiFi_i/axi_ethernetlite_0'
Parsing XDC File [C:/College/Thesis/VivadoProjects/WiFi/WiFi/WiFi.runs/synth_1/.Xil/Vivado-1248-LAPTOP-L1N8U9P6/dcp_16/WiFi_axi_timer_0_0_in_context.xdc] for cell 'WiFi_i/axi_timer_0'
Finished Parsing XDC File [C:/College/Thesis/VivadoProjects/WiFi/WiFi/WiFi.runs/synth_1/.Xil/Vivado-1248-LAPTOP-L1N8U9P6/dcp_16/WiFi_axi_timer_0_0_in_context.xdc] for cell 'WiFi_i/axi_timer_0'
Parsing XDC File [C:/College/Thesis/VivadoProjects/WiFi/WiFi/WiFi.runs/synth_1/.Xil/Vivado-1248-LAPTOP-L1N8U9P6/dcp_17/WiFi_axi_quad_spi_0_0_in_context.xdc] for cell 'WiFi_i/axi_quad_spi_0'
Finished Parsing XDC File [C:/College/Thesis/VivadoProjects/WiFi/WiFi/WiFi.runs/synth_1/.Xil/Vivado-1248-LAPTOP-L1N8U9P6/dcp_17/WiFi_axi_quad_spi_0_0_in_context.xdc] for cell 'WiFi_i/axi_quad_spi_0'
Parsing XDC File [C:/College/Thesis/VivadoProjects/WiFi/WiFi/WiFi.runs/synth_1/.Xil/Vivado-1248-LAPTOP-L1N8U9P6/dcp_18/WiFi_xbar_0_in_context.xdc] for cell 'WiFi_i/axi_mem_intercon/xbar'
Finished Parsing XDC File [C:/College/Thesis/VivadoProjects/WiFi/WiFi/WiFi.runs/synth_1/.Xil/Vivado-1248-LAPTOP-L1N8U9P6/dcp_18/WiFi_xbar_0_in_context.xdc] for cell 'WiFi_i/axi_mem_intercon/xbar'
Parsing XDC File [C:/College/Thesis/VivadoProjects/WiFi/WiFi/WiFi.runs/synth_1/.Xil/Vivado-1248-LAPTOP-L1N8U9P6/dcp_19/WiFi_xbar_1_in_context.xdc] for cell 'WiFi_i/microblaze_0_axi_periph/xbar'
Finished Parsing XDC File [C:/College/Thesis/VivadoProjects/WiFi/WiFi/WiFi.runs/synth_1/.Xil/Vivado-1248-LAPTOP-L1N8U9P6/dcp_19/WiFi_xbar_1_in_context.xdc] for cell 'WiFi_i/microblaze_0_axi_periph/xbar'
Parsing XDC File [C:/College/Thesis/VivadoProjects/WiFi/WiFi/WiFi.srcs/constrs_1/new/WiFi.xdc]
Finished Parsing XDC File [C:/College/Thesis/VivadoProjects/WiFi/WiFi/WiFi.srcs/constrs_1/new/WiFi.xdc]
INFO: [Project 1-236] Implementation specific constraints were found while reading constraint file [C:/College/Thesis/VivadoProjects/WiFi/WiFi/WiFi.srcs/constrs_1/new/WiFi.xdc]. These constraints will be ignored for synthesis but will be used in implementation. Impacted constraints are listed in the file [.Xil/WiFi_wrapper_propImpl.xdc].
Resolution: To avoid this warning, move constraints listed in [.Xil/WiFi_wrapper_propImpl.xdc] to another XDC file and exclude this new file from synthesis with the used_in_synthesis property (File Properties dialog in GUI) and re-run elaboration/synthesis.
Parsing XDC File [C:/College/Thesis/VivadoProjects/WiFi/WiFi/WiFi.runs/synth_1/dont_touch.xdc]
Finished Parsing XDC File [C:/College/Thesis/VivadoProjects/WiFi/WiFi/WiFi.runs/synth_1/dont_touch.xdc]
Completed Processing XDC Constraints

INFO: [Project 1-111] Unisim Transformation Summary:
  A total of 17 instances were transformed.
  IOBUF => IOBUF (IBUF, OBUFT): 17 instances

Constraint Validation Runtime : Time (s): cpu = 00:00:00 ; elapsed = 00:00:00.016 . Memory (MB): peak = 725.242 ; gain = 0.000
WARNING: [Timing 38-316] Clock period '20.000' specified during out-of-context synthesis of instance 'WiFi_i/axi_quad_spi_0' at clock pin 'ext_spi_clk' is different from the actual clock period '10.000', this can lead to different synthesis results.
WARNING: [Timing 38-316] Clock period '20.000' specified during out-of-context synthesis of instance 'WiFi_i/microblaze_0_local_memory/lmb_bram' at clock pin 'clka' is different from the actual clock period '10.000', this can lead to different synthesis results.
---------------------------------------------------------------------------------
Finished Constraint Validation : Time (s): cpu = 00:00:28 ; elapsed = 00:00:36 . Memory (MB): peak = 725.242 ; gain = 515.961
---------------------------------------------------------------------------------
---------------------------------------------------------------------------------
Start Loading Part and Timing Information
---------------------------------------------------------------------------------
Loading part: xc7a100tcsg324-1
---------------------------------------------------------------------------------
Finished Loading Part and Timing Information : Time (s): cpu = 00:00:28 ; elapsed = 00:00:36 . Memory (MB): peak = 725.242 ; gain = 515.961
---------------------------------------------------------------------------------
---------------------------------------------------------------------------------
Start Applying 'set_property' XDC Constraints
---------------------------------------------------------------------------------
Applied set_property IO_BUFFER_TYPE = NONE for sys_clock. (constraint file  C:/College/Thesis/VivadoProjects/WiFi/WiFi/WiFi.runs/synth_1/.Xil/Vivado-1248-LAPTOP-L1N8U9P6/dcp_10/WiFi_clk_wiz_1_0_in_context.xdc, line 4).
Applied set_property CLOCK_BUFFER_TYPE = NONE for sys_clock. (constraint file  C:/College/Thesis/VivadoProjects/WiFi/WiFi/WiFi.runs/synth_1/.Xil/Vivado-1248-LAPTOP-L1N8U9P6/dcp_10/WiFi_clk_wiz_1_0_in_context.xdc, line 5).
Applied set_property DONT_TOUCH = true for WiFi_i. (constraint file  auto generated constraint, line ).
Applied set_property DONT_TOUCH = true for WiFi_i/axi_emc_0. (constraint file  auto generated constraint, line ).
Applied set_property DONT_TOUCH = true for WiFi_i/axi_ethernetlite_0. (constraint file  auto generated constraint, line ).
Applied set_property DONT_TOUCH = true for WiFi_i/axi_mem_intercon. (constraint file  auto generated constraint, line ).
Applied set_property DONT_TOUCH = true for WiFi_i/axi_mem_intercon/xbar. (constraint file  auto generated constraint, line ).
Applied set_property DONT_TOUCH = true for WiFi_i/axi_quad_spi_0. (constraint file  auto generated constraint, line ).
Applied set_property DONT_TOUCH = true for WiFi_i/axi_timer_0. (constraint file  auto generated constraint, line ).
Applied set_property DONT_TOUCH = true for WiFi_i/axi_uartlite_0. (constraint file  auto generated constraint, line ).
Applied set_property DONT_TOUCH = true for WiFi_i/clk_wiz_1. (constraint file  auto generated constraint, line ).
Applied set_property DONT_TOUCH = true for WiFi_i/mdm_1. (constraint file  auto generated constraint, line ).
Applied set_property DONT_TOUCH = true for WiFi_i/microblaze_0. (constraint file  auto generated constraint, line ).
Applied set_property DONT_TOUCH = true for WiFi_i/microblaze_0_axi_intc. (constraint file  auto generated constraint, line ).
Applied set_property DONT_TOUCH = true for WiFi_i/microblaze_0_axi_periph. (constraint file  auto generated constraint, line ).
Applied set_property DONT_TOUCH = true for WiFi_i/microblaze_0_axi_periph/xbar. (constraint file  auto generated constraint, line ).
Applied set_property DONT_TOUCH = true for WiFi_i/microblaze_0_local_memory/dlmb_bram_if_cntlr. (constraint file  auto generated constraint, line ).
Applied set_property DONT_TOUCH = true for WiFi_i/microblaze_0_local_memory/dlmb_v10. (constraint file  auto generated constraint, line ).
Applied set_property DONT_TOUCH = true for WiFi_i/microblaze_0_local_memory/ilmb_bram_if_cntlr. (constraint file  auto generated constraint, line ).
Applied set_property DONT_TOUCH = true for WiFi_i/microblaze_0_local_memory/ilmb_v10. (constraint file  auto generated constraint, line ).
Applied set_property DONT_TOUCH = true for WiFi_i/microblaze_0_local_memory/lmb_bram. (constraint file  auto generated constraint, line ).
Applied set_property DONT_TOUCH = true for WiFi_i/microblaze_0_xlconcat. (constraint file  auto generated constraint, line ).
Applied set_property DONT_TOUCH = true for WiFi_i/mii_to_rmii_0. (constraint file  auto generated constraint, line ).
Applied set_property DONT_TOUCH = true for WiFi_i/rst_clk_wiz_1_100M. (constraint file  auto generated constraint, line ).
---------------------------------------------------------------------------------
Finished applying 'set_property' XDC Constraints : Time (s): cpu = 00:00:29 ; elapsed = 00:00:36 . Memory (MB): peak = 725.242 ; gain = 515.961
---------------------------------------------------------------------------------
---------------------------------------------------------------------------------
Finished RTL Optimization Phase 2 : Time (s): cpu = 00:00:29 ; elapsed = 00:00:37 . Memory (MB): peak = 725.242 ; gain = 515.961
---------------------------------------------------------------------------------

Report RTL Partitions: 
+-+--------------+------------+----------+
| |RTL Partition |Replication |Instances |
+-+--------------+------------+----------+
+-+--------------+------------+----------+
---------------------------------------------------------------------------------
Start RTL Component Statistics 
---------------------------------------------------------------------------------
Detailed RTL Component Info : 
---------------------------------------------------------------------------------
Finished RTL Component Statistics 
---------------------------------------------------------------------------------
---------------------------------------------------------------------------------
Start RTL Hierarchical Component Statistics 
---------------------------------------------------------------------------------
Hierarchical RTL Component report 
---------------------------------------------------------------------------------
Finished RTL Hierarchical Component Statistics
---------------------------------------------------------------------------------
---------------------------------------------------------------------------------
Start Part Resource Summary
---------------------------------------------------------------------------------
Part Resources:
DSPs: 240 (col length:80)
BRAMs: 270 (col length: RAMB18 80 RAMB36 40)
---------------------------------------------------------------------------------
Finished Part Resource Summary
---------------------------------------------------------------------------------
---------------------------------------------------------------------------------
Start Cross Boundary and Area Optimization
---------------------------------------------------------------------------------
WARNING: [Synth 8-3331] design WiFi_microblaze_0_axi_periph_0 has unconnected port M00_ACLK
WARNING: [Synth 8-3331] design WiFi_microblaze_0_axi_periph_0 has unconnected port M00_ARESETN
WARNING: [Synth 8-3331] design WiFi_microblaze_0_axi_periph_0 has unconnected port M01_ACLK
WARNING: [Synth 8-3331] design WiFi_microblaze_0_axi_periph_0 has unconnected port M01_ARESETN
WARNING: [Synth 8-3331] design WiFi_microblaze_0_axi_periph_0 has unconnected port M02_ACLK
WARNING: [Synth 8-3331] design WiFi_microblaze_0_axi_periph_0 has unconnected port M02_ARESETN
WARNING: [Synth 8-3331] design WiFi_microblaze_0_axi_periph_0 has unconnected port M03_ACLK
WARNING: [Synth 8-3331] design WiFi_microblaze_0_axi_periph_0 has unconnected port M03_ARESETN
WARNING: [Synth 8-3331] design WiFi_microblaze_0_axi_periph_0 has unconnected port M04_ACLK
WARNING: [Synth 8-3331] design WiFi_microblaze_0_axi_periph_0 has unconnected port M04_ARESETN
WARNING: [Synth 8-3331] design WiFi_microblaze_0_axi_periph_0 has unconnected port S00_ACLK
WARNING: [Synth 8-3331] design WiFi_microblaze_0_axi_periph_0 has unconnected port S00_ARESETN
WARNING: [Synth 8-3331] design WiFi_axi_mem_intercon_0 has unconnected port M00_ACLK
WARNING: [Synth 8-3331] design WiFi_axi_mem_intercon_0 has unconnected port M00_ARESETN
WARNING: [Synth 8-3331] design WiFi_axi_mem_intercon_0 has unconnected port S00_ACLK
WARNING: [Synth 8-3331] design WiFi_axi_mem_intercon_0 has unconnected port S00_ARESETN
WARNING: [Synth 8-3331] design WiFi_axi_mem_intercon_0 has unconnected port S01_ACLK
WARNING: [Synth 8-3331] design WiFi_axi_mem_intercon_0 has unconnected port S01_ARESETN
---------------------------------------------------------------------------------
Finished Cross Boundary and Area Optimization : Time (s): cpu = 00:00:29 ; elapsed = 00:00:37 . Memory (MB): peak = 725.242 ; gain = 515.961
---------------------------------------------------------------------------------

Report RTL Partitions: 
+-+--------------+------------+----------+
| |RTL Partition |Replication |Instances |
+-+--------------+------------+----------+
+-+--------------+------------+----------+
---------------------------------------------------------------------------------
Start Timing Optimization
---------------------------------------------------------------------------------
---------------------------------------------------------------------------------
Start Applying XDC Timing Constraints
---------------------------------------------------------------------------------
INFO: [Synth 8-5578] Moved timing constraint from pin 'WiFi_i/microblaze_0_local_memory/dlmb_bram_if_cntlr/BRAM_Clk_A' to pin 'WiFi_i/microblaze_0_local_memory/dlmb_bram_if_cntlr/bbstub_BRAM_Clk_A/O'
INFO: [Synth 8-5578] Moved timing constraint from pin 'WiFi_i/microblaze_0_local_memory/ilmb_bram_if_cntlr/BRAM_Clk_A' to pin 'WiFi_i/microblaze_0_local_memory/ilmb_bram_if_cntlr/bbstub_BRAM_Clk_A/O'
INFO: [Synth 8-5578] Moved timing constraint from pin 'WiFi_i/mdm_1/Dbg_Clk_0' to pin 'WiFi_i/mdm_1/bbstub_Dbg_Clk_0/O'
INFO: [Synth 8-5578] Moved timing constraint from pin 'WiFi_i/mdm_1/Dbg_Update_0' to pin 'WiFi_i/mdm_1/bbstub_Dbg_Update_0/O'
INFO: [Synth 8-5578] Moved timing constraint from pin 'WiFi_i/clk_wiz_1/clk_out1' to pin 'WiFi_i/clk_wiz_1/bbstub_clk_out1/O'
INFO: [Synth 8-5578] Moved timing constraint from pin 'WiFi_i/clk_wiz_1/clk_out2' to pin 'WiFi_i/clk_wiz_1/bbstub_clk_out2/O'
INFO: [Synth 8-5578] Moved timing constraint from pin 'WiFi_i/axi_ethernetlite_0/phy_rx_clk' to pin 'WiFi_i/mii_to_rmii_0/bbstub_rmii2mac_rx_clk/O'
INFO: [Synth 8-5578] Moved timing constraint from pin 'WiFi_i/axi_ethernetlite_0/phy_tx_clk' to pin 'WiFi_i/mii_to_rmii_0/bbstub_rmii2mac_tx_clk/O'
INFO: [Synth 8-5819] Moved 8 constraints on hierarchical pins to their respective driving/loading pins
---------------------------------------------------------------------------------
Finished Applying XDC Timing Constraints : Time (s): cpu = 00:00:42 ; elapsed = 00:00:50 . Memory (MB): peak = 725.242 ; gain = 515.961
---------------------------------------------------------------------------------
---------------------------------------------------------------------------------
Finished Timing Optimization : Time (s): cpu = 00:00:42 ; elapsed = 00:00:50 . Memory (MB): peak = 725.242 ; gain = 515.961
---------------------------------------------------------------------------------

Report RTL Partitions: 
+-+--------------+------------+----------+
| |RTL Partition |Replication |Instances |
+-+--------------+------------+----------+
+-+--------------+------------+----------+
---------------------------------------------------------------------------------
Start Technology Mapping
---------------------------------------------------------------------------------
---------------------------------------------------------------------------------
Finished Technology Mapping : Time (s): cpu = 00:00:42 ; elapsed = 00:00:50 . Memory (MB): peak = 725.242 ; gain = 515.961
---------------------------------------------------------------------------------

Report RTL Partitions: 
+-+--------------+------------+----------+
| |RTL Partition |Replication |Instances |
+-+--------------+------------+----------+
+-+--------------+------------+----------+
---------------------------------------------------------------------------------
Start IO Insertion
---------------------------------------------------------------------------------
---------------------------------------------------------------------------------
Start Flattening Before IO Insertion
---------------------------------------------------------------------------------
---------------------------------------------------------------------------------
Finished Flattening Before IO Insertion
---------------------------------------------------------------------------------
---------------------------------------------------------------------------------
Start Final Netlist Cleanup
---------------------------------------------------------------------------------
---------------------------------------------------------------------------------
Finished Final Netlist Cleanup
---------------------------------------------------------------------------------
---------------------------------------------------------------------------------
Finished IO Insertion : Time (s): cpu = 00:00:43 ; elapsed = 00:00:51 . Memory (MB): peak = 725.242 ; gain = 515.961
---------------------------------------------------------------------------------

Report Check Netlist: 
+------+------------------+-------+---------+-------+------------------+
|      |Item              |Errors |Warnings |Status |Description       |
+------+------------------+-------+---------+-------+------------------+
|1     |multi_driven_nets |      0|        0|Passed |Multi driven nets |
+------+------------------+-------+---------+-------+------------------+
---------------------------------------------------------------------------------
Start Renaming Generated Instances
---------------------------------------------------------------------------------
---------------------------------------------------------------------------------
Finished Renaming Generated Instances : Time (s): cpu = 00:00:43 ; elapsed = 00:00:51 . Memory (MB): peak = 725.242 ; gain = 515.961
---------------------------------------------------------------------------------

Report RTL Partitions: 
+-+--------------+------------+----------+
| |RTL Partition |Replication |Instances |
+-+--------------+------------+----------+
+-+--------------+------------+----------+
---------------------------------------------------------------------------------
Start Rebuilding User Hierarchy
---------------------------------------------------------------------------------
---------------------------------------------------------------------------------
Finished Rebuilding User Hierarchy : Time (s): cpu = 00:00:43 ; elapsed = 00:00:51 . Memory (MB): peak = 725.242 ; gain = 515.961
---------------------------------------------------------------------------------
---------------------------------------------------------------------------------
Start Renaming Generated Ports
---------------------------------------------------------------------------------
---------------------------------------------------------------------------------
Finished Renaming Generated Ports : Time (s): cpu = 00:00:43 ; elapsed = 00:00:51 . Memory (MB): peak = 725.242 ; gain = 515.961
---------------------------------------------------------------------------------
---------------------------------------------------------------------------------
Start Handling Custom Attributes
---------------------------------------------------------------------------------
---------------------------------------------------------------------------------
Finished Handling Custom Attributes : Time (s): cpu = 00:00:43 ; elapsed = 00:00:51 . Memory (MB): peak = 725.242 ; gain = 515.961
---------------------------------------------------------------------------------
---------------------------------------------------------------------------------
Start Renaming Generated Nets
---------------------------------------------------------------------------------
---------------------------------------------------------------------------------
Finished Renaming Generated Nets : Time (s): cpu = 00:00:43 ; elapsed = 00:00:51 . Memory (MB): peak = 725.242 ; gain = 515.961
---------------------------------------------------------------------------------
---------------------------------------------------------------------------------
Start Writing Synthesis Report
---------------------------------------------------------------------------------

Report BlackBoxes: 
+------+-----------------------------+----------+
|      |BlackBox name                |Instances |
+------+-----------------------------+----------+
|1     |WiFi_axi_emc_0_0             |         1|
|2     |WiFi_axi_ethernetlite_0_0    |         1|
|3     |WiFi_xbar_0                  |         1|
|4     |WiFi_axi_quad_spi_0_0        |         1|
|5     |WiFi_axi_timer_0_0           |         1|
|6     |WiFi_axi_uartlite_0_0        |         1|
|7     |WiFi_clk_wiz_1_0             |         1|
|8     |WiFi_mdm_1_0                 |         1|
|9     |WiFi_microblaze_0_0          |         1|
|10    |WiFi_microblaze_0_axi_intc_0 |         1|
|11    |WiFi_xbar_1                  |         1|
|12    |WiFi_microblaze_0_xlconcat_0 |         1|
|13    |WiFi_mii_to_rmii_0_0         |         1|
|14    |WiFi_rst_clk_wiz_1_100M_0    |         1|
|15    |WiFi_dlmb_bram_if_cntlr_0    |         1|
|16    |WiFi_dlmb_v10_0              |         1|
|17    |WiFi_ilmb_bram_if_cntlr_0    |         1|
|18    |WiFi_ilmb_v10_0              |         1|
|19    |WiFi_lmb_bram_0              |         1|
+------+-----------------------------+----------+

Report Cell Usage: 
+------+-----------------------------+------+
|      |Cell                         |Count |
+------+-----------------------------+------+
|1     |WiFi_axi_emc_0_0             |     1|
|2     |WiFi_axi_ethernetlite_0_0    |     1|
|3     |WiFi_axi_quad_spi_0_0        |     1|
|4     |WiFi_axi_timer_0_0           |     1|
|5     |WiFi_axi_uartlite_0_0        |     1|
|6     |WiFi_clk_wiz_1_0             |     1|
|7     |WiFi_dlmb_bram_if_cntlr_0    |     1|
|8     |WiFi_dlmb_v10_0              |     1|
|9     |WiFi_ilmb_bram_if_cntlr_0    |     1|
|10    |WiFi_ilmb_v10_0              |     1|
|11    |WiFi_lmb_bram_0              |     1|
|12    |WiFi_mdm_1_0                 |     1|
|13    |WiFi_microblaze_0_0          |     1|
|14    |WiFi_microblaze_0_axi_intc_0 |     1|
|15    |WiFi_microblaze_0_xlconcat_0 |     1|
|16    |WiFi_mii_to_rmii_0_0         |     1|
|17    |WiFi_rst_clk_wiz_1_100M_0    |     1|
|18    |WiFi_xbar_0                  |     1|
|19    |WiFi_xbar_1                  |     1|
|20    |IBUF                         |     8|
|21    |IOBUF                        |    17|
|22    |OBUF                         |    39|
+------+-----------------------------+------+

Report Instance Areas: 
+------+------------------------------+--------------------------------------+------+
|      |Instance                      |Module                                |Cells |
+------+------------------------------+--------------------------------------+------+
|1     |top                           |                                      |  2368|
|2     |  WiFi_i                      |WiFi                                  |  2304|
|3     |    axi_mem_intercon          |WiFi_axi_mem_intercon_0               |   254|
|4     |    microblaze_0_axi_periph   |WiFi_microblaze_0_axi_periph_0        |   596|
|5     |    microblaze_0_local_memory |microblaze_0_local_memory_imp_1EEBTJT |   494|
+------+------------------------------+--------------------------------------+------+
---------------------------------------------------------------------------------
Finished Writing Synthesis Report : Time (s): cpu = 00:00:43 ; elapsed = 00:00:51 . Memory (MB): peak = 725.242 ; gain = 515.961
---------------------------------------------------------------------------------
Synthesis finished with 0 errors, 0 critical warnings and 18 warnings.
Synthesis Optimization Runtime : Time (s): cpu = 00:00:19 ; elapsed = 00:00:25 . Memory (MB): peak = 725.242 ; gain = 111.234
Synthesis Optimization Complete : Time (s): cpu = 00:00:43 ; elapsed = 00:00:51 . Memory (MB): peak = 725.242 ; gain = 515.961
INFO: [Project 1-571] Translating synthesized netlist
INFO: [Netlist 29-17] Analyzing 25 Unisim elements for replacement
INFO: [Netlist 29-28] Unisim Transformation completed in 0 CPU seconds
INFO: [Project 1-570] Preparing netlist for logic optimization
INFO: [Opt 31-138] Pushed 0 inverter(s) to 0 load pin(s).
INFO: [Project 1-111] Unisim Transformation Summary:
  A total of 17 instances were transformed.
  IOBUF => IOBUF (IBUF, OBUFT): 17 instances

INFO: [Common 17-83] Releasing license: Synthesis
96 Infos, 86 Warnings, 0 Critical Warnings and 0 Errors encountered.
synth_design completed successfully
synth_design: Time (s): cpu = 00:00:34 ; elapsed = 00:00:39 . Memory (MB): peak = 725.242 ; gain = 401.320
INFO: [Common 17-1381] The checkpoint 'C:/College/Thesis/VivadoProjects/WiFi/WiFi/WiFi.runs/synth_1/WiFi_wrapper.dcp' has been generated.
report_utilization: Time (s): cpu = 00:00:00 ; elapsed = 00:00:00.022 . Memory (MB): peak = 725.242 ; gain = 0.000
INFO: [Common 17-206] Exiting Vivado at Thu May 11 10:38:05 2017...
