14:15:47 INFO  : Launching XSCT server: xsct.bat -interactive C:\College\Thesis\VivadoProjects\PMOD_WIFI_OLD\PMOD_WIFI.sdk\temp_xsdb_launch_script.tcl
14:15:52 INFO  : XSCT server has started successfully.
14:15:52 INFO  : Successfully done setting XSCT server connection channel  
14:16:01 INFO  : Successfully done setting SDK workspace  
14:16:07 INFO  : Registering command handlers for SDK TCF services
14:16:07 INFO  : Processing command line option -hwspec C:/College/Thesis/VivadoProjects/PMOD_WIFI_OLD/PMOD_WIFI.sdk/design_1_wrapper.hdf.
14:16:12 INFO  : SDK has detected change in the last modified timestamps for source hardware specification file Source:1507735486356,  Project:1494874670999
14:16:12 INFO  : Project design_1_wrapper_hw_platform_0's source hardware specification located at C:/College/Thesis/VivadoProjects/PMOD_WIFI/PMOD_WIFI.sdk/design_1_wrapper.hdf is now different from the local copy.
		 The local copy will be replaced with the source specification and your workspace will be updated.
14:18:27 INFO  : Copied contents of C:/College/Thesis/VivadoProjects/PMOD_WIFI/PMOD_WIFI.sdk/design_1_wrapper.hdf into \design_1_wrapper_hw_platform_0\system.hdf.
14:18:34 INFO  : Synchronizing projects in the workspace with the hardware platform specification changes.
14:18:41 INFO  : 
14:18:42 INFO  : Updating hardware inferred compiler options for wifiApp.
14:18:42 INFO  : Clearing existing target manager status.
14:18:45 INFO  : Closing and re-opening the MSS file of ther project myWiFiScan_bsp
14:18:45 INFO  : Workspace synchronized with the new hardware specification file. Cleaning dependent projects...
14:18:47 WARN  : Linker script will not be updated automatically. Users need to update it manually.
14:35:45 ERROR : Unexpected error while parsing XMD response ?: com.google.gson.JsonSyntaxException: com.google.gson.stream.MalformedJsonException: invalid number or unquoted string near 
14:55:16 INFO  : Registering command handlers for SDK TCF services
14:55:16 INFO  : Launching XSCT server: xsct.bat -interactive C:\College\Thesis\VivadoProjects\PMOD_WIFI_OLD\PMOD_WIFI.sdk\temp_xsdb_launch_script.tcl
14:55:21 INFO  : XSCT server has started successfully.
14:55:29 INFO  : Successfully done setting XSCT server connection channel  
14:55:29 INFO  : Processing command line option -hwspec C:/College/Thesis/VivadoProjects/PMOD_WIFI_OLD/PMOD_WIFI.sdk/design_1_wrapper.hdf.
14:55:29 INFO  : Successfully done setting SDK workspace  
14:59:44 INFO  : Connected to target on host '127.0.0.1' and port '3121'.
14:59:44 INFO  : 'targets -set -filter {jtag_cable_name =~ "Digilent Nexys4 210274592338A" && level==0} -index 0' command is executed.
14:59:47 INFO  : FPGA configured successfully with bitstream "C:/College/Thesis/VivadoProjects/PMOD_WIFI_OLD/PMOD_WIFI.sdk/design_1_wrapper_hw_platform_0/download.bit"
15:08:21 INFO  : Registering command handlers for SDK TCF services
15:08:22 INFO  : Launching XSCT server: xsct.bat -interactive C:\College\Thesis\VivadoProjects\PMOD_WIFI_OLD\PMOD_WIFI.sdk\temp_xsdb_launch_script.tcl
15:08:25 INFO  : XSCT server has started successfully.
15:08:29 INFO  : Successfully done setting XSCT server connection channel  
15:08:29 INFO  : Processing command line option -hwspec C:/College/Thesis/VivadoProjects/PMOD_WIFI_OLD/PMOD_WIFI.sdk/design_1_wrapper.hdf.
15:08:29 INFO  : Successfully done setting SDK workspace  
15:08:29 INFO  : Checking for hwspec changes in the project design_1_wrapper_hw_platform_0.
15:09:12 INFO  : Connected to target on host '127.0.0.1' and port '3121'.
15:09:14 INFO  : 'targets -set -filter {jtag_cable_name =~ "Digilent Nexys4 210274592338A" && level==0} -index 0' command is executed.
15:09:16 INFO  : FPGA configured successfully with bitstream "C:/College/Thesis/VivadoProjects/PMOD_WIFI_OLD/PMOD_WIFI.sdk/design_1_wrapper_hw_platform_0/download.bit"
15:11:11 INFO  : 'targets -set -filter {jtag_cable_name =~ "Digilent Nexys4 210274592338A" && level==0} -index 0' command is executed.
15:11:11 INFO  : 'fpga -state' command is executed.
15:11:11 INFO  : Connected to target on host '127.0.0.1' and port '3121'.
15:11:11 INFO  : Jtag cable 'Digilent Nexys4 210274592338A' is selected.
15:11:12 INFO  : 'jtag frequency' command is executed.
15:11:12 INFO  : Context for processor 'microblaze_0' is selected.
15:11:12 INFO  : Processor reset is completed for 'microblaze_0'.
15:11:12 INFO  : Context for processor 'microblaze_0' is selected.
15:11:18 INFO  : The application 'C:/College/Thesis/VivadoProjects/PMOD_WIFI_OLD/PMOD_WIFI.sdk/wifiApp/Debug/wifiApp.elf' is downloaded to processor 'microblaze_0'.
15:11:18 INFO  : ----------------XSDB Script----------------
connect -url tcp:127.0.0.1:3121
targets -set -nocase -filter {name =~ "microblaze*#0" && bscan=="USER2"  && jtag_cable_name =~ "Digilent Nexys4 210274592338A"} -index 0
rst -processor
targets -set -nocase -filter {name =~ "microblaze*#0" && bscan=="USER2"  && jtag_cable_name =~ "Digilent Nexys4 210274592338A"} -index 0
dow C:/College/Thesis/VivadoProjects/PMOD_WIFI_OLD/PMOD_WIFI.sdk/wifiApp/Debug/wifiApp.elf
----------------End of Script----------------

15:11:18 INFO  : Memory regions updated for context MicroBlaze #0
15:11:18 INFO  : Memory regions updated for context MicroBlaze Debug Module at USER2
15:11:18 INFO  : Context for processor 'microblaze_0' is selected.
15:11:18 INFO  : 'con' command is executed.
15:11:18 INFO  : ----------------XSDB Script (After Launch)----------------
targets -set -nocase -filter {name =~ "microblaze*#0" && bscan=="USER2"  && jtag_cable_name =~ "Digilent Nexys4 210274592338A"} -index 0
con
----------------End of Script----------------

15:11:18 INFO  : Launch script is exported to file 'C:\College\Thesis\VivadoProjects\PMOD_WIFI_OLD\PMOD_WIFI.sdk\.sdk\launch_scripts\xilinx_c-c++_application_(system_debugger)\system_debugger_using_debug_wifiapp.elf_on_local.tcl'
15:12:56 INFO  : Connected to target on host '127.0.0.1' and port '3121'.
15:12:56 INFO  : 'targets -set -filter {jtag_cable_name =~ "Digilent Nexys4 210274592338A" && level==0} -index 0' command is executed.
15:12:59 INFO  : FPGA configured successfully with bitstream "C:/College/Thesis/VivadoProjects/PMOD_WIFI_OLD/PMOD_WIFI.sdk/design_1_wrapper_hw_platform_0/download.bit"
15:13:19 INFO  : Disconnected from the channel tcfchan#1.
15:13:21 INFO  : 'targets -set -filter {jtag_cable_name =~ "Digilent Nexys4 210274592338A" && level==0} -index 0' command is executed.
15:13:21 INFO  : 'fpga -state' command is executed.
15:13:21 INFO  : Connected to target on host '127.0.0.1' and port '3121'.
15:13:21 INFO  : Jtag cable 'Digilent Nexys4 210274592338A' is selected.
15:13:21 INFO  : 'jtag frequency' command is executed.
15:13:21 INFO  : Context for processor 'microblaze_0' is selected.
15:13:21 INFO  : Processor reset is completed for 'microblaze_0'.
15:13:21 INFO  : Context for processor 'microblaze_0' is selected.
15:13:27 INFO  : The application 'C:/College/Thesis/VivadoProjects/PMOD_WIFI_OLD/PMOD_WIFI.sdk/wifiApp/Debug/wifiApp.elf' is downloaded to processor 'microblaze_0'.
15:13:27 INFO  : ----------------XSDB Script----------------
connect -url tcp:127.0.0.1:3121
targets -set -nocase -filter {name =~ "microblaze*#0" && bscan=="USER2"  && jtag_cable_name =~ "Digilent Nexys4 210274592338A"} -index 0
rst -processor
targets -set -nocase -filter {name =~ "microblaze*#0" && bscan=="USER2"  && jtag_cable_name =~ "Digilent Nexys4 210274592338A"} -index 0
dow C:/College/Thesis/VivadoProjects/PMOD_WIFI_OLD/PMOD_WIFI.sdk/wifiApp/Debug/wifiApp.elf
----------------End of Script----------------

15:13:27 INFO  : Memory regions updated for context MicroBlaze #0
15:13:27 INFO  : Memory regions updated for context MicroBlaze Debug Module at USER2
15:13:27 INFO  : Context for processor 'microblaze_0' is selected.
15:13:27 INFO  : 'con' command is executed.
15:13:27 INFO  : ----------------XSDB Script (After Launch)----------------
targets -set -nocase -filter {name =~ "microblaze*#0" && bscan=="USER2"  && jtag_cable_name =~ "Digilent Nexys4 210274592338A"} -index 0
con
----------------End of Script----------------

15:13:27 INFO  : Launch script is exported to file 'C:\College\Thesis\VivadoProjects\PMOD_WIFI_OLD\PMOD_WIFI.sdk\.sdk\launch_scripts\xilinx_c-c++_application_(system_debugger)\system_debugger_using_debug_wifiapp.elf_on_local.tcl'
15:15:49 INFO  : Connected to target on host '127.0.0.1' and port '3121'.
15:15:49 INFO  : 'targets -set -filter {jtag_cable_name =~ "Digilent Nexys4 210274592338A" && level==0} -index 0' command is executed.
15:15:52 INFO  : FPGA configured successfully with bitstream "C:/College/Thesis/VivadoProjects/PMOD_WIFI_OLD/PMOD_WIFI.sdk/design_1_wrapper_hw_platform_0/download.bit"
15:16:38 INFO  : Disconnected from the channel tcfchan#2.
15:16:39 INFO  : 'targets -set -filter {jtag_cable_name =~ "Digilent Nexys4 210274592338A" && level==0} -index 0' command is executed.
15:16:39 INFO  : 'fpga -state' command is executed.
15:16:39 INFO  : Connected to target on host '127.0.0.1' and port '3121'.
15:16:40 INFO  : Jtag cable 'Digilent Nexys4 210274592338A' is selected.
15:16:40 INFO  : 'jtag frequency' command is executed.
15:16:40 INFO  : Context for processor 'microblaze_0' is selected.
15:16:40 INFO  : Processor reset is completed for 'microblaze_0'.
15:16:40 INFO  : Context for processor 'microblaze_0' is selected.
15:16:45 INFO  : The application 'C:/College/Thesis/VivadoProjects/PMOD_WIFI_OLD/PMOD_WIFI.sdk/wifiApp/Debug/wifiApp.elf' is downloaded to processor 'microblaze_0'.
15:16:45 INFO  : ----------------XSDB Script----------------
connect -url tcp:127.0.0.1:3121
targets -set -nocase -filter {name =~ "microblaze*#0" && bscan=="USER2"  && jtag_cable_name =~ "Digilent Nexys4 210274592338A"} -index 0
rst -processor
targets -set -nocase -filter {name =~ "microblaze*#0" && bscan=="USER2"  && jtag_cable_name =~ "Digilent Nexys4 210274592338A"} -index 0
dow C:/College/Thesis/VivadoProjects/PMOD_WIFI_OLD/PMOD_WIFI.sdk/wifiApp/Debug/wifiApp.elf
----------------End of Script----------------

15:16:46 INFO  : Memory regions updated for context MicroBlaze #0
15:16:46 INFO  : Memory regions updated for context MicroBlaze Debug Module at USER2
15:16:46 INFO  : Context for processor 'microblaze_0' is selected.
15:16:46 INFO  : 'con' command is executed.
15:16:46 INFO  : ----------------XSDB Script (After Launch)----------------
targets -set -nocase -filter {name =~ "microblaze*#0" && bscan=="USER2"  && jtag_cable_name =~ "Digilent Nexys4 210274592338A"} -index 0
con
----------------End of Script----------------

15:16:46 INFO  : Launch script is exported to file 'C:\College\Thesis\VivadoProjects\PMOD_WIFI_OLD\PMOD_WIFI.sdk\.sdk\launch_scripts\xilinx_c-c++_application_(system_debugger)\system_debugger_using_debug_wifiapp.elf_on_local.tcl'
15:25:26 INFO  : Connected to target on host '127.0.0.1' and port '3121'.
15:25:26 INFO  : 'targets -set -filter {jtag_cable_name =~ "Digilent Nexys4 210274592338A" && level==0} -index 0' command is executed.
15:25:29 INFO  : FPGA configured successfully with bitstream "C:/College/Thesis/VivadoProjects/PMOD_WIFI_OLD/PMOD_WIFI.sdk/design_1_wrapper_hw_platform_0/download.bit"
15:26:41 INFO  : Disconnected from the channel tcfchan#3.
15:26:42 INFO  : 'targets -set -filter {jtag_cable_name =~ "Digilent Nexys4 210274592338A" && level==0} -index 0' command is executed.
15:26:42 INFO  : 'fpga -state' command is executed.
15:26:42 INFO  : Connected to target on host '127.0.0.1' and port '3121'.
15:26:42 INFO  : Jtag cable 'Digilent Nexys4 210274592338A' is selected.
15:26:42 INFO  : 'jtag frequency' command is executed.
15:26:42 INFO  : Context for processor 'microblaze_0' is selected.
15:26:42 INFO  : Processor reset is completed for 'microblaze_0'.
15:26:42 INFO  : Context for processor 'microblaze_0' is selected.
15:26:48 INFO  : The application 'C:/College/Thesis/VivadoProjects/PMOD_WIFI_OLD/PMOD_WIFI.sdk/wifiApp/Debug/wifiApp.elf' is downloaded to processor 'microblaze_0'.
15:26:48 INFO  : ----------------XSDB Script----------------
connect -url tcp:127.0.0.1:3121
targets -set -nocase -filter {name =~ "microblaze*#0" && bscan=="USER2"  && jtag_cable_name =~ "Digilent Nexys4 210274592338A"} -index 0
rst -processor
targets -set -nocase -filter {name =~ "microblaze*#0" && bscan=="USER2"  && jtag_cable_name =~ "Digilent Nexys4 210274592338A"} -index 0
dow C:/College/Thesis/VivadoProjects/PMOD_WIFI_OLD/PMOD_WIFI.sdk/wifiApp/Debug/wifiApp.elf
----------------End of Script----------------

15:26:48 INFO  : Memory regions updated for context MicroBlaze #0
15:26:48 INFO  : Memory regions updated for context MicroBlaze Debug Module at USER2
15:26:48 INFO  : Context for processor 'microblaze_0' is selected.
15:26:48 INFO  : 'con' command is executed.
15:26:48 INFO  : ----------------XSDB Script (After Launch)----------------
targets -set -nocase -filter {name =~ "microblaze*#0" && bscan=="USER2"  && jtag_cable_name =~ "Digilent Nexys4 210274592338A"} -index 0
con
----------------End of Script----------------

15:26:48 INFO  : Launch script is exported to file 'C:\College\Thesis\VivadoProjects\PMOD_WIFI_OLD\PMOD_WIFI.sdk\.sdk\launch_scripts\xilinx_c-c++_application_(system_debugger)\system_debugger_using_debug_wifiapp.elf_on_local.tcl'
15:31:04 INFO  : Connected to target on host '127.0.0.1' and port '3121'.
15:31:04 INFO  : 'targets -set -filter {jtag_cable_name =~ "Digilent Nexys4 210274592338A" && level==0} -index 0' command is executed.
15:31:07 INFO  : FPGA configured successfully with bitstream "C:/College/Thesis/VivadoProjects/PMOD_WIFI_OLD/PMOD_WIFI.sdk/design_1_wrapper_hw_platform_0/download.bit"
15:31:42 INFO  : Disconnected from the channel tcfchan#4.
15:31:44 INFO  : 'targets -set -filter {jtag_cable_name =~ "Digilent Nexys4 210274592338A" && level==0} -index 0' command is executed.
15:31:44 INFO  : 'fpga -state' command is executed.
15:31:44 INFO  : Connected to target on host '127.0.0.1' and port '3121'.
15:31:44 INFO  : Jtag cable 'Digilent Nexys4 210274592338A' is selected.
15:31:44 INFO  : 'jtag frequency' command is executed.
15:31:44 INFO  : Context for processor 'microblaze_0' is selected.
15:31:44 INFO  : Processor reset is completed for 'microblaze_0'.
15:31:44 INFO  : Context for processor 'microblaze_0' is selected.
15:31:50 INFO  : The application 'C:/College/Thesis/VivadoProjects/PMOD_WIFI_OLD/PMOD_WIFI.sdk/wifiApp/Debug/wifiApp.elf' is downloaded to processor 'microblaze_0'.
15:31:50 INFO  : ----------------XSDB Script----------------
connect -url tcp:127.0.0.1:3121
targets -set -nocase -filter {name =~ "microblaze*#0" && bscan=="USER2"  && jtag_cable_name =~ "Digilent Nexys4 210274592338A"} -index 0
rst -processor
targets -set -nocase -filter {name =~ "microblaze*#0" && bscan=="USER2"  && jtag_cable_name =~ "Digilent Nexys4 210274592338A"} -index 0
dow C:/College/Thesis/VivadoProjects/PMOD_WIFI_OLD/PMOD_WIFI.sdk/wifiApp/Debug/wifiApp.elf
----------------End of Script----------------

15:31:50 INFO  : Memory regions updated for context MicroBlaze #0
15:31:50 INFO  : Memory regions updated for context MicroBlaze Debug Module at USER2
15:31:50 INFO  : Context for processor 'microblaze_0' is selected.
15:31:50 INFO  : 'con' command is executed.
15:31:50 INFO  : ----------------XSDB Script (After Launch)----------------
targets -set -nocase -filter {name =~ "microblaze*#0" && bscan=="USER2"  && jtag_cable_name =~ "Digilent Nexys4 210274592338A"} -index 0
con
----------------End of Script----------------

15:31:50 INFO  : Launch script is exported to file 'C:\College\Thesis\VivadoProjects\PMOD_WIFI_OLD\PMOD_WIFI.sdk\.sdk\launch_scripts\xilinx_c-c++_application_(system_debugger)\system_debugger_using_debug_wifiapp.elf_on_local.tcl'
15:34:00 INFO  : Connected to target on host '127.0.0.1' and port '3121'.
15:34:00 INFO  : 'targets -set -filter {jtag_cable_name =~ "Digilent Nexys4 210274592338A" && level==0} -index 0' command is executed.
15:34:02 INFO  : FPGA configured successfully with bitstream "C:/College/Thesis/VivadoProjects/PMOD_WIFI_OLD/PMOD_WIFI.sdk/design_1_wrapper_hw_platform_0/download.bit"
15:34:31 INFO  : Disconnected from the channel tcfchan#5.
15:34:32 INFO  : 'targets -set -filter {jtag_cable_name =~ "Digilent Nexys4 210274592338A" && level==0} -index 0' command is executed.
15:34:32 INFO  : 'fpga -state' command is executed.
15:34:32 INFO  : Connected to target on host '127.0.0.1' and port '3121'.
15:34:32 INFO  : Jtag cable 'Digilent Nexys4 210274592338A' is selected.
15:34:32 INFO  : 'jtag frequency' command is executed.
15:34:32 INFO  : Context for processor 'microblaze_0' is selected.
15:34:32 INFO  : Processor reset is completed for 'microblaze_0'.
15:34:32 INFO  : Context for processor 'microblaze_0' is selected.
15:34:38 INFO  : The application 'C:/College/Thesis/VivadoProjects/PMOD_WIFI_OLD/PMOD_WIFI.sdk/wifiApp/Debug/wifiApp.elf' is downloaded to processor 'microblaze_0'.
15:34:38 INFO  : ----------------XSDB Script----------------
connect -url tcp:127.0.0.1:3121
targets -set -nocase -filter {name =~ "microblaze*#0" && bscan=="USER2"  && jtag_cable_name =~ "Digilent Nexys4 210274592338A"} -index 0
rst -processor
targets -set -nocase -filter {name =~ "microblaze*#0" && bscan=="USER2"  && jtag_cable_name =~ "Digilent Nexys4 210274592338A"} -index 0
dow C:/College/Thesis/VivadoProjects/PMOD_WIFI_OLD/PMOD_WIFI.sdk/wifiApp/Debug/wifiApp.elf
----------------End of Script----------------

15:34:38 INFO  : Memory regions updated for context MicroBlaze #0
15:34:38 INFO  : Memory regions updated for context MicroBlaze Debug Module at USER2
15:34:38 INFO  : Context for processor 'microblaze_0' is selected.
15:34:38 INFO  : 'con' command is executed.
15:34:38 INFO  : ----------------XSDB Script (After Launch)----------------
targets -set -nocase -filter {name =~ "microblaze*#0" && bscan=="USER2"  && jtag_cable_name =~ "Digilent Nexys4 210274592338A"} -index 0
con
----------------End of Script----------------

15:34:38 INFO  : Launch script is exported to file 'C:\College\Thesis\VivadoProjects\PMOD_WIFI_OLD\PMOD_WIFI.sdk\.sdk\launch_scripts\xilinx_c-c++_application_(system_debugger)\system_debugger_using_debug_wifiapp.elf_on_local.tcl'
15:38:01 INFO  : Connected to target on host '127.0.0.1' and port '3121'.
15:38:01 INFO  : 'targets -set -filter {jtag_cable_name =~ "Digilent Nexys4 210274592338A" && level==0} -index 0' command is executed.
15:38:04 INFO  : FPGA configured successfully with bitstream "C:/College/Thesis/VivadoProjects/PMOD_WIFI_OLD/PMOD_WIFI.sdk/design_1_wrapper_hw_platform_0/download.bit"
15:38:36 INFO  : Connected to target on host '127.0.0.1' and port '3121'.
15:38:36 INFO  : 'targets -set -filter {jtag_cable_name =~ "Digilent Nexys4 210274592338A" && level==0} -index 0' command is executed.
15:38:38 INFO  : FPGA configured successfully with bitstream "C:/College/Thesis/VivadoProjects/PMOD_WIFI_OLD/PMOD_WIFI.sdk/design_1_wrapper_hw_platform_0/download.bit"
15:38:53 INFO  : Disconnected from the channel tcfchan#6.
15:38:54 INFO  : 'targets -set -filter {jtag_cable_name =~ "Digilent Nexys4 210274592338A" && level==0} -index 0' command is executed.
15:38:54 INFO  : 'fpga -state' command is executed.
15:38:54 INFO  : Connected to target on host '127.0.0.1' and port '3121'.
15:38:55 INFO  : Jtag cable 'Digilent Nexys4 210274592338A' is selected.
15:38:55 INFO  : 'jtag frequency' command is executed.
15:38:55 INFO  : Context for processor 'microblaze_0' is selected.
15:38:55 INFO  : Processor reset is completed for 'microblaze_0'.
15:38:55 INFO  : Context for processor 'microblaze_0' is selected.
15:39:00 INFO  : The application 'C:/College/Thesis/VivadoProjects/PMOD_WIFI_OLD/PMOD_WIFI.sdk/wifiApp/Debug/wifiApp.elf' is downloaded to processor 'microblaze_0'.
15:39:00 INFO  : ----------------XSDB Script----------------
connect -url tcp:127.0.0.1:3121
targets -set -nocase -filter {name =~ "microblaze*#0" && bscan=="USER2"  && jtag_cable_name =~ "Digilent Nexys4 210274592338A"} -index 0
rst -processor
targets -set -nocase -filter {name =~ "microblaze*#0" && bscan=="USER2"  && jtag_cable_name =~ "Digilent Nexys4 210274592338A"} -index 0
dow C:/College/Thesis/VivadoProjects/PMOD_WIFI_OLD/PMOD_WIFI.sdk/wifiApp/Debug/wifiApp.elf
----------------End of Script----------------

15:39:00 INFO  : Memory regions updated for context MicroBlaze #0
15:39:00 INFO  : Memory regions updated for context MicroBlaze Debug Module at USER2
15:39:00 INFO  : Context for processor 'microblaze_0' is selected.
15:39:00 INFO  : 'con' command is executed.
15:39:00 INFO  : ----------------XSDB Script (After Launch)----------------
targets -set -nocase -filter {name =~ "microblaze*#0" && bscan=="USER2"  && jtag_cable_name =~ "Digilent Nexys4 210274592338A"} -index 0
con
----------------End of Script----------------

15:39:00 INFO  : Launch script is exported to file 'C:\College\Thesis\VivadoProjects\PMOD_WIFI_OLD\PMOD_WIFI.sdk\.sdk\launch_scripts\xilinx_c-c++_application_(system_debugger)\system_debugger_using_debug_wifiapp.elf_on_local.tcl'
15:41:23 INFO  : Connected to target on host '127.0.0.1' and port '3121'.
15:41:23 INFO  : 'targets -set -filter {jtag_cable_name =~ "Digilent Nexys4 210274592338A" && level==0} -index 0' command is executed.
15:41:25 INFO  : FPGA configured successfully with bitstream "C:/College/Thesis/VivadoProjects/PMOD_WIFI_OLD/PMOD_WIFI.sdk/design_1_wrapper_hw_platform_0/download.bit"
15:41:49 INFO  : Disconnected from the channel tcfchan#7.
15:41:50 INFO  : 'targets -set -filter {jtag_cable_name =~ "Digilent Nexys4 210274592338A" && level==0} -index 0' command is executed.
15:41:50 INFO  : 'fpga -state' command is executed.
15:41:50 INFO  : Connected to target on host '127.0.0.1' and port '3121'.
15:41:50 INFO  : Jtag cable 'Digilent Nexys4 210274592338A' is selected.
15:41:50 INFO  : 'jtag frequency' command is executed.
15:41:51 INFO  : Context for processor 'microblaze_0' is selected.
15:41:51 INFO  : Processor reset is completed for 'microblaze_0'.
15:41:51 INFO  : Context for processor 'microblaze_0' is selected.
15:41:56 INFO  : The application 'C:/College/Thesis/VivadoProjects/PMOD_WIFI_OLD/PMOD_WIFI.sdk/wifiApp/Debug/wifiApp.elf' is downloaded to processor 'microblaze_0'.
15:41:56 INFO  : ----------------XSDB Script----------------
connect -url tcp:127.0.0.1:3121
targets -set -nocase -filter {name =~ "microblaze*#0" && bscan=="USER2"  && jtag_cable_name =~ "Digilent Nexys4 210274592338A"} -index 0
rst -processor
targets -set -nocase -filter {name =~ "microblaze*#0" && bscan=="USER2"  && jtag_cable_name =~ "Digilent Nexys4 210274592338A"} -index 0
dow C:/College/Thesis/VivadoProjects/PMOD_WIFI_OLD/PMOD_WIFI.sdk/wifiApp/Debug/wifiApp.elf
----------------End of Script----------------

15:41:56 INFO  : Memory regions updated for context MicroBlaze #0
15:41:56 INFO  : Memory regions updated for context MicroBlaze Debug Module at USER2
15:41:56 INFO  : Context for processor 'microblaze_0' is selected.
15:41:56 INFO  : 'con' command is executed.
15:41:56 INFO  : ----------------XSDB Script (After Launch)----------------
targets -set -nocase -filter {name =~ "microblaze*#0" && bscan=="USER2"  && jtag_cable_name =~ "Digilent Nexys4 210274592338A"} -index 0
con
----------------End of Script----------------

15:41:56 INFO  : Launch script is exported to file 'C:\College\Thesis\VivadoProjects\PMOD_WIFI_OLD\PMOD_WIFI.sdk\.sdk\launch_scripts\xilinx_c-c++_application_(system_debugger)\system_debugger_using_debug_wifiapp.elf_on_local.tcl'
15:53:34 INFO  : Connected to target on host '127.0.0.1' and port '3121'.
15:53:35 INFO  : 'targets -set -filter {jtag_cable_name =~ "Digilent Nexys4 210274592338A" && level==0} -index 0' command is executed.
15:53:37 INFO  : FPGA configured successfully with bitstream "C:/College/Thesis/VivadoProjects/PMOD_WIFI_OLD/PMOD_WIFI.sdk/design_1_wrapper_hw_platform_0/download.bit"
15:54:34 INFO  : Connected to target on host '127.0.0.1' and port '3121'.
15:54:34 INFO  : 'targets -set -filter {jtag_cable_name =~ "Digilent Nexys4 210274592338A" && level==0} -index 0' command is executed.
15:54:37 INFO  : FPGA configured successfully with bitstream "C:/College/Thesis/VivadoProjects/PMOD_WIFI_OLD/PMOD_WIFI.sdk/design_1_wrapper_hw_platform_0/download.bit"
15:59:43 INFO  : Connected to target on host '127.0.0.1' and port '3121'.
15:59:43 INFO  : 'targets -set -filter {jtag_cable_name =~ "Digilent Nexys4 210274592338A" && level==0} -index 0' command is executed.
15:59:45 INFO  : FPGA configured successfully with bitstream "C:/College/Thesis/VivadoProjects/PMOD_WIFI_OLD/PMOD_WIFI.sdk/design_1_wrapper_hw_platform_0/download.bit"
16:01:08 INFO  : Disconnected from the channel tcfchan#8.
16:01:09 INFO  : 'targets -set -filter {jtag_cable_name =~ "Digilent Nexys4 210274592338A" && level==0} -index 0' command is executed.
16:01:09 INFO  : 'fpga -state' command is executed.
16:01:09 INFO  : Connected to target on host '127.0.0.1' and port '3121'.
16:01:10 INFO  : Jtag cable 'Digilent Nexys4 210274592338A' is selected.
16:01:10 INFO  : 'jtag frequency' command is executed.
16:01:10 INFO  : Context for processor 'microblaze_0' is selected.
16:01:10 INFO  : Processor reset is completed for 'microblaze_0'.
16:01:10 INFO  : Context for processor 'microblaze_0' is selected.
16:01:15 INFO  : The application 'C:/College/Thesis/VivadoProjects/PMOD_WIFI_OLD/PMOD_WIFI.sdk/wifiApp/Debug/wifiApp.elf' is downloaded to processor 'microblaze_0'.
16:01:15 INFO  : ----------------XSDB Script----------------
connect -url tcp:127.0.0.1:3121
targets -set -nocase -filter {name =~ "microblaze*#0" && bscan=="USER2"  && jtag_cable_name =~ "Digilent Nexys4 210274592338A"} -index 0
rst -processor
targets -set -nocase -filter {name =~ "microblaze*#0" && bscan=="USER2"  && jtag_cable_name =~ "Digilent Nexys4 210274592338A"} -index 0
dow C:/College/Thesis/VivadoProjects/PMOD_WIFI_OLD/PMOD_WIFI.sdk/wifiApp/Debug/wifiApp.elf
----------------End of Script----------------

16:01:15 INFO  : Memory regions updated for context MicroBlaze #0
16:01:15 INFO  : Memory regions updated for context MicroBlaze Debug Module at USER2
16:01:15 INFO  : Context for processor 'microblaze_0' is selected.
16:01:15 INFO  : 'con' command is executed.
16:01:15 INFO  : ----------------XSDB Script (After Launch)----------------
targets -set -nocase -filter {name =~ "microblaze*#0" && bscan=="USER2"  && jtag_cable_name =~ "Digilent Nexys4 210274592338A"} -index 0
con
----------------End of Script----------------

16:01:15 INFO  : Launch script is exported to file 'C:\College\Thesis\VivadoProjects\PMOD_WIFI_OLD\PMOD_WIFI.sdk\.sdk\launch_scripts\xilinx_c-c++_application_(system_debugger)\system_debugger_using_debug_wifiapp.elf_on_local.tcl'
16:03:13 INFO  : Connected to target on host '127.0.0.1' and port '3121'.
16:03:13 INFO  : 'targets -set -filter {jtag_cable_name =~ "Digilent Nexys4 210274592338A" && level==0} -index 0' command is executed.
16:03:15 INFO  : FPGA configured successfully with bitstream "C:/College/Thesis/VivadoProjects/PMOD_WIFI_OLD/PMOD_WIFI.sdk/design_1_wrapper_hw_platform_0/download.bit"
16:04:04 INFO  : Disconnected from the channel tcfchan#9.
16:04:06 INFO  : 'targets -set -filter {jtag_cable_name =~ "Digilent Nexys4 210274592338A" && level==0} -index 0' command is executed.
16:04:06 INFO  : 'fpga -state' command is executed.
16:04:06 INFO  : Connected to target on host '127.0.0.1' and port '3121'.
16:04:06 INFO  : Jtag cable 'Digilent Nexys4 210274592338A' is selected.
16:04:06 INFO  : 'jtag frequency' command is executed.
16:04:06 INFO  : Context for processor 'microblaze_0' is selected.
16:04:06 INFO  : Processor reset is completed for 'microblaze_0'.
16:04:06 INFO  : Context for processor 'microblaze_0' is selected.
16:04:11 INFO  : The application 'C:/College/Thesis/VivadoProjects/PMOD_WIFI_OLD/PMOD_WIFI.sdk/wifiApp/Debug/wifiApp.elf' is downloaded to processor 'microblaze_0'.
16:04:11 INFO  : ----------------XSDB Script----------------
connect -url tcp:127.0.0.1:3121
targets -set -nocase -filter {name =~ "microblaze*#0" && bscan=="USER2"  && jtag_cable_name =~ "Digilent Nexys4 210274592338A"} -index 0
rst -processor
targets -set -nocase -filter {name =~ "microblaze*#0" && bscan=="USER2"  && jtag_cable_name =~ "Digilent Nexys4 210274592338A"} -index 0
dow C:/College/Thesis/VivadoProjects/PMOD_WIFI_OLD/PMOD_WIFI.sdk/wifiApp/Debug/wifiApp.elf
----------------End of Script----------------

16:04:11 INFO  : Memory regions updated for context MicroBlaze #0
16:04:11 INFO  : Memory regions updated for context MicroBlaze Debug Module at USER2
16:04:11 INFO  : Context for processor 'microblaze_0' is selected.
16:04:11 INFO  : 'con' command is executed.
16:04:11 INFO  : ----------------XSDB Script (After Launch)----------------
targets -set -nocase -filter {name =~ "microblaze*#0" && bscan=="USER2"  && jtag_cable_name =~ "Digilent Nexys4 210274592338A"} -index 0
con
----------------End of Script----------------

16:04:11 INFO  : Launch script is exported to file 'C:\College\Thesis\VivadoProjects\PMOD_WIFI_OLD\PMOD_WIFI.sdk\.sdk\launch_scripts\xilinx_c-c++_application_(system_debugger)\system_debugger_using_debug_wifiapp.elf_on_local.tcl'
16:14:09 INFO  : Connected to target on host '127.0.0.1' and port '3121'.
16:14:10 INFO  : 'targets -set -filter {jtag_cable_name =~ "Digilent Nexys4 210274592338A" && level==0} -index 0' command is executed.
16:14:12 INFO  : FPGA configured successfully with bitstream "C:/College/Thesis/VivadoProjects/PMOD_WIFI_OLD/PMOD_WIFI.sdk/design_1_wrapper_hw_platform_0/download.bit"
16:14:33 INFO  : Disconnected from the channel tcfchan#10.
16:14:34 INFO  : 'targets -set -filter {jtag_cable_name =~ "Digilent Nexys4 210274592338A" && level==0} -index 0' command is executed.
16:14:34 INFO  : 'fpga -state' command is executed.
16:14:34 INFO  : Connected to target on host '127.0.0.1' and port '3121'.
16:14:35 INFO  : Jtag cable 'Digilent Nexys4 210274592338A' is selected.
16:14:35 INFO  : 'jtag frequency' command is executed.
16:14:35 INFO  : Context for processor 'microblaze_0' is selected.
16:14:35 INFO  : Processor reset is completed for 'microblaze_0'.
16:14:35 INFO  : Context for processor 'microblaze_0' is selected.
16:14:40 INFO  : The application 'C:/College/Thesis/VivadoProjects/PMOD_WIFI_OLD/PMOD_WIFI.sdk/wifiApp/Debug/wifiApp.elf' is downloaded to processor 'microblaze_0'.
16:14:40 INFO  : ----------------XSDB Script----------------
connect -url tcp:127.0.0.1:3121
targets -set -nocase -filter {name =~ "microblaze*#0" && bscan=="USER2"  && jtag_cable_name =~ "Digilent Nexys4 210274592338A"} -index 0
rst -processor
targets -set -nocase -filter {name =~ "microblaze*#0" && bscan=="USER2"  && jtag_cable_name =~ "Digilent Nexys4 210274592338A"} -index 0
dow C:/College/Thesis/VivadoProjects/PMOD_WIFI_OLD/PMOD_WIFI.sdk/wifiApp/Debug/wifiApp.elf
----------------End of Script----------------

16:14:40 INFO  : Memory regions updated for context MicroBlaze #0
16:14:40 INFO  : Memory regions updated for context MicroBlaze Debug Module at USER2
16:14:40 INFO  : Context for processor 'microblaze_0' is selected.
16:14:40 INFO  : 'con' command is executed.
16:14:40 INFO  : ----------------XSDB Script (After Launch)----------------
targets -set -nocase -filter {name =~ "microblaze*#0" && bscan=="USER2"  && jtag_cable_name =~ "Digilent Nexys4 210274592338A"} -index 0
con
----------------End of Script----------------

16:14:40 INFO  : Launch script is exported to file 'C:\College\Thesis\VivadoProjects\PMOD_WIFI_OLD\PMOD_WIFI.sdk\.sdk\launch_scripts\xilinx_c-c++_application_(system_debugger)\system_debugger_using_debug_wifiapp.elf_on_local.tcl'
16:17:19 INFO  : Connected to target on host '127.0.0.1' and port '3121'.
16:17:19 INFO  : 'targets -set -filter {jtag_cable_name =~ "Digilent Nexys4 210274592338A" && level==0} -index 0' command is executed.
16:17:22 INFO  : FPGA configured successfully with bitstream "C:/College/Thesis/VivadoProjects/PMOD_WIFI_OLD/PMOD_WIFI.sdk/design_1_wrapper_hw_platform_0/download.bit"
16:17:39 INFO  : Disconnected from the channel tcfchan#11.
16:17:40 INFO  : 'targets -set -filter {jtag_cable_name =~ "Digilent Nexys4 210274592338A" && level==0} -index 0' command is executed.
16:17:40 INFO  : 'fpga -state' command is executed.
16:17:40 INFO  : Connected to target on host '127.0.0.1' and port '3121'.
16:17:40 INFO  : Jtag cable 'Digilent Nexys4 210274592338A' is selected.
16:17:40 INFO  : 'jtag frequency' command is executed.
16:17:40 INFO  : Context for processor 'microblaze_0' is selected.
16:17:40 INFO  : Processor reset is completed for 'microblaze_0'.
16:17:40 INFO  : Context for processor 'microblaze_0' is selected.
16:17:46 INFO  : The application 'C:/College/Thesis/VivadoProjects/PMOD_WIFI_OLD/PMOD_WIFI.sdk/wifiApp/Debug/wifiApp.elf' is downloaded to processor 'microblaze_0'.
16:17:46 INFO  : ----------------XSDB Script----------------
connect -url tcp:127.0.0.1:3121
targets -set -nocase -filter {name =~ "microblaze*#0" && bscan=="USER2"  && jtag_cable_name =~ "Digilent Nexys4 210274592338A"} -index 0
rst -processor
targets -set -nocase -filter {name =~ "microblaze*#0" && bscan=="USER2"  && jtag_cable_name =~ "Digilent Nexys4 210274592338A"} -index 0
dow C:/College/Thesis/VivadoProjects/PMOD_WIFI_OLD/PMOD_WIFI.sdk/wifiApp/Debug/wifiApp.elf
----------------End of Script----------------

16:17:46 INFO  : Memory regions updated for context MicroBlaze #0
16:17:46 INFO  : Memory regions updated for context MicroBlaze Debug Module at USER2
16:17:46 INFO  : Context for processor 'microblaze_0' is selected.
16:17:46 INFO  : 'con' command is executed.
16:17:46 INFO  : ----------------XSDB Script (After Launch)----------------
targets -set -nocase -filter {name =~ "microblaze*#0" && bscan=="USER2"  && jtag_cable_name =~ "Digilent Nexys4 210274592338A"} -index 0
con
----------------End of Script----------------

16:17:46 INFO  : Launch script is exported to file 'C:\College\Thesis\VivadoProjects\PMOD_WIFI_OLD\PMOD_WIFI.sdk\.sdk\launch_scripts\xilinx_c-c++_application_(system_debugger)\system_debugger_using_debug_wifiapp.elf_on_local.tcl'
16:20:27 INFO  : Connected to target on host '127.0.0.1' and port '3121'.
16:20:28 INFO  : 'targets -set -filter {jtag_cable_name =~ "Digilent Nexys4 210274592338A" && level==0} -index 0' command is executed.
16:20:30 INFO  : FPGA configured successfully with bitstream "C:/College/Thesis/VivadoProjects/PMOD_WIFI_OLD/PMOD_WIFI.sdk/design_1_wrapper_hw_platform_0/download.bit"
16:21:15 INFO  : Disconnected from the channel tcfchan#12.
16:21:16 INFO  : 'targets -set -filter {jtag_cable_name =~ "Digilent Nexys4 210274592338A" && level==0} -index 0' command is executed.
16:21:16 INFO  : 'fpga -state' command is executed.
16:21:16 INFO  : Connected to target on host '127.0.0.1' and port '3121'.
16:21:16 INFO  : Jtag cable 'Digilent Nexys4 210274592338A' is selected.
16:21:16 INFO  : 'jtag frequency' command is executed.
16:21:16 INFO  : Context for processor 'microblaze_0' is selected.
16:21:17 INFO  : Processor reset is completed for 'microblaze_0'.
16:21:17 INFO  : Context for processor 'microblaze_0' is selected.
16:21:22 INFO  : The application 'C:/College/Thesis/VivadoProjects/PMOD_WIFI_OLD/PMOD_WIFI.sdk/wifiApp/Debug/wifiApp.elf' is downloaded to processor 'microblaze_0'.
16:21:22 INFO  : ----------------XSDB Script----------------
connect -url tcp:127.0.0.1:3121
targets -set -nocase -filter {name =~ "microblaze*#0" && bscan=="USER2"  && jtag_cable_name =~ "Digilent Nexys4 210274592338A"} -index 0
rst -processor
targets -set -nocase -filter {name =~ "microblaze*#0" && bscan=="USER2"  && jtag_cable_name =~ "Digilent Nexys4 210274592338A"} -index 0
dow C:/College/Thesis/VivadoProjects/PMOD_WIFI_OLD/PMOD_WIFI.sdk/wifiApp/Debug/wifiApp.elf
----------------End of Script----------------

16:21:22 INFO  : Memory regions updated for context MicroBlaze #0
16:21:22 INFO  : Memory regions updated for context MicroBlaze Debug Module at USER2
16:21:22 INFO  : Context for processor 'microblaze_0' is selected.
16:21:22 INFO  : 'con' command is executed.
16:21:22 INFO  : ----------------XSDB Script (After Launch)----------------
targets -set -nocase -filter {name =~ "microblaze*#0" && bscan=="USER2"  && jtag_cable_name =~ "Digilent Nexys4 210274592338A"} -index 0
con
----------------End of Script----------------

16:21:22 INFO  : Launch script is exported to file 'C:\College\Thesis\VivadoProjects\PMOD_WIFI_OLD\PMOD_WIFI.sdk\.sdk\launch_scripts\xilinx_c-c++_application_(system_debugger)\system_debugger_using_debug_wifiapp.elf_on_local.tcl'
16:24:48 INFO  : Connected to target on host '127.0.0.1' and port '3121'.
16:24:48 INFO  : 'targets -set -filter {jtag_cable_name =~ "Digilent Nexys4 210274592338A" && level==0} -index 0' command is executed.
16:24:50 INFO  : FPGA configured successfully with bitstream "C:/College/Thesis/VivadoProjects/PMOD_WIFI_OLD/PMOD_WIFI.sdk/design_1_wrapper_hw_platform_0/download.bit"
16:25:17 INFO  : Disconnected from the channel tcfchan#13.
16:25:19 INFO  : 'targets -set -filter {jtag_cable_name =~ "Digilent Nexys4 210274592338A" && level==0} -index 0' command is executed.
16:25:19 INFO  : 'fpga -state' command is executed.
16:25:19 INFO  : Connected to target on host '127.0.0.1' and port '3121'.
16:25:19 INFO  : Jtag cable 'Digilent Nexys4 210274592338A' is selected.
16:25:19 INFO  : 'jtag frequency' command is executed.
16:25:19 INFO  : Context for processor 'microblaze_0' is selected.
16:25:19 INFO  : Processor reset is completed for 'microblaze_0'.
16:25:19 INFO  : Context for processor 'microblaze_0' is selected.
16:25:24 INFO  : The application 'C:/College/Thesis/VivadoProjects/PMOD_WIFI_OLD/PMOD_WIFI.sdk/wifiApp/Debug/wifiApp.elf' is downloaded to processor 'microblaze_0'.
16:25:24 INFO  : ----------------XSDB Script----------------
connect -url tcp:127.0.0.1:3121
targets -set -nocase -filter {name =~ "microblaze*#0" && bscan=="USER2"  && jtag_cable_name =~ "Digilent Nexys4 210274592338A"} -index 0
rst -processor
targets -set -nocase -filter {name =~ "microblaze*#0" && bscan=="USER2"  && jtag_cable_name =~ "Digilent Nexys4 210274592338A"} -index 0
dow C:/College/Thesis/VivadoProjects/PMOD_WIFI_OLD/PMOD_WIFI.sdk/wifiApp/Debug/wifiApp.elf
----------------End of Script----------------

16:25:24 INFO  : Memory regions updated for context MicroBlaze #0
16:25:24 INFO  : Memory regions updated for context MicroBlaze Debug Module at USER2
16:25:24 INFO  : Context for processor 'microblaze_0' is selected.
16:25:24 INFO  : 'con' command is executed.
16:25:24 INFO  : ----------------XSDB Script (After Launch)----------------
targets -set -nocase -filter {name =~ "microblaze*#0" && bscan=="USER2"  && jtag_cable_name =~ "Digilent Nexys4 210274592338A"} -index 0
con
----------------End of Script----------------

16:25:24 INFO  : Launch script is exported to file 'C:\College\Thesis\VivadoProjects\PMOD_WIFI_OLD\PMOD_WIFI.sdk\.sdk\launch_scripts\xilinx_c-c++_application_(system_debugger)\system_debugger_using_debug_wifiapp.elf_on_local.tcl'
02:06:16 INFO  : Launching XSCT server: xsct.bat -interactive C:\College\Thesis\VivadoProjects\PMOD_WIFI_OLD\PMOD_WIFI.sdk\temp_xsdb_launch_script.tcl
16:17:45 INFO  : Registering command handlers for SDK TCF services
16:17:45 INFO  : Launching XSCT server: xsct.bat -interactive C:\College\Thesis\VivadoProjects\PMOD_WIFI_OLD\PMOD_WIFI.sdk\temp_xsdb_launch_script.tcl
16:17:48 INFO  : XSCT server has started successfully.
16:17:52 INFO  : Successfully done setting XSCT server connection channel  
16:17:52 INFO  : Processing command line option -hwspec C:/College/Thesis/VivadoProjects/PMOD_WIFI_OLD/PMOD_WIFI.sdk/design_1_wrapper.hdf.
16:17:52 INFO  : Successfully done setting SDK workspace  
16:17:52 INFO  : Checking for hwspec changes in the project design_1_wrapper_hw_platform_0.
16:18:24 INFO  : Connected to target on host '127.0.0.1' and port '3121'.
16:18:24 INFO  : 'targets -set -filter {jtag_cable_name =~ "Digilent Nexys4 210274592278A" && level==0} -index 0' command is executed.
16:18:26 INFO  : FPGA configured successfully with bitstream "C:/College/Thesis/VivadoProjects/PMOD_WIFI_OLD/PMOD_WIFI.sdk/design_1_wrapper_hw_platform_0/download.bit"
16:18:44 INFO  : 'targets -set -filter {jtag_cable_name =~ "Digilent Nexys4 210274592278A" && level==0} -index 0' command is executed.
16:18:44 INFO  : 'fpga -state' command is executed.
16:18:44 INFO  : Connected to target on host '127.0.0.1' and port '3121'.
16:18:44 INFO  : Jtag cable 'Digilent Nexys4 210274592278A' is selected.
16:18:44 INFO  : 'jtag frequency' command is executed.
16:18:44 INFO  : Context for processor 'microblaze_0' is selected.
16:18:44 INFO  : Processor reset is completed for 'microblaze_0'.
16:18:44 INFO  : Context for processor 'microblaze_0' is selected.
16:18:49 INFO  : The application 'C:/College/Thesis/VivadoProjects/PMOD_WIFI_OLD/PMOD_WIFI.sdk/wifiApp/Debug/wifiApp.elf' is downloaded to processor 'microblaze_0'.
16:18:49 INFO  : ----------------XSDB Script----------------
connect -url tcp:127.0.0.1:3121
targets -set -nocase -filter {name =~ "microblaze*#0" && bscan=="USER2"  && jtag_cable_name =~ "Digilent Nexys4 210274592278A"} -index 0
rst -processor
targets -set -nocase -filter {name =~ "microblaze*#0" && bscan=="USER2"  && jtag_cable_name =~ "Digilent Nexys4 210274592278A"} -index 0
dow C:/College/Thesis/VivadoProjects/PMOD_WIFI_OLD/PMOD_WIFI.sdk/wifiApp/Debug/wifiApp.elf
----------------End of Script----------------

16:18:49 INFO  : Memory regions updated for context MicroBlaze #0
16:18:49 INFO  : Memory regions updated for context MicroBlaze Debug Module at USER2
16:18:49 INFO  : Context for processor 'microblaze_0' is selected.
16:18:49 INFO  : 'con' command is executed.
16:18:49 INFO  : ----------------XSDB Script (After Launch)----------------
targets -set -nocase -filter {name =~ "microblaze*#0" && bscan=="USER2"  && jtag_cable_name =~ "Digilent Nexys4 210274592278A"} -index 0
con
----------------End of Script----------------

16:18:49 INFO  : Launch script is exported to file 'C:\College\Thesis\VivadoProjects\PMOD_WIFI_OLD\PMOD_WIFI.sdk\.sdk\launch_scripts\xilinx_c-c++_application_(system_debugger)\system_debugger_using_debug_wifiapp.elf_on_local.tcl'
16:19:23 INFO  : Disconnected from the channel tcfchan#1.
16:25:51 INFO  : Registering command handlers for SDK TCF services
16:25:52 INFO  : Launching XSCT server: xsct.bat -interactive C:\College\Thesis\VivadoProjects\PMOD_WIFI_OLD\PMOD_WIFI.sdk\temp_xsdb_launch_script.tcl
16:25:56 INFO  : XSCT server has started successfully.
16:25:56 INFO  : Successfully done setting XSCT server connection channel  
16:26:00 INFO  : Successfully done setting SDK workspace  
16:26:00 INFO  : Processing command line option -hwspec C:/College/Thesis/VivadoProjects/PMOD_WIFI_OLD/PMOD_WIFI.sdk/design_1_wrapper.hdf.
16:26:00 INFO  : Checking for hwspec changes in the project design_1_wrapper_hw_platform_0.
14:25:50 INFO  : Launching XSCT server: xsct.bat -interactive C:\College\Thesis\VivadoProjects\PMOD_WIFI_OLD\PMOD_WIFI.sdk\temp_xsdb_launch_script.tcl
14:25:52 INFO  : XSCT server has started successfully.
14:25:52 INFO  : Successfully done setting XSCT server connection channel  
14:25:54 INFO  : Successfully done setting SDK workspace  
14:25:56 INFO  : Registering command handlers for SDK TCF services
14:26:01 INFO  : Processing command line option -hwspec C:/College/Thesis/VivadoProjects/PMOD_WIFI_OLD/PMOD_WIFI.sdk/design_1_wrapper.hdf.
14:26:01 INFO  : Checking for hwspec changes in the project design_1_wrapper_hw_platform_0.
14:33:52 INFO  : Connected to target on host '127.0.0.1' and port '3121'.
14:33:55 INFO  : 'targets -set -filter {jtag_cable_name =~ "Digilent Nexys4 210274592278A" && level==0} -index 0' command is executed.
14:33:58 INFO  : FPGA configured successfully with bitstream "C:/College/Thesis/VivadoProjects/PMOD_WIFI_OLD/PMOD_WIFI.sdk/design_1_wrapper_hw_platform_0/download.bit"
14:36:45 ERROR : (XSDB Server)ERROR: [Hsi 55-1594] Core standalone of version 6.3 not found in repositories

14:36:45 ERROR : (XSDB Server)ERROR: [Hsi 55-1452] Error: running open_sw_design.

14:36:45 ERROR :  [Common 17-39] 'hsi::open_sw_design' failed due to earlier errors.
14:36:45 ERROR : (XSDB Server)ERROR: [Hsi 55-1594] Core standalone of version 6.3 not found in repositories
ERROR: [Hsi 55-1452] Error: running open_sw_design.

14:36:45 INFO  : Unable to read in MSS file C:\College\Thesis\VivadoProjects\PMOD_WIFI_OLD\PMOD_WIFI.sdk\wifiApp_bsp\system.mss : null
14:36:46 ERROR : Failed to closesw "C:/College/Thesis/VivadoProjects/PMOD_WIFI_OLD/PMOD_WIFI.sdk/wifiApp_bsp/system.mss"
Reason: Cannot close sw design 'C:/College/Thesis/VivadoProjects/PMOD_WIFI_OLD/PMOD_WIFI.sdk/wifiApp_bsp/system.mss'.
Design is not opened in the current session.


14:36:59 INFO  : Processor reset is completed for microblaze_0
14:37:12 ERROR : (XSDB Server)ERROR: [Hsi 55-1594] Core standalone of version 6.3 not found in repositories

14:37:12 ERROR : (XSDB Server)ERROR: [Hsi 55-1452] Error: running open_sw_design.

14:37:12 ERROR :  [Common 17-39] 'hsi::open_sw_design' failed due to earlier errors.
14:37:12 ERROR : (XSDB Server)ERROR: [Hsi 55-1594] Core standalone of version 6.3 not found in repositories

14:37:12 ERROR : (XSDB Server)ERROR: [Hsi 55-1452] Error: running open_sw_design.

14:37:12 INFO  : Unable to read in MSS file C:\College\Thesis\VivadoProjects\PMOD_WIFI_OLD\PMOD_WIFI.sdk\wifiApp_bsp\system.mss : null
14:37:12 ERROR : Failed to closesw "C:/College/Thesis/VivadoProjects/PMOD_WIFI_OLD/PMOD_WIFI.sdk/wifiApp_bsp/system.mss"
Reason: Cannot close sw design 'C:/College/Thesis/VivadoProjects/PMOD_WIFI_OLD/PMOD_WIFI.sdk/wifiApp_bsp/system.mss'.
Design is not opened in the current session.


14:37:38 INFO  : microblaze_0 Processor is in use. Please stop existing Run or Debug sessions before launching.
14:37:40 INFO  : Processor reset is completed for microblaze_0
14:37:40 ERROR : Port COM3 is already in use.
14:39:16 ERROR : (XSDB Server)ERROR: [Hsi 55-1594] Core standalone of version 6.3 not found in repositories

14:39:16 ERROR : (XSDB Server)ERROR: [Hsi 55-1452] Error: running open_sw_design.

14:39:16 ERROR :  [Common 17-39] 'hsi::open_sw_design' failed due to earlier errors.
14:39:16 ERROR : (XSDB Server)ERROR: [Hsi 55-1594] Core standalone of version 6.3 not found in repositories

14:39:16 ERROR : (XSDB Server)ERROR: [Hsi 55-1452] Error: running open_sw_design.

14:39:16 INFO  : Unable to read in MSS file C:\College\Thesis\VivadoProjects\PMOD_WIFI_OLD\PMOD_WIFI.sdk\wifiApp_bsp\system.mss : null
14:39:16 ERROR : Failed to closesw "C:/College/Thesis/VivadoProjects/PMOD_WIFI_OLD/PMOD_WIFI.sdk/wifiApp_bsp/system.mss"
Reason: Cannot close sw design 'C:/College/Thesis/VivadoProjects/PMOD_WIFI_OLD/PMOD_WIFI.sdk/wifiApp_bsp/system.mss'.
Design is not opened in the current session.


14:39:28 INFO  : microblaze_0 Processor is in use. Please stop existing Run or Debug sessions before launching.
14:39:41 INFO  : Processor reset is completed for microblaze_0
14:40:58 INFO  : Connected to target on host '127.0.0.1' and port '3121'.
14:40:58 INFO  : 'targets -set -filter {jtag_cable_name =~ "Digilent Nexys4 210274592278A" && level==0} -index 0' command is executed.
14:41:00 INFO  : FPGA configured successfully with bitstream "C:/College/Thesis/VivadoProjects/PMOD_WIFI_OLD/PMOD_WIFI.sdk/design_1_wrapper_hw_platform_0/download.bit"
14:41:03 ERROR : (XSDB Server)ERROR: [Hsi 55-1594] Core standalone of version 6.3 not found in repositories

14:41:03 ERROR : (XSDB Server)ERROR: [Hsi 55-1452] Error: running open_sw_design.

14:41:03 ERROR :  [Common 17-39] 'hsi::open_sw_design' failed due to earlier errors.
14:41:03 ERROR : (XSDB Server)ERROR: [Hsi 55-1594] Core standalone of version 6.3 not found in repositories

14:41:03 ERROR : (XSDB Server)ERROR: [Hsi 55-1452] Error: running open_sw_design.

14:41:03 INFO  : Unable to read in MSS file C:\College\Thesis\VivadoProjects\PMOD_WIFI_OLD\PMOD_WIFI.sdk\wifiApp_bsp\system.mss : null
14:41:03 ERROR : Failed to closesw "C:/College/Thesis/VivadoProjects/PMOD_WIFI_OLD/PMOD_WIFI.sdk/wifiApp_bsp/system.mss"
Reason: Cannot close sw design 'C:/College/Thesis/VivadoProjects/PMOD_WIFI_OLD/PMOD_WIFI.sdk/wifiApp_bsp/system.mss'.
Design is not opened in the current session.


14:41:10 ERROR : (XSDB Server)ERROR: [Hsi 55-1594] Core standalone of version 6.3 not found in repositories

14:41:10 ERROR : (XSDB Server)ERROR: [Hsi 55-1452] Error: running open_sw_design.

14:41:10 ERROR :  [Common 17-39] 'hsi::open_sw_design' failed due to earlier errors.
14:41:10 ERROR : (XSDB Server)ERROR: [Hsi 55-1594] Core standalone of version 6.3 not found in repositories

14:41:10 ERROR : (XSDB Server)ERROR: [Hsi 55-1452] Error: running open_sw_design.

14:41:10 INFO  : Unable to read in MSS file C:\College\Thesis\VivadoProjects\PMOD_WIFI_OLD\PMOD_WIFI.sdk\wifiApp_bsp\system.mss : null
14:41:10 ERROR : Failed to closesw "C:/College/Thesis/VivadoProjects/PMOD_WIFI_OLD/PMOD_WIFI.sdk/wifiApp_bsp/system.mss"
Reason: Cannot close sw design 'C:/College/Thesis/VivadoProjects/PMOD_WIFI_OLD/PMOD_WIFI.sdk/wifiApp_bsp/system.mss'.
Design is not opened in the current session.


14:41:18 INFO  : Processor reset is completed for microblaze_0
14:42:53 INFO  : Connected to target on host '127.0.0.1' and port '3121'.
14:44:04 INFO  : Connected to target on host '127.0.0.1' and port '3121'.
14:44:04 INFO  : 'targets -set -filter {jtag_cable_name =~ "Digilent Nexys4 210274592278A" && level==0} -index 0' command is executed.
14:44:06 INFO  : FPGA configured successfully with bitstream "C:/College/Thesis/VivadoProjects/PMOD_WIFI_OLD/PMOD_WIFI.sdk/design_1_wrapper_hw_platform_0/download.bit"
14:44:58 ERROR : (XSDB Server)ERROR: [Hsi 55-1594] Core standalone of version 6.3 not found in repositories

14:44:58 ERROR : (XSDB Server)ERROR: [Hsi 55-1452] Error: running open_sw_design.

14:44:58 ERROR :  [Common 17-39] 'hsi::open_sw_design' failed due to earlier errors.
14:44:58 ERROR : (XSDB Server)ERROR: [Hsi 55-1594] Core standalone of version 6.3 not found in repositories

14:44:58 ERROR : (XSDB Server)ERROR: [Hsi 55-1452] Error: running open_sw_design.

14:44:58 INFO  : Unable to read in MSS file C:\College\Thesis\VivadoProjects\PMOD_WIFI_OLD\PMOD_WIFI.sdk\wifiApp_bsp\system.mss : null
14:44:58 ERROR : Failed to closesw "C:/College/Thesis/VivadoProjects/PMOD_WIFI_OLD/PMOD_WIFI.sdk/wifiApp_bsp/system.mss"
Reason: Cannot close sw design 'C:/College/Thesis/VivadoProjects/PMOD_WIFI_OLD/PMOD_WIFI.sdk/wifiApp_bsp/system.mss'.
Design is not opened in the current session.


14:45:04 INFO  : Processor reset is completed for microblaze_0
14:51:19 INFO  : Connected to target on host '127.0.0.1' and port '3121'.
14:56:41 INFO  : Connected to target on host '127.0.0.1' and port '3121'.
14:56:41 INFO  : 'targets -set -filter {jtag_cable_name =~ "Digilent Nexys4 210274592278A" && level==0} -index 0' command is executed.
14:56:43 INFO  : FPGA configured successfully with bitstream "C:/College/Thesis/VivadoProjects/PMOD_WIFI_OLD/PMOD_WIFI.sdk/design_1_wrapper_hw_platform_0/download.bit"
14:56:49 ERROR : (XSDB Server)ERROR: [Hsi 55-1594] Core standalone of version 6.3 not found in repositories

14:56:49 ERROR : (XSDB Server)ERROR: [Hsi 55-1452] Error: running open_sw_design.

14:56:49 ERROR :  [Common 17-39] 'hsi::open_sw_design' failed due to earlier errors.
14:56:49 ERROR : (XSDB Server)ERROR: [Hsi 55-1594] Core standalone of version 6.3 not found in repositories

14:56:49 ERROR : (XSDB Server)ERROR: [Hsi 55-1452] Error: running open_sw_design.

14:56:49 INFO  : Unable to read in MSS file C:\College\Thesis\VivadoProjects\PMOD_WIFI_OLD\PMOD_WIFI.sdk\wifiApp_bsp\system.mss : null
14:56:49 ERROR : Failed to closesw "C:/College/Thesis/VivadoProjects/PMOD_WIFI_OLD/PMOD_WIFI.sdk/wifiApp_bsp/system.mss"
Reason: Cannot close sw design 'C:/College/Thesis/VivadoProjects/PMOD_WIFI_OLD/PMOD_WIFI.sdk/wifiApp_bsp/system.mss'.
Design is not opened in the current session.


14:56:55 INFO  : 'targets -set -filter {jtag_cable_name =~ "Digilent Nexys4 210274592278A" && level==0} -index 0' command is executed.
14:56:55 INFO  : 'fpga -state' command is executed.
14:56:55 INFO  : Connected to target on host '127.0.0.1' and port '3121'.
14:56:56 INFO  : Jtag cable 'Digilent Nexys4 210274592278A' is selected.
14:56:56 INFO  : 'jtag frequency' command is executed.
14:56:56 INFO  : Context for processor 'microblaze_0' is selected.
14:56:56 INFO  : Processor reset is completed for 'microblaze_0'.
14:56:56 ERROR : (XSDB Server)ERROR: [Hsi 55-1594] Core standalone of version 6.3 not found in repositories

14:56:56 ERROR : (XSDB Server)ERROR: [Hsi 55-1452] Error: running open_sw_design.

14:56:57 ERROR :  [Common 17-39] 'hsi::open_sw_design' failed due to earlier errors.
14:56:57 INFO  : Context for processor 'microblaze_0' is selected.
14:56:57 ERROR : (XSDB Server)ERROR: [Hsi 55-1594] Core standalone of version 6.3 not found in repositories

14:56:57 ERROR : (XSDB Server)ERROR: [Hsi 55-1452] Error: running open_sw_design.

14:56:57 INFO  : Unable to read in MSS file C:\College\Thesis\VivadoProjects\PMOD_WIFI_OLD\PMOD_WIFI.sdk\wifiApp_bsp\system.mss : null
14:57:09 INFO  : The application 'C:/College/Thesis/VivadoProjects/PMOD_WIFI_OLD/PMOD_WIFI.sdk/wifiApp/Debug/wifiApp.elf' is downloaded to processor 'microblaze_0'.
14:57:09 INFO  : ----------------XSDB Script----------------
connect -url tcp:127.0.0.1:3121
targets -set -nocase -filter {name =~ "microblaze*#0" && bscan=="USER2"  && jtag_cable_name =~ "Digilent Nexys4 210274592278A"} -index 0
rst -processor
targets -set -nocase -filter {name =~ "microblaze*#0" && bscan=="USER2"  && jtag_cable_name =~ "Digilent Nexys4 210274592278A"} -index 0
dow C:/College/Thesis/VivadoProjects/PMOD_WIFI_OLD/PMOD_WIFI.sdk/wifiApp/Debug/wifiApp.elf
----------------End of Script----------------

14:57:09 ERROR : Failed to closesw "C:/College/Thesis/VivadoProjects/PMOD_WIFI_OLD/PMOD_WIFI.sdk/wifiApp_bsp/system.mss"
Reason: Cannot close sw design 'C:/College/Thesis/VivadoProjects/PMOD_WIFI_OLD/PMOD_WIFI.sdk/wifiApp_bsp/system.mss'.
Design is not opened in the current session.


14:57:10 INFO  : Memory regions updated for context MicroBlaze #0
14:57:10 INFO  : Memory regions updated for context MicroBlaze Debug Module at USER2
14:57:10 INFO  : Context for processor 'microblaze_0' is selected.
14:57:10 INFO  : 'con' command is executed.
14:57:10 INFO  : ----------------XSDB Script (After Launch)----------------
targets -set -nocase -filter {name =~ "microblaze*#0" && bscan=="USER2"  && jtag_cable_name =~ "Digilent Nexys4 210274592278A"} -index 0
con
----------------End of Script----------------

14:57:10 INFO  : Launch script is exported to file 'C:\College\Thesis\VivadoProjects\PMOD_WIFI_OLD\PMOD_WIFI.sdk\.sdk\launch_scripts\performance_analysis\performance_analysis_using_debug_wifiapp.elf_on_local.tcl'
14:57:11 INFO  : Apm configuration has been updated and stored to 'C:\College\Thesis\VivadoProjects\PMOD_WIFI_OLD\PMOD_WIFI.sdk\design_1_wrapper_hw_platform_0\apmconfigs\apm_default.json' for the project 'design_1_wrapper_hw_platform_0'
14:57:11 WARN  : Processor 'microblaze_0' is not supported for performance analysis as extended debug is not enabled.
14:57:12 ERROR : (XSDB Server)ERROR: [Hsi 55-1594] Core standalone of version 6.3 not found in repositories

14:57:12 ERROR : (XSDB Server)ERROR: [Hsi 55-1452] Error: running open_sw_design.

14:57:12 ERROR :  [Common 17-39] 'hsi::open_sw_design' failed due to earlier errors.
14:57:12 ERROR : (XSDB Server)ERROR: [Hsi 55-1594] Core standalone of version 6.3 not found in repositories

14:57:12 ERROR : (XSDB Server)ERROR: [Hsi 55-1452] Error: running open_sw_design.

14:57:12 INFO  : Unable to read in MSS file C:\College\Thesis\VivadoProjects\PMOD_WIFI_OLD\PMOD_WIFI.sdk\wifiApp_bsp\system.mss : null
14:57:12 ERROR : (XSDB Server)ERROR: [Hsi 55-1594] Core standalone of version 6.3 not found in repositories

14:57:12 ERROR : (XSDB Server)ERROR: [Hsi 55-1452] Error: running open_sw_design.

14:57:12 ERROR : (XSDB Server)ERROR: [Hsi 55-1594] Core standalone of version 6.3 not found in repositories

14:57:12 ERROR : (XSDB Server)ERROR: [Hsi 55-1452] Error: running open_sw_design.

14:57:12 ERROR : (XSDB Server)ERROR: [Hsi 55-1594] Core standalone of version 6.3 not found in repositories

14:57:12 ERROR : (XSDB Server)ERROR: [Hsi 55-1452] Error: running open_sw_design.

14:57:12 ERROR :  [Common 17-39] 'hsi::open_sw_design' failed due to earlier errors.
14:57:12 ERROR : (XSDB Server)ERROR: [Hsi 55-1594] Core standalone of version 6.3 not found in repositories

14:57:12 ERROR : (XSDB Server)ERROR: [Hsi 55-1452] Error: running open_sw_design.

14:57:12 INFO  : Unable to read in MSS file C:\College\Thesis\VivadoProjects\PMOD_WIFI_OLD\PMOD_WIFI.sdk\wifiApp_bsp\system.mss : null
14:57:12 ERROR : (XSDB Server)ERROR: [Hsi 55-1594] Core standalone of version 6.3 not found in repositories
ERROR: [Hsi 55-1452] Error: running open_sw_design.

14:57:12 ERROR : Failed to closesw "C:/College/Thesis/VivadoProjects/PMOD_WIFI_OLD/PMOD_WIFI.sdk/wifiApp_bsp/system.mss"
Reason: Cannot close sw design 'C:/College/Thesis/VivadoProjects/PMOD_WIFI_OLD/PMOD_WIFI.sdk/wifiApp_bsp/system.mss'.
Design is not opened in the current session.


14:57:12 WARN  : Processor 'microblaze_0' is not supported for performance analysis as extended debug is not enabled.
14:57:12 WARN  : Processor 'microblaze_0' is not supported for performance analysis as extended debug is not enabled.
14:57:21 ERROR : (XSDB Server)ERROR: [Hsi 55-1594] Core standalone of version 6.3 not found in repositories

14:57:21 ERROR : (XSDB Server)ERROR: [Hsi 55-1452] Error: running open_sw_design.

14:57:21 ERROR :  [Common 17-39] 'hsi::open_sw_design' failed due to earlier errors.
14:57:21 ERROR : (XSDB Server)ERROR: [Hsi 55-1594] Core standalone of version 6.3 not found in repositories

14:57:21 ERROR : (XSDB Server)ERROR: [Hsi 55-1452] Error: running open_sw_design.

14:57:21 INFO  : Unable to read in MSS file C:\College\Thesis\VivadoProjects\PMOD_WIFI_OLD\PMOD_WIFI.sdk\wifiApp_bsp\system.mss : null
14:57:21 ERROR : Failed to closesw "C:/College/Thesis/VivadoProjects/PMOD_WIFI_OLD/PMOD_WIFI.sdk/wifiApp_bsp/system.mss"
Reason: Cannot close sw design 'C:/College/Thesis/VivadoProjects/PMOD_WIFI_OLD/PMOD_WIFI.sdk/wifiApp_bsp/system.mss'.
Design is not opened in the current session.


14:57:26 INFO  : Processor reset is completed for microblaze_0
14:59:20 INFO  : Connected to target on host '127.0.0.1' and port '3121'.
14:59:20 INFO  : 'targets -set -filter {jtag_cable_name =~ "Digilent Nexys4 210274592278A" && level==0} -index 0' command is executed.
14:59:22 INFO  : FPGA configured successfully with bitstream "C:/College/Thesis/VivadoProjects/PMOD_WIFI_OLD/PMOD_WIFI.sdk/design_1_wrapper_hw_platform_0/download.bit"
15:00:01 INFO  : Disconnected from the channel tcfchan#1.
15:00:03 INFO  : 'targets -set -filter {jtag_cable_name =~ "Digilent Nexys4 210274592278A" && level==0} -index 0' command is executed.
15:00:03 INFO  : 'fpga -state' command is executed.
15:00:03 INFO  : Connected to target on host '127.0.0.1' and port '3121'.
15:00:03 INFO  : Jtag cable 'Digilent Nexys4 210274592278A' is selected.
15:00:04 INFO  : 'jtag frequency' command is executed.
15:00:04 INFO  : Context for processor 'microblaze_0' is selected.
15:00:04 INFO  : Processor reset is completed for 'microblaze_0'.
15:00:05 INFO  : Context for processor 'microblaze_0' is selected.
15:00:19 INFO  : The application 'C:/College/Thesis/VivadoProjects/PMOD_WIFI_OLD/PMOD_WIFI.sdk/wifiApp/Debug/wifiApp.elf' is downloaded to processor 'microblaze_0'.
15:00:19 INFO  : ----------------XSDB Script----------------
connect -url tcp:127.0.0.1:3121
targets -set -nocase -filter {name =~ "microblaze*#0" && bscan=="USER2"  && jtag_cable_name =~ "Digilent Nexys4 210274592278A"} -index 0
rst -processor
targets -set -nocase -filter {name =~ "microblaze*#0" && bscan=="USER2"  && jtag_cable_name =~ "Digilent Nexys4 210274592278A"} -index 0
dow C:/College/Thesis/VivadoProjects/PMOD_WIFI_OLD/PMOD_WIFI.sdk/wifiApp/Debug/wifiApp.elf
----------------End of Script----------------

15:00:19 INFO  : Memory regions updated for context MicroBlaze #0
15:00:19 INFO  : Memory regions updated for context MicroBlaze Debug Module at USER2
15:00:19 INFO  : Context for processor 'microblaze_0' is selected.
15:00:19 INFO  : 'con' command is executed.
15:00:19 INFO  : ----------------XSDB Script (After Launch)----------------
targets -set -nocase -filter {name =~ "microblaze*#0" && bscan=="USER2"  && jtag_cable_name =~ "Digilent Nexys4 210274592278A"} -index 0
con
----------------End of Script----------------

15:00:19 INFO  : Launch script is exported to file 'C:\College\Thesis\VivadoProjects\PMOD_WIFI_OLD\PMOD_WIFI.sdk\.sdk\launch_scripts\xilinx_c-c++_application_(system_debugger)\system_debugger_using_debug_wifiapp.elf_on_local.tcl'
15:00:21 WARN  : Processor 'microblaze_0' is not supported for performance analysis as extended debug is not enabled.
15:01:34 INFO  : Connected to target on host '127.0.0.1' and port '3121'.
15:01:35 INFO  : 'targets -set -filter {jtag_cable_name =~ "Digilent Nexys4 210274592278A" && level==0} -index 0' command is executed.
15:01:37 INFO  : FPGA configured successfully with bitstream "C:/College/Thesis/VivadoProjects/PMOD_WIFI_OLD/PMOD_WIFI.sdk/design_1_wrapper_hw_platform_0/download.bit"
15:01:55 ERROR : (XSDB Server)ERROR: [Hsi 55-1594] Core standalone of version 6.3 not found in repositories

15:01:55 ERROR : (XSDB Server)ERROR: [Hsi 55-1452] Error: running open_sw_design.

15:01:55 ERROR :  [Common 17-39] 'hsi::open_sw_design' failed due to earlier errors.
15:01:55 ERROR : (XSDB Server)ERROR: [Hsi 55-1594] Core standalone of version 6.3 not found in repositories

15:01:55 ERROR : (XSDB Server)ERROR: [Hsi 55-1452] Error: running open_sw_design.

15:01:55 INFO  : Unable to read in MSS file C:\College\Thesis\VivadoProjects\PMOD_WIFI_OLD\PMOD_WIFI.sdk\wifiApp_bsp\system.mss : null
15:01:55 ERROR : Failed to closesw "C:/College/Thesis/VivadoProjects/PMOD_WIFI_OLD/PMOD_WIFI.sdk/wifiApp_bsp/system.mss"
Reason: Cannot close sw design 'C:/College/Thesis/VivadoProjects/PMOD_WIFI_OLD/PMOD_WIFI.sdk/wifiApp_bsp/system.mss'.
Design is not opened in the current session.


15:02:07 INFO  : Disconnected from the channel tcfchan#2.
15:02:08 INFO  : 'targets -set -filter {jtag_cable_name =~ "Digilent Nexys4 210274592278A" && level==0} -index 0' command is executed.
15:02:08 INFO  : 'fpga -state' command is executed.
15:02:08 INFO  : Connected to target on host '127.0.0.1' and port '3121'.
15:02:09 INFO  : Jtag cable 'Digilent Nexys4 210274592278A' is selected.
15:02:09 INFO  : 'jtag frequency' command is executed.
15:02:09 INFO  : Context for processor 'microblaze_0' is selected.
15:02:09 INFO  : Processor reset is completed for 'microblaze_0'.
15:02:09 INFO  : Context for processor 'microblaze_0' is selected.
15:02:15 INFO  : The application 'C:/College/Thesis/VivadoProjects/PMOD_WIFI_OLD/PMOD_WIFI.sdk/wifiApp/Debug/wifiApp.elf' is downloaded to processor 'microblaze_0'.
15:02:15 INFO  : ----------------XSDB Script----------------
connect -url tcp:127.0.0.1:3121
targets -set -nocase -filter {name =~ "microblaze*#0" && bscan=="USER2"  && jtag_cable_name =~ "Digilent Nexys4 210274592278A"} -index 0
rst -processor
targets -set -nocase -filter {name =~ "microblaze*#0" && bscan=="USER2"  && jtag_cable_name =~ "Digilent Nexys4 210274592278A"} -index 0
dow C:/College/Thesis/VivadoProjects/PMOD_WIFI_OLD/PMOD_WIFI.sdk/wifiApp/Debug/wifiApp.elf
----------------End of Script----------------

15:02:15 INFO  : Memory regions updated for context MicroBlaze #0
15:02:15 INFO  : Memory regions updated for context MicroBlaze Debug Module at USER2
15:02:15 INFO  : Context for processor 'microblaze_0' is selected.
15:02:15 INFO  : 'con' command is executed.
15:02:15 INFO  : ----------------XSDB Script (After Launch)----------------
targets -set -nocase -filter {name =~ "microblaze*#0" && bscan=="USER2"  && jtag_cable_name =~ "Digilent Nexys4 210274592278A"} -index 0
con
----------------End of Script----------------

15:02:15 INFO  : Launch script is exported to file 'C:\College\Thesis\VivadoProjects\PMOD_WIFI_OLD\PMOD_WIFI.sdk\.sdk\launch_scripts\xilinx_c-c++_application_(system_debugger)\system_debugger_using_debug_wifiapp.elf_on_local.tcl'
15:02:17 WARN  : Processor 'microblaze_0' is not supported for performance analysis as extended debug is not enabled.
15:06:07 INFO  : Connected to target on host '127.0.0.1' and port '3121'.
15:06:08 INFO  : 'targets -set -filter {jtag_cable_name =~ "Digilent Nexys4 210274592278A" && level==0} -index 0' command is executed.
15:06:10 INFO  : FPGA configured successfully with bitstream "C:/College/Thesis/VivadoProjects/PMOD_WIFI_OLD/PMOD_WIFI.sdk/design_1_wrapper_hw_platform_0/download.bit"
15:06:26 ERROR : (XSDB Server)ERROR: [Hsi 55-1594] Core standalone of version 6.3 not found in repositories

15:06:26 ERROR : (XSDB Server)ERROR: [Hsi 55-1452] Error: running open_sw_design.

15:06:26 ERROR :  [Common 17-39] 'hsi::open_sw_design' failed due to earlier errors.
15:06:26 ERROR : (XSDB Server)ERROR: [Hsi 55-1594] Core standalone of version 6.3 not found in repositories
ERROR: [Hsi 55-1452] Error: running open_sw_design.

15:06:26 INFO  : Unable to read in MSS file C:\College\Thesis\VivadoProjects\PMOD_WIFI_OLD\PMOD_WIFI.sdk\wifiApp_bsp\system.mss : null
15:06:26 ERROR : Failed to closesw "C:/College/Thesis/VivadoProjects/PMOD_WIFI_OLD/PMOD_WIFI.sdk/wifiApp_bsp/system.mss"
Reason: Cannot close sw design 'C:/College/Thesis/VivadoProjects/PMOD_WIFI_OLD/PMOD_WIFI.sdk/wifiApp_bsp/system.mss'.
Design is not opened in the current session.


15:06:37 INFO  : Disconnected from the channel tcfchan#3.
15:06:39 INFO  : 'targets -set -filter {jtag_cable_name =~ "Digilent Nexys4 210274592278A" && level==0} -index 0' command is executed.
15:06:39 INFO  : 'fpga -state' command is executed.
15:06:39 INFO  : Connected to target on host '127.0.0.1' and port '3121'.
15:06:39 INFO  : Jtag cable 'Digilent Nexys4 210274592278A' is selected.
15:06:39 INFO  : 'jtag frequency' command is executed.
15:06:39 INFO  : Context for processor 'microblaze_0' is selected.
15:06:39 INFO  : Processor reset is completed for 'microblaze_0'.
15:06:39 INFO  : Context for processor 'microblaze_0' is selected.
15:06:45 INFO  : The application 'C:/College/Thesis/VivadoProjects/PMOD_WIFI_OLD/PMOD_WIFI.sdk/wifiApp/Debug/wifiApp.elf' is downloaded to processor 'microblaze_0'.
15:06:45 INFO  : ----------------XSDB Script----------------
connect -url tcp:127.0.0.1:3121
targets -set -nocase -filter {name =~ "microblaze*#0" && bscan=="USER2"  && jtag_cable_name =~ "Digilent Nexys4 210274592278A"} -index 0
rst -processor
targets -set -nocase -filter {name =~ "microblaze*#0" && bscan=="USER2"  && jtag_cable_name =~ "Digilent Nexys4 210274592278A"} -index 0
dow C:/College/Thesis/VivadoProjects/PMOD_WIFI_OLD/PMOD_WIFI.sdk/wifiApp/Debug/wifiApp.elf
----------------End of Script----------------

15:06:45 INFO  : Memory regions updated for context MicroBlaze #0
15:06:45 INFO  : Memory regions updated for context MicroBlaze Debug Module at USER2
15:06:45 INFO  : Context for processor 'microblaze_0' is selected.
15:06:45 INFO  : 'con' command is executed.
15:06:45 INFO  : ----------------XSDB Script (After Launch)----------------
targets -set -nocase -filter {name =~ "microblaze*#0" && bscan=="USER2"  && jtag_cable_name =~ "Digilent Nexys4 210274592278A"} -index 0
con
----------------End of Script----------------

15:06:45 INFO  : Launch script is exported to file 'C:\College\Thesis\VivadoProjects\PMOD_WIFI_OLD\PMOD_WIFI.sdk\.sdk\launch_scripts\xilinx_c-c++_application_(system_debugger)\system_debugger_using_debug_wifiapp.elf_on_local.tcl'
15:06:47 WARN  : Processor 'microblaze_0' is not supported for performance analysis as extended debug is not enabled.
15:10:08 INFO  : Connected to target on host '127.0.0.1' and port '3121'.
15:11:03 INFO  : Connected to target on host '127.0.0.1' and port '3121'.
15:11:04 INFO  : 'targets -set -filter {jtag_cable_name =~ "Digilent Nexys4 210274592278A" && level==0} -index 0' command is executed.
15:11:06 INFO  : FPGA configured successfully with bitstream "C:/College/Thesis/VivadoProjects/PMOD_WIFI_OLD/PMOD_WIFI.sdk/design_1_wrapper_hw_platform_0/download.bit"
15:12:53 ERROR : (XSDB Server)ERROR: [Hsi 55-1594] Core standalone of version 6.3 not found in repositories
ERROR: [Hsi 55-1452] Error: running open_sw_design.

15:12:53 ERROR :  [Common 17-39] 'hsi::open_sw_design' failed due to earlier errors.
15:12:53 ERROR : (XSDB Server)ERROR: [Hsi 55-1594] Core standalone of version 6.3 not found in repositories
ERROR: [Hsi 55-1452] Error: running open_sw_design.

15:12:53 INFO  : Unable to read in MSS file C:\College\Thesis\VivadoProjects\PMOD_WIFI_OLD\PMOD_WIFI.sdk\wifiApp_bsp\system.mss : null
15:12:53 ERROR : Failed to closesw "C:/College/Thesis/VivadoProjects/PMOD_WIFI_OLD/PMOD_WIFI.sdk/wifiApp_bsp/system.mss"
Reason: Cannot close sw design 'C:/College/Thesis/VivadoProjects/PMOD_WIFI_OLD/PMOD_WIFI.sdk/wifiApp_bsp/system.mss'.
Design is not opened in the current session.


15:13:53 INFO  : Disconnected from the channel tcfchan#4.
15:13:55 INFO  : 'targets -set -filter {jtag_cable_name =~ "Digilent Nexys4 210274592278A" && level==0} -index 0' command is executed.
15:13:55 INFO  : 'fpga -state' command is executed.
15:13:55 INFO  : Connected to target on host '127.0.0.1' and port '3121'.
15:13:55 INFO  : Jtag cable 'Digilent Nexys4 210274592278A' is selected.
15:13:55 INFO  : 'jtag frequency' command is executed.
15:13:55 INFO  : Context for processor 'microblaze_0' is selected.
15:13:56 INFO  : Processor reset is completed for 'microblaze_0'.
15:13:57 INFO  : Context for processor 'microblaze_0' is selected.
15:14:27 INFO  : The application 'C:/College/Thesis/VivadoProjects/PMOD_WIFI_OLD/PMOD_WIFI.sdk/wifiApp/Debug/wifiApp.elf' is downloaded to processor 'microblaze_0'.
15:14:27 INFO  : ----------------XSDB Script----------------
connect -url tcp:127.0.0.1:3121
targets -set -nocase -filter {name =~ "microblaze*#0" && bscan=="USER2"  && jtag_cable_name =~ "Digilent Nexys4 210274592278A"} -index 0
rst -processor
targets -set -nocase -filter {name =~ "microblaze*#0" && bscan=="USER2"  && jtag_cable_name =~ "Digilent Nexys4 210274592278A"} -index 0
dow C:/College/Thesis/VivadoProjects/PMOD_WIFI_OLD/PMOD_WIFI.sdk/wifiApp/Debug/wifiApp.elf
----------------End of Script----------------

15:14:27 INFO  : Memory regions updated for context MicroBlaze #0
15:14:27 INFO  : Memory regions updated for context MicroBlaze Debug Module at USER2
15:14:27 INFO  : Context for processor 'microblaze_0' is selected.
15:14:27 INFO  : 'con' command is executed.
15:14:27 INFO  : ----------------XSDB Script (After Launch)----------------
targets -set -nocase -filter {name =~ "microblaze*#0" && bscan=="USER2"  && jtag_cable_name =~ "Digilent Nexys4 210274592278A"} -index 0
con
----------------End of Script----------------

15:14:27 INFO  : Launch script is exported to file 'C:\College\Thesis\VivadoProjects\PMOD_WIFI_OLD\PMOD_WIFI.sdk\.sdk\launch_scripts\xilinx_c-c++_application_(system_debugger)\system_debugger_using_debug_wifiapp.elf_on_local.tcl'
15:14:29 WARN  : Processor 'microblaze_0' is not supported for performance analysis as extended debug is not enabled.
15:16:23 INFO  : Connected to target on host '127.0.0.1' and port '3121'.
15:16:24 INFO  : 'targets -set -filter {jtag_cable_name =~ "Digilent Nexys4 210274592278A" && level==0} -index 0' command is executed.
15:16:26 INFO  : FPGA configured successfully with bitstream "C:/College/Thesis/VivadoProjects/PMOD_WIFI_OLD/PMOD_WIFI.sdk/design_1_wrapper_hw_platform_0/download.bit"
15:16:37 ERROR : (XSDB Server)ERROR: [Hsi 55-1594] Core standalone of version 6.3 not found in repositories

15:16:37 ERROR : (XSDB Server)ERROR: [Hsi 55-1452] Error: running open_sw_design.

15:16:37 ERROR :  [Common 17-39] 'hsi::open_sw_design' failed due to earlier errors.
15:16:37 ERROR : (XSDB Server)ERROR: [Hsi 55-1594] Core standalone of version 6.3 not found in repositories

15:16:37 ERROR : (XSDB Server)ERROR: [Hsi 55-1452] Error: running open_sw_design.

15:16:37 INFO  : Unable to read in MSS file C:\College\Thesis\VivadoProjects\PMOD_WIFI_OLD\PMOD_WIFI.sdk\wifiApp_bsp\system.mss : null
15:16:37 ERROR : Failed to closesw "C:/College/Thesis/VivadoProjects/PMOD_WIFI_OLD/PMOD_WIFI.sdk/wifiApp_bsp/system.mss"
Reason: Cannot close sw design 'C:/College/Thesis/VivadoProjects/PMOD_WIFI_OLD/PMOD_WIFI.sdk/wifiApp_bsp/system.mss'.
Design is not opened in the current session.


15:17:11 INFO  : Disconnected from the channel tcfchan#5.
15:17:13 INFO  : 'targets -set -filter {jtag_cable_name =~ "Digilent Nexys4 210274592278A" && level==0} -index 0' command is executed.
15:17:14 INFO  : 'fpga -state' command is executed.
15:17:14 INFO  : Connected to target on host '127.0.0.1' and port '3121'.
15:17:14 INFO  : Jtag cable 'Digilent Nexys4 210274592278A' is selected.
15:17:14 INFO  : 'jtag frequency' command is executed.
15:17:15 INFO  : Context for processor 'microblaze_0' is selected.
15:17:15 INFO  : Processor reset is completed for 'microblaze_0'.
15:17:16 INFO  : Context for processor 'microblaze_0' is selected.
15:17:37 INFO  : The application 'C:/College/Thesis/VivadoProjects/PMOD_WIFI_OLD/PMOD_WIFI.sdk/wifiApp/Debug/wifiApp.elf' is downloaded to processor 'microblaze_0'.
15:17:37 INFO  : ----------------XSDB Script----------------
connect -url tcp:127.0.0.1:3121
targets -set -nocase -filter {name =~ "microblaze*#0" && bscan=="USER2"  && jtag_cable_name =~ "Digilent Nexys4 210274592278A"} -index 0
rst -processor
targets -set -nocase -filter {name =~ "microblaze*#0" && bscan=="USER2"  && jtag_cable_name =~ "Digilent Nexys4 210274592278A"} -index 0
dow C:/College/Thesis/VivadoProjects/PMOD_WIFI_OLD/PMOD_WIFI.sdk/wifiApp/Debug/wifiApp.elf
----------------End of Script----------------

15:17:37 INFO  : Memory regions updated for context MicroBlaze #0
15:17:37 INFO  : Memory regions updated for context MicroBlaze Debug Module at USER2
15:17:38 INFO  : Context for processor 'microblaze_0' is selected.
15:17:38 INFO  : 'con' command is executed.
15:17:38 INFO  : ----------------XSDB Script (After Launch)----------------
targets -set -nocase -filter {name =~ "microblaze*#0" && bscan=="USER2"  && jtag_cable_name =~ "Digilent Nexys4 210274592278A"} -index 0
con
----------------End of Script----------------

15:17:38 INFO  : Launch script is exported to file 'C:\College\Thesis\VivadoProjects\PMOD_WIFI_OLD\PMOD_WIFI.sdk\.sdk\launch_scripts\xilinx_c-c++_application_(system_debugger)\system_debugger_using_debug_wifiapp.elf_on_local.tcl'
15:17:39 WARN  : Processor 'microblaze_0' is not supported for performance analysis as extended debug is not enabled.
15:18:26 INFO  : Connected to target on host '127.0.0.1' and port '3121'.
15:18:27 INFO  : 'targets -set -filter {jtag_cable_name =~ "Digilent Nexys4 210274592278A" && level==0} -index 0' command is executed.
15:18:29 INFO  : FPGA configured successfully with bitstream "C:/College/Thesis/VivadoProjects/PMOD_WIFI_OLD/PMOD_WIFI.sdk/design_1_wrapper_hw_platform_0/download.bit"
15:20:21 ERROR : (XSDB Server)ERROR: [Hsi 55-1594] Core standalone of version 6.3 not found in repositories

15:20:21 ERROR : (XSDB Server)ERROR: [Hsi 55-1452] Error: running open_sw_design.

15:20:21 ERROR :  [Common 17-39] 'hsi::open_sw_design' failed due to earlier errors.
15:20:21 ERROR : (XSDB Server)ERROR: [Hsi 55-1594] Core standalone of version 6.3 not found in repositories

15:20:21 ERROR : (XSDB Server)ERROR: [Hsi 55-1452] Error: running open_sw_design.

15:20:21 INFO  : Unable to read in MSS file C:\College\Thesis\VivadoProjects\PMOD_WIFI_OLD\PMOD_WIFI.sdk\wifiApp_bsp\system.mss : null
15:20:21 ERROR : Failed to closesw "C:/College/Thesis/VivadoProjects/PMOD_WIFI_OLD/PMOD_WIFI.sdk/wifiApp_bsp/system.mss"
Reason: Cannot close sw design 'C:/College/Thesis/VivadoProjects/PMOD_WIFI_OLD/PMOD_WIFI.sdk/wifiApp_bsp/system.mss'.
Design is not opened in the current session.


15:21:11 INFO  : Connected to target on host '127.0.0.1' and port '3121'.
15:21:12 INFO  : 'targets -set -filter {jtag_cable_name =~ "Digilent Nexys4 210274592278A" && level==0} -index 0' command is executed.
15:21:14 INFO  : FPGA configured successfully with bitstream "C:/College/Thesis/VivadoProjects/PMOD_WIFI_OLD/PMOD_WIFI.sdk/design_1_wrapper_hw_platform_0/download.bit"
15:22:15 ERROR : (XSDB Server)ERROR: [Hsi 55-1594] Core standalone of version 6.3 not found in repositories

15:22:15 ERROR : (XSDB Server)ERROR: [Hsi 55-1452] Error: running open_sw_design.

15:22:15 ERROR :  [Common 17-39] 'hsi::open_sw_design' failed due to earlier errors.
15:22:15 ERROR : (XSDB Server)ERROR: [Hsi 55-1594] Core standalone of version 6.3 not found in repositories

15:22:15 ERROR : (XSDB Server)ERROR: [Hsi 55-1452] Error: running open_sw_design.

15:22:15 INFO  : Unable to read in MSS file C:\College\Thesis\VivadoProjects\PMOD_WIFI_OLD\PMOD_WIFI.sdk\wifiApp_bsp\system.mss : null
15:22:15 ERROR : Failed to closesw "C:/College/Thesis/VivadoProjects/PMOD_WIFI_OLD/PMOD_WIFI.sdk/wifiApp_bsp/system.mss"
Reason: Cannot close sw design 'C:/College/Thesis/VivadoProjects/PMOD_WIFI_OLD/PMOD_WIFI.sdk/wifiApp_bsp/system.mss'.
Design is not opened in the current session.


15:22:28 INFO  : Disconnected from the channel tcfchan#6.
15:22:29 INFO  : 'targets -set -filter {jtag_cable_name =~ "Digilent Nexys4 210274592278A" && level==0} -index 0' command is executed.
15:22:29 INFO  : 'fpga -state' command is executed.
15:22:29 INFO  : Connected to target on host '127.0.0.1' and port '3121'.
15:22:30 INFO  : Jtag cable 'Digilent Nexys4 210274592278A' is selected.
15:22:30 INFO  : 'jtag frequency' command is executed.
15:22:30 INFO  : Context for processor 'microblaze_0' is selected.
15:22:31 INFO  : Processor reset is completed for 'microblaze_0'.
15:22:31 INFO  : Context for processor 'microblaze_0' is selected.
15:22:38 INFO  : The application 'C:/College/Thesis/VivadoProjects/PMOD_WIFI_OLD/PMOD_WIFI.sdk/wifiApp/Debug/wifiApp.elf' is downloaded to processor 'microblaze_0'.
15:22:38 INFO  : ----------------XSDB Script----------------
connect -url tcp:127.0.0.1:3121
targets -set -nocase -filter {name =~ "microblaze*#0" && bscan=="USER2"  && jtag_cable_name =~ "Digilent Nexys4 210274592278A"} -index 0
rst -processor
targets -set -nocase -filter {name =~ "microblaze*#0" && bscan=="USER2"  && jtag_cable_name =~ "Digilent Nexys4 210274592278A"} -index 0
dow C:/College/Thesis/VivadoProjects/PMOD_WIFI_OLD/PMOD_WIFI.sdk/wifiApp/Debug/wifiApp.elf
----------------End of Script----------------

15:22:38 INFO  : Memory regions updated for context MicroBlaze #0
15:22:38 INFO  : Memory regions updated for context MicroBlaze Debug Module at USER2
15:22:39 INFO  : Context for processor 'microblaze_0' is selected.
15:22:39 INFO  : 'con' command is executed.
15:22:39 INFO  : ----------------XSDB Script (After Launch)----------------
targets -set -nocase -filter {name =~ "microblaze*#0" && bscan=="USER2"  && jtag_cable_name =~ "Digilent Nexys4 210274592278A"} -index 0
con
----------------End of Script----------------

15:22:39 INFO  : Launch script is exported to file 'C:\College\Thesis\VivadoProjects\PMOD_WIFI_OLD\PMOD_WIFI.sdk\.sdk\launch_scripts\xilinx_c-c++_application_(system_debugger)\system_debugger_using_debug_wifiapp.elf_on_local.tcl'
15:22:40 WARN  : Processor 'microblaze_0' is not supported for performance analysis as extended debug is not enabled.
15:29:50 INFO  : Connected to target on host '127.0.0.1' and port '3121'.
15:29:51 INFO  : 'targets -set -filter {jtag_cable_name =~ "Digilent Nexys4 210274592278A" && level==0} -index 0' command is executed.
15:29:53 INFO  : FPGA configured successfully with bitstream "C:/College/Thesis/VivadoProjects/PMOD_WIFI_OLD/PMOD_WIFI.sdk/design_1_wrapper_hw_platform_0/download.bit"
15:35:01 ERROR : (XSDB Server)ERROR: [Hsi 55-1594] Core standalone of version 6.3 not found in repositories

15:35:01 ERROR : (XSDB Server)ERROR: [Hsi 55-1452] Error: running open_sw_design.

15:35:01 ERROR :  [Common 17-39] 'hsi::open_sw_design' failed due to earlier errors.
15:35:01 ERROR : (XSDB Server)ERROR: [Hsi 55-1594] Core standalone of version 6.3 not found in repositories

15:35:01 ERROR : (XSDB Server)ERROR: [Hsi 55-1452] Error: running open_sw_design.

15:35:01 INFO  : Unable to read in MSS file C:\College\Thesis\VivadoProjects\PMOD_WIFI_OLD\PMOD_WIFI.sdk\wifiApp_bsp\system.mss : null
15:35:01 ERROR : Failed to closesw "C:/College/Thesis/VivadoProjects/PMOD_WIFI_OLD/PMOD_WIFI.sdk/wifiApp_bsp/system.mss"
Reason: Cannot close sw design 'C:/College/Thesis/VivadoProjects/PMOD_WIFI_OLD/PMOD_WIFI.sdk/wifiApp_bsp/system.mss'.
Design is not opened in the current session.


15:35:17 INFO  : Disconnected from the channel tcfchan#7.
15:35:19 INFO  : 'targets -set -filter {jtag_cable_name =~ "Digilent Nexys4 210274592278A" && level==0} -index 0' command is executed.
15:35:19 INFO  : 'fpga -state' command is executed.
15:35:19 INFO  : Connected to target on host '127.0.0.1' and port '3121'.
15:35:19 INFO  : Jtag cable 'Digilent Nexys4 210274592278A' is selected.
15:35:19 INFO  : 'jtag frequency' command is executed.
15:35:19 INFO  : Context for processor 'microblaze_0' is selected.
15:35:19 INFO  : Processor reset is completed for 'microblaze_0'.
15:35:19 INFO  : Context for processor 'microblaze_0' is selected.
15:35:31 INFO  : The application 'C:/College/Thesis/VivadoProjects/PMOD_WIFI_OLD/PMOD_WIFI.sdk/wifiApp/Debug/wifiApp.elf' is downloaded to processor 'microblaze_0'.
15:35:31 INFO  : ----------------XSDB Script----------------
connect -url tcp:127.0.0.1:3121
targets -set -nocase -filter {name =~ "microblaze*#0" && bscan=="USER2"  && jtag_cable_name =~ "Digilent Nexys4 210274592278A"} -index 0
rst -processor
targets -set -nocase -filter {name =~ "microblaze*#0" && bscan=="USER2"  && jtag_cable_name =~ "Digilent Nexys4 210274592278A"} -index 0
dow C:/College/Thesis/VivadoProjects/PMOD_WIFI_OLD/PMOD_WIFI.sdk/wifiApp/Debug/wifiApp.elf
----------------End of Script----------------

15:35:32 INFO  : Memory regions updated for context MicroBlaze #0
15:35:32 INFO  : Memory regions updated for context MicroBlaze Debug Module at USER2
15:35:32 INFO  : Context for processor 'microblaze_0' is selected.
15:35:32 INFO  : 'con' command is executed.
15:35:32 INFO  : ----------------XSDB Script (After Launch)----------------
targets -set -nocase -filter {name =~ "microblaze*#0" && bscan=="USER2"  && jtag_cable_name =~ "Digilent Nexys4 210274592278A"} -index 0
con
----------------End of Script----------------

15:35:32 INFO  : Launch script is exported to file 'C:\College\Thesis\VivadoProjects\PMOD_WIFI_OLD\PMOD_WIFI.sdk\.sdk\launch_scripts\xilinx_c-c++_application_(system_debugger)\system_debugger_using_debug_wifiapp.elf_on_local.tcl'
15:35:34 WARN  : Processor 'microblaze_0' is not supported for performance analysis as extended debug is not enabled.
15:42:02 ERROR : (XSDB Server)ERROR: [Hsi 55-1594] Core standalone of version 6.3 not found in repositories

15:42:02 ERROR : (XSDB Server)ERROR: [Hsi 55-1452] Error: running open_sw_design.

15:42:02 ERROR :  [Common 17-39] 'hsi::open_sw_design' failed due to earlier errors.
15:42:02 ERROR : (XSDB Server)ERROR: [Hsi 55-1594] Core standalone of version 6.3 not found in repositories

15:42:02 ERROR : (XSDB Server)ERROR: [Hsi 55-1452] Error: running open_sw_design.

15:42:02 INFO  : Unable to read in MSS file C:\College\Thesis\VivadoProjects\PMOD_WIFI_OLD\PMOD_WIFI.sdk\wifiApp_bsp\system.mss : null
15:42:02 ERROR : (XSDB Server)ERROR: [Hsi 55-1594] Core standalone of version 6.3 not found in repositories

15:42:02 ERROR : (XSDB Server)ERROR: [Hsi 55-1452] Error: running open_sw_design.

15:42:02 ERROR : (XSDB Server)ERROR: [Hsi 55-1594] Core standalone of version 6.3 not found in repositories

15:42:02 ERROR : (XSDB Server)ERROR: [Hsi 55-1452] Error: running open_sw_design.

15:42:02 ERROR : Failed to get_connected_periphs
Reason: ERROR: [Common 17-55] 'get_property' expects at least one object.
Resolution: If [get_<value>] was used to populate the object, check to make sure this command returns at least one valid object.

15:49:10 ERROR : (XSDB Server)ERROR: [Hsi 55-1594] Core standalone of version 6.3 not found in repositories
ERROR: [Hsi 55-1452] Error: running open_sw_design.

15:49:10 ERROR :  [Common 17-39] 'hsi::open_sw_design' failed due to earlier errors.
15:49:10 ERROR : (XSDB Server)ERROR: [Hsi 55-1594] Core standalone of version 6.3 not found in repositories

15:49:10 ERROR : (XSDB Server)ERROR: [Hsi 55-1452] Error: running open_sw_design.

15:49:10 INFO  : Unable to read in MSS file C:\College\Thesis\VivadoProjects\PMOD_WIFI_OLD\PMOD_WIFI.sdk\wifiApp_bsp\system.mss : null
15:49:10 ERROR : (XSDB Server)ERROR: [Hsi 55-1594] Core standalone of version 6.3 not found in repositories

15:49:10 ERROR : (XSDB Server)ERROR: [Hsi 55-1452] Error: running open_sw_design.

15:49:10 ERROR : (XSDB Server)ERROR: [Hsi 55-1594] Core standalone of version 6.3 not found in repositories

15:49:10 ERROR : (XSDB Server)ERROR: [Hsi 55-1452] Error: running open_sw_design.

15:49:10 ERROR : Failed to get_connected_periphs
Reason: ERROR: [Common 17-55] 'get_property' expects at least one object.
Resolution: If [get_<value>] was used to populate the object, check to make sure this command returns at least one valid object.

15:52:17 INFO  : Connected to target on host '127.0.0.1' and port '3121'.
15:52:17 INFO  : 'targets -set -filter {jtag_cable_name =~ "Digilent Nexys4 210274592278A" && level==0} -index 0' command is executed.
15:52:20 INFO  : FPGA configured successfully with bitstream "C:/College/Thesis/VivadoProjects/PMOD_WIFI_OLD/PMOD_WIFI.sdk/design_1_wrapper_hw_platform_0/download.bit"
15:53:06 ERROR : (XSDB Server)ERROR: [Hsi 55-1594] Core standalone of version 6.3 not found in repositories

15:53:06 ERROR : (XSDB Server)ERROR: [Hsi 55-1452] Error: running open_sw_design.

15:53:06 ERROR :  [Common 17-39] 'hsi::open_sw_design' failed due to earlier errors.
15:53:06 ERROR : (XSDB Server)ERROR: [Hsi 55-1594] Core standalone of version 6.3 not found in repositories

15:53:06 ERROR : (XSDB Server)ERROR: [Hsi 55-1452] Error: running open_sw_design.

15:53:06 INFO  : Unable to read in MSS file C:\College\Thesis\VivadoProjects\PMOD_WIFI_OLD\PMOD_WIFI.sdk\wifiApp_bsp\system.mss : null
15:53:06 ERROR : Failed to closesw "C:/College/Thesis/VivadoProjects/PMOD_WIFI_OLD/PMOD_WIFI.sdk/wifiApp_bsp/system.mss"
Reason: Cannot close sw design 'C:/College/Thesis/VivadoProjects/PMOD_WIFI_OLD/PMOD_WIFI.sdk/wifiApp_bsp/system.mss'.
Design is not opened in the current session.


15:53:17 INFO  : Disconnected from the channel tcfchan#8.
15:53:18 INFO  : 'targets -set -filter {jtag_cable_name =~ "Digilent Nexys4 210274592278A" && level==0} -index 0' command is executed.
15:53:18 INFO  : 'fpga -state' command is executed.
15:53:18 INFO  : Connected to target on host '127.0.0.1' and port '3121'.
15:53:19 INFO  : Jtag cable 'Digilent Nexys4 210274592278A' is selected.
15:53:19 INFO  : 'jtag frequency' command is executed.
15:53:20 INFO  : Context for processor 'microblaze_0' is selected.
15:53:21 INFO  : Processor reset is completed for 'microblaze_0'.
15:53:22 INFO  : Context for processor 'microblaze_0' is selected.
15:53:42 INFO  : The application 'C:/College/Thesis/VivadoProjects/PMOD_WIFI_OLD/PMOD_WIFI.sdk/wifiApp/Debug/wifiApp.elf' is downloaded to processor 'microblaze_0'.
15:53:42 INFO  : ----------------XSDB Script----------------
connect -url tcp:127.0.0.1:3121
targets -set -nocase -filter {name =~ "microblaze*#0" && bscan=="USER2"  && jtag_cable_name =~ "Digilent Nexys4 210274592278A"} -index 0
rst -processor
targets -set -nocase -filter {name =~ "microblaze*#0" && bscan=="USER2"  && jtag_cable_name =~ "Digilent Nexys4 210274592278A"} -index 0
dow C:/College/Thesis/VivadoProjects/PMOD_WIFI_OLD/PMOD_WIFI.sdk/wifiApp/Debug/wifiApp.elf
----------------End of Script----------------

15:53:42 INFO  : Memory regions updated for context MicroBlaze #0
15:53:42 INFO  : Memory regions updated for context MicroBlaze Debug Module at USER2
15:53:43 INFO  : Context for processor 'microblaze_0' is selected.
15:53:43 INFO  : 'con' command is executed.
15:53:43 INFO  : ----------------XSDB Script (After Launch)----------------
targets -set -nocase -filter {name =~ "microblaze*#0" && bscan=="USER2"  && jtag_cable_name =~ "Digilent Nexys4 210274592278A"} -index 0
con
----------------End of Script----------------

15:53:43 INFO  : Launch script is exported to file 'C:\College\Thesis\VivadoProjects\PMOD_WIFI_OLD\PMOD_WIFI.sdk\.sdk\launch_scripts\xilinx_c-c++_application_(system_debugger)\system_debugger_using_debug_wifiapp.elf_on_local.tcl'
15:53:44 WARN  : Processor 'microblaze_0' is not supported for performance analysis as extended debug is not enabled.
16:07:22 INFO  : Connected to target on host '127.0.0.1' and port '3121'.
16:07:23 INFO  : 'targets -set -filter {jtag_cable_name =~ "Digilent Nexys4 210274592278A" && level==0} -index 0' command is executed.
16:07:25 INFO  : FPGA configured successfully with bitstream "C:/College/Thesis/VivadoProjects/PMOD_WIFI_OLD/PMOD_WIFI.sdk/design_1_wrapper_hw_platform_0/download.bit"
16:12:21 INFO  : Connected to target on host '127.0.0.1' and port '3121'.
16:12:21 INFO  : 'targets -set -filter {jtag_cable_name =~ "Digilent Nexys4 210274592278A" && level==0} -index 0' command is executed.
16:12:23 INFO  : FPGA configured successfully with bitstream "C:/College/Thesis/VivadoProjects/PMOD_WIFI_OLD/PMOD_WIFI.sdk/design_1_wrapper_hw_platform_0/download.bit"
16:12:27 ERROR : (XSDB Server)ERROR: [Hsi 55-1594] Core standalone of version 6.3 not found in repositories

16:12:27 ERROR : (XSDB Server)ERROR: [Hsi 55-1452] Error: running open_sw_design.

16:12:27 ERROR :  [Common 17-39] 'hsi::open_sw_design' failed due to earlier errors.
16:12:27 ERROR : (XSDB Server)ERROR: [Hsi 55-1594] Core standalone of version 6.3 not found in repositories

16:12:27 ERROR : (XSDB Server)ERROR: [Hsi 55-1452] Error: running open_sw_design.

16:12:27 INFO  : Unable to read in MSS file C:\College\Thesis\VivadoProjects\PMOD_WIFI_OLD\PMOD_WIFI.sdk\wifiApp_bsp\system.mss : null
16:12:27 ERROR : Failed to closesw "C:/College/Thesis/VivadoProjects/PMOD_WIFI_OLD/PMOD_WIFI.sdk/wifiApp_bsp/system.mss"
Reason: Cannot close sw design 'C:/College/Thesis/VivadoProjects/PMOD_WIFI_OLD/PMOD_WIFI.sdk/wifiApp_bsp/system.mss'.
Design is not opened in the current session.


16:12:37 INFO  : Disconnected from the channel tcfchan#9.
16:12:38 INFO  : 'targets -set -filter {jtag_cable_name =~ "Digilent Nexys4 210274592278A" && level==0} -index 0' command is executed.
16:12:39 INFO  : 'fpga -state' command is executed.
16:12:39 INFO  : Connected to target on host '127.0.0.1' and port '3121'.
16:12:39 INFO  : Jtag cable 'Digilent Nexys4 210274592278A' is selected.
16:12:39 INFO  : 'jtag frequency' command is executed.
16:12:39 INFO  : Context for processor 'microblaze_0' is selected.
16:12:40 INFO  : Processor reset is completed for 'microblaze_0'.
16:12:40 INFO  : Context for processor 'microblaze_0' is selected.
16:13:09 INFO  : The application 'C:/College/Thesis/VivadoProjects/PMOD_WIFI_OLD/PMOD_WIFI.sdk/wifiApp/Debug/wifiApp.elf' is downloaded to processor 'microblaze_0'.
16:13:09 INFO  : ----------------XSDB Script----------------
connect -url tcp:127.0.0.1:3121
targets -set -nocase -filter {name =~ "microblaze*#0" && bscan=="USER2"  && jtag_cable_name =~ "Digilent Nexys4 210274592278A"} -index 0
rst -processor
targets -set -nocase -filter {name =~ "microblaze*#0" && bscan=="USER2"  && jtag_cable_name =~ "Digilent Nexys4 210274592278A"} -index 0
dow C:/College/Thesis/VivadoProjects/PMOD_WIFI_OLD/PMOD_WIFI.sdk/wifiApp/Debug/wifiApp.elf
----------------End of Script----------------

16:13:09 INFO  : Memory regions updated for context MicroBlaze #0
16:13:09 INFO  : Memory regions updated for context MicroBlaze Debug Module at USER2
16:13:10 INFO  : Context for processor 'microblaze_0' is selected.
16:13:11 INFO  : 'con' command is executed.
16:13:11 INFO  : ----------------XSDB Script (After Launch)----------------
targets -set -nocase -filter {name =~ "microblaze*#0" && bscan=="USER2"  && jtag_cable_name =~ "Digilent Nexys4 210274592278A"} -index 0
con
----------------End of Script----------------

16:13:11 INFO  : Launch script is exported to file 'C:\College\Thesis\VivadoProjects\PMOD_WIFI_OLD\PMOD_WIFI.sdk\.sdk\launch_scripts\xilinx_c-c++_application_(system_debugger)\system_debugger_using_debug_wifiapp.elf_on_local.tcl'
16:13:11 WARN  : Processor 'microblaze_0' is not supported for performance analysis as extended debug is not enabled.
