#-----------------------------------------------------------
# Webtalk v2017.1 (64-bit)
# SW Build 1846317 on Fri Apr 14 18:55:03 MDT 2017
# 
# Start of session at: Mon Mar 26 23:25:49 2018
# Process ID: 3732
# Current directory: C:/Xilinx/Vivado/PMOD_WIFI_OLD/pmodWifi/pmodWifi.sdk/webtalk
# Command line: wbtcv.exe -mode batch -source sdk_webtalk.tcl
# Log file: C:/Xilinx/Vivado/PMOD_WIFI_OLD/pmodWifi/pmodWifi.sdk/webtalk/webtalk.log
# Journal file: C:/Xilinx/Vivado/PMOD_WIFI_OLD/pmodWifi/pmodWifi.sdk/webtalk\webtalk.jou
#-----------------------------------------------------------
source sdk_webtalk.tcl
# webtalk_init -webtalk_dir C:\\Xilinx\\Vivado\\PMOD_WIFI_OLD\\pmodWifi\\pmodWifi.sdk\\webtalk
# webtalk_register_client -client project
# webtalk_add_data -client project -key date_generated -value "2018-03-26 23:25:49" -context "software_version_and_target_device"
# webtalk_add_data -client project -key product_version -value "SDK v2017.1" -context "software_version_and_target_device"
# webtalk_add_data -client project -key build_version -value "2017.1" -context "software_version_and_target_device"
# webtalk_add_data -client project -key os_platform -value "amd64" -context "software_version_and_target_device"
# webtalk_add_data -client project -key registration_id -value "" -context "software_version_and_target_device"
# webtalk_add_data -client project -key tool_flow -value "SDK" -context "software_version_and_target_device"
# webtalk_add_data -client project -key beta -value "false" -context "software_version_and_target_device"
# webtalk_add_data -client project -key route_design -value "NA" -context "software_version_and_target_device"
# webtalk_add_data -client project -key target_family -value "NA" -context "software_version_and_target_device"
# webtalk_add_data -client project -key target_device -value "NA" -context "software_version_and_target_device"
# webtalk_add_data -client project -key target_package -value "NA" -context "software_version_and_target_device"
# webtalk_add_data -client project -key target_speed -value "NA" -context "software_version_and_target_device"
# webtalk_add_data -client project -key random_id -value "64ulnvbto16f2phgofae9oopoh" -context "software_version_and_target_device"
# webtalk_add_data -client project -key project_id -value "2017.1_3" -context "software_version_and_target_device"
# webtalk_add_data -client project -key project_iteration -value "3" -context "software_version_and_target_device"
# webtalk_add_data -client project -key os_name -value "Microsoft Windows 8 or later , 64-bit" -context "user_environment"
# webtalk_add_data -client project -key os_release -value "major release  (build 9200)" -context "user_environment"
# webtalk_add_data -client project -key cpu_name -value "Intel(R) Core(TM) i7-3740QM CPU @ 2.70GHz" -context "user_environment"
# webtalk_add_data -client project -key cpu_speed -value "2691 MHz" -context "user_environment"
# webtalk_add_data -client project -key total_processors -value "1" -context "user_environment"
# webtalk_add_data -client project -key system_ram -value "8.000 GB" -context "user_environment"
# webtalk_register_client -client sdk
# webtalk_add_data -client sdk -key uid -value "1522119461934" -context "sdk\\\\hardware/1522119461934"
# webtalk_add_data -client sdk -key isZynq -value "false" -context "sdk\\\\hardware/1522119461934"
# webtalk_add_data -client sdk -key isZynqMP -value "false" -context "sdk\\\\hardware/1522119461934"
# webtalk_add_data -client sdk -key Processors -value "1" -context "sdk\\\\hardware/1522119461934"
# webtalk_add_data -client sdk -key VivadoVersion -value "2017.1" -context "sdk\\\\hardware/1522119461934"
# webtalk_add_data -client sdk -key Arch -value "artix7" -context "sdk\\\\hardware/1522119461934"
# webtalk_add_data -client sdk -key Device -value "7a100t" -context "sdk\\\\hardware/1522119461934"
# webtalk_add_data -client sdk -key IsHandoff -value "true" -context "sdk\\\\hardware/1522119461934"
# webtalk_add_data -client sdk -key os -value "NA" -context "sdk\\\\hardware/1522119461934"
# webtalk_add_data -client sdk -key apptemplate -value "NA" -context "sdk\\\\hardware/1522119461934"
# webtalk_add_data -client sdk -key RecordType -value "HWCreation" -context "sdk\\\\hardware/1522119461934"
# webtalk_add_data -client sdk -key uid -value "1522119517479" -context "sdk\\\\bsp/1522119517479"
# webtalk_add_data -client sdk -key hwid -value "1522119461934" -context "sdk\\\\bsp/1522119517479"
# webtalk_add_data -client sdk -key os -value "standalone" -context "sdk\\\\bsp/1522119517479"
# webtalk_add_data -client sdk -key apptemplate -value "empty_application" -context "sdk\\\\bsp/1522119517479"
# webtalk_add_data -client sdk -key RecordType -value "BSPCreation" -context "sdk\\\\bsp/1522119517479"
# webtalk_add_data -client sdk -key uid -value "1522119522586" -context "sdk\\\\application/1522119522586"
# webtalk_add_data -client sdk -key hwid -value "1522119461934" -context "sdk\\\\application/1522119522586"
# webtalk_add_data -client sdk -key bspid -value "1522119517479" -context "sdk\\\\application/1522119522586"
# webtalk_add_data -client sdk -key newbsp -value "true" -context "sdk\\\\application/1522119522586"
# webtalk_add_data -client sdk -key os -value "standalone" -context "sdk\\\\application/1522119522586"
# webtalk_add_data -client sdk -key apptemplate -value "empty_application" -context "sdk\\\\application/1522119522586"
# webtalk_add_data -client sdk -key RecordType -value "APPCreation" -context "sdk\\\\application/1522119522586"
# webtalk_add_data -client sdk -key LangUsed -value "CPP" -context "sdk\\\\application/1522119522586"
# webtalk_add_data -client sdk -key Procused -value "microblaze" -context "sdk\\\\application/1522119522586"
# webtalk_add_data -client sdk -key uid -value "1522120124869" -context "sdk\\\\bsp/1522120124869"
# webtalk_add_data -client sdk -key hwid -value "1522119461934" -context "sdk\\\\bsp/1522120124869"
# webtalk_add_data -client sdk -key os -value "standalone" -context "sdk\\\\bsp/1522120124869"
# webtalk_add_data -client sdk -key apptemplate -value "empty_application" -context "sdk\\\\bsp/1522120124869"
# webtalk_add_data -client sdk -key RecordType -value "BSPCreation" -context "sdk\\\\bsp/1522120124869"
# webtalk_add_data -client sdk -key uid -value "1522120125948" -context "sdk\\\\application/1522120125948"
# webtalk_add_data -client sdk -key hwid -value "1522119461934" -context "sdk\\\\application/1522120125948"
# webtalk_add_data -client sdk -key bspid -value "1522120124869" -context "sdk\\\\application/1522120125948"
# webtalk_add_data -client sdk -key newbsp -value "true" -context "sdk\\\\application/1522120125948"
# webtalk_add_data -client sdk -key os -value "standalone" -context "sdk\\\\application/1522120125948"
# webtalk_add_data -client sdk -key apptemplate -value "empty_application" -context "sdk\\\\application/1522120125948"
# webtalk_add_data -client sdk -key RecordType -value "APPCreation" -context "sdk\\\\application/1522120125948"
# webtalk_add_data -client sdk -key LangUsed -value "CPP" -context "sdk\\\\application/1522120125948"
# webtalk_add_data -client sdk -key Procused -value "microblaze" -context "sdk\\\\application/1522120125948"
# webtalk_add_data -client sdk -key uid -value "1522120711441" -context "sdk\\\\bsp/1522120711441"
# webtalk_add_data -client sdk -key hwid -value "1522119461934" -context "sdk\\\\bsp/1522120711441"
# webtalk_add_data -client sdk -key os -value "standalone" -context "sdk\\\\bsp/1522120711441"
# webtalk_add_data -client sdk -key apptemplate -value "empty_application" -context "sdk\\\\bsp/1522120711441"
# webtalk_add_data -client sdk -key RecordType -value "BSPCreation" -context "sdk\\\\bsp/1522120711441"
# webtalk_add_data -client sdk -key uid -value "1522120712456" -context "sdk\\\\application/1522120712456"
# webtalk_add_data -client sdk -key hwid -value "1522119461934" -context "sdk\\\\application/1522120712456"
# webtalk_add_data -client sdk -key bspid -value "1522120711441" -context "sdk\\\\application/1522120712456"
# webtalk_add_data -client sdk -key newbsp -value "true" -context "sdk\\\\application/1522120712456"
# webtalk_add_data -client sdk -key os -value "standalone" -context "sdk\\\\application/1522120712456"
# webtalk_add_data -client sdk -key apptemplate -value "empty_application" -context "sdk\\\\application/1522120712456"
# webtalk_add_data -client sdk -key RecordType -value "APPCreation" -context "sdk\\\\application/1522120712456"
# webtalk_add_data -client sdk -key LangUsed -value "CPP" -context "sdk\\\\application/1522120712456"
# webtalk_add_data -client sdk -key Procused -value "microblaze" -context "sdk\\\\application/1522120712456"
# webtalk_add_data -client sdk -key uid -value "NA" -context "sdk\\\\bsp/1522121149068"
# webtalk_add_data -client sdk -key RecordType -value "ToolUsage" -context "sdk\\\\bsp/1522121149068"
# webtalk_add_data -client sdk -key BootgenCount -value "0" -context "sdk\\\\bsp/1522121149068"
# webtalk_add_data -client sdk -key DebugCount -value "1" -context "sdk\\\\bsp/1522121149068"
# webtalk_add_data -client sdk -key PerfCount -value "0" -context "sdk\\\\bsp/1522121149068"
# webtalk_add_data -client sdk -key FlashCount -value "0" -context "sdk\\\\bsp/1522121149068"
# webtalk_add_data -client sdk -key CrossTriggCount -value "0" -context "sdk\\\\bsp/1522121149068"
# webtalk_add_data -client sdk -key QemuDebugCount -value "0" -context "sdk\\\\bsp/1522121149068"
# webtalk_transmit -clientid 11856674 -regid "" -xml C:\\Xilinx\\Vivado\\PMOD_WIFI_OLD\\pmodWifi\\pmodWifi.sdk\\webtalk\\usage_statistics_ext_sdk.xml -html C:\\Xilinx\\Vivado\\PMOD_WIFI_OLD\\pmodWifi\\pmodWifi.sdk\\webtalk\\usage_statistics_ext_sdk.html -wdm C:\\Xilinx\\Vivado\\PMOD_WIFI_OLD\\pmodWifi\\pmodWifi.sdk\\webtalk\\sdk_webtalk.wdm -intro "<H3>SDK Usage Report</H3><BR>"
# webtalk_terminate
INFO: [Common 17-206] Exiting Webtalk at Mon Mar 26 23:25:50 2018...
