
*** Running vivado
    with args -log design_1_microblaze_0_0.vds -m64 -product Vivado -mode batch -messageDb vivado.pb -notrace -source design_1_microblaze_0_0.tcl


****** Vivado v2017.2 (64-bit)
  **** SW Build 1909853 on Thu Jun 15 18:39:09 MDT 2017
  **** IP Build 1909766 on Thu Jun 15 19:58:00 MDT 2017
    ** Copyright 1986-2017 Xilinx, Inc. All Rights Reserved.

source design_1_microblaze_0_0.tcl -notrace
Starting RTL Elaboration : Time (s): cpu = 00:00:06 ; elapsed = 00:00:06 . Memory (MB): peak = 396.488 ; gain = 79.910
INFO: [Synth 8-638] synthesizing module 'design_1_microblaze_0_0' [c:/College/Thesis/VivadoProjects/PMOD_WIFI/PMOD_WIFI.srcs/sources_1/bd/design_1/ip/design_1_microblaze_0_0/synth/design_1_microblaze_0_0.vhd:190]
INFO: [Synth 8-256] done synthesizing module 'design_1_microblaze_0_0' (63#1) [c:/College/Thesis/VivadoProjects/PMOD_WIFI/PMOD_WIFI.srcs/sources_1/bd/design_1/ip/design_1_microblaze_0_0/synth/design_1_microblaze_0_0.vhd:190]
Finished RTL Elaboration : Time (s): cpu = 00:00:21 ; elapsed = 00:00:22 . Memory (MB): peak = 713.984 ; gain = 397.406
Finished RTL Optimization Phase 1 : Time (s): cpu = 00:00:23 ; elapsed = 00:00:24 . Memory (MB): peak = 713.984 ; gain = 397.406
INFO: [Device 21-403] Loading part xc7a100tcsg324-1
Constraint Validation Runtime : Time (s): cpu = 00:00:00 ; elapsed = 00:00:00.244 . Memory (MB): peak = 977.430 ; gain = 0.000
Finished Constraint Validation : Time (s): cpu = 00:00:49 ; elapsed = 00:00:51 . Memory (MB): peak = 977.430 ; gain = 660.852
Finished Loading Part and Timing Information : Time (s): cpu = 00:00:49 ; elapsed = 00:00:51 . Memory (MB): peak = 977.430 ; gain = 660.852
Finished applying 'set_property' XDC Constraints : Time (s): cpu = 00:00:49 ; elapsed = 00:00:51 . Memory (MB): peak = 977.430 ; gain = 660.852
Finished RTL Optimization Phase 2 : Time (s): cpu = 00:00:56 ; elapsed = 00:00:59 . Memory (MB): peak = 977.430 ; gain = 660.852
Finished Cross Boundary and Area Optimization : Time (s): cpu = 00:01:15 ; elapsed = 00:01:18 . Memory (MB): peak = 977.430 ; gain = 660.852
Finished Applying XDC Timing Constraints : Time (s): cpu = 00:01:30 ; elapsed = 00:01:33 . Memory (MB): peak = 977.430 ; gain = 660.852
Finished Timing Optimization : Time (s): cpu = 00:01:32 ; elapsed = 00:01:36 . Memory (MB): peak = 977.430 ; gain = 660.852
Finished Technology Mapping : Time (s): cpu = 00:01:37 ; elapsed = 00:01:40 . Memory (MB): peak = 977.430 ; gain = 660.852
Finished IO Insertion : Time (s): cpu = 00:01:38 ; elapsed = 00:01:41 . Memory (MB): peak = 977.430 ; gain = 660.852
Finished Renaming Generated Instances : Time (s): cpu = 00:01:38 ; elapsed = 00:01:41 . Memory (MB): peak = 977.430 ; gain = 660.852
Finished Rebuilding User Hierarchy : Time (s): cpu = 00:01:39 ; elapsed = 00:01:42 . Memory (MB): peak = 977.430 ; gain = 660.852
Finished Renaming Generated Ports : Time (s): cpu = 00:01:39 ; elapsed = 00:01:42 . Memory (MB): peak = 977.430 ; gain = 660.852
Finished Handling Custom Attributes : Time (s): cpu = 00:01:39 ; elapsed = 00:01:43 . Memory (MB): peak = 977.430 ; gain = 660.852
Finished Renaming Generated Nets : Time (s): cpu = 00:01:39 ; elapsed = 00:01:43 . Memory (MB): peak = 977.430 ; gain = 660.852

Report Cell Usage: 
+------+-----------+------+
|      |Cell       |Count |
+------+-----------+------+
|1     |AND2B1L    |     4|
|2     |CARRY4     |     1|
|3     |LUT1       |    32|
|4     |LUT2       |   103|
|5     |LUT3       |   333|
|6     |LUT4       |   198|
|7     |LUT5       |   361|
|8     |LUT6       |   480|
|9     |LUT6_2     |    64|
|10    |MULT_AND   |     1|
|11    |MUXCY_L    |   167|
|12    |MUXF7      |   113|
|13    |RAM32M     |    16|
|14    |RAM32X1D   |    32|
|15    |RAMB36E1   |     2|
|16    |RAMB36E1_1 |    16|
|17    |SRL16E     |   166|
|18    |SRLC16E    |     8|
|19    |XORCY      |    94|
|20    |FDCE       |   143|
|21    |FDE        |    32|
|22    |FDR        |   125|
|23    |FDRE       |  1725|
|24    |FDS        |     1|
|25    |FDSE       |    60|
+------+-----------+------+
Finished Writing Synthesis Report : Time (s): cpu = 00:01:39 ; elapsed = 00:01:43 . Memory (MB): peak = 977.430 ; gain = 660.852
synth_design: Time (s): cpu = 00:01:44 ; elapsed = 00:01:48 . Memory (MB): peak = 977.430 ; gain = 664.918
