
*** Running vivado
    with args -log design_1_dlmb_v10_0.vds -m64 -product Vivado -mode batch -messageDb vivado.pb -notrace -source design_1_dlmb_v10_0.tcl


****** Vivado v2017.2 (64-bit)
  **** SW Build 1909853 on Thu Jun 15 18:39:09 MDT 2017
  **** IP Build 1909766 on Thu Jun 15 19:58:00 MDT 2017
    ** Copyright 1986-2017 Xilinx, Inc. All Rights Reserved.

source design_1_dlmb_v10_0.tcl -notrace
Starting RTL Elaboration : Time (s): cpu = 00:00:05 ; elapsed = 00:00:07 . Memory (MB): peak = 403.977 ; gain = 85.949
INFO: [Synth 8-638] synthesizing module 'design_1_dlmb_v10_0' [c:/College/Thesis/VivadoProjects/PMOD_WIFI_OLD/PMOD_WIFI.srcs/sources_1/bd/design_1/ip/design_1_dlmb_v10_0/synth/design_1_dlmb_v10_0.vhd:89]
INFO: [Synth 8-638] synthesizing module 'lmb_v10' [c:/College/Thesis/VivadoProjects/PMOD_WIFI_OLD/PMOD_WIFI.srcs/sources_1/bd/design_1/ipshared/162e/hdl/lmb_v10_v3_0_vh_rfs.vhd:140]
INFO: [Synth 8-638] synthesizing module 'FDS' [C:/Xilinx/Vivado/2017.2/scripts/rt/data/unisim_comp.v:4087]
INFO: [Synth 8-256] done synthesizing module 'FDS' (1#1) [C:/Xilinx/Vivado/2017.2/scripts/rt/data/unisim_comp.v:4087]
INFO: [Synth 8-256] done synthesizing module 'lmb_v10' (2#1) [c:/College/Thesis/VivadoProjects/PMOD_WIFI_OLD/PMOD_WIFI.srcs/sources_1/bd/design_1/ipshared/162e/hdl/lmb_v10_v3_0_vh_rfs.vhd:140]
INFO: [Synth 8-256] done synthesizing module 'design_1_dlmb_v10_0' (3#1) [c:/College/Thesis/VivadoProjects/PMOD_WIFI_OLD/PMOD_WIFI.srcs/sources_1/bd/design_1/ip/design_1_dlmb_v10_0/synth/design_1_dlmb_v10_0.vhd:89]
Finished RTL Elaboration : Time (s): cpu = 00:00:07 ; elapsed = 00:00:09 . Memory (MB): peak = 454.051 ; gain = 136.023
Finished RTL Optimization Phase 1 : Time (s): cpu = 00:00:07 ; elapsed = 00:00:09 . Memory (MB): peak = 454.051 ; gain = 136.023
INFO: [Device 21-403] Loading part xc7a100tcsg324-1
Constraint Validation Runtime : Time (s): cpu = 00:00:00 ; elapsed = 00:00:00.286 . Memory (MB): peak = 699.801 ; gain = 1.313
Finished Constraint Validation : Time (s): cpu = 00:00:25 ; elapsed = 00:00:34 . Memory (MB): peak = 699.801 ; gain = 381.773
Finished Loading Part and Timing Information : Time (s): cpu = 00:00:25 ; elapsed = 00:00:34 . Memory (MB): peak = 699.801 ; gain = 381.773
Finished applying 'set_property' XDC Constraints : Time (s): cpu = 00:00:25 ; elapsed = 00:00:34 . Memory (MB): peak = 699.801 ; gain = 381.773
Finished RTL Optimization Phase 2 : Time (s): cpu = 00:00:25 ; elapsed = 00:00:34 . Memory (MB): peak = 699.801 ; gain = 381.773
Finished Cross Boundary and Area Optimization : Time (s): cpu = 00:00:26 ; elapsed = 00:00:35 . Memory (MB): peak = 699.801 ; gain = 381.773
Finished Applying XDC Timing Constraints : Time (s): cpu = 00:00:47 ; elapsed = 00:00:59 . Memory (MB): peak = 750.574 ; gain = 432.547
Finished Timing Optimization : Time (s): cpu = 00:00:47 ; elapsed = 00:00:59 . Memory (MB): peak = 750.574 ; gain = 432.547
Finished Technology Mapping : Time (s): cpu = 00:00:47 ; elapsed = 00:01:00 . Memory (MB): peak = 760.105 ; gain = 442.078
Finished IO Insertion : Time (s): cpu = 00:00:48 ; elapsed = 00:01:01 . Memory (MB): peak = 760.105 ; gain = 442.078
Finished Renaming Generated Instances : Time (s): cpu = 00:00:48 ; elapsed = 00:01:01 . Memory (MB): peak = 760.105 ; gain = 442.078
Finished Rebuilding User Hierarchy : Time (s): cpu = 00:00:48 ; elapsed = 00:01:01 . Memory (MB): peak = 760.105 ; gain = 442.078
Finished Renaming Generated Ports : Time (s): cpu = 00:00:48 ; elapsed = 00:01:01 . Memory (MB): peak = 760.105 ; gain = 442.078
Finished Handling Custom Attributes : Time (s): cpu = 00:00:48 ; elapsed = 00:01:01 . Memory (MB): peak = 760.105 ; gain = 442.078
Finished Renaming Generated Nets : Time (s): cpu = 00:00:48 ; elapsed = 00:01:01 . Memory (MB): peak = 760.105 ; gain = 442.078

Report Cell Usage: 
+------+-----+------+
|      |Cell |Count |
+------+-----+------+
|1     |FDS  |     1|
+------+-----+------+
Finished Writing Synthesis Report : Time (s): cpu = 00:00:48 ; elapsed = 00:01:01 . Memory (MB): peak = 760.105 ; gain = 442.078
synth_design: Time (s): cpu = 00:00:51 ; elapsed = 00:01:05 . Memory (MB): peak = 771.480 ; gain = 454.750
