
*** Running vivado
    with args -log design_1_xbar_1.vds -m64 -product Vivado -mode batch -messageDb vivado.pb -notrace -source design_1_xbar_1.tcl


****** Vivado v2017.2 (64-bit)
  **** SW Build 1909853 on Thu Jun 15 18:39:09 MDT 2017
  **** IP Build 1909766 on Thu Jun 15 19:58:00 MDT 2017
    ** Copyright 1986-2017 Xilinx, Inc. All Rights Reserved.

source design_1_xbar_1.tcl -notrace
Starting RTL Elaboration : Time (s): cpu = 00:00:09 ; elapsed = 00:00:10 . Memory (MB): peak = 405.688 ; gain = 81.777
INFO: [Synth 8-638] synthesizing module 'design_1_xbar_1' [c:/College/Thesis/VivadoProjects/PMOD_WIFI/PMOD_WIFI.srcs/sources_1/bd/design_1/ip/design_1_xbar_1/synth/design_1_xbar_1.v:60]
INFO: [Synth 8-638] synthesizing module 'axi_crossbar_v2_1_14_axi_crossbar' [c:/College/Thesis/VivadoProjects/PMOD_WIFI/PMOD_WIFI.srcs/sources_1/bd/design_1/ipshared/f582/hdl/axi_crossbar_v2_1_vl_rfs.v:4882]
INFO: [Synth 8-638] synthesizing module 'axi_crossbar_v2_1_14_crossbar_sasd' [c:/College/Thesis/VivadoProjects/PMOD_WIFI/PMOD_WIFI.srcs/sources_1/bd/design_1/ipshared/f582/hdl/axi_crossbar_v2_1_vl_rfs.v:1240]
INFO: [Synth 8-638] synthesizing module 'axi_crossbar_v2_1_14_addr_decoder' [c:/College/Thesis/VivadoProjects/PMOD_WIFI/PMOD_WIFI.srcs/sources_1/bd/design_1/ipshared/f582/hdl/axi_crossbar_v2_1_vl_rfs.v:794]
INFO: [Synth 8-638] synthesizing module 'generic_baseblocks_v2_1_0_comparator_static' [c:/College/Thesis/VivadoProjects/PMOD_WIFI/PMOD_WIFI.srcs/sources_1/bd/design_1/ipshared/f9c1/hdl/generic_baseblocks_v2_1_vl_rfs.v:2133]
INFO: [Synth 8-638] synthesizing module 'generic_baseblocks_v2_1_0_carry_and' [c:/College/Thesis/VivadoProjects/PMOD_WIFI/PMOD_WIFI.srcs/sources_1/bd/design_1/ipshared/f9c1/hdl/generic_baseblocks_v2_1_vl_rfs.v:62]
INFO: [Synth 8-256] done synthesizing module 'generic_baseblocks_v2_1_0_carry_and' (1#1) [c:/College/Thesis/VivadoProjects/PMOD_WIFI/PMOD_WIFI.srcs/sources_1/bd/design_1/ipshared/f9c1/hdl/generic_baseblocks_v2_1_vl_rfs.v:62]
INFO: [Synth 8-256] done synthesizing module 'generic_baseblocks_v2_1_0_comparator_static' (2#1) [c:/College/Thesis/VivadoProjects/PMOD_WIFI/PMOD_WIFI.srcs/sources_1/bd/design_1/ipshared/f9c1/hdl/generic_baseblocks_v2_1_vl_rfs.v:2133]
INFO: [Synth 8-638] synthesizing module 'generic_baseblocks_v2_1_0_comparator_static__parameterized0' [c:/College/Thesis/VivadoProjects/PMOD_WIFI/PMOD_WIFI.srcs/sources_1/bd/design_1/ipshared/f9c1/hdl/generic_baseblocks_v2_1_vl_rfs.v:2133]
INFO: [Synth 8-256] done synthesizing module 'generic_baseblocks_v2_1_0_comparator_static__parameterized0' (2#1) [c:/College/Thesis/VivadoProjects/PMOD_WIFI/PMOD_WIFI.srcs/sources_1/bd/design_1/ipshared/f9c1/hdl/generic_baseblocks_v2_1_vl_rfs.v:2133]
INFO: [Synth 8-638] synthesizing module 'generic_baseblocks_v2_1_0_comparator_static__parameterized1' [c:/College/Thesis/VivadoProjects/PMOD_WIFI/PMOD_WIFI.srcs/sources_1/bd/design_1/ipshared/f9c1/hdl/generic_baseblocks_v2_1_vl_rfs.v:2133]
INFO: [Synth 8-256] done synthesizing module 'generic_baseblocks_v2_1_0_comparator_static__parameterized1' (2#1) [c:/College/Thesis/VivadoProjects/PMOD_WIFI/PMOD_WIFI.srcs/sources_1/bd/design_1/ipshared/f9c1/hdl/generic_baseblocks_v2_1_vl_rfs.v:2133]
INFO: [Synth 8-638] synthesizing module 'generic_baseblocks_v2_1_0_comparator_static__parameterized2' [c:/College/Thesis/VivadoProjects/PMOD_WIFI/PMOD_WIFI.srcs/sources_1/bd/design_1/ipshared/f9c1/hdl/generic_baseblocks_v2_1_vl_rfs.v:2133]
INFO: [Synth 8-256] done synthesizing module 'generic_baseblocks_v2_1_0_comparator_static__parameterized2' (2#1) [c:/College/Thesis/VivadoProjects/PMOD_WIFI/PMOD_WIFI.srcs/sources_1/bd/design_1/ipshared/f9c1/hdl/generic_baseblocks_v2_1_vl_rfs.v:2133]
INFO: [Synth 8-638] synthesizing module 'generic_baseblocks_v2_1_0_comparator_static__parameterized3' [c:/College/Thesis/VivadoProjects/PMOD_WIFI/PMOD_WIFI.srcs/sources_1/bd/design_1/ipshared/f9c1/hdl/generic_baseblocks_v2_1_vl_rfs.v:2133]
INFO: [Synth 8-256] done synthesizing module 'generic_baseblocks_v2_1_0_comparator_static__parameterized3' (2#1) [c:/College/Thesis/VivadoProjects/PMOD_WIFI/PMOD_WIFI.srcs/sources_1/bd/design_1/ipshared/f9c1/hdl/generic_baseblocks_v2_1_vl_rfs.v:2133]
INFO: [Synth 8-638] synthesizing module 'generic_baseblocks_v2_1_0_comparator_static__parameterized4' [c:/College/Thesis/VivadoProjects/PMOD_WIFI/PMOD_WIFI.srcs/sources_1/bd/design_1/ipshared/f9c1/hdl/generic_baseblocks_v2_1_vl_rfs.v:2133]
INFO: [Synth 8-256] done synthesizing module 'generic_baseblocks_v2_1_0_comparator_static__parameterized4' (2#1) [c:/College/Thesis/VivadoProjects/PMOD_WIFI/PMOD_WIFI.srcs/sources_1/bd/design_1/ipshared/f9c1/hdl/generic_baseblocks_v2_1_vl_rfs.v:2133]
INFO: [Synth 8-638] synthesizing module 'generic_baseblocks_v2_1_0_comparator_static__parameterized5' [c:/College/Thesis/VivadoProjects/PMOD_WIFI/PMOD_WIFI.srcs/sources_1/bd/design_1/ipshared/f9c1/hdl/generic_baseblocks_v2_1_vl_rfs.v:2133]
INFO: [Synth 8-256] done synthesizing module 'generic_baseblocks_v2_1_0_comparator_static__parameterized5' (2#1) [c:/College/Thesis/VivadoProjects/PMOD_WIFI/PMOD_WIFI.srcs/sources_1/bd/design_1/ipshared/f9c1/hdl/generic_baseblocks_v2_1_vl_rfs.v:2133]
INFO: [Synth 8-638] synthesizing module 'generic_baseblocks_v2_1_0_comparator_static__parameterized6' [c:/College/Thesis/VivadoProjects/PMOD_WIFI/PMOD_WIFI.srcs/sources_1/bd/design_1/ipshared/f9c1/hdl/generic_baseblocks_v2_1_vl_rfs.v:2133]
INFO: [Synth 8-256] done synthesizing module 'generic_baseblocks_v2_1_0_comparator_static__parameterized6' (2#1) [c:/College/Thesis/VivadoProjects/PMOD_WIFI/PMOD_WIFI.srcs/sources_1/bd/design_1/ipshared/f9c1/hdl/generic_baseblocks_v2_1_vl_rfs.v:2133]
INFO: [Synth 8-638] synthesizing module 'generic_baseblocks_v2_1_0_comparator_static__parameterized7' [c:/College/Thesis/VivadoProjects/PMOD_WIFI/PMOD_WIFI.srcs/sources_1/bd/design_1/ipshared/f9c1/hdl/generic_baseblocks_v2_1_vl_rfs.v:2133]
INFO: [Synth 8-256] done synthesizing module 'generic_baseblocks_v2_1_0_comparator_static__parameterized7' (2#1) [c:/College/Thesis/VivadoProjects/PMOD_WIFI/PMOD_WIFI.srcs/sources_1/bd/design_1/ipshared/f9c1/hdl/generic_baseblocks_v2_1_vl_rfs.v:2133]
INFO: [Synth 8-638] synthesizing module 'generic_baseblocks_v2_1_0_comparator_static__parameterized8' [c:/College/Thesis/VivadoProjects/PMOD_WIFI/PMOD_WIFI.srcs/sources_1/bd/design_1/ipshared/f9c1/hdl/generic_baseblocks_v2_1_vl_rfs.v:2133]
INFO: [Synth 8-256] done synthesizing module 'generic_baseblocks_v2_1_0_comparator_static__parameterized8' (2#1) [c:/College/Thesis/VivadoProjects/PMOD_WIFI/PMOD_WIFI.srcs/sources_1/bd/design_1/ipshared/f9c1/hdl/generic_baseblocks_v2_1_vl_rfs.v:2133]
INFO: [Synth 8-256] done synthesizing module 'axi_crossbar_v2_1_14_addr_decoder' (3#1) [c:/College/Thesis/VivadoProjects/PMOD_WIFI/PMOD_WIFI.srcs/sources_1/bd/design_1/ipshared/f582/hdl/axi_crossbar_v2_1_vl_rfs.v:794]
INFO: [Synth 8-638] synthesizing module 'axi_crossbar_v2_1_14_decerr_slave' [c:/College/Thesis/VivadoProjects/PMOD_WIFI/PMOD_WIFI.srcs/sources_1/bd/design_1/ipshared/f582/hdl/axi_crossbar_v2_1_vl_rfs.v:3500]
INFO: [Synth 8-256] done synthesizing module 'axi_crossbar_v2_1_14_decerr_slave' (4#1) [c:/College/Thesis/VivadoProjects/PMOD_WIFI/PMOD_WIFI.srcs/sources_1/bd/design_1/ipshared/f582/hdl/axi_crossbar_v2_1_vl_rfs.v:3500]
INFO: [Synth 8-638] synthesizing module 'axi_crossbar_v2_1_14_addr_arbiter_sasd' [c:/College/Thesis/VivadoProjects/PMOD_WIFI/PMOD_WIFI.srcs/sources_1/bd/design_1/ipshared/f582/hdl/axi_crossbar_v2_1_vl_rfs.v:65]
INFO: [Synth 8-256] done synthesizing module 'axi_crossbar_v2_1_14_addr_arbiter_sasd' (5#1) [c:/College/Thesis/VivadoProjects/PMOD_WIFI/PMOD_WIFI.srcs/sources_1/bd/design_1/ipshared/f582/hdl/axi_crossbar_v2_1_vl_rfs.v:65]
INFO: [Synth 8-638] synthesizing module 'axi_crossbar_v2_1_14_splitter' [c:/College/Thesis/VivadoProjects/PMOD_WIFI/PMOD_WIFI.srcs/sources_1/bd/design_1/ipshared/f582/hdl/axi_crossbar_v2_1_vl_rfs.v:4459]
INFO: [Synth 8-256] done synthesizing module 'axi_crossbar_v2_1_14_splitter' (6#1) [c:/College/Thesis/VivadoProjects/PMOD_WIFI/PMOD_WIFI.srcs/sources_1/bd/design_1/ipshared/f582/hdl/axi_crossbar_v2_1_vl_rfs.v:4459]
INFO: [Synth 8-638] synthesizing module 'axi_crossbar_v2_1_14_splitter__parameterized0' [c:/College/Thesis/VivadoProjects/PMOD_WIFI/PMOD_WIFI.srcs/sources_1/bd/design_1/ipshared/f582/hdl/axi_crossbar_v2_1_vl_rfs.v:4459]
INFO: [Synth 8-256] done synthesizing module 'axi_crossbar_v2_1_14_splitter__parameterized0' (6#1) [c:/College/Thesis/VivadoProjects/PMOD_WIFI/PMOD_WIFI.srcs/sources_1/bd/design_1/ipshared/f582/hdl/axi_crossbar_v2_1_vl_rfs.v:4459]
INFO: [Synth 8-638] synthesizing module 'generic_baseblocks_v2_1_0_mux_enc' [c:/College/Thesis/VivadoProjects/PMOD_WIFI/PMOD_WIFI.srcs/sources_1/bd/design_1/ipshared/f9c1/hdl/generic_baseblocks_v2_1_vl_rfs.v:2452]
INFO: [Synth 8-256] done synthesizing module 'generic_baseblocks_v2_1_0_mux_enc' (7#1) [c:/College/Thesis/VivadoProjects/PMOD_WIFI/PMOD_WIFI.srcs/sources_1/bd/design_1/ipshared/f9c1/hdl/generic_baseblocks_v2_1_vl_rfs.v:2452]
INFO: [Synth 8-638] synthesizing module 'generic_baseblocks_v2_1_0_mux_enc__parameterized0' [c:/College/Thesis/VivadoProjects/PMOD_WIFI/PMOD_WIFI.srcs/sources_1/bd/design_1/ipshared/f9c1/hdl/generic_baseblocks_v2_1_vl_rfs.v:2452]
INFO: [Synth 8-256] done synthesizing module 'generic_baseblocks_v2_1_0_mux_enc__parameterized0' (7#1) [c:/College/Thesis/VivadoProjects/PMOD_WIFI/PMOD_WIFI.srcs/sources_1/bd/design_1/ipshared/f9c1/hdl/generic_baseblocks_v2_1_vl_rfs.v:2452]
INFO: [Synth 8-638] synthesizing module 'generic_baseblocks_v2_1_0_mux_enc__parameterized1' [c:/College/Thesis/VivadoProjects/PMOD_WIFI/PMOD_WIFI.srcs/sources_1/bd/design_1/ipshared/f9c1/hdl/generic_baseblocks_v2_1_vl_rfs.v:2452]
INFO: [Synth 8-256] done synthesizing module 'generic_baseblocks_v2_1_0_mux_enc__parameterized1' (7#1) [c:/College/Thesis/VivadoProjects/PMOD_WIFI/PMOD_WIFI.srcs/sources_1/bd/design_1/ipshared/f9c1/hdl/generic_baseblocks_v2_1_vl_rfs.v:2452]
INFO: [Synth 8-638] synthesizing module 'axi_register_slice_v2_1_13_axic_register_slice' [c:/College/Thesis/VivadoProjects/PMOD_WIFI/PMOD_WIFI.srcs/sources_1/bd/design_1/ipshared/55c0/hdl/axi_register_slice_v2_1_vl_rfs.v:85]
INFO: [Synth 8-256] done synthesizing module 'axi_register_slice_v2_1_13_axic_register_slice' (8#1) [c:/College/Thesis/VivadoProjects/PMOD_WIFI/PMOD_WIFI.srcs/sources_1/bd/design_1/ipshared/55c0/hdl/axi_register_slice_v2_1_vl_rfs.v:85]
INFO: [Synth 8-638] synthesizing module 'generic_baseblocks_v2_1_0_mux_enc__parameterized2' [c:/College/Thesis/VivadoProjects/PMOD_WIFI/PMOD_WIFI.srcs/sources_1/bd/design_1/ipshared/f9c1/hdl/generic_baseblocks_v2_1_vl_rfs.v:2452]
INFO: [Synth 8-256] done synthesizing module 'generic_baseblocks_v2_1_0_mux_enc__parameterized2' (8#1) [c:/College/Thesis/VivadoProjects/PMOD_WIFI/PMOD_WIFI.srcs/sources_1/bd/design_1/ipshared/f9c1/hdl/generic_baseblocks_v2_1_vl_rfs.v:2452]
INFO: [Synth 8-256] done synthesizing module 'axi_crossbar_v2_1_14_crossbar_sasd' (9#1) [c:/College/Thesis/VivadoProjects/PMOD_WIFI/PMOD_WIFI.srcs/sources_1/bd/design_1/ipshared/f582/hdl/axi_crossbar_v2_1_vl_rfs.v:1240]
INFO: [Synth 8-256] done synthesizing module 'axi_crossbar_v2_1_14_axi_crossbar' (10#1) [c:/College/Thesis/VivadoProjects/PMOD_WIFI/PMOD_WIFI.srcs/sources_1/bd/design_1/ipshared/f582/hdl/axi_crossbar_v2_1_vl_rfs.v:4882]
INFO: [Synth 8-256] done synthesizing module 'design_1_xbar_1' (11#1) [c:/College/Thesis/VivadoProjects/PMOD_WIFI/PMOD_WIFI.srcs/sources_1/bd/design_1/ip/design_1_xbar_1/synth/design_1_xbar_1.v:60]
Finished RTL Elaboration : Time (s): cpu = 00:00:18 ; elapsed = 00:00:20 . Memory (MB): peak = 526.926 ; gain = 203.016
Finished RTL Optimization Phase 1 : Time (s): cpu = 00:00:19 ; elapsed = 00:00:20 . Memory (MB): peak = 526.926 ; gain = 203.016
INFO: [Device 21-403] Loading part xc7a100tcsg324-1
Constraint Validation Runtime : Time (s): cpu = 00:00:00 ; elapsed = 00:00:00.111 . Memory (MB): peak = 760.074 ; gain = 0.000
Finished Constraint Validation : Time (s): cpu = 00:00:34 ; elapsed = 00:00:37 . Memory (MB): peak = 760.074 ; gain = 436.164
Finished Loading Part and Timing Information : Time (s): cpu = 00:00:34 ; elapsed = 00:00:37 . Memory (MB): peak = 760.074 ; gain = 436.164
Finished applying 'set_property' XDC Constraints : Time (s): cpu = 00:00:34 ; elapsed = 00:00:37 . Memory (MB): peak = 760.074 ; gain = 436.164
Finished RTL Optimization Phase 2 : Time (s): cpu = 00:00:35 ; elapsed = 00:00:38 . Memory (MB): peak = 760.074 ; gain = 436.164
Finished Cross Boundary and Area Optimization : Time (s): cpu = 00:00:37 ; elapsed = 00:00:39 . Memory (MB): peak = 760.074 ; gain = 436.164
Finished Applying XDC Timing Constraints : Time (s): cpu = 00:00:51 ; elapsed = 00:00:54 . Memory (MB): peak = 760.074 ; gain = 436.164
Finished Timing Optimization : Time (s): cpu = 00:00:53 ; elapsed = 00:00:55 . Memory (MB): peak = 760.074 ; gain = 436.164
Finished Technology Mapping : Time (s): cpu = 00:00:53 ; elapsed = 00:00:56 . Memory (MB): peak = 760.074 ; gain = 436.164
Finished IO Insertion : Time (s): cpu = 00:00:54 ; elapsed = 00:00:57 . Memory (MB): peak = 760.074 ; gain = 436.164
Finished Renaming Generated Instances : Time (s): cpu = 00:00:54 ; elapsed = 00:00:57 . Memory (MB): peak = 760.074 ; gain = 436.164
Finished Rebuilding User Hierarchy : Time (s): cpu = 00:00:54 ; elapsed = 00:00:57 . Memory (MB): peak = 760.074 ; gain = 436.164
Finished Renaming Generated Ports : Time (s): cpu = 00:00:54 ; elapsed = 00:00:57 . Memory (MB): peak = 760.074 ; gain = 436.164
Finished Handling Custom Attributes : Time (s): cpu = 00:00:54 ; elapsed = 00:00:57 . Memory (MB): peak = 760.074 ; gain = 436.164
Finished Renaming Generated Nets : Time (s): cpu = 00:00:54 ; elapsed = 00:00:57 . Memory (MB): peak = 760.074 ; gain = 436.164

Report Cell Usage: 
+------+-----+------+
|      |Cell |Count |
+------+-----+------+
|1     |LUT1 |     2|
|2     |LUT2 |    23|
|3     |LUT3 |    40|
|4     |LUT4 |    75|
|5     |LUT5 |    48|
|6     |LUT6 |   234|
|7     |FDRE |   140|
+------+-----+------+
Finished Writing Synthesis Report : Time (s): cpu = 00:00:54 ; elapsed = 00:00:57 . Memory (MB): peak = 760.074 ; gain = 436.164
synth_design: Time (s): cpu = 00:00:57 ; elapsed = 00:01:00 . Memory (MB): peak = 760.074 ; gain = 440.707
