Copyright 1986-2016 Xilinx, Inc. All Rights Reserved.
------------------------------------------------------------------------------------------
| Tool Version : Vivado v.2016.3 (win64) Build 1682563 Mon Oct 10 19:07:27 MDT 2016
| Date         : Thu May 11 10:41:21 2017
| Host         : LAPTOP-L1N8U9P6 running 64-bit major release  (build 9200)
| Command      : report_clock_utilization -file WiFi_wrapper_clock_utilization_routed.rpt
| Design       : WiFi_wrapper
| Device       : 7a100t-csg324
| Speed File   : -1  PRODUCTION 1.15 2016-08-17
------------------------------------------------------------------------------------------

Clock Utilization Report

Table of Contents
-----------------
1. Clock Primitive Utilization
2. Global Clock Resources
3. Global Clock Source Details
4. Clock Regions: Key Resource Utilization
5. Clock Regions : Global Clock Summary
6. Cell Type Counts per Global Clock: Region X0Y1
7. Cell Type Counts per Global Clock: Region X1Y1
8. Cell Type Counts per Global Clock: Region X0Y2
9. Cell Type Counts per Global Clock: Region X1Y2
10. Cell Type Counts per Global Clock: Region X0Y3
11. Load Cell Placement Summary for Global Clock g0
12. Load Cell Placement Summary for Global Clock g1
13. Load Cell Placement Summary for Global Clock g2
14. Load Cell Placement Summary for Global Clock g3
15. Load Cell Placement Summary for Global Clock g4
16. Load Cell Placement Summary for Global Clock g5

1. Clock Primitive Utilization
------------------------------

+----------+------+-----------+-----+--------------+--------+
| Type     | Used | Available | LOC | Clock Region | Pblock |
+----------+------+-----------+-----+--------------+--------+
| BUFGCTRL |    6 |        32 |   0 |            0 |      0 |
| BUFH     |    0 |        96 |   0 |            0 |      0 |
| BUFIO    |    0 |        24 |   0 |            0 |      0 |
| BUFMR    |    0 |        12 |   0 |            0 |      0 |
| BUFR     |    0 |        24 |   0 |            0 |      0 |
| MMCM     |    1 |         6 |   0 |            0 |      0 |
| PLL      |    0 |         6 |   0 |            0 |      0 |
+----------+------+-----------+-----+--------------+--------+


2. Global Clock Resources
-------------------------

+-----------+-----------+-----------------+------------+----------------+--------------+------+-------------------+-------------------+-------------+-----------------+--------------+------------------------------------------------------+-------------------------------------------------------------------------------+--------------------------------------------------------+
| Global Id | Source Id | Driver Type/Pin | Constraint | Site           | Clock Region | Root | Clock Delay Group | Load Clock Region | Clock Loads | Non-Clock Loads | Clock Period | Clock                                                | Driver Pin                                                                    | Net                                                    |
+-----------+-----------+-----------------+------------+----------------+--------------+------+-------------------+-------------------+-------------+-----------------+--------------+------------------------------------------------------+-------------------------------------------------------------------------------+--------------------------------------------------------+
| g0        | src0      | BUFG/O          | None       | BUFGCTRL_X0Y16 | n/a          |      |                   |                 4 |        4184 |               0 |       10.000 | clk_out1_WiFi_clk_wiz_1_0                            | WiFi_i/clk_wiz_1/inst/clkout1_buf/O                                           | WiFi_i/clk_wiz_1/inst/clk_out1                         |
| g1        | src1      | BUFG/O          | None       | BUFGCTRL_X0Y0  | n/a          |      |                   |                 3 |         239 |               0 |       33.333 | WiFi_i/mdm_1/U0/Use_E2.BSCAN_I/Use_E2.BSCANE2_I/DRCK | WiFi_i/mdm_1/U0/No_Dbg_Reg_Access.BUFG_DRCK/Using_FPGA.Native/O               | WiFi_i/mdm_1/U0/No_Dbg_Reg_Access.BUFG_DRCK/Dbg_Clk_31 |
| g2        | src0      | BUFG/O          | None       | BUFGCTRL_X0Y17 | n/a          |      |                   |                 3 |          84 |               1 |       20.000 | clk_out2_WiFi_clk_wiz_1_0                            | WiFi_i/clk_wiz_1/inst/clkout2_buf/O                                           | WiFi_i/clk_wiz_1/inst/clk_out2                         |
| g3        | src2      | BUFG/O          | None       | BUFGCTRL_X0Y1  | n/a          |      |                   |                 1 |          63 |               1 |       40.000 | WiFi_i/axi_ethernetlite_0/U0/phy_tx_clk              | WiFi_i/axi_ethernetlite_0/U0/NO_LOOPBACK_GEN.INCLUDE_BUFG_GEN.CLOCK_BUFG_TX/O | WiFi_i/axi_ethernetlite_0/U0/phy_tx_clk_core           |
| g4        | src3      | BUFG/O          | None       | BUFGCTRL_X0Y2  | n/a          |      |                   |                 1 |          56 |               0 |       40.000 | WiFi_i/axi_ethernetlite_0/U0/phy_rx_clk              | WiFi_i/axi_ethernetlite_0/U0/NO_LOOPBACK_GEN.INCLUDE_BUFG_GEN.CLOCK_BUFG_RX/O | WiFi_i/axi_ethernetlite_0/U0/C                         |
| g5        | src0      | BUFG/O          | None       | BUFGCTRL_X0Y18 | n/a          |      |                   |                 1 |           1 |               0 |       10.000 | clkfbout_WiFi_clk_wiz_1_0                            | WiFi_i/clk_wiz_1/inst/clkf_buf/O                                              | WiFi_i/clk_wiz_1/inst/clkfbout_buf_WiFi_clk_wiz_1_0    |
+-----------+-----------+-----------------+------------+----------------+--------------+------+-------------------+-------------------+-------------+-----------------+--------------+------------------------------------------------------+-------------------------------------------------------------------------------+--------------------------------------------------------+
* Clock Loads column represents the clock pin loads (pin count)
** Non-Clock Loads column represents the non-clock pin loads (pin count)


3. Global Clock Source Details
------------------------------

+-----------+-----------+---------------------+------------+-----------------+--------------+-------------+-----------------+---------------------+------------------------------------------------------+------------------------------------------------------+-------------------------------------------------+
| Source Id | Global Id | Driver Type/Pin     | Constraint | Site            | Clock Region | Clock Loads | Non-Clock Loads | Source Clock Period | Source Clock                                         | Driver Pin                                           | Net                                             |
+-----------+-----------+---------------------+------------+-----------------+--------------+-------------+-----------------+---------------------+------------------------------------------------------+------------------------------------------------------+-------------------------------------------------+
| src0      | g0        | MMCME2_ADV/CLKOUT0  | None       | MMCME2_ADV_X1Y2 | X1Y2         |           1 |               0 |              10.000 | clk_out1_WiFi_clk_wiz_1_0                            | WiFi_i/clk_wiz_1/inst/mmcm_adv_inst/CLKOUT0          | WiFi_i/clk_wiz_1/inst/clk_out1_WiFi_clk_wiz_1_0 |
| src0      | g2        | MMCME2_ADV/CLKOUT1  | None       | MMCME2_ADV_X1Y2 | X1Y2         |           1 |               0 |              20.000 | clk_out2_WiFi_clk_wiz_1_0                            | WiFi_i/clk_wiz_1/inst/mmcm_adv_inst/CLKOUT1          | WiFi_i/clk_wiz_1/inst/clk_out2_WiFi_clk_wiz_1_0 |
| src0      | g5        | MMCME2_ADV/CLKFBOUT | None       | MMCME2_ADV_X1Y2 | X1Y2         |           1 |               0 |              10.000 | clkfbout_WiFi_clk_wiz_1_0                            | WiFi_i/clk_wiz_1/inst/mmcm_adv_inst/CLKFBOUT         | WiFi_i/clk_wiz_1/inst/clkfbout_WiFi_clk_wiz_1_0 |
| src1      | g1        | BSCANE2/DRCK        | None       | BSCAN_X0Y1      | X0Y1         |           1 |               0 |              33.333 | WiFi_i/mdm_1/U0/Use_E2.BSCAN_I/Use_E2.BSCANE2_I/DRCK | WiFi_i/mdm_1/U0/Use_E2.BSCAN_I/Use_E2.BSCANE2_I/DRCK | WiFi_i/mdm_1/U0/Use_E2.BSCAN_I/drck_i           |
| src2      | g3        | FDRE/Q              | None       | SLICE_X14Y127   | X0Y2         |           1 |               0 |                     |                                                      | WiFi_i/mii_to_rmii_0/U0/rmii2mac_tx_clk_bi_reg/Q     | WiFi_i/mii_to_rmii_0/U0/rmii2mac_tx_clk         |
| src3      | g4        | FDRE/Q              | None       | SLICE_X34Y124   | X0Y2         |           1 |               0 |                     |                                                      | WiFi_i/mii_to_rmii_0/U0/rmii2mac_rx_clk_bi_reg/Q     | WiFi_i/mii_to_rmii_0/U0/rmii2mac_rx_clk         |
+-----------+-----------+---------------------+------------+-----------------+--------------+-------------+-----------------+---------------------+------------------------------------------------------+------------------------------------------------------+-------------------------------------------------+
* Clock Loads column represents the clock pin loads (pin count)
** Non-Clock Loads column represents the non-clock pin loads (pin count)


4. Clock Regions: Key Resource Utilization
------------------------------------------

+-------------------+--------------+--------------+--------------+--------------+--------------+--------------+--------------+--------------+--------------+--------------+--------------+--------------+--------------+--------------+--------------+
|                   | Global Clock |     BUFRs    |    BUFMRs    |    BUFIOs    |     MMCM     |      PLL     |      GT      |      PCI     |    ILOGIC    |    OLOGIC    |      FF      |     LUTM     |    RAMB18    |    RAMB36    |    DSP48E2   |
+-------------------+------+-------+------+-------+------+-------+------+-------+------+-------+------+-------+------+-------+------+-------+------+-------+------+-------+------+-------+------+-------+------+-------+------+-------+------+-------+
| Clock Region Name | Used | Avail | Used | Avail | Used | Avail | Used | Avail | Used | Avail | Used | Avail | Used | Avail | Used | Avail | Used | Avail | Used | Avail | Used | Avail | Used | Avail | Used | Avail | Used | Avail | Used | Avail |
+-------------------+------+-------+------+-------+------+-------+------+-------+------+-------+------+-------+------+-------+------+-------+------+-------+------+-------+------+-------+------+-------+------+-------+------+-------+------+-------+
| X0Y0              |    0 |    12 |    0 |     4 |    0 |     2 |    0 |     4 |    0 |     1 |    0 |     1 |    0 |     0 |    0 |     0 |    0 |    50 |    0 |    50 |    0 |  2600 |    0 |   600 |    0 |    20 |    0 |    10 |    0 |    20 |
| X1Y0              |    0 |    12 |    0 |     0 |    0 |     0 |    0 |     0 |    0 |     0 |    0 |     0 |    0 |     4 |    0 |     0 |    0 |     0 |    0 |     0 |    0 |  1500 |    0 |   550 |    0 |    40 |    0 |    20 |    0 |    40 |
| X0Y1              |    2 |    12 |    0 |     4 |    0 |     2 |    0 |     4 |    0 |     1 |    0 |     1 |    0 |     0 |    0 |     0 |   13 |    50 |   44 |    50 | 1307 |  2000 |  633 |   600 |    0 |    20 |    0 |    10 |    0 |    20 |
| X1Y1              |    2 |    12 |    0 |     4 |    0 |     2 |    0 |     4 |    0 |     1 |    0 |     1 |    0 |     0 |    0 |     0 |    0 |    50 |    0 |    50 |  635 |  1900 |  293 |   650 |    0 |    60 |   16 |    30 |    0 |    40 |
| X0Y2              |    5 |    12 |    0 |     4 |    0 |     2 |    0 |     4 |    0 |     1 |    0 |     1 |    0 |     0 |    0 |     0 |    4 |    50 |   16 |    50 | 2041 |  2000 |  674 |   600 |    0 |    20 |    4 |    10 |    0 |    20 |
| X1Y2              |    3 |    12 |    0 |     4 |    0 |     2 |    0 |     4 |    1 |     1 |    0 |     1 |    0 |     0 |    0 |     0 |    0 |    50 |    0 |    50 |   34 |  1900 |    9 |   650 |    0 |    60 |    2 |    30 |    0 |    40 |
| X0Y3              |    1 |    12 |    0 |     4 |    0 |     2 |    0 |     4 |    0 |     1 |    0 |     1 |    0 |     0 |    0 |     0 |    0 |    50 |    0 |    50 |    8 |  2600 |    4 |   600 |    0 |    20 |    0 |    10 |    0 |    20 |
| X1Y3              |    0 |    12 |    0 |     0 |    0 |     0 |    0 |     0 |    0 |     0 |    0 |     0 |    0 |     4 |    0 |     1 |    0 |     0 |    0 |     0 |    0 |  1350 |    0 |   500 |    0 |    30 |    0 |    15 |    0 |    40 |
+-------------------+------+-------+------+-------+------+-------+------+-------+------+-------+------+-------+------+-------+------+-------+------+-------+------+-------+------+-------+------+-------+------+-------+------+-------+------+-------+
* Global Clock column represents track count; while other columns represents cell counts


5. Clock Regions : Global Clock Summary
---------------------------------------

+----+----+----+
|    | X0 | X1 |
+----+----+----+
| Y3 |  1 |  0 |
| Y2 |  5 |  3 |
| Y1 |  2 |  2 |
| Y0 |  0 |  0 |
+----+----+----+


6. Cell Type Counts per Global Clock: Region X0Y1
-------------------------------------------------

+-----------+-------+-----------------+------------+-------------+-----------------+------+--------+------+-----+----+------+-----+---------+--------------------------------------------------------+
| Global Id | Track | Driver Type/Pin | Constraint | Clock Loads | Non-Clock Loads | FF   | LUTRAM | RAMB | DSP | GT | MMCM | PLL | Hard IP | Net                                                    |
+-----------+-------+-----------------+------------+-------------+-----------------+------+--------+------+-----+----+------+-----+---------+--------------------------------------------------------+
| g0        | n/a   | BUFG/O          | None       |        1584 |               0 | 1245 |    339 |    0 |   0 |  0 |    0 |   0 |       0 | WiFi_i/clk_wiz_1/inst/clk_out1                         |
| g1        | n/a   | BUFG/O          | None       |          73 |               0 |   62 |     11 |    0 |   0 |  0 |    0 |   0 |       0 | WiFi_i/mdm_1/U0/No_Dbg_Reg_Access.BUFG_DRCK/Dbg_Clk_31 |
+-----------+-------+-----------------+------------+-------------+-----------------+------+--------+------+-----+----+------+-----+---------+--------------------------------------------------------+
* Clock Loads column represents the clock pin loads (pin count)
** Non-Clock Loads column represents the non-clock pin loads (pin count)
*** Columns FF, LUTRAM, RAMB through 'Hard IP' represents load cell counts


7. Cell Type Counts per Global Clock: Region X1Y1
-------------------------------------------------

+-----------+-------+-----------------+------------+-------------+-----------------+-----+--------+------+-----+----+------+-----+---------+--------------------------------------------------------+
| Global Id | Track | Driver Type/Pin | Constraint | Clock Loads | Non-Clock Loads | FF  | LUTRAM | RAMB | DSP | GT | MMCM | PLL | Hard IP | Net                                                    |
+-----------+-------+-----------------+------------+-------------+-----------------+-----+--------+------+-----+----+------+-----+---------+--------------------------------------------------------+
| g0        | n/a   | BUFG/O          | None       |         660 |               0 | 569 |     75 |   16 |   0 |  0 |    0 |   0 |       0 | WiFi_i/clk_wiz_1/inst/clk_out1                         |
| g1        | n/a   | BUFG/O          | None       |          67 |               0 |  66 |      1 |    0 |   0 |  0 |    0 |   0 |       0 | WiFi_i/mdm_1/U0/No_Dbg_Reg_Access.BUFG_DRCK/Dbg_Clk_31 |
+-----------+-------+-----------------+------------+-------------+-----------------+-----+--------+------+-----+----+------+-----+---------+--------------------------------------------------------+
* Clock Loads column represents the clock pin loads (pin count)
** Non-Clock Loads column represents the non-clock pin loads (pin count)
*** Columns FF, LUTRAM, RAMB through 'Hard IP' represents load cell counts


8. Cell Type Counts per Global Clock: Region X0Y2
-------------------------------------------------

+-----------+-------+-----------------+------------+-------------+-----------------+------+--------+------+-----+----+------+-----+---------+--------------------------------------------------------+
| Global Id | Track | Driver Type/Pin | Constraint | Clock Loads | Non-Clock Loads | FF   | LUTRAM | RAMB | DSP | GT | MMCM | PLL | Hard IP | Net                                                    |
+-----------+-------+-----------------+------------+-------------+-----------------+------+--------+------+-----+----+------+-----+---------+--------------------------------------------------------+
| g0        | n/a   | BUFG/O          | None       |        1792 |               0 | 1769 |     19 |    4 |   0 |  0 |    0 |   0 |       0 | WiFi_i/clk_wiz_1/inst/clk_out1                         |
| g1        | n/a   | BUFG/O          | None       |          99 |               0 |   82 |     17 |    0 |   0 |  0 |    0 |   0 |       0 | WiFi_i/mdm_1/U0/No_Dbg_Reg_Access.BUFG_DRCK/Dbg_Clk_31 |
| g2        | n/a   | BUFG/O          | None       |          76 |               0 |   72 |      4 |    0 |   0 |  0 |    0 |   0 |       0 | WiFi_i/clk_wiz_1/inst/clk_out2                         |
| g3        | n/a   | BUFG/O          | None       |          63 |               1 |   64 |      0 |    0 |   0 |  0 |    0 |   0 |       0 | WiFi_i/axi_ethernetlite_0/U0/phy_tx_clk_core           |
| g4        | n/a   | BUFG/O          | None       |          55 |               0 |   55 |      0 |    0 |   0 |  0 |    0 |   0 |       0 | WiFi_i/axi_ethernetlite_0/U0/C                         |
+-----------+-------+-----------------+------------+-------------+-----------------+------+--------+------+-----+----+------+-----+---------+--------------------------------------------------------+
* Clock Loads column represents the clock pin loads (pin count)
** Non-Clock Loads column represents the non-clock pin loads (pin count)
*** Columns FF, LUTRAM, RAMB through 'Hard IP' represents load cell counts


9. Cell Type Counts per Global Clock: Region X1Y2
-------------------------------------------------

+-----------+-------+-----------------+------------+-------------+-----------------+----+--------+------+-----+----+------+-----+---------+-----------------------------------------------------+
| Global Id | Track | Driver Type/Pin | Constraint | Clock Loads | Non-Clock Loads | FF | LUTRAM | RAMB | DSP | GT | MMCM | PLL | Hard IP | Net                                                 |
+-----------+-------+-----------------+------------+-------------+-----------------+----+--------+------+-----+----+------+-----+---------+-----------------------------------------------------+
| g0        | n/a   | BUFG/O          | None       |          37 |               0 | 34 |      1 |    2 |   0 |  0 |    0 |   0 |       0 | WiFi_i/clk_wiz_1/inst/clk_out1                      |
| g2        | n/a   | BUFG/O          | None       |           0 |               1 |  0 |      0 |    0 |   0 |  0 |    0 |   0 |       0 | WiFi_i/clk_wiz_1/inst/clk_out2                      |
| g5        | n/a   | BUFG/O          | None       |           1 |               0 |  0 |      0 |    0 |   0 |  0 |    1 |   0 |       0 | WiFi_i/clk_wiz_1/inst/clkfbout_buf_WiFi_clk_wiz_1_0 |
+-----------+-------+-----------------+------------+-------------+-----------------+----+--------+------+-----+----+------+-----+---------+-----------------------------------------------------+
* Clock Loads column represents the clock pin loads (pin count)
** Non-Clock Loads column represents the non-clock pin loads (pin count)
*** Columns FF, LUTRAM, RAMB through 'Hard IP' represents load cell counts


10. Cell Type Counts per Global Clock: Region X0Y3
--------------------------------------------------

+-----------+-------+-----------------+------------+-------------+-----------------+----+--------+------+-----+----+------+-----+---------+--------------------------------+
| Global Id | Track | Driver Type/Pin | Constraint | Clock Loads | Non-Clock Loads | FF | LUTRAM | RAMB | DSP | GT | MMCM | PLL | Hard IP | Net                            |
+-----------+-------+-----------------+------------+-------------+-----------------+----+--------+------+-----+----+------+-----+---------+--------------------------------+
| g2        | n/a   | BUFG/O          | None       |           8 |               0 |  8 |      0 |    0 |   0 |  0 |    0 |   0 |       0 | WiFi_i/clk_wiz_1/inst/clk_out2 |
+-----------+-------+-----------------+------------+-------------+-----------------+----+--------+------+-----+----+------+-----+---------+--------------------------------+
* Clock Loads column represents the clock pin loads (pin count)
** Non-Clock Loads column represents the non-clock pin loads (pin count)
*** Columns FF, LUTRAM, RAMB through 'Hard IP' represents load cell counts


11. Load Cell Placement Summary for Global Clock g0
---------------------------------------------------

+-----------+-----------------+-------------------+---------------------------+-------------+---------------+----------+-------------+----------+----------------+----------+--------------------------------+
| Global Id | Driver Type/Pin | Driver Region (D) | Clock                     | Period (ns) | Waveform (ns) | Root (R) | Slice Loads | IO Loads | Clocking Loads | GT Loads | Net                            |
+-----------+-----------------+-------------------+---------------------------+-------------+---------------+----------+-------------+----------+----------------+----------+--------------------------------+
| g0        | BUFG/O          | n/a               | clk_out1_WiFi_clk_wiz_1_0 |      10.000 | {0.000 5.000} |          |        4073 |        0 |              0 |        0 | WiFi_i/clk_wiz_1/inst/clk_out1 |
+-----------+-----------------+-------------------+---------------------------+-------------+---------------+----------+-------------+----------+----------------+----------+--------------------------------+
* Slice Loads column represents load cell count of all cell types other than IO, GT and clock resources
** IO Loads column represents load cell count of IO types
*** Clocking Loads column represents load cell count that are clock resources (global clock buffer, MMCM, PLL, etc)
**** GT Loads column represents load cell count of GT types


+----+-------+------+
|    | X0    | X1   |
+----+-------+------+
| Y3 |     0 |    0 |
| Y2 |  1792 |   37 |
| Y1 |  1584 |  660 |
| Y0 |     0 |    0 |
+----+-------+------+


12. Load Cell Placement Summary for Global Clock g1
---------------------------------------------------

+-----------+-----------------+-------------------+------------------------------------------------------+-------------+----------------+----------+-------------+----------+----------------+----------+--------------------------------------------------------+
| Global Id | Driver Type/Pin | Driver Region (D) | Clock                                                | Period (ns) | Waveform (ns)  | Root (R) | Slice Loads | IO Loads | Clocking Loads | GT Loads | Net                                                    |
+-----------+-----------------+-------------------+------------------------------------------------------+-------------+----------------+----------+-------------+----------+----------------+----------+--------------------------------------------------------+
| g1        | BUFG/O          | n/a               | WiFi_i/mdm_1/U0/Use_E2.BSCAN_I/Use_E2.BSCANE2_I/DRCK |      33.333 | {0.000 16.667} |          |         239 |        0 |              0 |        0 | WiFi_i/mdm_1/U0/No_Dbg_Reg_Access.BUFG_DRCK/Dbg_Clk_31 |
+-----------+-----------------+-------------------+------------------------------------------------------+-------------+----------------+----------+-------------+----------+----------------+----------+--------------------------------------------------------+
* Slice Loads column represents load cell count of all cell types other than IO, GT and clock resources
** IO Loads column represents load cell count of IO types
*** Clocking Loads column represents load cell count that are clock resources (global clock buffer, MMCM, PLL, etc)
**** GT Loads column represents load cell count of GT types


+----+-----+-----+
|    | X0  | X1  |
+----+-----+-----+
| Y3 |   0 |   0 |
| Y2 |  99 |   0 |
| Y1 |  73 |  67 |
| Y0 |   0 |   0 |
+----+-----+-----+


13. Load Cell Placement Summary for Global Clock g2
---------------------------------------------------

+-----------+-----------------+-------------------+---------------------------+-------------+----------------+----------+-------------+----------+----------------+----------+--------------------------------+
| Global Id | Driver Type/Pin | Driver Region (D) | Clock                     | Period (ns) | Waveform (ns)  | Root (R) | Slice Loads | IO Loads | Clocking Loads | GT Loads | Net                            |
+-----------+-----------------+-------------------+---------------------------+-------------+----------------+----------+-------------+----------+----------------+----------+--------------------------------+
| g2        | BUFG/O          | n/a               | clk_out2_WiFi_clk_wiz_1_0 |      20.000 | {0.000 10.000} |          |          84 |        1 |              0 |        0 | WiFi_i/clk_wiz_1/inst/clk_out2 |
+-----------+-----------------+-------------------+---------------------------+-------------+----------------+----------+-------------+----------+----------------+----------+--------------------------------+
* Slice Loads column represents load cell count of all cell types other than IO, GT and clock resources
** IO Loads column represents load cell count of IO types
*** Clocking Loads column represents load cell count that are clock resources (global clock buffer, MMCM, PLL, etc)
**** GT Loads column represents load cell count of GT types


+----+-----+----+
|    | X0  | X1 |
+----+-----+----+
| Y3 |   8 |  0 |
| Y2 |  76 |  1 |
| Y1 |   0 |  0 |
| Y0 |   0 |  0 |
+----+-----+----+


14. Load Cell Placement Summary for Global Clock g3
---------------------------------------------------

+-----------+-----------------+-------------------+-----------------------------------------+-------------+----------------+----------+-------------+----------+----------------+----------+----------------------------------------------+
| Global Id | Driver Type/Pin | Driver Region (D) | Clock                                   | Period (ns) | Waveform (ns)  | Root (R) | Slice Loads | IO Loads | Clocking Loads | GT Loads | Net                                          |
+-----------+-----------------+-------------------+-----------------------------------------+-------------+----------------+----------+-------------+----------+----------------+----------+----------------------------------------------+
| g3        | BUFG/O          | n/a               | WiFi_i/axi_ethernetlite_0/U0/phy_tx_clk |      40.000 | {0.000 20.000} |          |          64 |        0 |              0 |        0 | WiFi_i/axi_ethernetlite_0/U0/phy_tx_clk_core |
+-----------+-----------------+-------------------+-----------------------------------------+-------------+----------------+----------+-------------+----------+----------------+----------+----------------------------------------------+
* Slice Loads column represents load cell count of all cell types other than IO, GT and clock resources
** IO Loads column represents load cell count of IO types
*** Clocking Loads column represents load cell count that are clock resources (global clock buffer, MMCM, PLL, etc)
**** GT Loads column represents load cell count of GT types


+----+-----+----+
|    | X0  | X1 |
+----+-----+----+
| Y3 |   0 |  0 |
| Y2 |  64 |  0 |
| Y1 |   0 |  0 |
| Y0 |   0 |  0 |
+----+-----+----+


15. Load Cell Placement Summary for Global Clock g4
---------------------------------------------------

+-----------+-----------------+-------------------+-----------------------------------------+-------------+----------------+----------+-------------+----------+----------------+----------+--------------------------------+
| Global Id | Driver Type/Pin | Driver Region (D) | Clock                                   | Period (ns) | Waveform (ns)  | Root (R) | Slice Loads | IO Loads | Clocking Loads | GT Loads | Net                            |
+-----------+-----------------+-------------------+-----------------------------------------+-------------+----------------+----------+-------------+----------+----------------+----------+--------------------------------+
| g4        | BUFG/O          | n/a               | WiFi_i/axi_ethernetlite_0/U0/phy_rx_clk |      40.000 | {0.000 20.000} |          |          55 |        0 |              0 |        0 | WiFi_i/axi_ethernetlite_0/U0/C |
+-----------+-----------------+-------------------+-----------------------------------------+-------------+----------------+----------+-------------+----------+----------------+----------+--------------------------------+
* Slice Loads column represents load cell count of all cell types other than IO, GT and clock resources
** IO Loads column represents load cell count of IO types
*** Clocking Loads column represents load cell count that are clock resources (global clock buffer, MMCM, PLL, etc)
**** GT Loads column represents load cell count of GT types


+----+-----+----+
|    | X0  | X1 |
+----+-----+----+
| Y3 |   0 |  0 |
| Y2 |  55 |  0 |
| Y1 |   0 |  0 |
| Y0 |   0 |  0 |
+----+-----+----+


16. Load Cell Placement Summary for Global Clock g5
---------------------------------------------------

+-----------+-----------------+-------------------+---------------------------+-------------+---------------+----------+-------------+----------+----------------+----------+-----------------------------------------------------+
| Global Id | Driver Type/Pin | Driver Region (D) | Clock                     | Period (ns) | Waveform (ns) | Root (R) | Slice Loads | IO Loads | Clocking Loads | GT Loads | Net                                                 |
+-----------+-----------------+-------------------+---------------------------+-------------+---------------+----------+-------------+----------+----------------+----------+-----------------------------------------------------+
| g5        | BUFG/O          | n/a               | clkfbout_WiFi_clk_wiz_1_0 |      10.000 | {0.000 5.000} |          |           0 |        0 |              1 |        0 | WiFi_i/clk_wiz_1/inst/clkfbout_buf_WiFi_clk_wiz_1_0 |
+-----------+-----------------+-------------------+---------------------------+-------------+---------------+----------+-------------+----------+----------------+----------+-----------------------------------------------------+
* Slice Loads column represents load cell count of all cell types other than IO, GT and clock resources
** IO Loads column represents load cell count of IO types
*** Clocking Loads column represents load cell count that are clock resources (global clock buffer, MMCM, PLL, etc)
**** GT Loads column represents load cell count of GT types


+----+----+----+
|    | X0 | X1 |
+----+----+----+
| Y3 |  0 |  0 |
| Y2 |  0 |  1 |
| Y1 |  0 |  0 |
| Y0 |  0 |  0 |
+----+----+----+



# Location of BUFG Primitives 
set_property LOC BUFGCTRL_X0Y0 [get_cells WiFi_i/mdm_1/U0/No_Dbg_Reg_Access.BUFG_DRCK/Using_FPGA.Native]
set_property LOC BUFGCTRL_X0Y18 [get_cells WiFi_i/clk_wiz_1/inst/clkf_buf]
set_property LOC BUFGCTRL_X0Y17 [get_cells WiFi_i/clk_wiz_1/inst/clkout2_buf]
set_property LOC BUFGCTRL_X0Y16 [get_cells WiFi_i/clk_wiz_1/inst/clkout1_buf]
set_property LOC BUFGCTRL_X0Y1 [get_cells WiFi_i/axi_ethernetlite_0/U0/NO_LOOPBACK_GEN.INCLUDE_BUFG_GEN.CLOCK_BUFG_TX]
set_property LOC BUFGCTRL_X0Y2 [get_cells WiFi_i/axi_ethernetlite_0/U0/NO_LOOPBACK_GEN.INCLUDE_BUFG_GEN.CLOCK_BUFG_RX]

# Location of IO Primitives which is load of clock spine
set_property LOC IOB_X1Y128 [get_cells eth_ref_clk_OBUF_inst]

# Location of clock ports
set_property LOC IOB_X1Y126 [get_ports sys_clock]

# Clock net "WiFi_i/mdm_1/U0/No_Dbg_Reg_Access.BUFG_DRCK/Dbg_Clk_31" driven by instance "WiFi_i/mdm_1/U0/No_Dbg_Reg_Access.BUFG_DRCK/Using_FPGA.Native" located at site "BUFGCTRL_X0Y0"
#startgroup
create_pblock {CLKAG_WiFi_i/mdm_1/U0/No_Dbg_Reg_Access.BUFG_DRCK/Dbg_Clk_31}
add_cells_to_pblock [get_pblocks  {CLKAG_WiFi_i/mdm_1/U0/No_Dbg_Reg_Access.BUFG_DRCK/Dbg_Clk_31}] [get_cells -filter { PRIMITIVE_GROUP != I/O && IS_PRIMITIVE==1 && PRIMITIVE_LEVEL !=INTERNAL } -of_object [get_pins -filter {DIRECTION==IN} -of_objects [get_nets -hierarchical -filter {PARENT=="WiFi_i/mdm_1/U0/No_Dbg_Reg_Access.BUFG_DRCK/Dbg_Clk_31"}]]]
resize_pblock [get_pblocks {CLKAG_WiFi_i/mdm_1/U0/No_Dbg_Reg_Access.BUFG_DRCK/Dbg_Clk_31}] -add {CLOCKREGION_X0Y1:CLOCKREGION_X0Y1 CLOCKREGION_X0Y2:CLOCKREGION_X0Y2 CLOCKREGION_X1Y1:CLOCKREGION_X1Y1}
#endgroup

# Clock net "WiFi_i/clk_wiz_1/inst/clk_out2" driven by instance "WiFi_i/clk_wiz_1/inst/clkout2_buf" located at site "BUFGCTRL_X0Y17"
#startgroup
create_pblock {CLKAG_WiFi_i/clk_wiz_1/inst/clk_out2}
add_cells_to_pblock [get_pblocks  {CLKAG_WiFi_i/clk_wiz_1/inst/clk_out2}] [get_cells -filter { PRIMITIVE_GROUP != I/O && IS_PRIMITIVE==1 && PRIMITIVE_LEVEL !=INTERNAL && NAME!=eth_ref_clk_OBUF_inst} -of_object [get_pins -filter {DIRECTION==IN} -of_objects [get_nets -hierarchical -filter {PARENT=="WiFi_i/clk_wiz_1/inst/clk_out2"}]]]
resize_pblock [get_pblocks {CLKAG_WiFi_i/clk_wiz_1/inst/clk_out2}] -add {CLOCKREGION_X0Y2:CLOCKREGION_X0Y2 CLOCKREGION_X0Y3:CLOCKREGION_X0Y3}
#endgroup

# Clock net "WiFi_i/clk_wiz_1/inst/clk_out1" driven by instance "WiFi_i/clk_wiz_1/inst/clkout1_buf" located at site "BUFGCTRL_X0Y16"
#startgroup
create_pblock {CLKAG_WiFi_i/clk_wiz_1/inst/clk_out1}
add_cells_to_pblock [get_pblocks  {CLKAG_WiFi_i/clk_wiz_1/inst/clk_out1}] [get_cells -filter { PRIMITIVE_GROUP != I/O && IS_PRIMITIVE==1 && PRIMITIVE_LEVEL !=INTERNAL } -of_object [get_pins -filter {DIRECTION==IN} -of_objects [get_nets -hierarchical -filter {PARENT=="WiFi_i/clk_wiz_1/inst/clk_out1"}]]]
resize_pblock [get_pblocks {CLKAG_WiFi_i/clk_wiz_1/inst/clk_out1}] -add {CLOCKREGION_X0Y1:CLOCKREGION_X0Y1 CLOCKREGION_X0Y2:CLOCKREGION_X0Y2 CLOCKREGION_X1Y1:CLOCKREGION_X1Y1 CLOCKREGION_X1Y2:CLOCKREGION_X1Y2}
#endgroup

# Clock net "WiFi_i/axi_ethernetlite_0/U0/phy_tx_clk_core" driven by instance "WiFi_i/axi_ethernetlite_0/U0/NO_LOOPBACK_GEN.INCLUDE_BUFG_GEN.CLOCK_BUFG_TX" located at site "BUFGCTRL_X0Y1"
#startgroup
create_pblock {CLKAG_WiFi_i/axi_ethernetlite_0/U0/phy_tx_clk_core}
add_cells_to_pblock [get_pblocks  {CLKAG_WiFi_i/axi_ethernetlite_0/U0/phy_tx_clk_core}] [get_cells -filter { PRIMITIVE_GROUP != I/O && IS_PRIMITIVE==1 && PRIMITIVE_LEVEL !=INTERNAL } -of_object [get_pins -filter {DIRECTION==IN} -of_objects [get_nets -hierarchical -filter {PARENT=="WiFi_i/axi_ethernetlite_0/U0/phy_tx_clk_core"}]]]
resize_pblock [get_pblocks {CLKAG_WiFi_i/axi_ethernetlite_0/U0/phy_tx_clk_core}] -add {CLOCKREGION_X0Y2:CLOCKREGION_X0Y2}
#endgroup

# Clock net "WiFi_i/axi_ethernetlite_0/U0/C" driven by instance "WiFi_i/axi_ethernetlite_0/U0/NO_LOOPBACK_GEN.INCLUDE_BUFG_GEN.CLOCK_BUFG_RX" located at site "BUFGCTRL_X0Y2"
#startgroup
create_pblock {CLKAG_WiFi_i/axi_ethernetlite_0/U0/C}
add_cells_to_pblock [get_pblocks  {CLKAG_WiFi_i/axi_ethernetlite_0/U0/C}] [get_cells -filter { PRIMITIVE_GROUP != I/O && IS_PRIMITIVE==1 && PRIMITIVE_LEVEL !=INTERNAL } -of_object [get_pins -filter {DIRECTION==IN} -of_objects [get_nets -hierarchical -filter {PARENT=="WiFi_i/axi_ethernetlite_0/U0/C"}]]]
resize_pblock [get_pblocks {CLKAG_WiFi_i/axi_ethernetlite_0/U0/C}] -add {CLOCKREGION_X0Y2:CLOCKREGION_X0Y2}
#endgroup
