Copyright 1986-2016 Xilinx, Inc. All Rights Reserved.
-------------------------------------------------------------------------------------------------------------------------------
| Tool Version : Vivado v.2016.3 (win64) Build 1682563 Mon Oct 10 19:07:27 MDT 2016
| Date         : Thu May 11 11:43:13 2017
| Host         : LAPTOP-L1N8U9P6 running 64-bit major release  (build 9200)
| Command      : report_methodology -file WiFi_wrapper_methodology_drc_routed.rpt -rpx WiFi_wrapper_methodology_drc_routed.rpx
| Design       : WiFi_wrapper
| Device       : xc7a100tcsg324-1
| Speed File   : -1
| Design State : Routed
-------------------------------------------------------------------------------------------------------------------------------

Report Methodology

Table of Contents
-----------------
1. REPORT SUMMARY
2. REPORT DETAILS

1. REPORT SUMMARY
-----------------
            Netlist: netlist
          Floorplan: design_1
      Design limits: <entire design considered>
             Max violations: <unlimited>
             Violations found: 67
+-----------+----------+----------------------------------------------------+------------+
| Rule      | Severity | Description                                        | Violations |
+-----------+----------+----------------------------------------------------+------------+
| TIMING-2  | Warning  | Invalid primary clock source pin                   | 2          |
| TIMING-4  | Warning  | Invalid primary clock redefinition on a clock tree | 2          |
| TIMING-6  | Warning  | No common primary clock between related clocks     | 2          |
| TIMING-9  | Warning  | Unknown CDC Logic                                  | 1          |
| TIMING-18 | Warning  | Missing input or output delay                      | 60         |
+-----------+----------+----------------------------------------------------+------------+

2. REPORT DETAILS
-----------------
TIMING-2#1 Warning
Invalid primary clock source pin  
A primary clock WiFi_i/axi_ethernetlite_0/U0/phy_rx_clk is created on an inappropriate pin WiFi_i/axi_ethernetlite_0/U0/phy_rx_clk. It is recommended to create a primary clock only on a proper clock source (input port or primitive output pin with no timing arc)
Related violations: <none>

TIMING-2#2 Warning
Invalid primary clock source pin  
A primary clock WiFi_i/axi_ethernetlite_0/U0/phy_tx_clk is created on an inappropriate pin WiFi_i/axi_ethernetlite_0/U0/phy_tx_clk. It is recommended to create a primary clock only on a proper clock source (input port or primitive output pin with no timing arc)
Related violations: <none>

TIMING-4#1 Warning
Invalid primary clock redefinition on a clock tree  
Invalid clock redefinition on a clock tree. The primary clock WiFi_i/axi_ethernetlite_0/U0/phy_rx_clk is defined downstream of clock clk_out2_WiFi_clk_wiz_1_0 and overrides its insertion delay and/or waveform definition
Related violations: <none>

TIMING-4#2 Warning
Invalid primary clock redefinition on a clock tree  
Invalid clock redefinition on a clock tree. The primary clock WiFi_i/axi_ethernetlite_0/U0/phy_tx_clk is defined downstream of clock clk_out2_WiFi_clk_wiz_1_0 and overrides its insertion delay and/or waveform definition
Related violations: <none>

TIMING-6#1 Warning
No common primary clock between related clocks  
The clocks WiFi_i/axi_ethernetlite_0/U0/phy_tx_clk and clk_out2_WiFi_clk_wiz_1_0 are related (timed together) but they have no common primary clock. The design could fail in hardware. To find a timing path between these clocks, run the following command: report_timing -from [get_clocks WiFi_i/axi_ethernetlite_0/U0/phy_tx_clk] -to [get_clocks clk_out2_WiFi_clk_wiz_1_0]
Related violations: <none>

TIMING-6#2 Warning
No common primary clock between related clocks  
The clocks clk_out2_WiFi_clk_wiz_1_0 and WiFi_i/axi_ethernetlite_0/U0/phy_rx_clk are related (timed together) but they have no common primary clock. The design could fail in hardware. To find a timing path between these clocks, run the following command: report_timing -from [get_clocks clk_out2_WiFi_clk_wiz_1_0] -to [get_clocks WiFi_i/axi_ethernetlite_0/U0/phy_rx_clk]
Related violations: <none>

TIMING-9#1 Warning
Unknown CDC Logic  
One or more asynchronous Clock Domain Crossing has been detected between 2 clock domains through a set_false_path or a set_clock_groups or set_max_delay -datapath_only constraint but no double-registers logic synchronizer has been found on the side of the capture clock. It is recommended to run report_cdc for a complete and detailed CDC coverage
Related violations: <none>

TIMING-18#1 Warning
Missing input or output delay  
An input delay is missing on MISO relative to clock(s) sys_clock 
Related violations: <none>

TIMING-18#2 Warning
Missing input or output delay  
An input delay is missing on cellular_ram_dq_io[0] relative to clock(s) sys_clock 
Related violations: <none>

TIMING-18#3 Warning
Missing input or output delay  
An input delay is missing on cellular_ram_dq_io[10] relative to clock(s) sys_clock 
Related violations: <none>

TIMING-18#4 Warning
Missing input or output delay  
An input delay is missing on cellular_ram_dq_io[11] relative to clock(s) sys_clock 
Related violations: <none>

TIMING-18#5 Warning
Missing input or output delay  
An input delay is missing on cellular_ram_dq_io[12] relative to clock(s) sys_clock 
Related violations: <none>

TIMING-18#6 Warning
Missing input or output delay  
An input delay is missing on cellular_ram_dq_io[13] relative to clock(s) sys_clock 
Related violations: <none>

TIMING-18#7 Warning
Missing input or output delay  
An input delay is missing on cellular_ram_dq_io[14] relative to clock(s) sys_clock 
Related violations: <none>

TIMING-18#8 Warning
Missing input or output delay  
An input delay is missing on cellular_ram_dq_io[15] relative to clock(s) sys_clock 
Related violations: <none>

TIMING-18#9 Warning
Missing input or output delay  
An input delay is missing on cellular_ram_dq_io[1] relative to clock(s) sys_clock 
Related violations: <none>

TIMING-18#10 Warning
Missing input or output delay  
An input delay is missing on cellular_ram_dq_io[2] relative to clock(s) sys_clock 
Related violations: <none>

TIMING-18#11 Warning
Missing input or output delay  
An input delay is missing on cellular_ram_dq_io[3] relative to clock(s) sys_clock 
Related violations: <none>

TIMING-18#12 Warning
Missing input or output delay  
An input delay is missing on cellular_ram_dq_io[4] relative to clock(s) sys_clock 
Related violations: <none>

TIMING-18#13 Warning
Missing input or output delay  
An input delay is missing on cellular_ram_dq_io[5] relative to clock(s) sys_clock 
Related violations: <none>

TIMING-18#14 Warning
Missing input or output delay  
An input delay is missing on cellular_ram_dq_io[6] relative to clock(s) sys_clock 
Related violations: <none>

TIMING-18#15 Warning
Missing input or output delay  
An input delay is missing on cellular_ram_dq_io[7] relative to clock(s) sys_clock 
Related violations: <none>

TIMING-18#16 Warning
Missing input or output delay  
An input delay is missing on cellular_ram_dq_io[8] relative to clock(s) sys_clock 
Related violations: <none>

TIMING-18#17 Warning
Missing input or output delay  
An input delay is missing on cellular_ram_dq_io[9] relative to clock(s) sys_clock 
Related violations: <none>

TIMING-18#18 Warning
Missing input or output delay  
An input delay is missing on eth_mdio_mdc_mdio_io relative to clock(s) sys_clock 
Related violations: <none>

TIMING-18#19 Warning
Missing input or output delay  
An input delay is missing on eth_rmii_crs_dv relative to clock(s) VIRTUAL_clk_out2_WiFi_clk_wiz_1_0 
Related violations: <none>

TIMING-18#20 Warning
Missing input or output delay  
An input delay is missing on eth_rmii_rx_er relative to clock(s) VIRTUAL_clk_out2_WiFi_clk_wiz_1_0 
Related violations: <none>

TIMING-18#21 Warning
Missing input or output delay  
An input delay is missing on eth_rmii_rxd[0] relative to clock(s) VIRTUAL_clk_out2_WiFi_clk_wiz_1_0 
Related violations: <none>

TIMING-18#22 Warning
Missing input or output delay  
An input delay is missing on eth_rmii_rxd[1] relative to clock(s) VIRTUAL_clk_out2_WiFi_clk_wiz_1_0 
Related violations: <none>

TIMING-18#23 Warning
Missing input or output delay  
An input delay is missing on reset relative to clock(s) VIRTUAL_clk_out2_WiFi_clk_wiz_1_0 sys_clock 
Related violations: <none>

TIMING-18#24 Warning
Missing input or output delay  
An input delay is missing on usb_uart_rxd relative to clock(s) sys_clock 
Related violations: <none>

TIMING-18#25 Warning
Missing input or output delay  
An output delay is missing on CS[0] relative to clock(s) sys_clock 
Related violations: <none>

TIMING-18#26 Warning
Missing input or output delay  
An output delay is missing on MOSI relative to clock(s) sys_clock 
Related violations: <none>

TIMING-18#27 Warning
Missing input or output delay  
An output delay is missing on SCLK relative to clock(s) sys_clock 
Related violations: <none>

TIMING-18#28 Warning
Missing input or output delay  
An output delay is missing on cellular_ram_addr[0] relative to clock(s) sys_clock 
Related violations: <none>

TIMING-18#29 Warning
Missing input or output delay  
An output delay is missing on cellular_ram_addr[10] relative to clock(s) sys_clock 
Related violations: <none>

TIMING-18#30 Warning
Missing input or output delay  
An output delay is missing on cellular_ram_addr[11] relative to clock(s) sys_clock 
Related violations: <none>

TIMING-18#31 Warning
Missing input or output delay  
An output delay is missing on cellular_ram_addr[12] relative to clock(s) sys_clock 
Related violations: <none>

TIMING-18#32 Warning
Missing input or output delay  
An output delay is missing on cellular_ram_addr[13] relative to clock(s) sys_clock 
Related violations: <none>

TIMING-18#33 Warning
Missing input or output delay  
An output delay is missing on cellular_ram_addr[14] relative to clock(s) sys_clock 
Related violations: <none>

TIMING-18#34 Warning
Missing input or output delay  
An output delay is missing on cellular_ram_addr[15] relative to clock(s) sys_clock 
Related violations: <none>

TIMING-18#35 Warning
Missing input or output delay  
An output delay is missing on cellular_ram_addr[16] relative to clock(s) sys_clock 
Related violations: <none>

TIMING-18#36 Warning
Missing input or output delay  
An output delay is missing on cellular_ram_addr[17] relative to clock(s) sys_clock 
Related violations: <none>

TIMING-18#37 Warning
Missing input or output delay  
An output delay is missing on cellular_ram_addr[18] relative to clock(s) sys_clock 
Related violations: <none>

TIMING-18#38 Warning
Missing input or output delay  
An output delay is missing on cellular_ram_addr[19] relative to clock(s) sys_clock 
Related violations: <none>

TIMING-18#39 Warning
Missing input or output delay  
An output delay is missing on cellular_ram_addr[1] relative to clock(s) sys_clock 
Related violations: <none>

TIMING-18#40 Warning
Missing input or output delay  
An output delay is missing on cellular_ram_addr[20] relative to clock(s) sys_clock 
Related violations: <none>

TIMING-18#41 Warning
Missing input or output delay  
An output delay is missing on cellular_ram_addr[21] relative to clock(s) sys_clock 
Related violations: <none>

TIMING-18#42 Warning
Missing input or output delay  
An output delay is missing on cellular_ram_addr[22] relative to clock(s) sys_clock 
Related violations: <none>

TIMING-18#43 Warning
Missing input or output delay  
An output delay is missing on cellular_ram_addr[2] relative to clock(s) sys_clock 
Related violations: <none>

TIMING-18#44 Warning
Missing input or output delay  
An output delay is missing on cellular_ram_addr[3] relative to clock(s) sys_clock 
Related violations: <none>

TIMING-18#45 Warning
Missing input or output delay  
An output delay is missing on cellular_ram_addr[4] relative to clock(s) sys_clock 
Related violations: <none>

TIMING-18#46 Warning
Missing input or output delay  
An output delay is missing on cellular_ram_addr[5] relative to clock(s) sys_clock 
Related violations: <none>

TIMING-18#47 Warning
Missing input or output delay  
An output delay is missing on cellular_ram_addr[6] relative to clock(s) sys_clock 
Related violations: <none>

TIMING-18#48 Warning
Missing input or output delay  
An output delay is missing on cellular_ram_addr[7] relative to clock(s) sys_clock 
Related violations: <none>

TIMING-18#49 Warning
Missing input or output delay  
An output delay is missing on cellular_ram_addr[8] relative to clock(s) sys_clock 
Related violations: <none>

TIMING-18#50 Warning
Missing input or output delay  
An output delay is missing on cellular_ram_addr[9] relative to clock(s) sys_clock 
Related violations: <none>

TIMING-18#51 Warning
Missing input or output delay  
An output delay is missing on cellular_ram_ben[0] relative to clock(s) sys_clock 
Related violations: <none>

TIMING-18#52 Warning
Missing input or output delay  
An output delay is missing on cellular_ram_ben[1] relative to clock(s) sys_clock 
Related violations: <none>

TIMING-18#53 Warning
Missing input or output delay  
An output delay is missing on cellular_ram_ce_n relative to clock(s) sys_clock 
Related violations: <none>

TIMING-18#54 Warning
Missing input or output delay  
An output delay is missing on cellular_ram_oen relative to clock(s) sys_clock 
Related violations: <none>

TIMING-18#55 Warning
Missing input or output delay  
An output delay is missing on cellular_ram_wen relative to clock(s) sys_clock 
Related violations: <none>

TIMING-18#56 Warning
Missing input or output delay  
An output delay is missing on eth_mdio_mdc_mdc relative to clock(s) sys_clock 
Related violations: <none>

TIMING-18#57 Warning
Missing input or output delay  
An output delay is missing on eth_rmii_tx_en relative to clock(s) VIRTUAL_clk_out2_WiFi_clk_wiz_1_0 
Related violations: <none>

TIMING-18#58 Warning
Missing input or output delay  
An output delay is missing on eth_rmii_txd[0] relative to clock(s) VIRTUAL_clk_out2_WiFi_clk_wiz_1_0 
Related violations: <none>

TIMING-18#59 Warning
Missing input or output delay  
An output delay is missing on eth_rmii_txd[1] relative to clock(s) VIRTUAL_clk_out2_WiFi_clk_wiz_1_0 
Related violations: <none>

TIMING-18#60 Warning
Missing input or output delay  
An output delay is missing on usb_uart_txd relative to clock(s) sys_clock 
Related violations: <none>


