
*** Running vivado
    with args -log design_1_axi_emc_0_0.vds -m64 -product Vivado -mode batch -messageDb vivado.pb -notrace -source design_1_axi_emc_0_0.tcl


****** Vivado v2017.1 (64-bit)
  **** SW Build 1846317 on Fri Apr 14 18:55:03 MDT 2017
  **** IP Build 1846188 on Fri Apr 14 20:52:08 MDT 2017
    ** Copyright 1986-2017 Xilinx, Inc. All Rights Reserved.

source design_1_axi_emc_0_0.tcl -notrace
Starting RTL Elaboration : Time (s): cpu = 00:00:05 ; elapsed = 00:00:05 . Memory (MB): peak = 355.863 ; gain = 90.566
INFO: [Synth 8-638] synthesizing module 'design_1_axi_emc_0_0' [c:/Xilinx/Vivado/MyProjects/PMOD_WIFI_OLD/PMOD_WIFI.srcs/sources_1/bd/design_1/ip/design_1_axi_emc_0_0/synth/design_1_axi_emc_0_0.vhd:119]
INFO: [Synth 8-638] synthesizing module 'axi_emc' [c:/Xilinx/Vivado/MyProjects/PMOD_WIFI_OLD/PMOD_WIFI.srcs/sources_1/bd/design_1/ipshared/4aaf/hdl/axi_emc_v3_0_vh_rfs.vhd:3742]
INFO: [Synth 8-638] synthesizing module 'axi_emc_native_interface' [c:/Xilinx/Vivado/MyProjects/PMOD_WIFI_OLD/PMOD_WIFI.srcs/sources_1/bd/design_1/ipshared/4aaf/hdl/axi_emc_v3_0_vh_rfs.vhd:1827]
INFO: [Synth 8-638] synthesizing module 'axi_emc_addr_gen' [c:/Xilinx/Vivado/MyProjects/PMOD_WIFI_OLD/PMOD_WIFI.srcs/sources_1/bd/design_1/ipshared/4aaf/hdl/axi_emc_v3_0_vh_rfs.vhd:614]
INFO: [Synth 8-256] done synthesizing module 'axi_emc_addr_gen' (1#1) [c:/Xilinx/Vivado/MyProjects/PMOD_WIFI_OLD/PMOD_WIFI.srcs/sources_1/bd/design_1/ipshared/4aaf/hdl/axi_emc_v3_0_vh_rfs.vhd:614]
INFO: [Synth 8-638] synthesizing module 'axi_emc_address_decode' [c:/Xilinx/Vivado/MyProjects/PMOD_WIFI_OLD/PMOD_WIFI.srcs/sources_1/bd/design_1/ipshared/4aaf/hdl/axi_emc_v3_0_vh_rfs.vhd:1250]
INFO: [Synth 8-256] done synthesizing module 'axi_emc_address_decode' (2#1) [c:/Xilinx/Vivado/MyProjects/PMOD_WIFI_OLD/PMOD_WIFI.srcs/sources_1/bd/design_1/ipshared/4aaf/hdl/axi_emc_v3_0_vh_rfs.vhd:1250]
INFO: [Synth 8-638] synthesizing module 'srl_fifo_rbu_f' [c:/Xilinx/Vivado/MyProjects/PMOD_WIFI_OLD/PMOD_WIFI.srcs/sources_1/bd/design_1/ipshared/6039/hdl/lib_srl_fifo_v1_0_rfs.vhd:697]
INFO: [Synth 8-638] synthesizing module 'cntr_incr_decr_addn_f' [c:/Xilinx/Vivado/MyProjects/PMOD_WIFI_OLD/PMOD_WIFI.srcs/sources_1/bd/design_1/ipshared/6039/hdl/lib_srl_fifo_v1_0_rfs.vhd:143]
INFO: [Synth 8-256] done synthesizing module 'cntr_incr_decr_addn_f' (3#1) [c:/Xilinx/Vivado/MyProjects/PMOD_WIFI_OLD/PMOD_WIFI.srcs/sources_1/bd/design_1/ipshared/6039/hdl/lib_srl_fifo_v1_0_rfs.vhd:143]
INFO: [Synth 8-638] synthesizing module 'dynshreg_f' [c:/Xilinx/Vivado/MyProjects/PMOD_WIFI_OLD/PMOD_WIFI.srcs/sources_1/bd/design_1/ipshared/6039/hdl/lib_srl_fifo_v1_0_rfs.vhd:397]
INFO: [Synth 8-256] done synthesizing module 'dynshreg_f' (4#1) [c:/Xilinx/Vivado/MyProjects/PMOD_WIFI_OLD/PMOD_WIFI.srcs/sources_1/bd/design_1/ipshared/6039/hdl/lib_srl_fifo_v1_0_rfs.vhd:397]
INFO: [Synth 8-256] done synthesizing module 'srl_fifo_rbu_f' (5#1) [c:/Xilinx/Vivado/MyProjects/PMOD_WIFI_OLD/PMOD_WIFI.srcs/sources_1/bd/design_1/ipshared/6039/hdl/lib_srl_fifo_v1_0_rfs.vhd:697]
INFO: [Synth 8-638] synthesizing module 'counter_f' [c:/Xilinx/Vivado/MyProjects/PMOD_WIFI_OLD/PMOD_WIFI.srcs/sources_1/bd/design_1/ipshared/4aaf/hdl/axi_emc_v3_0_vh_rfs.vhd:241]
INFO: [Synth 8-256] done synthesizing module 'counter_f' (6#1) [c:/Xilinx/Vivado/MyProjects/PMOD_WIFI_OLD/PMOD_WIFI.srcs/sources_1/bd/design_1/ipshared/4aaf/hdl/axi_emc_v3_0_vh_rfs.vhd:241]
INFO: [Synth 8-256] done synthesizing module 'axi_emc_native_interface' (7#1) [c:/Xilinx/Vivado/MyProjects/PMOD_WIFI_OLD/PMOD_WIFI.srcs/sources_1/bd/design_1/ipshared/4aaf/hdl/axi_emc_v3_0_vh_rfs.vhd:1827]
INFO: [Synth 8-638] synthesizing module 'EMC' [c:/Xilinx/Vivado/MyProjects/PMOD_WIFI_OLD/PMOD_WIFI.srcs/sources_1/bd/design_1/ipshared/8618/hdl/emc_common_v3_0_vh_rfs.vhd:8238]
INFO: [Synth 8-638] synthesizing module 'ipic_if' [c:/Xilinx/Vivado/MyProjects/PMOD_WIFI_OLD/PMOD_WIFI.srcs/sources_1/bd/design_1/ipshared/8618/hdl/emc_common_v3_0_vh_rfs.vhd:580]
INFO: [Synth 8-638] synthesizing module 'ld_arith_reg' [c:/Xilinx/Vivado/MyProjects/PMOD_WIFI_OLD/PMOD_WIFI.srcs/sources_1/bd/design_1/ipshared/8618/hdl/emc_common_v3_0_vh_rfs.vhd:161]
INFO: [Synth 8-638] synthesizing module 'MULT_AND' [C:/Xilinx/Vivado/2017.1/scripts/rt/data/unisim_comp.v:21602]
INFO: [Synth 8-256] done synthesizing module 'MULT_AND' (8#1) [C:/Xilinx/Vivado/2017.1/scripts/rt/data/unisim_comp.v:21602]
INFO: [Synth 8-638] synthesizing module 'MUXCY' [C:/Xilinx/Vivado/2017.1/scripts/rt/data/unisim_comp.v:21613]
INFO: [Synth 8-256] done synthesizing module 'MUXCY' (9#1) [C:/Xilinx/Vivado/2017.1/scripts/rt/data/unisim_comp.v:21613]
INFO: [Synth 8-638] synthesizing module 'XORCY' [C:/Xilinx/Vivado/2017.1/scripts/rt/data/unisim_comp.v:45685]
INFO: [Synth 8-256] done synthesizing module 'XORCY' (10#1) [C:/Xilinx/Vivado/2017.1/scripts/rt/data/unisim_comp.v:45685]
INFO: [Synth 8-638] synthesizing module 'FDRE' [C:/Xilinx/Vivado/2017.1/scripts/rt/data/unisim_comp.v:3964]
INFO: [Synth 8-256] done synthesizing module 'FDRE' (11#1) [C:/Xilinx/Vivado/2017.1/scripts/rt/data/unisim_comp.v:3964]
INFO: [Synth 8-256] done synthesizing module 'ld_arith_reg' (12#1) [c:/Xilinx/Vivado/MyProjects/PMOD_WIFI_OLD/PMOD_WIFI.srcs/sources_1/bd/design_1/ipshared/8618/hdl/emc_common_v3_0_vh_rfs.vhd:161]
INFO: [Synth 8-256] done synthesizing module 'ipic_if' (13#1) [c:/Xilinx/Vivado/MyProjects/PMOD_WIFI_OLD/PMOD_WIFI.srcs/sources_1/bd/design_1/ipshared/8618/hdl/emc_common_v3_0_vh_rfs.vhd:580]
INFO: [Synth 8-638] synthesizing module 'mem_state_machine' [c:/Xilinx/Vivado/MyProjects/PMOD_WIFI_OLD/PMOD_WIFI.srcs/sources_1/bd/design_1/ipshared/8618/hdl/emc_common_v3_0_vh_rfs.vhd:2190]
INFO: [Synth 8-256] done synthesizing module 'mem_state_machine' (14#1) [c:/Xilinx/Vivado/MyProjects/PMOD_WIFI_OLD/PMOD_WIFI.srcs/sources_1/bd/design_1/ipshared/8618/hdl/emc_common_v3_0_vh_rfs.vhd:2190]
INFO: [Synth 8-638] synthesizing module 'addr_counter_mux' [c:/Xilinx/Vivado/MyProjects/PMOD_WIFI_OLD/PMOD_WIFI.srcs/sources_1/bd/design_1/ipshared/8618/hdl/emc_common_v3_0_vh_rfs.vhd:4466]
INFO: [Synth 8-638] synthesizing module 'ld_arith_reg__parameterized0' [c:/Xilinx/Vivado/MyProjects/PMOD_WIFI_OLD/PMOD_WIFI.srcs/sources_1/bd/design_1/ipshared/8618/hdl/emc_common_v3_0_vh_rfs.vhd:161]
INFO: [Synth 8-256] done synthesizing module 'ld_arith_reg__parameterized0' (14#1) [c:/Xilinx/Vivado/MyProjects/PMOD_WIFI_OLD/PMOD_WIFI.srcs/sources_1/bd/design_1/ipshared/8618/hdl/emc_common_v3_0_vh_rfs.vhd:161]
INFO: [Synth 8-256] done synthesizing module 'addr_counter_mux' (15#1) [c:/Xilinx/Vivado/MyProjects/PMOD_WIFI_OLD/PMOD_WIFI.srcs/sources_1/bd/design_1/ipshared/8618/hdl/emc_common_v3_0_vh_rfs.vhd:4466]
INFO: [Synth 8-638] synthesizing module 'counters' [c:/Xilinx/Vivado/MyProjects/PMOD_WIFI_OLD/PMOD_WIFI.srcs/sources_1/bd/design_1/ipshared/8618/hdl/emc_common_v3_0_vh_rfs.vhd:1669]
INFO: [Synth 8-638] synthesizing module 'ld_arith_reg__parameterized1' [c:/Xilinx/Vivado/MyProjects/PMOD_WIFI_OLD/PMOD_WIFI.srcs/sources_1/bd/design_1/ipshared/8618/hdl/emc_common_v3_0_vh_rfs.vhd:161]
INFO: [Synth 8-638] synthesizing module 'FDSE' [C:/Xilinx/Vivado/2017.1/scripts/rt/data/unisim_comp.v:4100]
INFO: [Synth 8-256] done synthesizing module 'FDSE' (16#1) [C:/Xilinx/Vivado/2017.1/scripts/rt/data/unisim_comp.v:4100]
INFO: [Synth 8-256] done synthesizing module 'ld_arith_reg__parameterized1' (16#1) [c:/Xilinx/Vivado/MyProjects/PMOD_WIFI_OLD/PMOD_WIFI.srcs/sources_1/bd/design_1/ipshared/8618/hdl/emc_common_v3_0_vh_rfs.vhd:161]
INFO: [Synth 8-638] synthesizing module 'ld_arith_reg__parameterized2' [c:/Xilinx/Vivado/MyProjects/PMOD_WIFI_OLD/PMOD_WIFI.srcs/sources_1/bd/design_1/ipshared/8618/hdl/emc_common_v3_0_vh_rfs.vhd:161]
INFO: [Synth 8-256] done synthesizing module 'ld_arith_reg__parameterized2' (16#1) [c:/Xilinx/Vivado/MyProjects/PMOD_WIFI_OLD/PMOD_WIFI.srcs/sources_1/bd/design_1/ipshared/8618/hdl/emc_common_v3_0_vh_rfs.vhd:161]
INFO: [Synth 8-638] synthesizing module 'ld_arith_reg__parameterized3' [c:/Xilinx/Vivado/MyProjects/PMOD_WIFI_OLD/PMOD_WIFI.srcs/sources_1/bd/design_1/ipshared/8618/hdl/emc_common_v3_0_vh_rfs.vhd:161]
INFO: [Synth 8-256] done synthesizing module 'ld_arith_reg__parameterized3' (16#1) [c:/Xilinx/Vivado/MyProjects/PMOD_WIFI_OLD/PMOD_WIFI.srcs/sources_1/bd/design_1/ipshared/8618/hdl/emc_common_v3_0_vh_rfs.vhd:161]
INFO: [Synth 8-256] done synthesizing module 'counters' (17#1) [c:/Xilinx/Vivado/MyProjects/PMOD_WIFI_OLD/PMOD_WIFI.srcs/sources_1/bd/design_1/ipshared/8618/hdl/emc_common_v3_0_vh_rfs.vhd:1669]
INFO: [Synth 8-638] synthesizing module 'select_param' [c:/Xilinx/Vivado/MyProjects/PMOD_WIFI_OLD/PMOD_WIFI.srcs/sources_1/bd/design_1/ipshared/8618/hdl/emc_common_v3_0_vh_rfs.vhd:3638]
INFO: [Synth 8-256] done synthesizing module 'select_param' (18#1) [c:/Xilinx/Vivado/MyProjects/PMOD_WIFI_OLD/PMOD_WIFI.srcs/sources_1/bd/design_1/ipshared/8618/hdl/emc_common_v3_0_vh_rfs.vhd:3638]
INFO: [Synth 8-638] synthesizing module 'mem_steer' [c:/Xilinx/Vivado/MyProjects/PMOD_WIFI_OLD/PMOD_WIFI.srcs/sources_1/bd/design_1/ipshared/8618/hdl/emc_common_v3_0_vh_rfs.vhd:5350]
INFO: [Synth 8-256] done synthesizing module 'mem_steer' (19#1) [c:/Xilinx/Vivado/MyProjects/PMOD_WIFI_OLD/PMOD_WIFI.srcs/sources_1/bd/design_1/ipshared/8618/hdl/emc_common_v3_0_vh_rfs.vhd:5350]
INFO: [Synth 8-638] synthesizing module 'io_registers' [c:/Xilinx/Vivado/MyProjects/PMOD_WIFI_OLD/PMOD_WIFI.srcs/sources_1/bd/design_1/ipshared/8618/hdl/emc_common_v3_0_vh_rfs.vhd:1226]
INFO: [Synth 8-256] done synthesizing module 'io_registers' (20#1) [c:/Xilinx/Vivado/MyProjects/PMOD_WIFI_OLD/PMOD_WIFI.srcs/sources_1/bd/design_1/ipshared/8618/hdl/emc_common_v3_0_vh_rfs.vhd:1226]
INFO: [Synth 8-256] done synthesizing module 'EMC' (21#1) [c:/Xilinx/Vivado/MyProjects/PMOD_WIFI_OLD/PMOD_WIFI.srcs/sources_1/bd/design_1/ipshared/8618/hdl/emc_common_v3_0_vh_rfs.vhd:8238]
INFO: [Synth 8-256] done synthesizing module 'axi_emc' (22#1) [c:/Xilinx/Vivado/MyProjects/PMOD_WIFI_OLD/PMOD_WIFI.srcs/sources_1/bd/design_1/ipshared/4aaf/hdl/axi_emc_v3_0_vh_rfs.vhd:3742]
INFO: [Synth 8-256] done synthesizing module 'design_1_axi_emc_0_0' (23#1) [c:/Xilinx/Vivado/MyProjects/PMOD_WIFI_OLD/PMOD_WIFI.srcs/sources_1/bd/design_1/ip/design_1_axi_emc_0_0/synth/design_1_axi_emc_0_0.vhd:119]
Finished RTL Elaboration : Time (s): cpu = 00:00:09 ; elapsed = 00:00:10 . Memory (MB): peak = 430.551 ; gain = 165.254
Finished RTL Optimization Phase 1 : Time (s): cpu = 00:00:10 ; elapsed = 00:00:10 . Memory (MB): peak = 430.551 ; gain = 165.254
INFO: [Device 21-403] Loading part xc7a100tcsg324-1
Constraint Validation Runtime : Time (s): cpu = 00:00:00 ; elapsed = 00:00:00.255 . Memory (MB): peak = 781.668 ; gain = 3.020
Finished Constraint Validation : Time (s): cpu = 00:00:27 ; elapsed = 00:00:28 . Memory (MB): peak = 781.668 ; gain = 516.371
Finished Loading Part and Timing Information : Time (s): cpu = 00:00:27 ; elapsed = 00:00:28 . Memory (MB): peak = 781.668 ; gain = 516.371
Finished applying 'set_property' XDC Constraints : Time (s): cpu = 00:00:27 ; elapsed = 00:00:28 . Memory (MB): peak = 781.668 ; gain = 516.371
Finished RTL Optimization Phase 2 : Time (s): cpu = 00:00:32 ; elapsed = 00:00:34 . Memory (MB): peak = 781.668 ; gain = 516.371
Finished Cross Boundary and Area Optimization : Time (s): cpu = 00:00:36 ; elapsed = 00:00:38 . Memory (MB): peak = 781.668 ; gain = 516.371
Finished Applying XDC Timing Constraints : Time (s): cpu = 00:00:49 ; elapsed = 00:00:51 . Memory (MB): peak = 781.668 ; gain = 516.371
Finished Timing Optimization : Time (s): cpu = 00:00:52 ; elapsed = 00:00:54 . Memory (MB): peak = 793.840 ; gain = 528.543
Finished Technology Mapping : Time (s): cpu = 00:00:53 ; elapsed = 00:00:55 . Memory (MB): peak = 807.719 ; gain = 542.422
Finished IO Insertion : Time (s): cpu = 00:00:54 ; elapsed = 00:00:56 . Memory (MB): peak = 807.719 ; gain = 542.422
Finished Renaming Generated Instances : Time (s): cpu = 00:00:54 ; elapsed = 00:00:56 . Memory (MB): peak = 807.719 ; gain = 542.422
Finished Rebuilding User Hierarchy : Time (s): cpu = 00:00:54 ; elapsed = 00:00:56 . Memory (MB): peak = 807.719 ; gain = 542.422
Finished Renaming Generated Ports : Time (s): cpu = 00:00:54 ; elapsed = 00:00:56 . Memory (MB): peak = 807.719 ; gain = 542.422
Finished Handling Custom Attributes : Time (s): cpu = 00:00:54 ; elapsed = 00:00:56 . Memory (MB): peak = 807.719 ; gain = 542.422
Finished Renaming Generated Nets : Time (s): cpu = 00:00:54 ; elapsed = 00:00:56 . Memory (MB): peak = 807.719 ; gain = 542.422

Report Cell Usage: 
+------+---------+------+
|      |Cell     |Count |
+------+---------+------+
|1     |CARRY4   |     3|
|2     |LUT1     |     4|
|3     |LUT2     |    76|
|4     |LUT3     |   116|
|5     |LUT4     |    67|
|6     |LUT5     |    80|
|7     |LUT6     |   192|
|8     |MULT_AND |    41|
|9     |MUXCY    |    47|
|10    |MUXF7    |   137|
|11    |MUXF8    |    66|
|12    |SRLC32E  |   264|
|13    |XORCY    |    56|
|14    |FDR      |     6|
|15    |FDRE     |   374|
|16    |FDSE     |    72|
+------+---------+------+
Finished Writing Synthesis Report : Time (s): cpu = 00:00:54 ; elapsed = 00:00:56 . Memory (MB): peak = 807.719 ; gain = 542.422
synth_design: Time (s): cpu = 00:00:57 ; elapsed = 00:00:59 . Memory (MB): peak = 807.719 ; gain = 546.215
