
*** Running vivado
    with args -log WiFi_microblaze_0_0.vds -m64 -product Vivado -mode batch -messageDb vivado.pb -notrace -source WiFi_microblaze_0_0.tcl


****** Vivado v2016.3 (64-bit)
  **** SW Build 1682563 on Mon Oct 10 19:07:27 MDT 2016
  **** IP Build 1681267 on Mon Oct 10 21:28:31 MDT 2016
    ** Copyright 1986-2016 Xilinx, Inc. All Rights Reserved.

source WiFi_microblaze_0_0.tcl -notrace
Starting RTL Elaboration : Time (s): cpu = 00:00:11 ; elapsed = 00:00:13 . Memory (MB): peak = 344.055 ; gain = 134.277
INFO: [Synth 8-638] synthesizing module 'WiFi_microblaze_0_0' [c:/College/Thesis/VivadoProjects/WiFi/WiFi/WiFi.srcs/sources_1/bd/WiFi/ip/WiFi_microblaze_0_0/synth/WiFi_microblaze_0_0.vhd:190]
INFO: [Synth 8-256] done synthesizing module 'WiFi_microblaze_0_0' (63#1) [c:/College/Thesis/VivadoProjects/WiFi/WiFi/WiFi.srcs/sources_1/bd/WiFi/ip/WiFi_microblaze_0_0/synth/WiFi_microblaze_0_0.vhd:190]
Finished RTL Elaboration : Time (s): cpu = 00:00:24 ; elapsed = 00:00:27 . Memory (MB): peak = 544.098 ; gain = 334.320
Finished RTL Optimization Phase 1 : Time (s): cpu = 00:00:25 ; elapsed = 00:00:28 . Memory (MB): peak = 544.098 ; gain = 334.320
INFO: [Device 21-403] Loading part xc7a100tcsg324-1
Constraint Validation Runtime : Time (s): cpu = 00:00:01 ; elapsed = 00:00:00.499 . Memory (MB): peak = 788.000 ; gain = 0.883
Finished Constraint Validation : Time (s): cpu = 00:00:43 ; elapsed = 00:00:46 . Memory (MB): peak = 788.000 ; gain = 578.223
Finished Loading Part and Timing Information : Time (s): cpu = 00:00:43 ; elapsed = 00:00:46 . Memory (MB): peak = 788.000 ; gain = 578.223
Finished applying 'set_property' XDC Constraints : Time (s): cpu = 00:00:43 ; elapsed = 00:00:46 . Memory (MB): peak = 788.000 ; gain = 578.223
Finished RTL Optimization Phase 2 : Time (s): cpu = 00:00:50 ; elapsed = 00:00:53 . Memory (MB): peak = 788.000 ; gain = 578.223
Finished Cross Boundary and Area Optimization : Time (s): cpu = 00:01:22 ; elapsed = 00:01:26 . Memory (MB): peak = 788.000 ; gain = 578.223
Finished Applying XDC Timing Constraints : Time (s): cpu = 00:01:34 ; elapsed = 00:01:38 . Memory (MB): peak = 788.000 ; gain = 578.223
Finished Timing Optimization : Time (s): cpu = 00:01:37 ; elapsed = 00:01:42 . Memory (MB): peak = 788.000 ; gain = 578.223
Finished Technology Mapping : Time (s): cpu = 00:01:42 ; elapsed = 00:01:46 . Memory (MB): peak = 788.000 ; gain = 578.223
Finished IO Insertion : Time (s): cpu = 00:01:43 ; elapsed = 00:01:47 . Memory (MB): peak = 788.000 ; gain = 578.223
Finished Renaming Generated Instances : Time (s): cpu = 00:01:43 ; elapsed = 00:01:47 . Memory (MB): peak = 788.000 ; gain = 578.223
Finished Rebuilding User Hierarchy : Time (s): cpu = 00:01:44 ; elapsed = 00:01:48 . Memory (MB): peak = 788.000 ; gain = 578.223
Finished Renaming Generated Ports : Time (s): cpu = 00:01:44 ; elapsed = 00:01:49 . Memory (MB): peak = 788.000 ; gain = 578.223
Finished Handling Custom Attributes : Time (s): cpu = 00:01:44 ; elapsed = 00:01:49 . Memory (MB): peak = 788.000 ; gain = 578.223
Finished Renaming Generated Nets : Time (s): cpu = 00:01:44 ; elapsed = 00:01:49 . Memory (MB): peak = 788.000 ; gain = 578.223

Report Cell Usage: 
+------+-----------+------+
|      |Cell       |Count |
+------+-----------+------+
|1     |AND2B1L    |     4|
|2     |CARRY4     |     1|
|3     |LUT1       |    33|
|4     |LUT2       |   100|
|5     |LUT3       |   328|
|6     |LUT4       |   189|
|7     |LUT5       |   371|
|8     |LUT6       |   536|
|9     |LUT6_2     |    64|
|10    |MULT_AND   |     1|
|11    |MUXCY_L    |   167|
|12    |MUXF7      |   112|
|13    |RAM32M     |    16|
|14    |RAM32X1D   |    32|
|15    |RAMB36E1   |     2|
|16    |RAMB36E1_1 |     8|
|17    |SRL16E     |   170|
|18    |SRLC16E    |     8|
|19    |XORCY      |    94|
|20    |FDCE       |   143|
|21    |FDE        |    32|
|22    |FDR        |   125|
|23    |FDRE       |  1792|
|24    |FDS        |     1|
|25    |FDSE       |    60|
+------+-----------+------+
Finished Writing Synthesis Report : Time (s): cpu = 00:01:44 ; elapsed = 00:01:49 . Memory (MB): peak = 788.000 ; gain = 578.223
synth_design: Time (s): cpu = 00:01:48 ; elapsed = 00:01:51 . Memory (MB): peak = 1190.629 ; gain = 927.586
