
*** Running vivado
    with args -log WiFi_axi_quad_spi_0_0.vds -m64 -product Vivado -mode batch -messageDb vivado.pb -notrace -source WiFi_axi_quad_spi_0_0.tcl


****** Vivado v2016.3 (64-bit)
  **** SW Build 1682563 on Mon Oct 10 19:07:27 MDT 2016
  **** IP Build 1681267 on Mon Oct 10 21:28:31 MDT 2016
    ** Copyright 1986-2016 Xilinx, Inc. All Rights Reserved.

source WiFi_axi_quad_spi_0_0.tcl -notrace
Starting RTL Elaboration : Time (s): cpu = 00:00:13 ; elapsed = 00:00:15 . Memory (MB): peak = 351.750 ; gain = 142.484
INFO: [Synth 8-638] synthesizing module 'WiFi_axi_quad_spi_0_0' [c:/College/Thesis/VivadoProjects/WiFi/WiFi/WiFi.srcs/sources_1/bd/WiFi/ip/WiFi_axi_quad_spi_0_0/synth/WiFi_axi_quad_spi_0_0.vhd:97]
INFO: [Synth 8-638] synthesizing module 'axi_quad_spi' [c:/College/Thesis/VivadoProjects/WiFi/WiFi/WiFi.srcs/sources_1/bd/WiFi/ipshared/fd71/hdl/axi_quad_spi_v3_2_rfs.vhd:33002]
INFO: [Synth 8-638] synthesizing module 'axi_quad_spi_top' [c:/College/Thesis/VivadoProjects/WiFi/WiFi/WiFi.srcs/sources_1/bd/WiFi/ipshared/fd71/hdl/axi_quad_spi_v3_2_rfs.vhd:31276]
INFO: [Synth 8-638] synthesizing module 'axi_lite_ipif' [c:/College/Thesis/VivadoProjects/WiFi/WiFi/WiFi.srcs/sources_1/bd/WiFi/ipshared/0ba0/hdl/axi_lite_ipif_v3_0_vh_rfs.vhd:2948]
INFO: [Synth 8-638] synthesizing module 'slave_attachment' [c:/College/Thesis/VivadoProjects/WiFi/WiFi/WiFi.srcs/sources_1/bd/WiFi/ipshared/0ba0/hdl/axi_lite_ipif_v3_0_vh_rfs.vhd:2341]
INFO: [Synth 8-638] synthesizing module 'address_decoder' [c:/College/Thesis/VivadoProjects/WiFi/WiFi/WiFi.srcs/sources_1/bd/WiFi/ipshared/0ba0/hdl/axi_lite_ipif_v3_0_vh_rfs.vhd:1775]
INFO: [Synth 8-638] synthesizing module 'axi_lite_ipif_v3_0_4_pselect_f' [c:/College/Thesis/VivadoProjects/WiFi/WiFi/WiFi.srcs/sources_1/bd/WiFi/ipshared/0ba0/hdl/axi_lite_ipif_v3_0_vh_rfs.vhd:1534]
INFO: [Synth 8-256] done synthesizing module 'axi_lite_ipif_v3_0_4_pselect_f' (1#1) [c:/College/Thesis/VivadoProjects/WiFi/WiFi/WiFi.srcs/sources_1/bd/WiFi/ipshared/0ba0/hdl/axi_lite_ipif_v3_0_vh_rfs.vhd:1534]
INFO: [Synth 8-638] synthesizing module 'axi_lite_ipif_v3_0_4_pselect_f__parameterized0' [c:/College/Thesis/VivadoProjects/WiFi/WiFi/WiFi.srcs/sources_1/bd/WiFi/ipshared/0ba0/hdl/axi_lite_ipif_v3_0_vh_rfs.vhd:1534]
INFO: [Synth 8-256] done synthesizing module 'axi_lite_ipif_v3_0_4_pselect_f__parameterized0' (1#1) [c:/College/Thesis/VivadoProjects/WiFi/WiFi/WiFi.srcs/sources_1/bd/WiFi/ipshared/0ba0/hdl/axi_lite_ipif_v3_0_vh_rfs.vhd:1534]
INFO: [Synth 8-638] synthesizing module 'axi_lite_ipif_v3_0_4_pselect_f__parameterized1' [c:/College/Thesis/VivadoProjects/WiFi/WiFi/WiFi.srcs/sources_1/bd/WiFi/ipshared/0ba0/hdl/axi_lite_ipif_v3_0_vh_rfs.vhd:1534]
INFO: [Synth 8-256] done synthesizing module 'axi_lite_ipif_v3_0_4_pselect_f__parameterized1' (1#1) [c:/College/Thesis/VivadoProjects/WiFi/WiFi/WiFi.srcs/sources_1/bd/WiFi/ipshared/0ba0/hdl/axi_lite_ipif_v3_0_vh_rfs.vhd:1534]
INFO: [Synth 8-638] synthesizing module 'axi_lite_ipif_v3_0_4_pselect_f__parameterized2' [c:/College/Thesis/VivadoProjects/WiFi/WiFi/WiFi.srcs/sources_1/bd/WiFi/ipshared/0ba0/hdl/axi_lite_ipif_v3_0_vh_rfs.vhd:1534]
INFO: [Synth 8-256] done synthesizing module 'axi_lite_ipif_v3_0_4_pselect_f__parameterized2' (1#1) [c:/College/Thesis/VivadoProjects/WiFi/WiFi/WiFi.srcs/sources_1/bd/WiFi/ipshared/0ba0/hdl/axi_lite_ipif_v3_0_vh_rfs.vhd:1534]
INFO: [Synth 8-638] synthesizing module 'axi_lite_ipif_v3_0_4_pselect_f__parameterized3' [c:/College/Thesis/VivadoProjects/WiFi/WiFi/WiFi.srcs/sources_1/bd/WiFi/ipshared/0ba0/hdl/axi_lite_ipif_v3_0_vh_rfs.vhd:1534]
INFO: [Synth 8-256] done synthesizing module 'axi_lite_ipif_v3_0_4_pselect_f__parameterized3' (1#1) [c:/College/Thesis/VivadoProjects/WiFi/WiFi/WiFi.srcs/sources_1/bd/WiFi/ipshared/0ba0/hdl/axi_lite_ipif_v3_0_vh_rfs.vhd:1534]
INFO: [Synth 8-638] synthesizing module 'axi_lite_ipif_v3_0_4_pselect_f__parameterized4' [c:/College/Thesis/VivadoProjects/WiFi/WiFi/WiFi.srcs/sources_1/bd/WiFi/ipshared/0ba0/hdl/axi_lite_ipif_v3_0_vh_rfs.vhd:1534]
INFO: [Synth 8-256] done synthesizing module 'axi_lite_ipif_v3_0_4_pselect_f__parameterized4' (1#1) [c:/College/Thesis/VivadoProjects/WiFi/WiFi/WiFi.srcs/sources_1/bd/WiFi/ipshared/0ba0/hdl/axi_lite_ipif_v3_0_vh_rfs.vhd:1534]
INFO: [Synth 8-638] synthesizing module 'axi_lite_ipif_v3_0_4_pselect_f__parameterized5' [c:/College/Thesis/VivadoProjects/WiFi/WiFi/WiFi.srcs/sources_1/bd/WiFi/ipshared/0ba0/hdl/axi_lite_ipif_v3_0_vh_rfs.vhd:1534]
INFO: [Synth 8-256] done synthesizing module 'axi_lite_ipif_v3_0_4_pselect_f__parameterized5' (1#1) [c:/College/Thesis/VivadoProjects/WiFi/WiFi/WiFi.srcs/sources_1/bd/WiFi/ipshared/0ba0/hdl/axi_lite_ipif_v3_0_vh_rfs.vhd:1534]
INFO: [Synth 8-638] synthesizing module 'axi_lite_ipif_v3_0_4_pselect_f__parameterized6' [c:/College/Thesis/VivadoProjects/WiFi/WiFi/WiFi.srcs/sources_1/bd/WiFi/ipshared/0ba0/hdl/axi_lite_ipif_v3_0_vh_rfs.vhd:1534]
INFO: [Synth 8-256] done synthesizing module 'axi_lite_ipif_v3_0_4_pselect_f__parameterized6' (1#1) [c:/College/Thesis/VivadoProjects/WiFi/WiFi/WiFi.srcs/sources_1/bd/WiFi/ipshared/0ba0/hdl/axi_lite_ipif_v3_0_vh_rfs.vhd:1534]
INFO: [Synth 8-638] synthesizing module 'axi_lite_ipif_v3_0_4_pselect_f__parameterized7' [c:/College/Thesis/VivadoProjects/WiFi/WiFi/WiFi.srcs/sources_1/bd/WiFi/ipshared/0ba0/hdl/axi_lite_ipif_v3_0_vh_rfs.vhd:1534]
INFO: [Synth 8-256] done synthesizing module 'axi_lite_ipif_v3_0_4_pselect_f__parameterized7' (1#1) [c:/College/Thesis/VivadoProjects/WiFi/WiFi/WiFi.srcs/sources_1/bd/WiFi/ipshared/0ba0/hdl/axi_lite_ipif_v3_0_vh_rfs.vhd:1534]
INFO: [Synth 8-638] synthesizing module 'axi_lite_ipif_v3_0_4_pselect_f__parameterized8' [c:/College/Thesis/VivadoProjects/WiFi/WiFi/WiFi.srcs/sources_1/bd/WiFi/ipshared/0ba0/hdl/axi_lite_ipif_v3_0_vh_rfs.vhd:1534]
INFO: [Synth 8-256] done synthesizing module 'axi_lite_ipif_v3_0_4_pselect_f__parameterized8' (1#1) [c:/College/Thesis/VivadoProjects/WiFi/WiFi/WiFi.srcs/sources_1/bd/WiFi/ipshared/0ba0/hdl/axi_lite_ipif_v3_0_vh_rfs.vhd:1534]
INFO: [Synth 8-638] synthesizing module 'axi_lite_ipif_v3_0_4_pselect_f__parameterized9' [c:/College/Thesis/VivadoProjects/WiFi/WiFi/WiFi.srcs/sources_1/bd/WiFi/ipshared/0ba0/hdl/axi_lite_ipif_v3_0_vh_rfs.vhd:1534]
INFO: [Synth 8-256] done synthesizing module 'axi_lite_ipif_v3_0_4_pselect_f__parameterized9' (1#1) [c:/College/Thesis/VivadoProjects/WiFi/WiFi/WiFi.srcs/sources_1/bd/WiFi/ipshared/0ba0/hdl/axi_lite_ipif_v3_0_vh_rfs.vhd:1534]
INFO: [Synth 8-638] synthesizing module 'axi_lite_ipif_v3_0_4_pselect_f__parameterized10' [c:/College/Thesis/VivadoProjects/WiFi/WiFi/WiFi.srcs/sources_1/bd/WiFi/ipshared/0ba0/hdl/axi_lite_ipif_v3_0_vh_rfs.vhd:1534]
INFO: [Synth 8-256] done synthesizing module 'axi_lite_ipif_v3_0_4_pselect_f__parameterized10' (1#1) [c:/College/Thesis/VivadoProjects/WiFi/WiFi/WiFi.srcs/sources_1/bd/WiFi/ipshared/0ba0/hdl/axi_lite_ipif_v3_0_vh_rfs.vhd:1534]
INFO: [Synth 8-638] synthesizing module 'axi_lite_ipif_v3_0_4_pselect_f__parameterized11' [c:/College/Thesis/VivadoProjects/WiFi/WiFi/WiFi.srcs/sources_1/bd/WiFi/ipshared/0ba0/hdl/axi_lite_ipif_v3_0_vh_rfs.vhd:1534]
INFO: [Synth 8-256] done synthesizing module 'axi_lite_ipif_v3_0_4_pselect_f__parameterized11' (1#1) [c:/College/Thesis/VivadoProjects/WiFi/WiFi/WiFi.srcs/sources_1/bd/WiFi/ipshared/0ba0/hdl/axi_lite_ipif_v3_0_vh_rfs.vhd:1534]
INFO: [Synth 8-638] synthesizing module 'axi_lite_ipif_v3_0_4_pselect_f__parameterized12' [c:/College/Thesis/VivadoProjects/WiFi/WiFi/WiFi.srcs/sources_1/bd/WiFi/ipshared/0ba0/hdl/axi_lite_ipif_v3_0_vh_rfs.vhd:1534]
INFO: [Synth 8-256] done synthesizing module 'axi_lite_ipif_v3_0_4_pselect_f__parameterized12' (1#1) [c:/College/Thesis/VivadoProjects/WiFi/WiFi/WiFi.srcs/sources_1/bd/WiFi/ipshared/0ba0/hdl/axi_lite_ipif_v3_0_vh_rfs.vhd:1534]
INFO: [Synth 8-638] synthesizing module 'axi_lite_ipif_v3_0_4_pselect_f__parameterized13' [c:/College/Thesis/VivadoProjects/WiFi/WiFi/WiFi.srcs/sources_1/bd/WiFi/ipshared/0ba0/hdl/axi_lite_ipif_v3_0_vh_rfs.vhd:1534]
INFO: [Synth 8-256] done synthesizing module 'axi_lite_ipif_v3_0_4_pselect_f__parameterized13' (1#1) [c:/College/Thesis/VivadoProjects/WiFi/WiFi/WiFi.srcs/sources_1/bd/WiFi/ipshared/0ba0/hdl/axi_lite_ipif_v3_0_vh_rfs.vhd:1534]
INFO: [Synth 8-638] synthesizing module 'axi_lite_ipif_v3_0_4_pselect_f__parameterized14' [c:/College/Thesis/VivadoProjects/WiFi/WiFi/WiFi.srcs/sources_1/bd/WiFi/ipshared/0ba0/hdl/axi_lite_ipif_v3_0_vh_rfs.vhd:1534]
INFO: [Synth 8-256] done synthesizing module 'axi_lite_ipif_v3_0_4_pselect_f__parameterized14' (1#1) [c:/College/Thesis/VivadoProjects/WiFi/WiFi/WiFi.srcs/sources_1/bd/WiFi/ipshared/0ba0/hdl/axi_lite_ipif_v3_0_vh_rfs.vhd:1534]
INFO: [Synth 8-638] synthesizing module 'axi_lite_ipif_v3_0_4_pselect_f__parameterized15' [c:/College/Thesis/VivadoProjects/WiFi/WiFi/WiFi.srcs/sources_1/bd/WiFi/ipshared/0ba0/hdl/axi_lite_ipif_v3_0_vh_rfs.vhd:1534]
INFO: [Synth 8-256] done synthesizing module 'axi_lite_ipif_v3_0_4_pselect_f__parameterized15' (1#1) [c:/College/Thesis/VivadoProjects/WiFi/WiFi/WiFi.srcs/sources_1/bd/WiFi/ipshared/0ba0/hdl/axi_lite_ipif_v3_0_vh_rfs.vhd:1534]
INFO: [Synth 8-638] synthesizing module 'axi_lite_ipif_v3_0_4_pselect_f__parameterized16' [c:/College/Thesis/VivadoProjects/WiFi/WiFi/WiFi.srcs/sources_1/bd/WiFi/ipshared/0ba0/hdl/axi_lite_ipif_v3_0_vh_rfs.vhd:1534]
INFO: [Synth 8-256] done synthesizing module 'axi_lite_ipif_v3_0_4_pselect_f__parameterized16' (1#1) [c:/College/Thesis/VivadoProjects/WiFi/WiFi/WiFi.srcs/sources_1/bd/WiFi/ipshared/0ba0/hdl/axi_lite_ipif_v3_0_vh_rfs.vhd:1534]
INFO: [Synth 8-638] synthesizing module 'axi_lite_ipif_v3_0_4_pselect_f__parameterized17' [c:/College/Thesis/VivadoProjects/WiFi/WiFi/WiFi.srcs/sources_1/bd/WiFi/ipshared/0ba0/hdl/axi_lite_ipif_v3_0_vh_rfs.vhd:1534]
INFO: [Synth 8-256] done synthesizing module 'axi_lite_ipif_v3_0_4_pselect_f__parameterized17' (1#1) [c:/College/Thesis/VivadoProjects/WiFi/WiFi/WiFi.srcs/sources_1/bd/WiFi/ipshared/0ba0/hdl/axi_lite_ipif_v3_0_vh_rfs.vhd:1534]
INFO: [Synth 8-638] synthesizing module 'axi_lite_ipif_v3_0_4_pselect_f__parameterized18' [c:/College/Thesis/VivadoProjects/WiFi/WiFi/WiFi.srcs/sources_1/bd/WiFi/ipshared/0ba0/hdl/axi_lite_ipif_v3_0_vh_rfs.vhd:1534]
INFO: [Synth 8-256] done synthesizing module 'axi_lite_ipif_v3_0_4_pselect_f__parameterized18' (1#1) [c:/College/Thesis/VivadoProjects/WiFi/WiFi/WiFi.srcs/sources_1/bd/WiFi/ipshared/0ba0/hdl/axi_lite_ipif_v3_0_vh_rfs.vhd:1534]
INFO: [Synth 8-638] synthesizing module 'axi_lite_ipif_v3_0_4_pselect_f__parameterized19' [c:/College/Thesis/VivadoProjects/WiFi/WiFi/WiFi.srcs/sources_1/bd/WiFi/ipshared/0ba0/hdl/axi_lite_ipif_v3_0_vh_rfs.vhd:1534]
INFO: [Synth 8-256] done synthesizing module 'axi_lite_ipif_v3_0_4_pselect_f__parameterized19' (1#1) [c:/College/Thesis/VivadoProjects/WiFi/WiFi/WiFi.srcs/sources_1/bd/WiFi/ipshared/0ba0/hdl/axi_lite_ipif_v3_0_vh_rfs.vhd:1534]
INFO: [Synth 8-638] synthesizing module 'axi_lite_ipif_v3_0_4_pselect_f__parameterized20' [c:/College/Thesis/VivadoProjects/WiFi/WiFi/WiFi.srcs/sources_1/bd/WiFi/ipshared/0ba0/hdl/axi_lite_ipif_v3_0_vh_rfs.vhd:1534]
INFO: [Synth 8-256] done synthesizing module 'axi_lite_ipif_v3_0_4_pselect_f__parameterized20' (1#1) [c:/College/Thesis/VivadoProjects/WiFi/WiFi/WiFi.srcs/sources_1/bd/WiFi/ipshared/0ba0/hdl/axi_lite_ipif_v3_0_vh_rfs.vhd:1534]
INFO: [Synth 8-638] synthesizing module 'axi_lite_ipif_v3_0_4_pselect_f__parameterized21' [c:/College/Thesis/VivadoProjects/WiFi/WiFi/WiFi.srcs/sources_1/bd/WiFi/ipshared/0ba0/hdl/axi_lite_ipif_v3_0_vh_rfs.vhd:1534]
INFO: [Synth 8-256] done synthesizing module 'axi_lite_ipif_v3_0_4_pselect_f__parameterized21' (1#1) [c:/College/Thesis/VivadoProjects/WiFi/WiFi/WiFi.srcs/sources_1/bd/WiFi/ipshared/0ba0/hdl/axi_lite_ipif_v3_0_vh_rfs.vhd:1534]
INFO: [Synth 8-638] synthesizing module 'axi_lite_ipif_v3_0_4_pselect_f__parameterized22' [c:/College/Thesis/VivadoProjects/WiFi/WiFi/WiFi.srcs/sources_1/bd/WiFi/ipshared/0ba0/hdl/axi_lite_ipif_v3_0_vh_rfs.vhd:1534]
INFO: [Synth 8-256] done synthesizing module 'axi_lite_ipif_v3_0_4_pselect_f__parameterized22' (1#1) [c:/College/Thesis/VivadoProjects/WiFi/WiFi/WiFi.srcs/sources_1/bd/WiFi/ipshared/0ba0/hdl/axi_lite_ipif_v3_0_vh_rfs.vhd:1534]
INFO: [Synth 8-638] synthesizing module 'axi_lite_ipif_v3_0_4_pselect_f__parameterized23' [c:/College/Thesis/VivadoProjects/WiFi/WiFi/WiFi.srcs/sources_1/bd/WiFi/ipshared/0ba0/hdl/axi_lite_ipif_v3_0_vh_rfs.vhd:1534]
INFO: [Synth 8-256] done synthesizing module 'axi_lite_ipif_v3_0_4_pselect_f__parameterized23' (1#1) [c:/College/Thesis/VivadoProjects/WiFi/WiFi/WiFi.srcs/sources_1/bd/WiFi/ipshared/0ba0/hdl/axi_lite_ipif_v3_0_vh_rfs.vhd:1534]
INFO: [Synth 8-638] synthesizing module 'axi_lite_ipif_v3_0_4_pselect_f__parameterized24' [c:/College/Thesis/VivadoProjects/WiFi/WiFi/WiFi.srcs/sources_1/bd/WiFi/ipshared/0ba0/hdl/axi_lite_ipif_v3_0_vh_rfs.vhd:1534]
INFO: [Synth 8-256] done synthesizing module 'axi_lite_ipif_v3_0_4_pselect_f__parameterized24' (1#1) [c:/College/Thesis/VivadoProjects/WiFi/WiFi/WiFi.srcs/sources_1/bd/WiFi/ipshared/0ba0/hdl/axi_lite_ipif_v3_0_vh_rfs.vhd:1534]
INFO: [Synth 8-638] synthesizing module 'axi_lite_ipif_v3_0_4_pselect_f__parameterized25' [c:/College/Thesis/VivadoProjects/WiFi/WiFi/WiFi.srcs/sources_1/bd/WiFi/ipshared/0ba0/hdl/axi_lite_ipif_v3_0_vh_rfs.vhd:1534]
INFO: [Synth 8-256] done synthesizing module 'axi_lite_ipif_v3_0_4_pselect_f__parameterized25' (1#1) [c:/College/Thesis/VivadoProjects/WiFi/WiFi/WiFi.srcs/sources_1/bd/WiFi/ipshared/0ba0/hdl/axi_lite_ipif_v3_0_vh_rfs.vhd:1534]
INFO: [Synth 8-638] synthesizing module 'axi_lite_ipif_v3_0_4_pselect_f__parameterized26' [c:/College/Thesis/VivadoProjects/WiFi/WiFi/WiFi.srcs/sources_1/bd/WiFi/ipshared/0ba0/hdl/axi_lite_ipif_v3_0_vh_rfs.vhd:1534]
INFO: [Synth 8-256] done synthesizing module 'axi_lite_ipif_v3_0_4_pselect_f__parameterized26' (1#1) [c:/College/Thesis/VivadoProjects/WiFi/WiFi/WiFi.srcs/sources_1/bd/WiFi/ipshared/0ba0/hdl/axi_lite_ipif_v3_0_vh_rfs.vhd:1534]
INFO: [Synth 8-638] synthesizing module 'axi_lite_ipif_v3_0_4_pselect_f__parameterized27' [c:/College/Thesis/VivadoProjects/WiFi/WiFi/WiFi.srcs/sources_1/bd/WiFi/ipshared/0ba0/hdl/axi_lite_ipif_v3_0_vh_rfs.vhd:1534]
INFO: [Synth 8-256] done synthesizing module 'axi_lite_ipif_v3_0_4_pselect_f__parameterized27' (1#1) [c:/College/Thesis/VivadoProjects/WiFi/WiFi/WiFi.srcs/sources_1/bd/WiFi/ipshared/0ba0/hdl/axi_lite_ipif_v3_0_vh_rfs.vhd:1534]
INFO: [Synth 8-638] synthesizing module 'axi_lite_ipif_v3_0_4_pselect_f__parameterized28' [c:/College/Thesis/VivadoProjects/WiFi/WiFi/WiFi.srcs/sources_1/bd/WiFi/ipshared/0ba0/hdl/axi_lite_ipif_v3_0_vh_rfs.vhd:1534]
INFO: [Synth 8-256] done synthesizing module 'axi_lite_ipif_v3_0_4_pselect_f__parameterized28' (1#1) [c:/College/Thesis/VivadoProjects/WiFi/WiFi/WiFi.srcs/sources_1/bd/WiFi/ipshared/0ba0/hdl/axi_lite_ipif_v3_0_vh_rfs.vhd:1534]
INFO: [Synth 8-638] synthesizing module 'axi_lite_ipif_v3_0_4_pselect_f__parameterized29' [c:/College/Thesis/VivadoProjects/WiFi/WiFi/WiFi.srcs/sources_1/bd/WiFi/ipshared/0ba0/hdl/axi_lite_ipif_v3_0_vh_rfs.vhd:1534]
INFO: [Synth 8-256] done synthesizing module 'axi_lite_ipif_v3_0_4_pselect_f__parameterized29' (1#1) [c:/College/Thesis/VivadoProjects/WiFi/WiFi/WiFi.srcs/sources_1/bd/WiFi/ipshared/0ba0/hdl/axi_lite_ipif_v3_0_vh_rfs.vhd:1534]
INFO: [Synth 8-638] synthesizing module 'axi_lite_ipif_v3_0_4_pselect_f__parameterized30' [c:/College/Thesis/VivadoProjects/WiFi/WiFi/WiFi.srcs/sources_1/bd/WiFi/ipshared/0ba0/hdl/axi_lite_ipif_v3_0_vh_rfs.vhd:1534]
INFO: [Synth 8-256] done synthesizing module 'axi_lite_ipif_v3_0_4_pselect_f__parameterized30' (1#1) [c:/College/Thesis/VivadoProjects/WiFi/WiFi/WiFi.srcs/sources_1/bd/WiFi/ipshared/0ba0/hdl/axi_lite_ipif_v3_0_vh_rfs.vhd:1534]
INFO: [Synth 8-638] synthesizing module 'axi_lite_ipif_v3_0_4_pselect_f__parameterized31' [c:/College/Thesis/VivadoProjects/WiFi/WiFi/WiFi.srcs/sources_1/bd/WiFi/ipshared/0ba0/hdl/axi_lite_ipif_v3_0_vh_rfs.vhd:1534]
INFO: [Synth 8-256] done synthesizing module 'axi_lite_ipif_v3_0_4_pselect_f__parameterized31' (1#1) [c:/College/Thesis/VivadoProjects/WiFi/WiFi/WiFi.srcs/sources_1/bd/WiFi/ipshared/0ba0/hdl/axi_lite_ipif_v3_0_vh_rfs.vhd:1534]
INFO: [Synth 8-638] synthesizing module 'axi_lite_ipif_v3_0_4_pselect_f__parameterized32' [c:/College/Thesis/VivadoProjects/WiFi/WiFi/WiFi.srcs/sources_1/bd/WiFi/ipshared/0ba0/hdl/axi_lite_ipif_v3_0_vh_rfs.vhd:1534]
INFO: [Synth 8-256] done synthesizing module 'axi_lite_ipif_v3_0_4_pselect_f__parameterized32' (1#1) [c:/College/Thesis/VivadoProjects/WiFi/WiFi/WiFi.srcs/sources_1/bd/WiFi/ipshared/0ba0/hdl/axi_lite_ipif_v3_0_vh_rfs.vhd:1534]
INFO: [Synth 8-638] synthesizing module 'axi_lite_ipif_v3_0_4_pselect_f__parameterized33' [c:/College/Thesis/VivadoProjects/WiFi/WiFi/WiFi.srcs/sources_1/bd/WiFi/ipshared/0ba0/hdl/axi_lite_ipif_v3_0_vh_rfs.vhd:1534]
INFO: [Synth 8-256] done synthesizing module 'axi_lite_ipif_v3_0_4_pselect_f__parameterized33' (1#1) [c:/College/Thesis/VivadoProjects/WiFi/WiFi/WiFi.srcs/sources_1/bd/WiFi/ipshared/0ba0/hdl/axi_lite_ipif_v3_0_vh_rfs.vhd:1534]
INFO: [Synth 8-256] done synthesizing module 'address_decoder' (2#1) [c:/College/Thesis/VivadoProjects/WiFi/WiFi/WiFi.srcs/sources_1/bd/WiFi/ipshared/0ba0/hdl/axi_lite_ipif_v3_0_vh_rfs.vhd:1775]
INFO: [Synth 8-256] done synthesizing module 'slave_attachment' (3#1) [c:/College/Thesis/VivadoProjects/WiFi/WiFi/WiFi.srcs/sources_1/bd/WiFi/ipshared/0ba0/hdl/axi_lite_ipif_v3_0_vh_rfs.vhd:2341]
INFO: [Synth 8-256] done synthesizing module 'axi_lite_ipif' (4#1) [c:/College/Thesis/VivadoProjects/WiFi/WiFi/WiFi.srcs/sources_1/bd/WiFi/ipshared/0ba0/hdl/axi_lite_ipif_v3_0_vh_rfs.vhd:2948]
INFO: [Synth 8-638] synthesizing module 'qspi_core_interface' [c:/College/Thesis/VivadoProjects/WiFi/WiFi/WiFi.srcs/sources_1/bd/WiFi/ipshared/fd71/hdl/axi_quad_spi_v3_2_rfs.vhd:17818]
INFO: [Synth 8-638] synthesizing module 'reset_sync_module' [c:/College/Thesis/VivadoProjects/WiFi/WiFi/WiFi.srcs/sources_1/bd/WiFi/ipshared/fd71/hdl/axi_quad_spi_v3_2_rfs.vhd:2426]
INFO: [Synth 8-256] done synthesizing module 'reset_sync_module' (5#1) [c:/College/Thesis/VivadoProjects/WiFi/WiFi/WiFi.srcs/sources_1/bd/WiFi/ipshared/fd71/hdl/axi_quad_spi_v3_2_rfs.vhd:2426]
INFO: [Synth 8-638] synthesizing module 'qspi_receive_transmit_reg' [c:/College/Thesis/VivadoProjects/WiFi/WiFi/WiFi.srcs/sources_1/bd/WiFi/ipshared/fd71/hdl/axi_quad_spi_v3_2_rfs.vhd:3329]
INFO: [Synth 8-256] done synthesizing module 'qspi_receive_transmit_reg' (6#1) [c:/College/Thesis/VivadoProjects/WiFi/WiFi/WiFi.srcs/sources_1/bd/WiFi/ipshared/fd71/hdl/axi_quad_spi_v3_2_rfs.vhd:3329]
INFO: [Synth 8-638] synthesizing module 'cross_clk_sync_fifo_0' [c:/College/Thesis/VivadoProjects/WiFi/WiFi/WiFi.srcs/sources_1/bd/WiFi/ipshared/fd71/hdl/axi_quad_spi_v3_2_rfs.vhd:15555]
INFO: [Synth 8-256] done synthesizing module 'cross_clk_sync_fifo_0' (7#1) [c:/College/Thesis/VivadoProjects/WiFi/WiFi/WiFi.srcs/sources_1/bd/WiFi/ipshared/fd71/hdl/axi_quad_spi_v3_2_rfs.vhd:15555]
INFO: [Synth 8-638] synthesizing module 'qspi_mode_0_module' [c:/College/Thesis/VivadoProjects/WiFi/WiFi/WiFi.srcs/sources_1/bd/WiFi/ipshared/fd71/hdl/axi_quad_spi_v3_2_rfs.vhd:7854]
INFO: [Synth 8-638] synthesizing module 'cdc_sync' [c:/College/Thesis/VivadoProjects/WiFi/WiFi/WiFi.srcs/sources_1/bd/WiFi/ipshared/52cb/hdl/lib_cdc_v1_0_rfs.vhd:106]
INFO: [Synth 8-256] done synthesizing module 'cdc_sync' (8#1) [c:/College/Thesis/VivadoProjects/WiFi/WiFi/WiFi.srcs/sources_1/bd/WiFi/ipshared/52cb/hdl/lib_cdc_v1_0_rfs.vhd:106]
INFO: [Synth 8-256] done synthesizing module 'qspi_mode_0_module' (9#1) [c:/College/Thesis/VivadoProjects/WiFi/WiFi/WiFi.srcs/sources_1/bd/WiFi/ipshared/fd71/hdl/axi_quad_spi_v3_2_rfs.vhd:7854]
INFO: [Synth 8-638] synthesizing module 'qspi_cntrl_reg' [c:/College/Thesis/VivadoProjects/WiFi/WiFi/WiFi.srcs/sources_1/bd/WiFi/ipshared/fd71/hdl/axi_quad_spi_v3_2_rfs.vhd:12450]
INFO: [Synth 8-256] done synthesizing module 'qspi_cntrl_reg' (10#1) [c:/College/Thesis/VivadoProjects/WiFi/WiFi/WiFi.srcs/sources_1/bd/WiFi/ipshared/fd71/hdl/axi_quad_spi_v3_2_rfs.vhd:12450]
INFO: [Synth 8-638] synthesizing module 'qspi_status_slave_sel_reg' [c:/College/Thesis/VivadoProjects/WiFi/WiFi/WiFi.srcs/sources_1/bd/WiFi/ipshared/fd71/hdl/axi_quad_spi_v3_2_rfs.vhd:2657]
INFO: [Synth 8-256] done synthesizing module 'qspi_status_slave_sel_reg' (11#1) [c:/College/Thesis/VivadoProjects/WiFi/WiFi/WiFi.srcs/sources_1/bd/WiFi/ipshared/fd71/hdl/axi_quad_spi_v3_2_rfs.vhd:2657]
INFO: [Synth 8-638] synthesizing module 'soft_reset' [c:/College/Thesis/VivadoProjects/WiFi/WiFi/WiFi.srcs/sources_1/bd/WiFi/ipshared/fd71/hdl/axi_quad_spi_v3_2_rfs.vhd:874]
INFO: [Synth 8-256] done synthesizing module 'soft_reset' (12#1) [c:/College/Thesis/VivadoProjects/WiFi/WiFi/WiFi.srcs/sources_1/bd/WiFi/ipshared/fd71/hdl/axi_quad_spi_v3_2_rfs.vhd:874]
INFO: [Synth 8-638] synthesizing module 'interrupt_control' [c:/College/Thesis/VivadoProjects/WiFi/WiFi/WiFi.srcs/sources_1/bd/WiFi/ipshared/e956/hdl/interrupt_control_v3_1_vh_rfs.vhd:259]
INFO: [Synth 8-256] done synthesizing module 'interrupt_control' (13#1) [c:/College/Thesis/VivadoProjects/WiFi/WiFi/WiFi.srcs/sources_1/bd/WiFi/ipshared/e956/hdl/interrupt_control_v3_1_vh_rfs.vhd:259]
INFO: [Synth 8-256] done synthesizing module 'qspi_core_interface' (14#1) [c:/College/Thesis/VivadoProjects/WiFi/WiFi/WiFi.srcs/sources_1/bd/WiFi/ipshared/fd71/hdl/axi_quad_spi_v3_2_rfs.vhd:17818]
INFO: [Synth 8-256] done synthesizing module 'axi_quad_spi_top' (15#1) [c:/College/Thesis/VivadoProjects/WiFi/WiFi/WiFi.srcs/sources_1/bd/WiFi/ipshared/fd71/hdl/axi_quad_spi_v3_2_rfs.vhd:31276]
INFO: [Synth 8-256] done synthesizing module 'axi_quad_spi' (16#1) [c:/College/Thesis/VivadoProjects/WiFi/WiFi/WiFi.srcs/sources_1/bd/WiFi/ipshared/fd71/hdl/axi_quad_spi_v3_2_rfs.vhd:33002]
INFO: [Synth 8-256] done synthesizing module 'WiFi_axi_quad_spi_0_0' (17#1) [c:/College/Thesis/VivadoProjects/WiFi/WiFi/WiFi.srcs/sources_1/bd/WiFi/ip/WiFi_axi_quad_spi_0_0/synth/WiFi_axi_quad_spi_0_0.vhd:97]
Finished RTL Elaboration : Time (s): cpu = 00:00:32 ; elapsed = 00:00:35 . Memory (MB): peak = 480.621 ; gain = 271.355
Finished RTL Optimization Phase 1 : Time (s): cpu = 00:00:32 ; elapsed = 00:00:36 . Memory (MB): peak = 480.621 ; gain = 271.355
INFO: [Device 21-403] Loading part xc7a100tcsg324-1
Constraint Validation Runtime : Time (s): cpu = 00:00:00 ; elapsed = 00:00:00.047 . Memory (MB): peak = 705.098 ; gain = 0.000
Finished Constraint Validation : Time (s): cpu = 00:00:43 ; elapsed = 00:00:47 . Memory (MB): peak = 705.098 ; gain = 495.832
Finished Loading Part and Timing Information : Time (s): cpu = 00:00:43 ; elapsed = 00:00:47 . Memory (MB): peak = 705.098 ; gain = 495.832
Finished applying 'set_property' XDC Constraints : Time (s): cpu = 00:00:43 ; elapsed = 00:00:47 . Memory (MB): peak = 705.098 ; gain = 495.832
Finished RTL Optimization Phase 2 : Time (s): cpu = 00:00:44 ; elapsed = 00:00:49 . Memory (MB): peak = 705.098 ; gain = 495.832
Finished Cross Boundary and Area Optimization : Time (s): cpu = 00:00:46 ; elapsed = 00:00:51 . Memory (MB): peak = 705.098 ; gain = 495.832
Finished Applying XDC Timing Constraints : Time (s): cpu = 00:00:58 ; elapsed = 00:01:03 . Memory (MB): peak = 705.098 ; gain = 495.832
Finished Timing Optimization : Time (s): cpu = 00:00:59 ; elapsed = 00:01:04 . Memory (MB): peak = 705.098 ; gain = 495.832
Finished Technology Mapping : Time (s): cpu = 00:00:59 ; elapsed = 00:01:04 . Memory (MB): peak = 705.098 ; gain = 495.832
Finished IO Insertion : Time (s): cpu = 00:01:00 ; elapsed = 00:01:05 . Memory (MB): peak = 705.098 ; gain = 495.832
Finished Renaming Generated Instances : Time (s): cpu = 00:01:00 ; elapsed = 00:01:05 . Memory (MB): peak = 705.098 ; gain = 495.832
Finished Rebuilding User Hierarchy : Time (s): cpu = 00:01:00 ; elapsed = 00:01:05 . Memory (MB): peak = 705.098 ; gain = 495.832
Finished Renaming Generated Ports : Time (s): cpu = 00:01:00 ; elapsed = 00:01:05 . Memory (MB): peak = 705.098 ; gain = 495.832
Finished Handling Custom Attributes : Time (s): cpu = 00:01:00 ; elapsed = 00:01:05 . Memory (MB): peak = 705.098 ; gain = 495.832
Finished Renaming Generated Nets : Time (s): cpu = 00:01:00 ; elapsed = 00:01:05 . Memory (MB): peak = 705.098 ; gain = 495.832

Report Cell Usage: 
+------+-------+------+
|      |Cell   |Count |
+------+-------+------+
|1     |LUT1   |     3|
|2     |LUT2   |    45|
|3     |LUT3   |    32|
|4     |LUT4   |    29|
|5     |LUT5   |    54|
|6     |LUT6   |    86|
|7     |SRL16E |     1|
|8     |FD     |     8|
|9     |FDR    |    66|
|10    |FDRE   |   258|
|11    |FDSE   |    14|
+------+-------+------+
Finished Writing Synthesis Report : Time (s): cpu = 00:01:00 ; elapsed = 00:01:05 . Memory (MB): peak = 705.098 ; gain = 495.832
synth_design: Time (s): cpu = 00:00:56 ; elapsed = 00:00:59 . Memory (MB): peak = 705.098 ; gain = 437.336
