
*** Running vivado
    with args -log design_1_microblaze_0_0.vds -m64 -product Vivado -mode batch -messageDb vivado.pb -notrace -source design_1_microblaze_0_0.tcl


****** Vivado v2017.1 (64-bit)
  **** SW Build 1846317 on Fri Apr 14 18:55:03 MDT 2017
  **** IP Build 1846188 on Fri Apr 14 20:52:08 MDT 2017
    ** Copyright 1986-2017 Xilinx, Inc. All Rights Reserved.

source design_1_microblaze_0_0.tcl -notrace
Starting RTL Elaboration : Time (s): cpu = 00:00:05 ; elapsed = 00:00:06 . Memory (MB): peak = 357.844 ; gain = 84.094
INFO: [Synth 8-638] synthesizing module 'design_1_microblaze_0_0' [c:/Xilinx/Vivado/PMOD_WIFI_OLD/pmodWifi/pmodWifi.srcs/sources_1/bd/design_1/ip/design_1_microblaze_0_0/synth/design_1_microblaze_0_0.vhd:190]
INFO: [Synth 8-256] done synthesizing module 'design_1_microblaze_0_0' (63#1) [c:/Xilinx/Vivado/PMOD_WIFI_OLD/pmodWifi/pmodWifi.srcs/sources_1/bd/design_1/ip/design_1_microblaze_0_0/synth/design_1_microblaze_0_0.vhd:190]
Finished RTL Elaboration : Time (s): cpu = 00:00:20 ; elapsed = 00:00:21 . Memory (MB): peak = 680.352 ; gain = 406.602
Finished RTL Optimization Phase 1 : Time (s): cpu = 00:00:22 ; elapsed = 00:00:23 . Memory (MB): peak = 680.352 ; gain = 406.602
INFO: [Device 21-403] Loading part xc7a100tcsg324-1
Constraint Validation Runtime : Time (s): cpu = 00:00:00 ; elapsed = 00:00:00.239 . Memory (MB): peak = 940.598 ; gain = 0.000
Finished Constraint Validation : Time (s): cpu = 00:00:47 ; elapsed = 00:00:50 . Memory (MB): peak = 940.598 ; gain = 666.848
Finished Loading Part and Timing Information : Time (s): cpu = 00:00:47 ; elapsed = 00:00:50 . Memory (MB): peak = 940.598 ; gain = 666.848
Finished applying 'set_property' XDC Constraints : Time (s): cpu = 00:00:47 ; elapsed = 00:00:50 . Memory (MB): peak = 940.598 ; gain = 666.848
Finished RTL Optimization Phase 2 : Time (s): cpu = 00:00:53 ; elapsed = 00:00:56 . Memory (MB): peak = 940.598 ; gain = 666.848
Finished Cross Boundary and Area Optimization : Time (s): cpu = 00:01:17 ; elapsed = 00:01:20 . Memory (MB): peak = 940.598 ; gain = 666.848
Finished Applying XDC Timing Constraints : Time (s): cpu = 00:01:28 ; elapsed = 00:01:31 . Memory (MB): peak = 940.598 ; gain = 666.848
Finished Timing Optimization : Time (s): cpu = 00:01:30 ; elapsed = 00:01:33 . Memory (MB): peak = 940.598 ; gain = 666.848
Finished Technology Mapping : Time (s): cpu = 00:01:33 ; elapsed = 00:01:37 . Memory (MB): peak = 940.598 ; gain = 666.848
Finished IO Insertion : Time (s): cpu = 00:01:34 ; elapsed = 00:01:38 . Memory (MB): peak = 940.598 ; gain = 666.848
Finished Renaming Generated Instances : Time (s): cpu = 00:01:34 ; elapsed = 00:01:38 . Memory (MB): peak = 940.598 ; gain = 666.848
Finished Rebuilding User Hierarchy : Time (s): cpu = 00:01:35 ; elapsed = 00:01:38 . Memory (MB): peak = 940.598 ; gain = 666.848
Finished Renaming Generated Ports : Time (s): cpu = 00:01:35 ; elapsed = 00:01:38 . Memory (MB): peak = 940.598 ; gain = 666.848
Finished Handling Custom Attributes : Time (s): cpu = 00:01:35 ; elapsed = 00:01:38 . Memory (MB): peak = 940.598 ; gain = 666.848
Finished Renaming Generated Nets : Time (s): cpu = 00:01:35 ; elapsed = 00:01:38 . Memory (MB): peak = 940.598 ; gain = 666.848

Report Cell Usage: 
+------+-----------+------+
|      |Cell       |Count |
+------+-----------+------+
|1     |AND2B1L    |     4|
|2     |CARRY4     |     1|
|3     |LUT1       |    32|
|4     |LUT2       |   101|
|5     |LUT3       |   328|
|6     |LUT4       |   197|
|7     |LUT5       |   369|
|8     |LUT6       |   496|
|9     |LUT6_2     |    64|
|10    |MULT_AND   |     1|
|11    |MUXCY_L    |   167|
|12    |MUXF7      |   121|
|13    |RAM32M     |    16|
|14    |RAM32X1D   |    32|
|15    |RAMB36E1   |     2|
|16    |RAMB36E1_1 |    16|
|17    |SRL16E     |   162|
|18    |SRLC16E    |     8|
|19    |XORCY      |    94|
|20    |FDCE       |   143|
|21    |FDE        |    32|
|22    |FDR        |   125|
|23    |FDRE       |  1793|
|24    |FDS        |     1|
|25    |FDSE       |    60|
+------+-----------+------+
Finished Writing Synthesis Report : Time (s): cpu = 00:01:35 ; elapsed = 00:01:38 . Memory (MB): peak = 940.598 ; gain = 666.848
synth_design: Time (s): cpu = 00:01:40 ; elapsed = 00:01:43 . Memory (MB): peak = 940.598 ; gain = 668.016
