
*** Running vivado
    with args -log design_1_wrapper.vds -m64 -product Vivado -mode batch -messageDb vivado.pb -notrace -source design_1_wrapper.tcl


****** Vivado v2016.3 (64-bit)
  **** SW Build 1682563 on Mon Oct 10 19:07:27 MDT 2016
  **** IP Build 1681267 on Mon Oct 10 21:28:31 MDT 2016
    ** Copyright 1986-2016 Xilinx, Inc. All Rights Reserved.

source design_1_wrapper.tcl -notrace
INFO: [IP_Flow 19-234] Refreshing IP repositories
INFO: [IP_Flow 19-1700] Loaded user IP repository 'c:/College/Thesis/vivado-library-master'.
INFO: [IP_Flow 19-2313] Loaded Vivado IP repository 'C:/Xilinx/Vivado/2016.3/data/ip'.
add_files: Time (s): cpu = 00:00:06 ; elapsed = 00:00:08 . Memory (MB): peak = 345.738 ; gain = 95.512
Command: synth_design -top design_1_wrapper -part xc7a100tcsg324-1
Starting synth_design
Attempting to get a license for feature 'Synthesis' and/or device 'xc7a100t'
INFO: [Common 17-349] Got license for feature 'Synthesis' and/or device 'xc7a100t'
INFO: Launching helper process for spawning children vivado processes
INFO: Helper process launched with PID 13308 
---------------------------------------------------------------------------------
Starting RTL Elaboration : Time (s): cpu = 00:00:14 ; elapsed = 00:00:19 . Memory (MB): peak = 427.648 ; gain = 217.566
---------------------------------------------------------------------------------
INFO: [Synth 8-638] synthesizing module 'design_1_wrapper' [C:/College/Thesis/VivadoProjects/PMOD_WIFI/PMOD_WIFI.srcs/sources_1/bd/design_1/hdl/design_1_wrapper.v:12]
INFO: [Synth 8-638] synthesizing module 'IOBUF' [C:/Xilinx/Vivado/2016.3/scripts/rt/data/unisim_comp.v:17333]
	Parameter DRIVE bound to: 12 - type: integer 
	Parameter IBUF_LOW_PWR bound to: TRUE - type: string 
	Parameter IOSTANDARD bound to: DEFAULT - type: string 
	Parameter SLEW bound to: SLOW - type: string 
INFO: [Synth 8-256] done synthesizing module 'IOBUF' (1#1) [C:/Xilinx/Vivado/2016.3/scripts/rt/data/unisim_comp.v:17333]
INFO: [Synth 8-638] synthesizing module 'design_1' [C:/College/Thesis/VivadoProjects/PMOD_WIFI/PMOD_WIFI.srcs/sources_1/bd/design_1/hdl/design_1.v:13]
INFO: [Synth 8-638] synthesizing module 'design_1_PmodWIFI_0_0' [C:/College/Thesis/VivadoProjects/PMOD_WIFI/PMOD_WIFI.runs/synth_1/.Xil/Vivado-9952-LAPTOP-L1N8U9P6/realtime/design_1_PmodWIFI_0_0_stub.v:6]
INFO: [Synth 8-256] done synthesizing module 'design_1_PmodWIFI_0_0' (2#1) [C:/College/Thesis/VivadoProjects/PMOD_WIFI/PMOD_WIFI.runs/synth_1/.Xil/Vivado-9952-LAPTOP-L1N8U9P6/realtime/design_1_PmodWIFI_0_0_stub.v:6]
INFO: [Synth 8-638] synthesizing module 'design_1_axi_emc_0_0' [C:/College/Thesis/VivadoProjects/PMOD_WIFI/PMOD_WIFI.runs/synth_1/.Xil/Vivado-9952-LAPTOP-L1N8U9P6/realtime/design_1_axi_emc_0_0_stub.v:6]
INFO: [Synth 8-256] done synthesizing module 'design_1_axi_emc_0_0' (3#1) [C:/College/Thesis/VivadoProjects/PMOD_WIFI/PMOD_WIFI.runs/synth_1/.Xil/Vivado-9952-LAPTOP-L1N8U9P6/realtime/design_1_axi_emc_0_0_stub.v:6]
WARNING: [Synth 8-689] width (23) of port connection 'mem_a' does not match port width (32) of module 'design_1_axi_emc_0_0' [C:/College/Thesis/VivadoProjects/PMOD_WIFI/PMOD_WIFI.srcs/sources_1/bd/design_1/hdl/design_1.v:686]
WARNING: [Synth 8-350] instance 'axi_emc_0' of module 'design_1_axi_emc_0_0' requires 55 connections, but only 49 given [C:/College/Thesis/VivadoProjects/PMOD_WIFI/PMOD_WIFI.srcs/sources_1/bd/design_1/hdl/design_1.v:685]
INFO: [Synth 8-638] synthesizing module 'design_1_axi_ethernetlite_0_0' [C:/College/Thesis/VivadoProjects/PMOD_WIFI/PMOD_WIFI.runs/synth_1/.Xil/Vivado-9952-LAPTOP-L1N8U9P6/realtime/design_1_axi_ethernetlite_0_0_stub.v:6]
INFO: [Synth 8-256] done synthesizing module 'design_1_axi_ethernetlite_0_0' (4#1) [C:/College/Thesis/VivadoProjects/PMOD_WIFI/PMOD_WIFI.runs/synth_1/.Xil/Vivado-9952-LAPTOP-L1N8U9P6/realtime/design_1_axi_ethernetlite_0_0_stub.v:6]
WARNING: [Synth 8-350] instance 'axi_ethernetlite_0' of module 'design_1_axi_ethernetlite_0_0' requires 34 connections, but only 33 given [C:/College/Thesis/VivadoProjects/PMOD_WIFI/PMOD_WIFI.srcs/sources_1/bd/design_1/hdl/design_1.v:735]
INFO: [Synth 8-638] synthesizing module 'design_1_axi_gpio_0_0' [C:/College/Thesis/VivadoProjects/PMOD_WIFI/PMOD_WIFI.runs/synth_1/.Xil/Vivado-9952-LAPTOP-L1N8U9P6/realtime/design_1_axi_gpio_0_0_stub.v:6]
INFO: [Synth 8-256] done synthesizing module 'design_1_axi_gpio_0_0' (5#1) [C:/College/Thesis/VivadoProjects/PMOD_WIFI/PMOD_WIFI.runs/synth_1/.Xil/Vivado-9952-LAPTOP-L1N8U9P6/realtime/design_1_axi_gpio_0_0_stub.v:6]
INFO: [Synth 8-638] synthesizing module 'design_1_axi_gpio_1_0' [C:/College/Thesis/VivadoProjects/PMOD_WIFI/PMOD_WIFI.runs/synth_1/.Xil/Vivado-9952-LAPTOP-L1N8U9P6/realtime/design_1_axi_gpio_1_0_stub.v:6]
INFO: [Synth 8-256] done synthesizing module 'design_1_axi_gpio_1_0' (6#1) [C:/College/Thesis/VivadoProjects/PMOD_WIFI/PMOD_WIFI.runs/synth_1/.Xil/Vivado-9952-LAPTOP-L1N8U9P6/realtime/design_1_axi_gpio_1_0_stub.v:6]
INFO: [Synth 8-638] synthesizing module 'design_1_axi_mem_intercon_0' [C:/College/Thesis/VivadoProjects/PMOD_WIFI/PMOD_WIFI.srcs/sources_1/bd/design_1/hdl/design_1.v:1423]
INFO: [Synth 8-638] synthesizing module 'm00_couplers_imp_1R706YB' [C:/College/Thesis/VivadoProjects/PMOD_WIFI/PMOD_WIFI.srcs/sources_1/bd/design_1/hdl/design_1.v:3831]
INFO: [Synth 8-256] done synthesizing module 'm00_couplers_imp_1R706YB' (7#1) [C:/College/Thesis/VivadoProjects/PMOD_WIFI/PMOD_WIFI.srcs/sources_1/bd/design_1/hdl/design_1.v:3831]
INFO: [Synth 8-638] synthesizing module 's00_couplers_imp_7HNO1D' [C:/College/Thesis/VivadoProjects/PMOD_WIFI/PMOD_WIFI.srcs/sources_1/bd/design_1/hdl/design_1.v:5789]
INFO: [Synth 8-256] done synthesizing module 's00_couplers_imp_7HNO1D' (8#1) [C:/College/Thesis/VivadoProjects/PMOD_WIFI/PMOD_WIFI.srcs/sources_1/bd/design_1/hdl/design_1.v:5789]
INFO: [Synth 8-638] synthesizing module 's01_couplers_imp_1W60HW0' [C:/College/Thesis/VivadoProjects/PMOD_WIFI/PMOD_WIFI.srcs/sources_1/bd/design_1/hdl/design_1.v:6061]
INFO: [Synth 8-256] done synthesizing module 's01_couplers_imp_1W60HW0' (9#1) [C:/College/Thesis/VivadoProjects/PMOD_WIFI/PMOD_WIFI.srcs/sources_1/bd/design_1/hdl/design_1.v:6061]
INFO: [Synth 8-638] synthesizing module 'design_1_xbar_0' [C:/College/Thesis/VivadoProjects/PMOD_WIFI/PMOD_WIFI.runs/synth_1/.Xil/Vivado-9952-LAPTOP-L1N8U9P6/realtime/design_1_xbar_0_stub.v:6]
INFO: [Synth 8-256] done synthesizing module 'design_1_xbar_0' (10#1) [C:/College/Thesis/VivadoProjects/PMOD_WIFI/PMOD_WIFI.runs/synth_1/.Xil/Vivado-9952-LAPTOP-L1N8U9P6/realtime/design_1_xbar_0_stub.v:6]
WARNING: [Synth 8-350] instance 'xbar' of module 'design_1_xbar_0' requires 78 connections, but only 74 given [C:/College/Thesis/VivadoProjects/PMOD_WIFI/PMOD_WIFI.srcs/sources_1/bd/design_1/hdl/design_1.v:2236]
INFO: [Synth 8-256] done synthesizing module 'design_1_axi_mem_intercon_0' (11#1) [C:/College/Thesis/VivadoProjects/PMOD_WIFI/PMOD_WIFI.srcs/sources_1/bd/design_1/hdl/design_1.v:1423]
INFO: [Synth 8-638] synthesizing module 'design_1_axi_timer_0_0' [C:/College/Thesis/VivadoProjects/PMOD_WIFI/PMOD_WIFI.runs/synth_1/.Xil/Vivado-9952-LAPTOP-L1N8U9P6/realtime/design_1_axi_timer_0_0_stub.v:6]
INFO: [Synth 8-256] done synthesizing module 'design_1_axi_timer_0_0' (12#1) [C:/College/Thesis/VivadoProjects/PMOD_WIFI/PMOD_WIFI.runs/synth_1/.Xil/Vivado-9952-LAPTOP-L1N8U9P6/realtime/design_1_axi_timer_0_0_stub.v:6]
WARNING: [Synth 8-350] instance 'axi_timer_0' of module 'design_1_axi_timer_0_0' requires 26 connections, but only 23 given [C:/College/Thesis/VivadoProjects/PMOD_WIFI/PMOD_WIFI.srcs/sources_1/bd/design_1/hdl/design_1.v:934]
INFO: [Synth 8-638] synthesizing module 'design_1_axi_uartlite_0_0' [C:/College/Thesis/VivadoProjects/PMOD_WIFI/PMOD_WIFI.runs/synth_1/.Xil/Vivado-9952-LAPTOP-L1N8U9P6/realtime/design_1_axi_uartlite_0_0_stub.v:6]
INFO: [Synth 8-256] done synthesizing module 'design_1_axi_uartlite_0_0' (13#1) [C:/College/Thesis/VivadoProjects/PMOD_WIFI/PMOD_WIFI.runs/synth_1/.Xil/Vivado-9952-LAPTOP-L1N8U9P6/realtime/design_1_axi_uartlite_0_0_stub.v:6]
WARNING: [Synth 8-350] instance 'axi_uartlite_0' of module 'design_1_axi_uartlite_0_0' requires 22 connections, but only 21 given [C:/College/Thesis/VivadoProjects/PMOD_WIFI/PMOD_WIFI.srcs/sources_1/bd/design_1/hdl/design_1.v:958]
INFO: [Synth 8-638] synthesizing module 'design_1_clk_wiz_0_0' [C:/College/Thesis/VivadoProjects/PMOD_WIFI/PMOD_WIFI.runs/synth_1/.Xil/Vivado-9952-LAPTOP-L1N8U9P6/realtime/design_1_clk_wiz_0_0_stub.v:5]
INFO: [Synth 8-256] done synthesizing module 'design_1_clk_wiz_0_0' (14#1) [C:/College/Thesis/VivadoProjects/PMOD_WIFI/PMOD_WIFI.runs/synth_1/.Xil/Vivado-9952-LAPTOP-L1N8U9P6/realtime/design_1_clk_wiz_0_0_stub.v:5]
INFO: [Synth 8-638] synthesizing module 'design_1_mdm_1_0' [C:/College/Thesis/VivadoProjects/PMOD_WIFI/PMOD_WIFI.runs/synth_1/.Xil/Vivado-9952-LAPTOP-L1N8U9P6/realtime/design_1_mdm_1_0_stub.v:6]
INFO: [Synth 8-256] done synthesizing module 'design_1_mdm_1_0' (15#1) [C:/College/Thesis/VivadoProjects/PMOD_WIFI/PMOD_WIFI.runs/synth_1/.Xil/Vivado-9952-LAPTOP-L1N8U9P6/realtime/design_1_mdm_1_0_stub.v:6]
INFO: [Synth 8-638] synthesizing module 'design_1_microblaze_0_0' [C:/College/Thesis/VivadoProjects/PMOD_WIFI/PMOD_WIFI.runs/synth_1/.Xil/Vivado-9952-LAPTOP-L1N8U9P6/realtime/design_1_microblaze_0_0_stub.v:6]
INFO: [Synth 8-256] done synthesizing module 'design_1_microblaze_0_0' (16#1) [C:/College/Thesis/VivadoProjects/PMOD_WIFI/PMOD_WIFI.runs/synth_1/.Xil/Vivado-9952-LAPTOP-L1N8U9P6/realtime/design_1_microblaze_0_0_stub.v:6]
INFO: [Synth 8-638] synthesizing module 'design_1_microblaze_0_axi_intc_0' [C:/College/Thesis/VivadoProjects/PMOD_WIFI/PMOD_WIFI.runs/synth_1/.Xil/Vivado-9952-LAPTOP-L1N8U9P6/realtime/design_1_microblaze_0_axi_intc_0_stub.v:6]
INFO: [Synth 8-256] done synthesizing module 'design_1_microblaze_0_axi_intc_0' (17#1) [C:/College/Thesis/VivadoProjects/PMOD_WIFI/PMOD_WIFI.runs/synth_1/.Xil/Vivado-9952-LAPTOP-L1N8U9P6/realtime/design_1_microblaze_0_axi_intc_0_stub.v:6]
INFO: [Synth 8-638] synthesizing module 'design_1_microblaze_0_axi_periph_0' [C:/College/Thesis/VivadoProjects/PMOD_WIFI/PMOD_WIFI.srcs/sources_1/bd/design_1/hdl/design_1.v:2313]
INFO: [Synth 8-638] synthesizing module 'm00_couplers_imp_8RVYHO' [C:/College/Thesis/VivadoProjects/PMOD_WIFI/PMOD_WIFI.srcs/sources_1/bd/design_1/hdl/design_1.v:4089]
INFO: [Synth 8-256] done synthesizing module 'm00_couplers_imp_8RVYHO' (18#1) [C:/College/Thesis/VivadoProjects/PMOD_WIFI/PMOD_WIFI.srcs/sources_1/bd/design_1/hdl/design_1.v:4089]
INFO: [Synth 8-638] synthesizing module 'm01_couplers_imp_1UTB3Y5' [C:/College/Thesis/VivadoProjects/PMOD_WIFI/PMOD_WIFI.srcs/sources_1/bd/design_1/hdl/design_1.v:4221]
INFO: [Synth 8-256] done synthesizing module 'm01_couplers_imp_1UTB3Y5' (19#1) [C:/College/Thesis/VivadoProjects/PMOD_WIFI/PMOD_WIFI.srcs/sources_1/bd/design_1/hdl/design_1.v:4221]
INFO: [Synth 8-638] synthesizing module 'm02_couplers_imp_7ANRHB' [C:/College/Thesis/VivadoProjects/PMOD_WIFI/PMOD_WIFI.srcs/sources_1/bd/design_1/hdl/design_1.v:4353]
INFO: [Synth 8-256] done synthesizing module 'm02_couplers_imp_7ANRHB' (20#1) [C:/College/Thesis/VivadoProjects/PMOD_WIFI/PMOD_WIFI.srcs/sources_1/bd/design_1/hdl/design_1.v:4353]
INFO: [Synth 8-638] synthesizing module 'm03_couplers_imp_1W07O72' [C:/College/Thesis/VivadoProjects/PMOD_WIFI/PMOD_WIFI.srcs/sources_1/bd/design_1/hdl/design_1.v:4485]
INFO: [Synth 8-256] done synthesizing module 'm03_couplers_imp_1W07O72' (21#1) [C:/College/Thesis/VivadoProjects/PMOD_WIFI/PMOD_WIFI.srcs/sources_1/bd/design_1/hdl/design_1.v:4485]
INFO: [Synth 8-638] synthesizing module 'm04_couplers_imp_5LX7BU' [C:/College/Thesis/VivadoProjects/PMOD_WIFI/PMOD_WIFI.srcs/sources_1/bd/design_1/hdl/design_1.v:4617]
INFO: [Synth 8-256] done synthesizing module 'm04_couplers_imp_5LX7BU' (22#1) [C:/College/Thesis/VivadoProjects/PMOD_WIFI/PMOD_WIFI.srcs/sources_1/bd/design_1/hdl/design_1.v:4617]
INFO: [Synth 8-638] synthesizing module 'm05_couplers_imp_1XR4ZAZ' [C:/College/Thesis/VivadoProjects/PMOD_WIFI/PMOD_WIFI.srcs/sources_1/bd/design_1/hdl/design_1.v:4749]
INFO: [Synth 8-256] done synthesizing module 'm05_couplers_imp_1XR4ZAZ' (23#1) [C:/College/Thesis/VivadoProjects/PMOD_WIFI/PMOD_WIFI.srcs/sources_1/bd/design_1/hdl/design_1.v:4749]
INFO: [Synth 8-638] synthesizing module 'm06_couplers_imp_4YOIXL' [C:/College/Thesis/VivadoProjects/PMOD_WIFI/PMOD_WIFI.srcs/sources_1/bd/design_1/hdl/design_1.v:4881]
INFO: [Synth 8-256] done synthesizing module 'm06_couplers_imp_4YOIXL' (24#1) [C:/College/Thesis/VivadoProjects/PMOD_WIFI/PMOD_WIFI.srcs/sources_1/bd/design_1/hdl/design_1.v:4881]
INFO: [Synth 8-638] synthesizing module 'm07_couplers_imp_1YO2N20' [C:/College/Thesis/VivadoProjects/PMOD_WIFI/PMOD_WIFI.srcs/sources_1/bd/design_1/hdl/design_1.v:5013]
INFO: [Synth 8-256] done synthesizing module 'm07_couplers_imp_1YO2N20' (25#1) [C:/College/Thesis/VivadoProjects/PMOD_WIFI/PMOD_WIFI.srcs/sources_1/bd/design_1/hdl/design_1.v:5013]
INFO: [Synth 8-638] synthesizing module 'm08_couplers_imp_2FYR80' [C:/College/Thesis/VivadoProjects/PMOD_WIFI/PMOD_WIFI.srcs/sources_1/bd/design_1/hdl/design_1.v:5145]
INFO: [Synth 8-256] done synthesizing module 'm08_couplers_imp_2FYR80' (26#1) [C:/College/Thesis/VivadoProjects/PMOD_WIFI/PMOD_WIFI.srcs/sources_1/bd/design_1/hdl/design_1.v:5145]
INFO: [Synth 8-638] synthesizing module 'm09_couplers_imp_1S9IENL' [C:/College/Thesis/VivadoProjects/PMOD_WIFI/PMOD_WIFI.srcs/sources_1/bd/design_1/hdl/design_1.v:5277]
INFO: [Synth 8-256] done synthesizing module 'm09_couplers_imp_1S9IENL' (27#1) [C:/College/Thesis/VivadoProjects/PMOD_WIFI/PMOD_WIFI.srcs/sources_1/bd/design_1/hdl/design_1.v:5277]
INFO: [Synth 8-638] synthesizing module 's00_couplers_imp_1RZP34U' [C:/College/Thesis/VivadoProjects/PMOD_WIFI/PMOD_WIFI.srcs/sources_1/bd/design_1/hdl/design_1.v:5643]
INFO: [Synth 8-256] done synthesizing module 's00_couplers_imp_1RZP34U' (28#1) [C:/College/Thesis/VivadoProjects/PMOD_WIFI/PMOD_WIFI.srcs/sources_1/bd/design_1/hdl/design_1.v:5643]
INFO: [Synth 8-638] synthesizing module 'design_1_xbar_1' [C:/College/Thesis/VivadoProjects/PMOD_WIFI/PMOD_WIFI.runs/synth_1/.Xil/Vivado-9952-LAPTOP-L1N8U9P6/realtime/design_1_xbar_1_stub.v:6]
INFO: [Synth 8-256] done synthesizing module 'design_1_xbar_1' (29#1) [C:/College/Thesis/VivadoProjects/PMOD_WIFI/PMOD_WIFI.runs/synth_1/.Xil/Vivado-9952-LAPTOP-L1N8U9P6/realtime/design_1_xbar_1_stub.v:6]
WARNING: [Synth 8-350] instance 'xbar' of module 'design_1_xbar_1' requires 40 connections, but only 38 given [C:/College/Thesis/VivadoProjects/PMOD_WIFI/PMOD_WIFI.srcs/sources_1/bd/design_1/hdl/design_1.v:3790]
INFO: [Synth 8-256] done synthesizing module 'design_1_microblaze_0_axi_periph_0' (30#1) [C:/College/Thesis/VivadoProjects/PMOD_WIFI/PMOD_WIFI.srcs/sources_1/bd/design_1/hdl/design_1.v:2313]
INFO: [Synth 8-638] synthesizing module 'microblaze_0_local_memory_imp_1K0VQXK' [C:/College/Thesis/VivadoProjects/PMOD_WIFI/PMOD_WIFI.srcs/sources_1/bd/design_1/hdl/design_1.v:5409]
INFO: [Synth 8-638] synthesizing module 'design_1_dlmb_bram_if_cntlr_0' [C:/College/Thesis/VivadoProjects/PMOD_WIFI/PMOD_WIFI.runs/synth_1/.Xil/Vivado-9952-LAPTOP-L1N8U9P6/realtime/design_1_dlmb_bram_if_cntlr_0_stub.v:6]
INFO: [Synth 8-256] done synthesizing module 'design_1_dlmb_bram_if_cntlr_0' (31#1) [C:/College/Thesis/VivadoProjects/PMOD_WIFI/PMOD_WIFI.runs/synth_1/.Xil/Vivado-9952-LAPTOP-L1N8U9P6/realtime/design_1_dlmb_bram_if_cntlr_0_stub.v:6]
INFO: [Synth 8-638] synthesizing module 'design_1_dlmb_v10_0' [C:/College/Thesis/VivadoProjects/PMOD_WIFI/PMOD_WIFI.runs/synth_1/.Xil/Vivado-9952-LAPTOP-L1N8U9P6/realtime/design_1_dlmb_v10_0_stub.v:6]
INFO: [Synth 8-256] done synthesizing module 'design_1_dlmb_v10_0' (32#1) [C:/College/Thesis/VivadoProjects/PMOD_WIFI/PMOD_WIFI.runs/synth_1/.Xil/Vivado-9952-LAPTOP-L1N8U9P6/realtime/design_1_dlmb_v10_0_stub.v:6]
WARNING: [Synth 8-350] instance 'dlmb_v10' of module 'design_1_dlmb_v10_0' requires 25 connections, but only 24 given [C:/College/Thesis/VivadoProjects/PMOD_WIFI/PMOD_WIFI.srcs/sources_1/bd/design_1/hdl/design_1.v:5555]
INFO: [Synth 8-638] synthesizing module 'design_1_ilmb_bram_if_cntlr_0' [C:/College/Thesis/VivadoProjects/PMOD_WIFI/PMOD_WIFI.runs/synth_1/.Xil/Vivado-9952-LAPTOP-L1N8U9P6/realtime/design_1_ilmb_bram_if_cntlr_0_stub.v:6]
INFO: [Synth 8-256] done synthesizing module 'design_1_ilmb_bram_if_cntlr_0' (33#1) [C:/College/Thesis/VivadoProjects/PMOD_WIFI/PMOD_WIFI.runs/synth_1/.Xil/Vivado-9952-LAPTOP-L1N8U9P6/realtime/design_1_ilmb_bram_if_cntlr_0_stub.v:6]
INFO: [Synth 8-638] synthesizing module 'design_1_ilmb_v10_0' [C:/College/Thesis/VivadoProjects/PMOD_WIFI/PMOD_WIFI.runs/synth_1/.Xil/Vivado-9952-LAPTOP-L1N8U9P6/realtime/design_1_ilmb_v10_0_stub.v:6]
INFO: [Synth 8-256] done synthesizing module 'design_1_ilmb_v10_0' (34#1) [C:/College/Thesis/VivadoProjects/PMOD_WIFI/PMOD_WIFI.runs/synth_1/.Xil/Vivado-9952-LAPTOP-L1N8U9P6/realtime/design_1_ilmb_v10_0_stub.v:6]
WARNING: [Synth 8-350] instance 'ilmb_v10' of module 'design_1_ilmb_v10_0' requires 25 connections, but only 24 given [C:/College/Thesis/VivadoProjects/PMOD_WIFI/PMOD_WIFI.srcs/sources_1/bd/design_1/hdl/design_1.v:5601]
INFO: [Synth 8-638] synthesizing module 'design_1_lmb_bram_0' [C:/College/Thesis/VivadoProjects/PMOD_WIFI/PMOD_WIFI.runs/synth_1/.Xil/Vivado-9952-LAPTOP-L1N8U9P6/realtime/design_1_lmb_bram_0_stub.v:6]
INFO: [Synth 8-256] done synthesizing module 'design_1_lmb_bram_0' (35#1) [C:/College/Thesis/VivadoProjects/PMOD_WIFI/PMOD_WIFI.runs/synth_1/.Xil/Vivado-9952-LAPTOP-L1N8U9P6/realtime/design_1_lmb_bram_0_stub.v:6]
INFO: [Synth 8-256] done synthesizing module 'microblaze_0_local_memory_imp_1K0VQXK' (36#1) [C:/College/Thesis/VivadoProjects/PMOD_WIFI/PMOD_WIFI.srcs/sources_1/bd/design_1/hdl/design_1.v:5409]
INFO: [Synth 8-638] synthesizing module 'design_1_microblaze_0_xlconcat_0' [C:/College/Thesis/VivadoProjects/PMOD_WIFI/PMOD_WIFI.runs/synth_1/.Xil/Vivado-9952-LAPTOP-L1N8U9P6/realtime/design_1_microblaze_0_xlconcat_0_stub.v:6]
INFO: [Synth 8-256] done synthesizing module 'design_1_microblaze_0_xlconcat_0' (37#1) [C:/College/Thesis/VivadoProjects/PMOD_WIFI/PMOD_WIFI.runs/synth_1/.Xil/Vivado-9952-LAPTOP-L1N8U9P6/realtime/design_1_microblaze_0_xlconcat_0_stub.v:6]
INFO: [Synth 8-638] synthesizing module 'design_1_mii_to_rmii_0_0' [C:/College/Thesis/VivadoProjects/PMOD_WIFI/PMOD_WIFI.runs/synth_1/.Xil/Vivado-9952-LAPTOP-L1N8U9P6/realtime/design_1_mii_to_rmii_0_0_stub.v:6]
INFO: [Synth 8-256] done synthesizing module 'design_1_mii_to_rmii_0_0' (38#1) [C:/College/Thesis/VivadoProjects/PMOD_WIFI/PMOD_WIFI.runs/synth_1/.Xil/Vivado-9952-LAPTOP-L1N8U9P6/realtime/design_1_mii_to_rmii_0_0_stub.v:6]
INFO: [Synth 8-638] synthesizing module 'design_1_rst_clk_wiz_0_100M_0' [C:/College/Thesis/VivadoProjects/PMOD_WIFI/PMOD_WIFI.runs/synth_1/.Xil/Vivado-9952-LAPTOP-L1N8U9P6/realtime/design_1_rst_clk_wiz_0_100M_0_stub.v:6]
INFO: [Synth 8-256] done synthesizing module 'design_1_rst_clk_wiz_0_100M_0' (39#1) [C:/College/Thesis/VivadoProjects/PMOD_WIFI/PMOD_WIFI.runs/synth_1/.Xil/Vivado-9952-LAPTOP-L1N8U9P6/realtime/design_1_rst_clk_wiz_0_100M_0_stub.v:6]
WARNING: [Synth 8-350] instance 'rst_clk_wiz_0_100M' of module 'design_1_rst_clk_wiz_0_100M_0' requires 10 connections, but only 9 given [C:/College/Thesis/VivadoProjects/PMOD_WIFI/PMOD_WIFI.srcs/sources_1/bd/design_1/hdl/design_1.v:1411]
INFO: [Synth 8-256] done synthesizing module 'design_1' (40#1) [C:/College/Thesis/VivadoProjects/PMOD_WIFI/PMOD_WIFI.srcs/sources_1/bd/design_1/hdl/design_1.v:13]
INFO: [Synth 8-256] done synthesizing module 'design_1_wrapper' (41#1) [C:/College/Thesis/VivadoProjects/PMOD_WIFI/PMOD_WIFI.srcs/sources_1/bd/design_1/hdl/design_1_wrapper.v:12]
WARNING: [Synth 8-3331] design s00_couplers_imp_1RZP34U has unconnected port M_ACLK
WARNING: [Synth 8-3331] design s00_couplers_imp_1RZP34U has unconnected port M_ARESETN
WARNING: [Synth 8-3331] design s00_couplers_imp_1RZP34U has unconnected port S_ACLK
WARNING: [Synth 8-3331] design s00_couplers_imp_1RZP34U has unconnected port S_ARESETN
WARNING: [Synth 8-3331] design m09_couplers_imp_1S9IENL has unconnected port M_ACLK
WARNING: [Synth 8-3331] design m09_couplers_imp_1S9IENL has unconnected port M_ARESETN
WARNING: [Synth 8-3331] design m09_couplers_imp_1S9IENL has unconnected port S_ACLK
WARNING: [Synth 8-3331] design m09_couplers_imp_1S9IENL has unconnected port S_ARESETN
WARNING: [Synth 8-3331] design m08_couplers_imp_2FYR80 has unconnected port M_ACLK
WARNING: [Synth 8-3331] design m08_couplers_imp_2FYR80 has unconnected port M_ARESETN
WARNING: [Synth 8-3331] design m08_couplers_imp_2FYR80 has unconnected port S_ACLK
WARNING: [Synth 8-3331] design m08_couplers_imp_2FYR80 has unconnected port S_ARESETN
WARNING: [Synth 8-3331] design m07_couplers_imp_1YO2N20 has unconnected port M_ACLK
WARNING: [Synth 8-3331] design m07_couplers_imp_1YO2N20 has unconnected port M_ARESETN
WARNING: [Synth 8-3331] design m07_couplers_imp_1YO2N20 has unconnected port S_ACLK
WARNING: [Synth 8-3331] design m07_couplers_imp_1YO2N20 has unconnected port S_ARESETN
WARNING: [Synth 8-3331] design m06_couplers_imp_4YOIXL has unconnected port M_ACLK
WARNING: [Synth 8-3331] design m06_couplers_imp_4YOIXL has unconnected port M_ARESETN
WARNING: [Synth 8-3331] design m06_couplers_imp_4YOIXL has unconnected port S_ACLK
WARNING: [Synth 8-3331] design m06_couplers_imp_4YOIXL has unconnected port S_ARESETN
WARNING: [Synth 8-3331] design m05_couplers_imp_1XR4ZAZ has unconnected port M_ACLK
WARNING: [Synth 8-3331] design m05_couplers_imp_1XR4ZAZ has unconnected port M_ARESETN
WARNING: [Synth 8-3331] design m05_couplers_imp_1XR4ZAZ has unconnected port S_ACLK
WARNING: [Synth 8-3331] design m05_couplers_imp_1XR4ZAZ has unconnected port S_ARESETN
WARNING: [Synth 8-3331] design m04_couplers_imp_5LX7BU has unconnected port M_ACLK
WARNING: [Synth 8-3331] design m04_couplers_imp_5LX7BU has unconnected port M_ARESETN
WARNING: [Synth 8-3331] design m04_couplers_imp_5LX7BU has unconnected port S_ACLK
WARNING: [Synth 8-3331] design m04_couplers_imp_5LX7BU has unconnected port S_ARESETN
WARNING: [Synth 8-3331] design m03_couplers_imp_1W07O72 has unconnected port M_ACLK
WARNING: [Synth 8-3331] design m03_couplers_imp_1W07O72 has unconnected port M_ARESETN
WARNING: [Synth 8-3331] design m03_couplers_imp_1W07O72 has unconnected port S_ACLK
WARNING: [Synth 8-3331] design m03_couplers_imp_1W07O72 has unconnected port S_ARESETN
WARNING: [Synth 8-3331] design m02_couplers_imp_7ANRHB has unconnected port M_ACLK
WARNING: [Synth 8-3331] design m02_couplers_imp_7ANRHB has unconnected port M_ARESETN
WARNING: [Synth 8-3331] design m02_couplers_imp_7ANRHB has unconnected port S_ACLK
WARNING: [Synth 8-3331] design m02_couplers_imp_7ANRHB has unconnected port S_ARESETN
WARNING: [Synth 8-3331] design m01_couplers_imp_1UTB3Y5 has unconnected port M_ACLK
WARNING: [Synth 8-3331] design m01_couplers_imp_1UTB3Y5 has unconnected port M_ARESETN
WARNING: [Synth 8-3331] design m01_couplers_imp_1UTB3Y5 has unconnected port S_ACLK
WARNING: [Synth 8-3331] design m01_couplers_imp_1UTB3Y5 has unconnected port S_ARESETN
WARNING: [Synth 8-3331] design m00_couplers_imp_8RVYHO has unconnected port M_ACLK
WARNING: [Synth 8-3331] design m00_couplers_imp_8RVYHO has unconnected port M_ARESETN
WARNING: [Synth 8-3331] design m00_couplers_imp_8RVYHO has unconnected port S_ACLK
WARNING: [Synth 8-3331] design m00_couplers_imp_8RVYHO has unconnected port S_ARESETN
WARNING: [Synth 8-3331] design s01_couplers_imp_1W60HW0 has unconnected port M_ACLK
WARNING: [Synth 8-3331] design s01_couplers_imp_1W60HW0 has unconnected port M_ARESETN
WARNING: [Synth 8-3331] design s01_couplers_imp_1W60HW0 has unconnected port S_ACLK
WARNING: [Synth 8-3331] design s01_couplers_imp_1W60HW0 has unconnected port S_ARESETN
WARNING: [Synth 8-3331] design s00_couplers_imp_7HNO1D has unconnected port M_ACLK
WARNING: [Synth 8-3331] design s00_couplers_imp_7HNO1D has unconnected port M_ARESETN
WARNING: [Synth 8-3331] design s00_couplers_imp_7HNO1D has unconnected port S_ACLK
WARNING: [Synth 8-3331] design s00_couplers_imp_7HNO1D has unconnected port S_ARESETN
WARNING: [Synth 8-3331] design m00_couplers_imp_1R706YB has unconnected port M_ACLK
WARNING: [Synth 8-3331] design m00_couplers_imp_1R706YB has unconnected port M_ARESETN
WARNING: [Synth 8-3331] design m00_couplers_imp_1R706YB has unconnected port S_ACLK
WARNING: [Synth 8-3331] design m00_couplers_imp_1R706YB has unconnected port S_ARESETN
---------------------------------------------------------------------------------
Finished RTL Elaboration : Time (s): cpu = 00:00:16 ; elapsed = 00:00:20 . Memory (MB): peak = 465.031 ; gain = 254.949
---------------------------------------------------------------------------------

Report Check Netlist: 
+------+------------------+-------+---------+-------+------------------+
|      |Item              |Errors |Warnings |Status |Description       |
+------+------------------+-------+---------+-------+------------------+
|1     |multi_driven_nets |      0|        0|Passed |Multi driven nets |
+------+------------------+-------+---------+-------+------------------+
---------------------------------------------------------------------------------
Finished RTL Optimization Phase 1 : Time (s): cpu = 00:00:16 ; elapsed = 00:00:20 . Memory (MB): peak = 465.031 ; gain = 254.949
---------------------------------------------------------------------------------
WARNING: [Project 1-486] Could not resolve non-primitive black box cell 'design_1_PmodWIFI_0_0' instantiated as 'design_1_i/PmodWIFI_0' [C:/College/Thesis/VivadoProjects/PMOD_WIFI/PMOD_WIFI.srcs/sources_1/bd/design_1/hdl/design_1.v:589]
WARNING: [Project 1-486] Could not resolve non-primitive black box cell 'design_1_axi_emc_0_0' instantiated as 'design_1_i/axi_emc_0' [C:/College/Thesis/VivadoProjects/PMOD_WIFI/PMOD_WIFI.srcs/sources_1/bd/design_1/hdl/design_1.v:685]
WARNING: [Project 1-486] Could not resolve non-primitive black box cell 'design_1_axi_ethernetlite_0_0' instantiated as 'design_1_i/axi_ethernetlite_0' [C:/College/Thesis/VivadoProjects/PMOD_WIFI/PMOD_WIFI.srcs/sources_1/bd/design_1/hdl/design_1.v:735]
WARNING: [Project 1-486] Could not resolve non-primitive black box cell 'design_1_axi_gpio_0_0' instantiated as 'design_1_i/axi_gpio_led' [C:/College/Thesis/VivadoProjects/PMOD_WIFI/PMOD_WIFI.srcs/sources_1/bd/design_1/hdl/design_1.v:769]
WARNING: [Project 1-486] Could not resolve non-primitive black box cell 'design_1_axi_gpio_1_0' instantiated as 'design_1_i/axi_gpio_sw' [C:/College/Thesis/VivadoProjects/PMOD_WIFI/PMOD_WIFI.srcs/sources_1/bd/design_1/hdl/design_1.v:795]
WARNING: [Project 1-486] Could not resolve non-primitive black box cell 'design_1_axi_timer_0_0' instantiated as 'design_1_i/axi_timer_0' [C:/College/Thesis/VivadoProjects/PMOD_WIFI/PMOD_WIFI.srcs/sources_1/bd/design_1/hdl/design_1.v:934]
WARNING: [Project 1-486] Could not resolve non-primitive black box cell 'design_1_axi_uartlite_0_0' instantiated as 'design_1_i/axi_uartlite_0' [C:/College/Thesis/VivadoProjects/PMOD_WIFI/PMOD_WIFI.srcs/sources_1/bd/design_1/hdl/design_1.v:958]
WARNING: [Project 1-486] Could not resolve non-primitive black box cell 'design_1_clk_wiz_0_0' instantiated as 'design_1_i/clk_wiz_0' [C:/College/Thesis/VivadoProjects/PMOD_WIFI/PMOD_WIFI.srcs/sources_1/bd/design_1/hdl/design_1.v:980]
WARNING: [Project 1-486] Could not resolve non-primitive black box cell 'design_1_dlmb_bram_if_cntlr_0' instantiated as 'design_1_i/microblaze_0_local_memory/dlmb_bram_if_cntlr' [C:/College/Thesis/VivadoProjects/PMOD_WIFI/PMOD_WIFI.srcs/sources_1/bd/design_1/hdl/design_1.v:5534]
WARNING: [Project 1-486] Could not resolve non-primitive black box cell 'design_1_dlmb_v10_0' instantiated as 'design_1_i/microblaze_0_local_memory/dlmb_v10' [C:/College/Thesis/VivadoProjects/PMOD_WIFI/PMOD_WIFI.srcs/sources_1/bd/design_1/hdl/design_1.v:5555]
WARNING: [Project 1-486] Could not resolve non-primitive black box cell 'design_1_ilmb_bram_if_cntlr_0' instantiated as 'design_1_i/microblaze_0_local_memory/ilmb_bram_if_cntlr' [C:/College/Thesis/VivadoProjects/PMOD_WIFI/PMOD_WIFI.srcs/sources_1/bd/design_1/hdl/design_1.v:5580]
WARNING: [Project 1-486] Could not resolve non-primitive black box cell 'design_1_ilmb_v10_0' instantiated as 'design_1_i/microblaze_0_local_memory/ilmb_v10' [C:/College/Thesis/VivadoProjects/PMOD_WIFI/PMOD_WIFI.srcs/sources_1/bd/design_1/hdl/design_1.v:5601]
WARNING: [Project 1-486] Could not resolve non-primitive black box cell 'design_1_lmb_bram_0' instantiated as 'design_1_i/microblaze_0_local_memory/lmb_bram' [C:/College/Thesis/VivadoProjects/PMOD_WIFI/PMOD_WIFI.srcs/sources_1/bd/design_1/hdl/design_1.v:5626]
WARNING: [Project 1-486] Could not resolve non-primitive black box cell 'design_1_mdm_1_0' instantiated as 'design_1_i/mdm_1' [C:/College/Thesis/VivadoProjects/PMOD_WIFI/PMOD_WIFI.srcs/sources_1/bd/design_1/hdl/design_1.v:986]
WARNING: [Project 1-486] Could not resolve non-primitive black box cell 'design_1_microblaze_0_0' instantiated as 'design_1_i/microblaze_0' [C:/College/Thesis/VivadoProjects/PMOD_WIFI/PMOD_WIFI.srcs/sources_1/bd/design_1/hdl/design_1.v:999]
WARNING: [Project 1-486] Could not resolve non-primitive black box cell 'design_1_microblaze_0_axi_intc_0' instantiated as 'design_1_i/microblaze_0_axi_intc' [C:/College/Thesis/VivadoProjects/PMOD_WIFI/PMOD_WIFI.srcs/sources_1/bd/design_1/hdl/design_1.v:1126]
WARNING: [Project 1-486] Could not resolve non-primitive black box cell 'design_1_microblaze_0_xlconcat_0' instantiated as 'design_1_i/microblaze_0_xlconcat' [C:/College/Thesis/VivadoProjects/PMOD_WIFI/PMOD_WIFI.srcs/sources_1/bd/design_1/hdl/design_1.v:1388]
WARNING: [Project 1-486] Could not resolve non-primitive black box cell 'design_1_mii_to_rmii_0_0' instantiated as 'design_1_i/mii_to_rmii_0' [C:/College/Thesis/VivadoProjects/PMOD_WIFI/PMOD_WIFI.srcs/sources_1/bd/design_1/hdl/design_1.v:1393]
WARNING: [Project 1-486] Could not resolve non-primitive black box cell 'design_1_rst_clk_wiz_0_100M_0' instantiated as 'design_1_i/rst_clk_wiz_0_100M' [C:/College/Thesis/VivadoProjects/PMOD_WIFI/PMOD_WIFI.srcs/sources_1/bd/design_1/hdl/design_1.v:1411]
WARNING: [Project 1-486] Could not resolve non-primitive black box cell 'design_1_xbar_0' instantiated as 'design_1_i/axi_mem_intercon/xbar' [C:/College/Thesis/VivadoProjects/PMOD_WIFI/PMOD_WIFI.srcs/sources_1/bd/design_1/hdl/design_1.v:2236]
WARNING: [Project 1-486] Could not resolve non-primitive black box cell 'design_1_xbar_1' instantiated as 'design_1_i/microblaze_0_axi_periph/xbar' [C:/College/Thesis/VivadoProjects/PMOD_WIFI/PMOD_WIFI.srcs/sources_1/bd/design_1/hdl/design_1.v:3790]
INFO: [Netlist 29-17] Analyzing 47 Unisim elements for replacement
INFO: [Netlist 29-28] Unisim Transformation completed in 0 CPU seconds
INFO: [Device 21-403] Loading part xc7a100tcsg324-1
INFO: [Project 1-570] Preparing netlist for logic optimization

Processing XDC Constraints
Initializing timing engine
Parsing XDC File [C:/College/Thesis/VivadoProjects/PMOD_WIFI/PMOD_WIFI.runs/synth_1/.Xil/Vivado-9952-LAPTOP-L1N8U9P6/dcp/design_1_axi_emc_0_0_in_context.xdc] for cell 'design_1_i/axi_emc_0'
Finished Parsing XDC File [C:/College/Thesis/VivadoProjects/PMOD_WIFI/PMOD_WIFI.runs/synth_1/.Xil/Vivado-9952-LAPTOP-L1N8U9P6/dcp/design_1_axi_emc_0_0_in_context.xdc] for cell 'design_1_i/axi_emc_0'
Parsing XDC File [C:/College/Thesis/VivadoProjects/PMOD_WIFI/PMOD_WIFI.runs/synth_1/.Xil/Vivado-9952-LAPTOP-L1N8U9P6/dcp_2/design_1_clk_wiz_0_0_in_context.xdc] for cell 'design_1_i/clk_wiz_0'
Finished Parsing XDC File [C:/College/Thesis/VivadoProjects/PMOD_WIFI/PMOD_WIFI.runs/synth_1/.Xil/Vivado-9952-LAPTOP-L1N8U9P6/dcp_2/design_1_clk_wiz_0_0_in_context.xdc] for cell 'design_1_i/clk_wiz_0'
Parsing XDC File [C:/College/Thesis/VivadoProjects/PMOD_WIFI/PMOD_WIFI.runs/synth_1/.Xil/Vivado-9952-LAPTOP-L1N8U9P6/dcp_3/design_1_axi_uartlite_0_0_in_context.xdc] for cell 'design_1_i/axi_uartlite_0'
Finished Parsing XDC File [C:/College/Thesis/VivadoProjects/PMOD_WIFI/PMOD_WIFI.runs/synth_1/.Xil/Vivado-9952-LAPTOP-L1N8U9P6/dcp_3/design_1_axi_uartlite_0_0_in_context.xdc] for cell 'design_1_i/axi_uartlite_0'
Parsing XDC File [C:/College/Thesis/VivadoProjects/PMOD_WIFI/PMOD_WIFI.runs/synth_1/.Xil/Vivado-9952-LAPTOP-L1N8U9P6/dcp_4/design_1_microblaze_0_0_in_context.xdc] for cell 'design_1_i/microblaze_0'
Finished Parsing XDC File [C:/College/Thesis/VivadoProjects/PMOD_WIFI/PMOD_WIFI.runs/synth_1/.Xil/Vivado-9952-LAPTOP-L1N8U9P6/dcp_4/design_1_microblaze_0_0_in_context.xdc] for cell 'design_1_i/microblaze_0'
Parsing XDC File [C:/College/Thesis/VivadoProjects/PMOD_WIFI/PMOD_WIFI.runs/synth_1/.Xil/Vivado-9952-LAPTOP-L1N8U9P6/dcp_5/design_1_ilmb_v10_0_in_context.xdc] for cell 'design_1_i/microblaze_0_local_memory/dlmb_v10'
Finished Parsing XDC File [C:/College/Thesis/VivadoProjects/PMOD_WIFI/PMOD_WIFI.runs/synth_1/.Xil/Vivado-9952-LAPTOP-L1N8U9P6/dcp_5/design_1_ilmb_v10_0_in_context.xdc] for cell 'design_1_i/microblaze_0_local_memory/dlmb_v10'
Parsing XDC File [C:/College/Thesis/VivadoProjects/PMOD_WIFI/PMOD_WIFI.runs/synth_1/.Xil/Vivado-9952-LAPTOP-L1N8U9P6/dcp_6/design_1_ilmb_v10_0_in_context.xdc] for cell 'design_1_i/microblaze_0_local_memory/ilmb_v10'
Finished Parsing XDC File [C:/College/Thesis/VivadoProjects/PMOD_WIFI/PMOD_WIFI.runs/synth_1/.Xil/Vivado-9952-LAPTOP-L1N8U9P6/dcp_6/design_1_ilmb_v10_0_in_context.xdc] for cell 'design_1_i/microblaze_0_local_memory/ilmb_v10'
Parsing XDC File [C:/College/Thesis/VivadoProjects/PMOD_WIFI/PMOD_WIFI.runs/synth_1/.Xil/Vivado-9952-LAPTOP-L1N8U9P6/dcp_7/design_1_dlmb_bram_if_cntlr_0_in_context.xdc] for cell 'design_1_i/microblaze_0_local_memory/dlmb_bram_if_cntlr'
Finished Parsing XDC File [C:/College/Thesis/VivadoProjects/PMOD_WIFI/PMOD_WIFI.runs/synth_1/.Xil/Vivado-9952-LAPTOP-L1N8U9P6/dcp_7/design_1_dlmb_bram_if_cntlr_0_in_context.xdc] for cell 'design_1_i/microblaze_0_local_memory/dlmb_bram_if_cntlr'
Parsing XDC File [C:/College/Thesis/VivadoProjects/PMOD_WIFI/PMOD_WIFI.runs/synth_1/.Xil/Vivado-9952-LAPTOP-L1N8U9P6/dcp_8/design_1_ilmb_bram_if_cntlr_0_in_context.xdc] for cell 'design_1_i/microblaze_0_local_memory/ilmb_bram_if_cntlr'
Finished Parsing XDC File [C:/College/Thesis/VivadoProjects/PMOD_WIFI/PMOD_WIFI.runs/synth_1/.Xil/Vivado-9952-LAPTOP-L1N8U9P6/dcp_8/design_1_ilmb_bram_if_cntlr_0_in_context.xdc] for cell 'design_1_i/microblaze_0_local_memory/ilmb_bram_if_cntlr'
Parsing XDC File [C:/College/Thesis/VivadoProjects/PMOD_WIFI/PMOD_WIFI.runs/synth_1/.Xil/Vivado-9952-LAPTOP-L1N8U9P6/dcp_9/design_1_lmb_bram_0_in_context.xdc] for cell 'design_1_i/microblaze_0_local_memory/lmb_bram'
Finished Parsing XDC File [C:/College/Thesis/VivadoProjects/PMOD_WIFI/PMOD_WIFI.runs/synth_1/.Xil/Vivado-9952-LAPTOP-L1N8U9P6/dcp_9/design_1_lmb_bram_0_in_context.xdc] for cell 'design_1_i/microblaze_0_local_memory/lmb_bram'
Parsing XDC File [C:/College/Thesis/VivadoProjects/PMOD_WIFI/PMOD_WIFI.runs/synth_1/.Xil/Vivado-9952-LAPTOP-L1N8U9P6/dcp_10/design_1_microblaze_0_axi_intc_0_in_context.xdc] for cell 'design_1_i/microblaze_0_axi_intc'
Finished Parsing XDC File [C:/College/Thesis/VivadoProjects/PMOD_WIFI/PMOD_WIFI.runs/synth_1/.Xil/Vivado-9952-LAPTOP-L1N8U9P6/dcp_10/design_1_microblaze_0_axi_intc_0_in_context.xdc] for cell 'design_1_i/microblaze_0_axi_intc'
Parsing XDC File [C:/College/Thesis/VivadoProjects/PMOD_WIFI/PMOD_WIFI.runs/synth_1/.Xil/Vivado-9952-LAPTOP-L1N8U9P6/dcp_11/design_1_microblaze_0_xlconcat_0_in_context.xdc] for cell 'design_1_i/microblaze_0_xlconcat'
Finished Parsing XDC File [C:/College/Thesis/VivadoProjects/PMOD_WIFI/PMOD_WIFI.runs/synth_1/.Xil/Vivado-9952-LAPTOP-L1N8U9P6/dcp_11/design_1_microblaze_0_xlconcat_0_in_context.xdc] for cell 'design_1_i/microblaze_0_xlconcat'
Parsing XDC File [C:/College/Thesis/VivadoProjects/PMOD_WIFI/PMOD_WIFI.runs/synth_1/.Xil/Vivado-9952-LAPTOP-L1N8U9P6/dcp_12/design_1_mdm_1_0_in_context.xdc] for cell 'design_1_i/mdm_1'
Finished Parsing XDC File [C:/College/Thesis/VivadoProjects/PMOD_WIFI/PMOD_WIFI.runs/synth_1/.Xil/Vivado-9952-LAPTOP-L1N8U9P6/dcp_12/design_1_mdm_1_0_in_context.xdc] for cell 'design_1_i/mdm_1'
Parsing XDC File [C:/College/Thesis/VivadoProjects/PMOD_WIFI/PMOD_WIFI.runs/synth_1/.Xil/Vivado-9952-LAPTOP-L1N8U9P6/dcp_13/design_1_rst_clk_wiz_0_100M_0_in_context.xdc] for cell 'design_1_i/rst_clk_wiz_0_100M'
Finished Parsing XDC File [C:/College/Thesis/VivadoProjects/PMOD_WIFI/PMOD_WIFI.runs/synth_1/.Xil/Vivado-9952-LAPTOP-L1N8U9P6/dcp_13/design_1_rst_clk_wiz_0_100M_0_in_context.xdc] for cell 'design_1_i/rst_clk_wiz_0_100M'
Parsing XDC File [C:/College/Thesis/VivadoProjects/PMOD_WIFI/PMOD_WIFI.runs/synth_1/.Xil/Vivado-9952-LAPTOP-L1N8U9P6/dcp_14/design_1_PmodWIFI_0_0_in_context.xdc] for cell 'design_1_i/PmodWIFI_0'
Finished Parsing XDC File [C:/College/Thesis/VivadoProjects/PMOD_WIFI/PMOD_WIFI.runs/synth_1/.Xil/Vivado-9952-LAPTOP-L1N8U9P6/dcp_14/design_1_PmodWIFI_0_0_in_context.xdc] for cell 'design_1_i/PmodWIFI_0'
Parsing XDC File [C:/College/Thesis/VivadoProjects/PMOD_WIFI/PMOD_WIFI.runs/synth_1/.Xil/Vivado-9952-LAPTOP-L1N8U9P6/dcp_15/design_1_axi_gpio_0_0_in_context.xdc] for cell 'design_1_i/axi_gpio_led'
Finished Parsing XDC File [C:/College/Thesis/VivadoProjects/PMOD_WIFI/PMOD_WIFI.runs/synth_1/.Xil/Vivado-9952-LAPTOP-L1N8U9P6/dcp_15/design_1_axi_gpio_0_0_in_context.xdc] for cell 'design_1_i/axi_gpio_led'
Parsing XDC File [C:/College/Thesis/VivadoProjects/PMOD_WIFI/PMOD_WIFI.runs/synth_1/.Xil/Vivado-9952-LAPTOP-L1N8U9P6/dcp_16/design_1_axi_gpio_1_0_in_context.xdc] for cell 'design_1_i/axi_gpio_sw'
Finished Parsing XDC File [C:/College/Thesis/VivadoProjects/PMOD_WIFI/PMOD_WIFI.runs/synth_1/.Xil/Vivado-9952-LAPTOP-L1N8U9P6/dcp_16/design_1_axi_gpio_1_0_in_context.xdc] for cell 'design_1_i/axi_gpio_sw'
Parsing XDC File [C:/College/Thesis/VivadoProjects/PMOD_WIFI/PMOD_WIFI.runs/synth_1/.Xil/Vivado-9952-LAPTOP-L1N8U9P6/dcp_17/design_1_xbar_0_in_context.xdc] for cell 'design_1_i/axi_mem_intercon/xbar'
Finished Parsing XDC File [C:/College/Thesis/VivadoProjects/PMOD_WIFI/PMOD_WIFI.runs/synth_1/.Xil/Vivado-9952-LAPTOP-L1N8U9P6/dcp_17/design_1_xbar_0_in_context.xdc] for cell 'design_1_i/axi_mem_intercon/xbar'
Parsing XDC File [C:/College/Thesis/VivadoProjects/PMOD_WIFI/PMOD_WIFI.runs/synth_1/.Xil/Vivado-9952-LAPTOP-L1N8U9P6/dcp_18/design_1_xbar_1_in_context.xdc] for cell 'design_1_i/microblaze_0_axi_periph/xbar'
Finished Parsing XDC File [C:/College/Thesis/VivadoProjects/PMOD_WIFI/PMOD_WIFI.runs/synth_1/.Xil/Vivado-9952-LAPTOP-L1N8U9P6/dcp_18/design_1_xbar_1_in_context.xdc] for cell 'design_1_i/microblaze_0_axi_periph/xbar'
Parsing XDC File [C:/College/Thesis/VivadoProjects/PMOD_WIFI/PMOD_WIFI.runs/synth_1/.Xil/Vivado-9952-LAPTOP-L1N8U9P6/dcp_19/design_1_mii_to_rmii_0_0_in_context.xdc] for cell 'design_1_i/mii_to_rmii_0'
Finished Parsing XDC File [C:/College/Thesis/VivadoProjects/PMOD_WIFI/PMOD_WIFI.runs/synth_1/.Xil/Vivado-9952-LAPTOP-L1N8U9P6/dcp_19/design_1_mii_to_rmii_0_0_in_context.xdc] for cell 'design_1_i/mii_to_rmii_0'
Parsing XDC File [C:/College/Thesis/VivadoProjects/PMOD_WIFI/PMOD_WIFI.runs/synth_1/.Xil/Vivado-9952-LAPTOP-L1N8U9P6/dcp_20/design_1_axi_ethernetlite_0_0_in_context.xdc] for cell 'design_1_i/axi_ethernetlite_0'
Finished Parsing XDC File [C:/College/Thesis/VivadoProjects/PMOD_WIFI/PMOD_WIFI.runs/synth_1/.Xil/Vivado-9952-LAPTOP-L1N8U9P6/dcp_20/design_1_axi_ethernetlite_0_0_in_context.xdc] for cell 'design_1_i/axi_ethernetlite_0'
Parsing XDC File [C:/College/Thesis/VivadoProjects/PMOD_WIFI/PMOD_WIFI.runs/synth_1/.Xil/Vivado-9952-LAPTOP-L1N8U9P6/dcp_21/design_1_axi_timer_0_0_in_context.xdc] for cell 'design_1_i/axi_timer_0'
Finished Parsing XDC File [C:/College/Thesis/VivadoProjects/PMOD_WIFI/PMOD_WIFI.runs/synth_1/.Xil/Vivado-9952-LAPTOP-L1N8U9P6/dcp_21/design_1_axi_timer_0_0_in_context.xdc] for cell 'design_1_i/axi_timer_0'
Parsing XDC File [C:/College/Thesis/VivadoProjects/PMOD_WIFI/PMOD_WIFI.srcs/constrs_1/new/eth_ref_clk.xdc]
Finished Parsing XDC File [C:/College/Thesis/VivadoProjects/PMOD_WIFI/PMOD_WIFI.srcs/constrs_1/new/eth_ref_clk.xdc]
INFO: [Project 1-236] Implementation specific constraints were found while reading constraint file [C:/College/Thesis/VivadoProjects/PMOD_WIFI/PMOD_WIFI.srcs/constrs_1/new/eth_ref_clk.xdc]. These constraints will be ignored for synthesis but will be used in implementation. Impacted constraints are listed in the file [.Xil/design_1_wrapper_propImpl.xdc].
Resolution: To avoid this warning, move constraints listed in [.Xil/design_1_wrapper_propImpl.xdc] to another XDC file and exclude this new file from synthesis with the used_in_synthesis property (File Properties dialog in GUI) and re-run elaboration/synthesis.
Parsing XDC File [C:/College/Thesis/VivadoProjects/PMOD_WIFI/PMOD_WIFI.runs/synth_1/dont_touch.xdc]
Finished Parsing XDC File [C:/College/Thesis/VivadoProjects/PMOD_WIFI/PMOD_WIFI.runs/synth_1/dont_touch.xdc]
Completed Processing XDC Constraints

INFO: [Project 1-111] Unisim Transformation Summary:
  A total of 47 instances were transformed.
  IOBUF => IOBUF (IBUF, OBUFT): 47 instances

Constraint Validation Runtime : Time (s): cpu = 00:00:00 ; elapsed = 00:00:00.015 . Memory (MB): peak = 770.188 ; gain = 0.000
WARNING: [Timing 38-316] Clock period '20.000' specified during out-of-context synthesis of instance 'design_1_i/microblaze_0_local_memory/lmb_bram' at clock pin 'clka' is different from the actual clock period '10.000', this can lead to different synthesis results.
---------------------------------------------------------------------------------
Finished Constraint Validation : Time (s): cpu = 00:00:27 ; elapsed = 00:00:34 . Memory (MB): peak = 770.188 ; gain = 560.105
---------------------------------------------------------------------------------
---------------------------------------------------------------------------------
Start Loading Part and Timing Information
---------------------------------------------------------------------------------
Loading part: xc7a100tcsg324-1
---------------------------------------------------------------------------------
Finished Loading Part and Timing Information : Time (s): cpu = 00:00:27 ; elapsed = 00:00:34 . Memory (MB): peak = 770.188 ; gain = 560.105
---------------------------------------------------------------------------------
---------------------------------------------------------------------------------
Start Applying 'set_property' XDC Constraints
---------------------------------------------------------------------------------
Applied set_property IO_BUFFER_TYPE = NONE for sys_clock. (constraint file  C:/College/Thesis/VivadoProjects/PMOD_WIFI/PMOD_WIFI.runs/synth_1/.Xil/Vivado-9952-LAPTOP-L1N8U9P6/dcp_2/design_1_clk_wiz_0_0_in_context.xdc, line 4).
Applied set_property CLOCK_BUFFER_TYPE = NONE for sys_clock. (constraint file  C:/College/Thesis/VivadoProjects/PMOD_WIFI/PMOD_WIFI.runs/synth_1/.Xil/Vivado-9952-LAPTOP-L1N8U9P6/dcp_2/design_1_clk_wiz_0_0_in_context.xdc, line 5).
Applied set_property DONT_TOUCH = true for design_1_i. (constraint file  auto generated constraint, line ).
Applied set_property DONT_TOUCH = true for design_1_i/PmodWIFI_0. (constraint file  auto generated constraint, line ).
Applied set_property DONT_TOUCH = true for design_1_i/axi_emc_0. (constraint file  auto generated constraint, line ).
Applied set_property DONT_TOUCH = true for design_1_i/axi_ethernetlite_0. (constraint file  auto generated constraint, line ).
Applied set_property DONT_TOUCH = true for design_1_i/axi_gpio_led. (constraint file  auto generated constraint, line ).
Applied set_property DONT_TOUCH = true for design_1_i/axi_gpio_sw. (constraint file  auto generated constraint, line ).
Applied set_property DONT_TOUCH = true for design_1_i/axi_mem_intercon. (constraint file  auto generated constraint, line ).
Applied set_property DONT_TOUCH = true for design_1_i/axi_mem_intercon/xbar. (constraint file  auto generated constraint, line ).
Applied set_property DONT_TOUCH = true for design_1_i/axi_timer_0. (constraint file  auto generated constraint, line ).
Applied set_property DONT_TOUCH = true for design_1_i/axi_uartlite_0. (constraint file  auto generated constraint, line ).
Applied set_property DONT_TOUCH = true for design_1_i/clk_wiz_0. (constraint file  auto generated constraint, line ).
Applied set_property DONT_TOUCH = true for design_1_i/mdm_1. (constraint file  auto generated constraint, line ).
Applied set_property DONT_TOUCH = true for design_1_i/microblaze_0. (constraint file  auto generated constraint, line ).
Applied set_property DONT_TOUCH = true for design_1_i/microblaze_0_axi_intc. (constraint file  auto generated constraint, line ).
Applied set_property DONT_TOUCH = true for design_1_i/microblaze_0_axi_periph. (constraint file  auto generated constraint, line ).
Applied set_property DONT_TOUCH = true for design_1_i/microblaze_0_axi_periph/xbar. (constraint file  auto generated constraint, line ).
Applied set_property DONT_TOUCH = true for design_1_i/microblaze_0_local_memory/dlmb_bram_if_cntlr. (constraint file  auto generated constraint, line ).
Applied set_property DONT_TOUCH = true for design_1_i/microblaze_0_local_memory/dlmb_v10. (constraint file  auto generated constraint, line ).
Applied set_property DONT_TOUCH = true for design_1_i/microblaze_0_local_memory/ilmb_bram_if_cntlr. (constraint file  auto generated constraint, line ).
Applied set_property DONT_TOUCH = true for design_1_i/microblaze_0_local_memory/ilmb_v10. (constraint file  auto generated constraint, line ).
Applied set_property DONT_TOUCH = true for design_1_i/microblaze_0_local_memory/lmb_bram. (constraint file  auto generated constraint, line ).
Applied set_property DONT_TOUCH = true for design_1_i/microblaze_0_xlconcat. (constraint file  auto generated constraint, line ).
Applied set_property DONT_TOUCH = true for design_1_i/mii_to_rmii_0. (constraint file  auto generated constraint, line ).
Applied set_property DONT_TOUCH = true for design_1_i/rst_clk_wiz_0_100M. (constraint file  auto generated constraint, line ).
---------------------------------------------------------------------------------
Finished applying 'set_property' XDC Constraints : Time (s): cpu = 00:00:27 ; elapsed = 00:00:34 . Memory (MB): peak = 770.188 ; gain = 560.105
---------------------------------------------------------------------------------
---------------------------------------------------------------------------------
Finished RTL Optimization Phase 2 : Time (s): cpu = 00:00:27 ; elapsed = 00:00:34 . Memory (MB): peak = 770.188 ; gain = 560.105
---------------------------------------------------------------------------------

Report RTL Partitions: 
+-+--------------+------------+----------+
| |RTL Partition |Replication |Instances |
+-+--------------+------------+----------+
+-+--------------+------------+----------+
---------------------------------------------------------------------------------
Start RTL Component Statistics 
---------------------------------------------------------------------------------
Detailed RTL Component Info : 
---------------------------------------------------------------------------------
Finished RTL Component Statistics 
---------------------------------------------------------------------------------
---------------------------------------------------------------------------------
Start RTL Hierarchical Component Statistics 
---------------------------------------------------------------------------------
Hierarchical RTL Component report 
---------------------------------------------------------------------------------
Finished RTL Hierarchical Component Statistics
---------------------------------------------------------------------------------
---------------------------------------------------------------------------------
Start Part Resource Summary
---------------------------------------------------------------------------------
Part Resources:
DSPs: 240 (col length:80)
BRAMs: 270 (col length: RAMB18 80 RAMB36 40)
---------------------------------------------------------------------------------
Finished Part Resource Summary
---------------------------------------------------------------------------------
---------------------------------------------------------------------------------
Start Cross Boundary and Area Optimization
---------------------------------------------------------------------------------
WARNING: [Synth 8-3331] design design_1_microblaze_0_axi_periph_0 has unconnected port M00_ACLK
WARNING: [Synth 8-3331] design design_1_microblaze_0_axi_periph_0 has unconnected port M00_ARESETN
WARNING: [Synth 8-3331] design design_1_microblaze_0_axi_periph_0 has unconnected port M01_ACLK
WARNING: [Synth 8-3331] design design_1_microblaze_0_axi_periph_0 has unconnected port M01_ARESETN
WARNING: [Synth 8-3331] design design_1_microblaze_0_axi_periph_0 has unconnected port M02_ACLK
WARNING: [Synth 8-3331] design design_1_microblaze_0_axi_periph_0 has unconnected port M02_ARESETN
WARNING: [Synth 8-3331] design design_1_microblaze_0_axi_periph_0 has unconnected port M03_ACLK
WARNING: [Synth 8-3331] design design_1_microblaze_0_axi_periph_0 has unconnected port M03_ARESETN
WARNING: [Synth 8-3331] design design_1_microblaze_0_axi_periph_0 has unconnected port M04_ACLK
WARNING: [Synth 8-3331] design design_1_microblaze_0_axi_periph_0 has unconnected port M04_ARESETN
WARNING: [Synth 8-3331] design design_1_microblaze_0_axi_periph_0 has unconnected port M05_ACLK
WARNING: [Synth 8-3331] design design_1_microblaze_0_axi_periph_0 has unconnected port M05_ARESETN
WARNING: [Synth 8-3331] design design_1_microblaze_0_axi_periph_0 has unconnected port M06_ACLK
WARNING: [Synth 8-3331] design design_1_microblaze_0_axi_periph_0 has unconnected port M06_ARESETN
WARNING: [Synth 8-3331] design design_1_microblaze_0_axi_periph_0 has unconnected port M07_ACLK
WARNING: [Synth 8-3331] design design_1_microblaze_0_axi_periph_0 has unconnected port M07_ARESETN
WARNING: [Synth 8-3331] design design_1_microblaze_0_axi_periph_0 has unconnected port M08_ACLK
WARNING: [Synth 8-3331] design design_1_microblaze_0_axi_periph_0 has unconnected port M08_ARESETN
WARNING: [Synth 8-3331] design design_1_microblaze_0_axi_periph_0 has unconnected port M09_ACLK
WARNING: [Synth 8-3331] design design_1_microblaze_0_axi_periph_0 has unconnected port M09_ARESETN
WARNING: [Synth 8-3331] design design_1_microblaze_0_axi_periph_0 has unconnected port S00_ACLK
WARNING: [Synth 8-3331] design design_1_microblaze_0_axi_periph_0 has unconnected port S00_ARESETN
WARNING: [Synth 8-3331] design design_1_axi_mem_intercon_0 has unconnected port M00_ACLK
WARNING: [Synth 8-3331] design design_1_axi_mem_intercon_0 has unconnected port M00_ARESETN
WARNING: [Synth 8-3331] design design_1_axi_mem_intercon_0 has unconnected port S00_ACLK
WARNING: [Synth 8-3331] design design_1_axi_mem_intercon_0 has unconnected port S00_ARESETN
WARNING: [Synth 8-3331] design design_1_axi_mem_intercon_0 has unconnected port S01_ACLK
WARNING: [Synth 8-3331] design design_1_axi_mem_intercon_0 has unconnected port S01_ARESETN
---------------------------------------------------------------------------------
Finished Cross Boundary and Area Optimization : Time (s): cpu = 00:00:28 ; elapsed = 00:00:35 . Memory (MB): peak = 770.188 ; gain = 560.105
---------------------------------------------------------------------------------

Report RTL Partitions: 
+-+--------------+------------+----------+
| |RTL Partition |Replication |Instances |
+-+--------------+------------+----------+
+-+--------------+------------+----------+
---------------------------------------------------------------------------------
Start Timing Optimization
---------------------------------------------------------------------------------
---------------------------------------------------------------------------------
Start Applying XDC Timing Constraints
---------------------------------------------------------------------------------
INFO: [Synth 8-5578] Moved timing constraint from pin 'design_1_i/clk_wiz_0/clk_out1' to pin 'design_1_i/clk_wiz_0/bbstub_clk_out1/O'
INFO: [Synth 8-5578] Moved timing constraint from pin 'design_1_i/clk_wiz_0/clk_out2' to pin 'design_1_i/clk_wiz_0/bbstub_clk_out2/O'
INFO: [Synth 8-5578] Moved timing constraint from pin 'design_1_i/microblaze_0_local_memory/dlmb_bram_if_cntlr/BRAM_Clk_A' to pin 'design_1_i/microblaze_0_local_memory/dlmb_bram_if_cntlr/bbstub_BRAM_Clk_A/O'
INFO: [Synth 8-5578] Moved timing constraint from pin 'design_1_i/microblaze_0_local_memory/ilmb_bram_if_cntlr/BRAM_Clk_A' to pin 'design_1_i/microblaze_0_local_memory/ilmb_bram_if_cntlr/bbstub_BRAM_Clk_A/O'
INFO: [Synth 8-5578] Moved timing constraint from pin 'design_1_i/mdm_1/Dbg_Clk_0' to pin 'design_1_i/mdm_1/bbstub_Dbg_Clk_0/O'
INFO: [Synth 8-5578] Moved timing constraint from pin 'design_1_i/mdm_1/Dbg_Update_0' to pin 'design_1_i/mdm_1/bbstub_Dbg_Update_0/O'
INFO: [Synth 8-5578] Moved timing constraint from pin 'design_1_i/axi_ethernetlite_0/phy_rx_clk' to pin 'design_1_i/mii_to_rmii_0/bbstub_rmii2mac_rx_clk/O'
INFO: [Synth 8-5578] Moved timing constraint from pin 'design_1_i/axi_ethernetlite_0/phy_tx_clk' to pin 'design_1_i/mii_to_rmii_0/bbstub_rmii2mac_tx_clk/O'
INFO: [Synth 8-5819] Moved 8 constraints on hierarchical pins to their respective driving/loading pins
---------------------------------------------------------------------------------
Finished Applying XDC Timing Constraints : Time (s): cpu = 00:00:38 ; elapsed = 00:00:46 . Memory (MB): peak = 770.188 ; gain = 560.105
---------------------------------------------------------------------------------
---------------------------------------------------------------------------------
Finished Timing Optimization : Time (s): cpu = 00:00:39 ; elapsed = 00:00:46 . Memory (MB): peak = 770.188 ; gain = 560.105
---------------------------------------------------------------------------------

Report RTL Partitions: 
+-+--------------+------------+----------+
| |RTL Partition |Replication |Instances |
+-+--------------+------------+----------+
+-+--------------+------------+----------+
---------------------------------------------------------------------------------
Start Technology Mapping
---------------------------------------------------------------------------------
---------------------------------------------------------------------------------
Finished Technology Mapping : Time (s): cpu = 00:00:39 ; elapsed = 00:00:46 . Memory (MB): peak = 770.188 ; gain = 560.105
---------------------------------------------------------------------------------

Report RTL Partitions: 
+-+--------------+------------+----------+
| |RTL Partition |Replication |Instances |
+-+--------------+------------+----------+
+-+--------------+------------+----------+
---------------------------------------------------------------------------------
Start IO Insertion
---------------------------------------------------------------------------------
---------------------------------------------------------------------------------
Start Flattening Before IO Insertion
---------------------------------------------------------------------------------
---------------------------------------------------------------------------------
Finished Flattening Before IO Insertion
---------------------------------------------------------------------------------
---------------------------------------------------------------------------------
Start Final Netlist Cleanup
---------------------------------------------------------------------------------
---------------------------------------------------------------------------------
Finished Final Netlist Cleanup
---------------------------------------------------------------------------------
---------------------------------------------------------------------------------
Finished IO Insertion : Time (s): cpu = 00:00:39 ; elapsed = 00:00:47 . Memory (MB): peak = 770.188 ; gain = 560.105
---------------------------------------------------------------------------------

Report Check Netlist: 
+------+------------------+-------+---------+-------+------------------+
|      |Item              |Errors |Warnings |Status |Description       |
+------+------------------+-------+---------+-------+------------------+
|1     |multi_driven_nets |      0|        0|Passed |Multi driven nets |
+------+------------------+-------+---------+-------+------------------+
---------------------------------------------------------------------------------
Start Renaming Generated Instances
---------------------------------------------------------------------------------
---------------------------------------------------------------------------------
Finished Renaming Generated Instances : Time (s): cpu = 00:00:39 ; elapsed = 00:00:47 . Memory (MB): peak = 770.188 ; gain = 560.105
---------------------------------------------------------------------------------

Report RTL Partitions: 
+-+--------------+------------+----------+
| |RTL Partition |Replication |Instances |
+-+--------------+------------+----------+
+-+--------------+------------+----------+
---------------------------------------------------------------------------------
Start Rebuilding User Hierarchy
---------------------------------------------------------------------------------
---------------------------------------------------------------------------------
Finished Rebuilding User Hierarchy : Time (s): cpu = 00:00:39 ; elapsed = 00:00:47 . Memory (MB): peak = 770.188 ; gain = 560.105
---------------------------------------------------------------------------------
---------------------------------------------------------------------------------
Start Renaming Generated Ports
---------------------------------------------------------------------------------
---------------------------------------------------------------------------------
Finished Renaming Generated Ports : Time (s): cpu = 00:00:39 ; elapsed = 00:00:47 . Memory (MB): peak = 770.188 ; gain = 560.105
---------------------------------------------------------------------------------
---------------------------------------------------------------------------------
Start Handling Custom Attributes
---------------------------------------------------------------------------------
---------------------------------------------------------------------------------
Finished Handling Custom Attributes : Time (s): cpu = 00:00:39 ; elapsed = 00:00:47 . Memory (MB): peak = 770.188 ; gain = 560.105
---------------------------------------------------------------------------------
---------------------------------------------------------------------------------
Start Renaming Generated Nets
---------------------------------------------------------------------------------
---------------------------------------------------------------------------------
Finished Renaming Generated Nets : Time (s): cpu = 00:00:39 ; elapsed = 00:00:47 . Memory (MB): peak = 770.188 ; gain = 560.105
---------------------------------------------------------------------------------
---------------------------------------------------------------------------------
Start Writing Synthesis Report
---------------------------------------------------------------------------------

Report BlackBoxes: 
+------+---------------------------------+----------+
|      |BlackBox name                    |Instances |
+------+---------------------------------+----------+
|1     |design_1_PmodWIFI_0_0            |         1|
|2     |design_1_axi_emc_0_0             |         1|
|3     |design_1_axi_ethernetlite_0_0    |         1|
|4     |design_1_axi_gpio_0_0            |         1|
|5     |design_1_axi_gpio_1_0            |         1|
|6     |design_1_xbar_0                  |         1|
|7     |design_1_axi_timer_0_0           |         1|
|8     |design_1_axi_uartlite_0_0        |         1|
|9     |design_1_clk_wiz_0_0             |         1|
|10    |design_1_mdm_1_0                 |         1|
|11    |design_1_microblaze_0_0          |         1|
|12    |design_1_microblaze_0_axi_intc_0 |         1|
|13    |design_1_xbar_1                  |         1|
|14    |design_1_microblaze_0_xlconcat_0 |         1|
|15    |design_1_mii_to_rmii_0_0         |         1|
|16    |design_1_rst_clk_wiz_0_100M_0    |         1|
|17    |design_1_dlmb_bram_if_cntlr_0    |         1|
|18    |design_1_dlmb_v10_0              |         1|
|19    |design_1_ilmb_bram_if_cntlr_0    |         1|
|20    |design_1_ilmb_v10_0              |         1|
|21    |design_1_lmb_bram_0              |         1|
+------+---------------------------------+----------+

Report Cell Usage: 
+------+---------------------------------+------+
|      |Cell                             |Count |
+------+---------------------------------+------+
|1     |design_1_PmodWIFI_0_0            |     1|
|2     |design_1_axi_emc_0_0             |     1|
|3     |design_1_axi_ethernetlite_0_0    |     1|
|4     |design_1_axi_gpio_0_0            |     1|
|5     |design_1_axi_gpio_1_0            |     1|
|6     |design_1_axi_timer_0_0           |     1|
|7     |design_1_axi_uartlite_0_0        |     1|
|8     |design_1_clk_wiz_0_0             |     1|
|9     |design_1_dlmb_bram_if_cntlr_0    |     1|
|10    |design_1_dlmb_v10_0              |     1|
|11    |design_1_ilmb_bram_if_cntlr_0    |     1|
|12    |design_1_ilmb_v10_0              |     1|
|13    |design_1_lmb_bram_0              |     1|
|14    |design_1_mdm_1_0                 |     1|
|15    |design_1_microblaze_0_0          |     1|
|16    |design_1_microblaze_0_axi_intc_0 |     1|
|17    |design_1_microblaze_0_xlconcat_0 |     1|
|18    |design_1_mii_to_rmii_0_0         |     1|
|19    |design_1_rst_clk_wiz_0_100M_0    |     1|
|20    |design_1_xbar_0                  |     1|
|21    |design_1_xbar_1                  |     1|
|22    |IBUF                             |    23|
|23    |IOBUF                            |    47|
|24    |OBUF                             |    36|
+------+---------------------------------+------+

Report Instance Areas: 
+------+------------------------------+--------------------------------------+------+
|      |Instance                      |Module                                |Cells |
+------+------------------------------+--------------------------------------+------+
|1     |top                           |                                      |  3222|
|2     |  design_1_i                  |design_1                              |  3116|
|3     |    axi_mem_intercon          |design_1_axi_mem_intercon_0           |   254|
|4     |    microblaze_0_axi_periph   |design_1_microblaze_0_axi_periph_0    |  1151|
|5     |    microblaze_0_local_memory |microblaze_0_local_memory_imp_1K0VQXK |   494|
+------+------------------------------+--------------------------------------+------+
---------------------------------------------------------------------------------
Finished Writing Synthesis Report : Time (s): cpu = 00:00:39 ; elapsed = 00:00:47 . Memory (MB): peak = 770.188 ; gain = 560.105
---------------------------------------------------------------------------------
Synthesis finished with 0 errors, 0 critical warnings and 28 warnings.
Synthesis Optimization Runtime : Time (s): cpu = 00:00:17 ; elapsed = 00:00:22 . Memory (MB): peak = 770.188 ; gain = 113.125
Synthesis Optimization Complete : Time (s): cpu = 00:00:40 ; elapsed = 00:00:47 . Memory (MB): peak = 770.188 ; gain = 560.105
INFO: [Project 1-571] Translating synthesized netlist
INFO: [Netlist 29-17] Analyzing 70 Unisim elements for replacement
INFO: [Netlist 29-28] Unisim Transformation completed in 0 CPU seconds
INFO: [Project 1-570] Preparing netlist for logic optimization
INFO: [Opt 31-138] Pushed 0 inverter(s) to 0 load pin(s).
INFO: [Project 1-111] Unisim Transformation Summary:
  A total of 47 instances were transformed.
  IOBUF => IOBUF (IBUF, OBUFT): 47 instances

INFO: [Common 17-83] Releasing license: Synthesis
110 Infos, 116 Warnings, 0 Critical Warnings and 0 Errors encountered.
synth_design completed successfully
synth_design: Time (s): cpu = 00:00:30 ; elapsed = 00:00:35 . Memory (MB): peak = 770.188 ; gain = 424.449
INFO: [Common 17-1381] The checkpoint 'C:/College/Thesis/VivadoProjects/PMOD_WIFI/PMOD_WIFI.runs/synth_1/design_1_wrapper.dcp' has been generated.
report_utilization: Time (s): cpu = 00:00:00 ; elapsed = 00:00:00.016 . Memory (MB): peak = 770.188 ; gain = 0.000
INFO: [Common 17-206] Exiting Vivado at Tue May 16 15:23:39 2017...
