
*** Running vivado
    with args -log design_1_led_ip_0_0.vds -m64 -product Vivado -mode batch -messageDb vivado.pb -notrace -source design_1_led_ip_0_0.tcl


****** Vivado v2017.2 (64-bit)
  **** SW Build 1909853 on Thu Jun 15 18:39:09 MDT 2017
  **** IP Build 1909766 on Thu Jun 15 19:58:00 MDT 2017
    ** Copyright 1986-2017 Xilinx, Inc. All Rights Reserved.

source design_1_led_ip_0_0.tcl -notrace
Command: synth_design -top design_1_led_ip_0_0 -part xc7a100tcsg324-1 -mode out_of_context
Starting synth_design
Attempting to get a license for feature 'Synthesis' and/or device 'xc7a100t-csg324'
INFO: [Common 17-349] Got license for feature 'Synthesis' and/or device 'xc7a100t-csg324'
INFO: Launching helper process for spawning children vivado processes
INFO: Helper process launched with PID 3336 
---------------------------------------------------------------------------------
Starting RTL Elaboration : Time (s): cpu = 00:00:05 ; elapsed = 00:00:05 . Memory (MB): peak = 338.895 ; gain = 80.004
---------------------------------------------------------------------------------
INFO: [Synth 8-638] synthesizing module 'design_1_led_ip_0_0' [c:/Xilinx/Vivado/MyProjects/PMOD_WIFI_OLD/PMOD_WIFI.srcs/sources_1/bd/design_1/ip/design_1_led_ip_0_0/synth/design_1_led_ip_0_0.v:57]
INFO: [Synth 8-638] synthesizing module 'led_ip_v1_0' [c:/Xilinx/Vivado/MyProjects/PMOD_WIFI_OLD/PMOD_WIFI.srcs/sources_1/bd/design_1/ipshared/a38c/hdl/led_ip_v1_0.v:4]
	Parameter LED_WIDTH bound to: 16 - type: integer 
	Parameter C_S_AXI_DATA_WIDTH bound to: 32 - type: integer 
	Parameter C_S_AXI_ADDR_WIDTH bound to: 4 - type: integer 
INFO: [Synth 8-638] synthesizing module 'led_ip_v1_0_S_AXI' [c:/Xilinx/Vivado/MyProjects/PMOD_WIFI_OLD/PMOD_WIFI.srcs/sources_1/bd/design_1/ipshared/a38c/hdl/led_ip_v1_0_S_AXI.v:4]
	Parameter LED_WIDTH bound to: 16 - type: integer 
	Parameter C_S_AXI_DATA_WIDTH bound to: 32 - type: integer 
	Parameter C_S_AXI_ADDR_WIDTH bound to: 4 - type: integer 
	Parameter ADDR_LSB bound to: 2 - type: integer 
	Parameter OPT_MEM_ADDR_BITS bound to: 1 - type: integer 
INFO: [Synth 8-226] default block is never used [c:/Xilinx/Vivado/MyProjects/PMOD_WIFI_OLD/PMOD_WIFI.srcs/sources_1/bd/design_1/ipshared/a38c/hdl/led_ip_v1_0_S_AXI.v:231]
INFO: [Synth 8-226] default block is never used [c:/Xilinx/Vivado/MyProjects/PMOD_WIFI_OLD/PMOD_WIFI.srcs/sources_1/bd/design_1/ipshared/a38c/hdl/led_ip_v1_0_S_AXI.v:372]
INFO: [Synth 8-638] synthesizing module 'led_user_logic' [c:/Xilinx/Vivado/MyProjects/PMOD_WIFI_OLD/PMOD_WIFI.srcs/sources_1/bd/design_1/ipshared/a38c/src/led_user_logic.v:6]
	Parameter LED_WIDTH bound to: 16 - type: integer 
INFO: [Synth 8-256] done synthesizing module 'led_user_logic' (1#1) [c:/Xilinx/Vivado/MyProjects/PMOD_WIFI_OLD/PMOD_WIFI.srcs/sources_1/bd/design_1/ipshared/a38c/src/led_user_logic.v:6]
WARNING: [Synth 8-689] width (2) of port connection 'axi_awaddr' does not match port width (3) of module 'led_user_logic' [c:/Xilinx/Vivado/MyProjects/PMOD_WIFI_OLD/PMOD_WIFI.srcs/sources_1/bd/design_1/ipshared/a38c/hdl/led_ip_v1_0_S_AXI.v:407]
WARNING: [Synth 8-6014] Unused sequential element byte_index was removed.  [c:/Xilinx/Vivado/MyProjects/PMOD_WIFI_OLD/PMOD_WIFI.srcs/sources_1/bd/design_1/ipshared/a38c/hdl/led_ip_v1_0_S_AXI.v:221]
INFO: [Synth 8-256] done synthesizing module 'led_ip_v1_0_S_AXI' (2#1) [c:/Xilinx/Vivado/MyProjects/PMOD_WIFI_OLD/PMOD_WIFI.srcs/sources_1/bd/design_1/ipshared/a38c/hdl/led_ip_v1_0_S_AXI.v:4]
INFO: [Synth 8-256] done synthesizing module 'led_ip_v1_0' (3#1) [c:/Xilinx/Vivado/MyProjects/PMOD_WIFI_OLD/PMOD_WIFI.srcs/sources_1/bd/design_1/ipshared/a38c/hdl/led_ip_v1_0.v:4]
INFO: [Synth 8-256] done synthesizing module 'design_1_led_ip_0_0' (4#1) [c:/Xilinx/Vivado/MyProjects/PMOD_WIFI_OLD/PMOD_WIFI.srcs/sources_1/bd/design_1/ip/design_1_led_ip_0_0/synth/design_1_led_ip_0_0.v:57]
WARNING: [Synth 8-3331] design led_user_logic has unconnected port S_AXI_WDATA[31]
WARNING: [Synth 8-3331] design led_user_logic has unconnected port S_AXI_WDATA[30]
WARNING: [Synth 8-3331] design led_user_logic has unconnected port S_AXI_WDATA[29]
WARNING: [Synth 8-3331] design led_user_logic has unconnected port S_AXI_WDATA[28]
WARNING: [Synth 8-3331] design led_user_logic has unconnected port S_AXI_WDATA[27]
WARNING: [Synth 8-3331] design led_user_logic has unconnected port S_AXI_WDATA[26]
WARNING: [Synth 8-3331] design led_user_logic has unconnected port S_AXI_WDATA[25]
WARNING: [Synth 8-3331] design led_user_logic has unconnected port S_AXI_WDATA[24]
WARNING: [Synth 8-3331] design led_user_logic has unconnected port S_AXI_WDATA[23]
WARNING: [Synth 8-3331] design led_user_logic has unconnected port S_AXI_WDATA[22]
WARNING: [Synth 8-3331] design led_user_logic has unconnected port S_AXI_WDATA[21]
WARNING: [Synth 8-3331] design led_user_logic has unconnected port S_AXI_WDATA[20]
WARNING: [Synth 8-3331] design led_user_logic has unconnected port S_AXI_WDATA[19]
WARNING: [Synth 8-3331] design led_user_logic has unconnected port S_AXI_WDATA[18]
WARNING: [Synth 8-3331] design led_user_logic has unconnected port S_AXI_WDATA[17]
WARNING: [Synth 8-3331] design led_user_logic has unconnected port S_AXI_WDATA[16]
WARNING: [Synth 8-3331] design led_ip_v1_0_S_AXI has unconnected port S_AXI_AWPROT[2]
WARNING: [Synth 8-3331] design led_ip_v1_0_S_AXI has unconnected port S_AXI_AWPROT[1]
WARNING: [Synth 8-3331] design led_ip_v1_0_S_AXI has unconnected port S_AXI_AWPROT[0]
WARNING: [Synth 8-3331] design led_ip_v1_0_S_AXI has unconnected port S_AXI_ARPROT[2]
WARNING: [Synth 8-3331] design led_ip_v1_0_S_AXI has unconnected port S_AXI_ARPROT[1]
WARNING: [Synth 8-3331] design led_ip_v1_0_S_AXI has unconnected port S_AXI_ARPROT[0]
---------------------------------------------------------------------------------
Finished RTL Elaboration : Time (s): cpu = 00:00:07 ; elapsed = 00:00:07 . Memory (MB): peak = 378.973 ; gain = 120.082
---------------------------------------------------------------------------------

Report Check Netlist: 
+------+------------------+-------+---------+-------+------------------+
|      |Item              |Errors |Warnings |Status |Description       |
+------+------------------+-------+---------+-------+------------------+
|1     |multi_driven_nets |      0|        0|Passed |Multi driven nets |
+------+------------------+-------+---------+-------+------------------+
---------------------------------------------------------------------------------
Finished RTL Optimization Phase 1 : Time (s): cpu = 00:00:07 ; elapsed = 00:00:07 . Memory (MB): peak = 378.973 ; gain = 120.082
---------------------------------------------------------------------------------
INFO: [Device 21-403] Loading part xc7a100tcsg324-1
INFO: [Project 1-570] Preparing netlist for logic optimization

Processing XDC Constraints
Initializing timing engine
Completed Processing XDC Constraints

INFO: [Project 1-111] Unisim Transformation Summary:
No Unisim elements were transformed.

Constraint Validation Runtime : Time (s): cpu = 00:00:00 ; elapsed = 00:00:00.027 . Memory (MB): peak = 676.176 ; gain = 0.000
---------------------------------------------------------------------------------
Finished Constraint Validation : Time (s): cpu = 00:00:21 ; elapsed = 00:00:22 . Memory (MB): peak = 676.176 ; gain = 417.285
---------------------------------------------------------------------------------
---------------------------------------------------------------------------------
Start Loading Part and Timing Information
---------------------------------------------------------------------------------
Loading part: xc7a100tcsg324-1
---------------------------------------------------------------------------------
Finished Loading Part and Timing Information : Time (s): cpu = 00:00:21 ; elapsed = 00:00:22 . Memory (MB): peak = 676.176 ; gain = 417.285
---------------------------------------------------------------------------------
---------------------------------------------------------------------------------
Start Applying 'set_property' XDC Constraints
---------------------------------------------------------------------------------
---------------------------------------------------------------------------------
Finished applying 'set_property' XDC Constraints : Time (s): cpu = 00:00:21 ; elapsed = 00:00:22 . Memory (MB): peak = 676.176 ; gain = 417.285
---------------------------------------------------------------------------------
---------------------------------------------------------------------------------
Finished RTL Optimization Phase 2 : Time (s): cpu = 00:00:21 ; elapsed = 00:00:22 . Memory (MB): peak = 676.176 ; gain = 417.285
---------------------------------------------------------------------------------

Report RTL Partitions: 
+-+--------------+------------+----------+
| |RTL Partition |Replication |Instances |
+-+--------------+------------+----------+
+-+--------------+------------+----------+
---------------------------------------------------------------------------------
Start RTL Component Statistics 
---------------------------------------------------------------------------------
Detailed RTL Component Info : 
+---Registers : 
	               32 Bit    Registers := 5     
	               16 Bit    Registers := 1     
	                4 Bit    Registers := 2     
	                2 Bit    Registers := 2     
	                1 Bit    Registers := 6     
+---Muxes : 
	   2 Input     32 Bit        Muxes := 4     
	   4 Input     32 Bit        Muxes := 5     
	   2 Input      1 Bit        Muxes := 5     
---------------------------------------------------------------------------------
Finished RTL Component Statistics 
---------------------------------------------------------------------------------
---------------------------------------------------------------------------------
Start RTL Hierarchical Component Statistics 
---------------------------------------------------------------------------------
Hierarchical RTL Component report 
Module led_user_logic 
Detailed RTL Component Info : 
+---Registers : 
	               16 Bit    Registers := 1     
Module led_ip_v1_0_S_AXI 
Detailed RTL Component Info : 
+---Registers : 
	               32 Bit    Registers := 5     
	                4 Bit    Registers := 2     
	                2 Bit    Registers := 2     
	                1 Bit    Registers := 6     
+---Muxes : 
	   2 Input     32 Bit        Muxes := 4     
	   4 Input     32 Bit        Muxes := 5     
	   2 Input      1 Bit        Muxes := 5     
---------------------------------------------------------------------------------
Finished RTL Hierarchical Component Statistics
---------------------------------------------------------------------------------
---------------------------------------------------------------------------------
Start Part Resource Summary
---------------------------------------------------------------------------------
Part Resources:
DSPs: 240 (col length:80)
BRAMs: 270 (col length: RAMB18 80 RAMB36 40)
---------------------------------------------------------------------------------
Finished Part Resource Summary
---------------------------------------------------------------------------------
---------------------------------------------------------------------------------
Start Cross Boundary and Area Optimization
---------------------------------------------------------------------------------
WARNING: [Synth 8-3331] design design_1_led_ip_0_0 has unconnected port s_axi_awprot[2]
WARNING: [Synth 8-3331] design design_1_led_ip_0_0 has unconnected port s_axi_awprot[1]
WARNING: [Synth 8-3331] design design_1_led_ip_0_0 has unconnected port s_axi_awprot[0]
WARNING: [Synth 8-3331] design design_1_led_ip_0_0 has unconnected port s_axi_arprot[2]
WARNING: [Synth 8-3331] design design_1_led_ip_0_0 has unconnected port s_axi_arprot[1]
WARNING: [Synth 8-3331] design design_1_led_ip_0_0 has unconnected port s_axi_arprot[0]
INFO: [Synth 8-3886] merging instance 'inst/led_ip_v1_0_S_AXI_inst/axi_rresp_reg[0]' (FDRE) to 'inst/led_ip_v1_0_S_AXI_inst/axi_rresp_reg[1]'
INFO: [Synth 8-3333] propagating constant 0 across sequential element (\inst/led_ip_v1_0_S_AXI_inst/axi_rresp_reg[1] )
INFO: [Synth 8-3886] merging instance 'inst/led_ip_v1_0_S_AXI_inst/axi_bresp_reg[0]' (FDRE) to 'inst/led_ip_v1_0_S_AXI_inst/axi_bresp_reg[1]'
INFO: [Synth 8-3333] propagating constant 0 across sequential element (\inst/led_ip_v1_0_S_AXI_inst/axi_bresp_reg[1] )
INFO: [Synth 8-3332] Sequential element (inst/led_ip_v1_0_S_AXI_inst/axi_bresp_reg[1]) is unused and will be removed from module design_1_led_ip_0_0.
INFO: [Synth 8-3332] Sequential element (inst/led_ip_v1_0_S_AXI_inst/axi_awaddr_reg[1]) is unused and will be removed from module design_1_led_ip_0_0.
INFO: [Synth 8-3332] Sequential element (inst/led_ip_v1_0_S_AXI_inst/axi_awaddr_reg[0]) is unused and will be removed from module design_1_led_ip_0_0.
INFO: [Synth 8-3332] Sequential element (inst/led_ip_v1_0_S_AXI_inst/axi_araddr_reg[1]) is unused and will be removed from module design_1_led_ip_0_0.
INFO: [Synth 8-3332] Sequential element (inst/led_ip_v1_0_S_AXI_inst/axi_araddr_reg[0]) is unused and will be removed from module design_1_led_ip_0_0.
INFO: [Synth 8-3332] Sequential element (inst/led_ip_v1_0_S_AXI_inst/axi_rresp_reg[1]) is unused and will be removed from module design_1_led_ip_0_0.
---------------------------------------------------------------------------------
Finished Cross Boundary and Area Optimization : Time (s): cpu = 00:00:22 ; elapsed = 00:00:23 . Memory (MB): peak = 676.176 ; gain = 417.285
---------------------------------------------------------------------------------

Report RTL Partitions: 
+-+--------------+------------+----------+
| |RTL Partition |Replication |Instances |
+-+--------------+------------+----------+
+-+--------------+------------+----------+
---------------------------------------------------------------------------------
Start Applying XDC Timing Constraints
---------------------------------------------------------------------------------
---------------------------------------------------------------------------------
Finished Applying XDC Timing Constraints : Time (s): cpu = 00:00:39 ; elapsed = 00:00:40 . Memory (MB): peak = 676.176 ; gain = 417.285
---------------------------------------------------------------------------------
---------------------------------------------------------------------------------
Start Timing Optimization
---------------------------------------------------------------------------------
---------------------------------------------------------------------------------
Finished Timing Optimization : Time (s): cpu = 00:00:39 ; elapsed = 00:00:40 . Memory (MB): peak = 676.176 ; gain = 417.285
---------------------------------------------------------------------------------

Report RTL Partitions: 
+-+--------------+------------+----------+
| |RTL Partition |Replication |Instances |
+-+--------------+------------+----------+
+-+--------------+------------+----------+
---------------------------------------------------------------------------------
Start Technology Mapping
---------------------------------------------------------------------------------
---------------------------------------------------------------------------------
Finished Technology Mapping : Time (s): cpu = 00:00:39 ; elapsed = 00:00:41 . Memory (MB): peak = 676.176 ; gain = 417.285
---------------------------------------------------------------------------------

Report RTL Partitions: 
+-+--------------+------------+----------+
| |RTL Partition |Replication |Instances |
+-+--------------+------------+----------+
+-+--------------+------------+----------+
---------------------------------------------------------------------------------
Start IO Insertion
---------------------------------------------------------------------------------
---------------------------------------------------------------------------------
Start Flattening Before IO Insertion
---------------------------------------------------------------------------------
---------------------------------------------------------------------------------
Finished Flattening Before IO Insertion
---------------------------------------------------------------------------------
---------------------------------------------------------------------------------
Start Final Netlist Cleanup
---------------------------------------------------------------------------------
---------------------------------------------------------------------------------
Finished Final Netlist Cleanup
---------------------------------------------------------------------------------
---------------------------------------------------------------------------------
Finished IO Insertion : Time (s): cpu = 00:00:40 ; elapsed = 00:00:42 . Memory (MB): peak = 676.176 ; gain = 417.285
---------------------------------------------------------------------------------

Report Check Netlist: 
+------+------------------+-------+---------+-------+------------------+
|      |Item              |Errors |Warnings |Status |Description       |
+------+------------------+-------+---------+-------+------------------+
|1     |multi_driven_nets |      0|        0|Passed |Multi driven nets |
+------+------------------+-------+---------+-------+------------------+
---------------------------------------------------------------------------------
Start Renaming Generated Instances
---------------------------------------------------------------------------------
---------------------------------------------------------------------------------
Finished Renaming Generated Instances : Time (s): cpu = 00:00:40 ; elapsed = 00:00:42 . Memory (MB): peak = 676.176 ; gain = 417.285
---------------------------------------------------------------------------------

Report RTL Partitions: 
+-+--------------+------------+----------+
| |RTL Partition |Replication |Instances |
+-+--------------+------------+----------+
+-+--------------+------------+----------+
---------------------------------------------------------------------------------
Start Rebuilding User Hierarchy
---------------------------------------------------------------------------------
---------------------------------------------------------------------------------
Finished Rebuilding User Hierarchy : Time (s): cpu = 00:00:40 ; elapsed = 00:00:42 . Memory (MB): peak = 676.176 ; gain = 417.285
---------------------------------------------------------------------------------
---------------------------------------------------------------------------------
Start Renaming Generated Ports
---------------------------------------------------------------------------------
---------------------------------------------------------------------------------
Finished Renaming Generated Ports : Time (s): cpu = 00:00:40 ; elapsed = 00:00:42 . Memory (MB): peak = 676.176 ; gain = 417.285
---------------------------------------------------------------------------------
---------------------------------------------------------------------------------
Start Handling Custom Attributes
---------------------------------------------------------------------------------
---------------------------------------------------------------------------------
Finished Handling Custom Attributes : Time (s): cpu = 00:00:40 ; elapsed = 00:00:42 . Memory (MB): peak = 676.176 ; gain = 417.285
---------------------------------------------------------------------------------
---------------------------------------------------------------------------------
Start Renaming Generated Nets
---------------------------------------------------------------------------------
---------------------------------------------------------------------------------
Finished Renaming Generated Nets : Time (s): cpu = 00:00:40 ; elapsed = 00:00:42 . Memory (MB): peak = 676.176 ; gain = 417.285
---------------------------------------------------------------------------------
---------------------------------------------------------------------------------
Start Writing Synthesis Report
---------------------------------------------------------------------------------

Report BlackBoxes: 
+-+--------------+----------+
| |BlackBox name |Instances |
+-+--------------+----------+
+-+--------------+----------+

Report Cell Usage: 
+------+-----+------+
|      |Cell |Count |
+------+-----+------+
|1     |LUT1 |     1|
|2     |LUT2 |     1|
|3     |LUT3 |     1|
|4     |LUT4 |    22|
|5     |LUT6 |    37|
|6     |FDRE |   185|
|7     |FDSE |     1|
+------+-----+------+

Report Instance Areas: 
+------+---------------------------+------------------+------+
|      |Instance                   |Module            |Cells |
+------+---------------------------+------------------+------+
|1     |top                        |                  |   248|
|2     |  inst                     |led_ip_v1_0       |   248|
|3     |    led_ip_v1_0_S_AXI_inst |led_ip_v1_0_S_AXI |   248|
|4     |      U1                   |led_user_logic    |    18|
+------+---------------------------+------------------+------+
---------------------------------------------------------------------------------
Finished Writing Synthesis Report : Time (s): cpu = 00:00:40 ; elapsed = 00:00:42 . Memory (MB): peak = 676.176 ; gain = 417.285
---------------------------------------------------------------------------------
Synthesis finished with 0 errors, 0 critical warnings and 6 warnings.
Synthesis Optimization Runtime : Time (s): cpu = 00:00:24 ; elapsed = 00:00:33 . Memory (MB): peak = 676.176 ; gain = 120.082
Synthesis Optimization Complete : Time (s): cpu = 00:00:40 ; elapsed = 00:00:42 . Memory (MB): peak = 676.176 ; gain = 417.285
INFO: [Project 1-571] Translating synthesized netlist
INFO: [Project 1-570] Preparing netlist for logic optimization
INFO: [Opt 31-138] Pushed 0 inverter(s) to 0 load pin(s).
INFO: [Project 1-111] Unisim Transformation Summary:
No Unisim elements were transformed.

28 Infos, 30 Warnings, 0 Critical Warnings and 0 Errors encountered.
synth_design completed successfully
synth_design: Time (s): cpu = 00:00:42 ; elapsed = 00:00:44 . Memory (MB): peak = 676.176 ; gain = 419.914
INFO: [Common 17-1381] The checkpoint 'C:/Xilinx/Vivado/MyProjects/PMOD_WIFI_OLD/PMOD_WIFI.runs/design_1_led_ip_0_0_synth_1/design_1_led_ip_0_0.dcp' has been generated.
