
*** Running vivado
    with args -log design_1_axi_timer_0_0.vds -m64 -product Vivado -mode batch -messageDb vivado.pb -notrace -source design_1_axi_timer_0_0.tcl


****** Vivado v2017.2 (64-bit)
  **** SW Build 1909853 on Thu Jun 15 18:39:09 MDT 2017
  **** IP Build 1909766 on Thu Jun 15 19:58:00 MDT 2017
    ** Copyright 1986-2017 Xilinx, Inc. All Rights Reserved.

source design_1_axi_timer_0_0.tcl -notrace
Starting RTL Elaboration : Time (s): cpu = 00:00:04 ; elapsed = 00:00:04 . Memory (MB): peak = 399.582 ; gain = 78.961
INFO: [Synth 8-638] synthesizing module 'design_1_axi_timer_0_0' [c:/College/Thesis/VivadoProjects/PMOD_WIFI/PMOD_WIFI.srcs/sources_1/bd/design_1/ip/design_1_axi_timer_0_0/synth/design_1_axi_timer_0_0.vhd:90]
INFO: [Synth 8-638] synthesizing module 'axi_timer' [c:/College/Thesis/VivadoProjects/PMOD_WIFI/PMOD_WIFI.srcs/sources_1/bd/design_1/ipshared/a004/hdl/axi_timer_v2_0_vh_rfs.vhd:2141]
INFO: [Synth 8-638] synthesizing module 'tc_core' [c:/College/Thesis/VivadoProjects/PMOD_WIFI/PMOD_WIFI.srcs/sources_1/bd/design_1/ipshared/a004/hdl/axi_timer_v2_0_vh_rfs.vhd:1698]
INFO: [Synth 8-638] synthesizing module 'mux_onehot_f' [c:/College/Thesis/VivadoProjects/PMOD_WIFI/PMOD_WIFI.srcs/sources_1/bd/design_1/ipshared/a004/hdl/axi_timer_v2_0_vh_rfs.vhd:365]
INFO: [Synth 8-638] synthesizing module 'MUXCY' [C:/Xilinx/Vivado/2017.2/scripts/rt/data/unisim_comp.v:21613]
INFO: [Synth 8-256] done synthesizing module 'MUXCY' (1#1) [C:/Xilinx/Vivado/2017.2/scripts/rt/data/unisim_comp.v:21613]
INFO: [Synth 8-256] done synthesizing module 'mux_onehot_f' (2#1) [c:/College/Thesis/VivadoProjects/PMOD_WIFI/PMOD_WIFI.srcs/sources_1/bd/design_1/ipshared/a004/hdl/axi_timer_v2_0_vh_rfs.vhd:365]
INFO: [Synth 8-638] synthesizing module 'count_module' [c:/College/Thesis/VivadoProjects/PMOD_WIFI/PMOD_WIFI.srcs/sources_1/bd/design_1/ipshared/a004/hdl/axi_timer_v2_0_vh_rfs.vhd:1434]
INFO: [Synth 8-638] synthesizing module 'counter_f' [c:/College/Thesis/VivadoProjects/PMOD_WIFI/PMOD_WIFI.srcs/sources_1/bd/design_1/ipshared/a004/hdl/axi_timer_v2_0_vh_rfs.vhd:148]
INFO: [Synth 8-256] done synthesizing module 'counter_f' (3#1) [c:/College/Thesis/VivadoProjects/PMOD_WIFI/PMOD_WIFI.srcs/sources_1/bd/design_1/ipshared/a004/hdl/axi_timer_v2_0_vh_rfs.vhd:148]
INFO: [Synth 8-256] done synthesizing module 'count_module' (4#1) [c:/College/Thesis/VivadoProjects/PMOD_WIFI/PMOD_WIFI.srcs/sources_1/bd/design_1/ipshared/a004/hdl/axi_timer_v2_0_vh_rfs.vhd:1434]
INFO: [Synth 8-638] synthesizing module 'timer_control' [c:/College/Thesis/VivadoProjects/PMOD_WIFI/PMOD_WIFI.srcs/sources_1/bd/design_1/ipshared/a004/hdl/axi_timer_v2_0_vh_rfs.vhd:835]
INFO: [Synth 8-638] synthesizing module 'cdc_sync' [c:/College/Thesis/VivadoProjects/PMOD_WIFI/PMOD_WIFI.srcs/sources_1/bd/design_1/ipshared/52cb/hdl/lib_cdc_v1_0_rfs.vhd:106]
INFO: [Synth 8-256] done synthesizing module 'cdc_sync' (5#1) [c:/College/Thesis/VivadoProjects/PMOD_WIFI/PMOD_WIFI.srcs/sources_1/bd/design_1/ipshared/52cb/hdl/lib_cdc_v1_0_rfs.vhd:106]
INFO: [Synth 8-256] done synthesizing module 'timer_control' (6#1) [c:/College/Thesis/VivadoProjects/PMOD_WIFI/PMOD_WIFI.srcs/sources_1/bd/design_1/ipshared/a004/hdl/axi_timer_v2_0_vh_rfs.vhd:835]
INFO: [Synth 8-256] done synthesizing module 'tc_core' (7#1) [c:/College/Thesis/VivadoProjects/PMOD_WIFI/PMOD_WIFI.srcs/sources_1/bd/design_1/ipshared/a004/hdl/axi_timer_v2_0_vh_rfs.vhd:1698]
INFO: [Synth 8-638] synthesizing module 'axi_lite_ipif' [c:/College/Thesis/VivadoProjects/PMOD_WIFI/PMOD_WIFI.srcs/sources_1/bd/design_1/ipshared/0ba0/hdl/axi_lite_ipif_v3_0_vh_rfs.vhd:2948]
INFO: [Synth 8-638] synthesizing module 'slave_attachment' [c:/College/Thesis/VivadoProjects/PMOD_WIFI/PMOD_WIFI.srcs/sources_1/bd/design_1/ipshared/0ba0/hdl/axi_lite_ipif_v3_0_vh_rfs.vhd:2341]
INFO: [Synth 8-638] synthesizing module 'address_decoder' [c:/College/Thesis/VivadoProjects/PMOD_WIFI/PMOD_WIFI.srcs/sources_1/bd/design_1/ipshared/0ba0/hdl/axi_lite_ipif_v3_0_vh_rfs.vhd:1775]
INFO: [Synth 8-638] synthesizing module 'pselect_f' [c:/College/Thesis/VivadoProjects/PMOD_WIFI/PMOD_WIFI.srcs/sources_1/bd/design_1/ipshared/0ba0/hdl/axi_lite_ipif_v3_0_vh_rfs.vhd:1534]
INFO: [Synth 8-256] done synthesizing module 'pselect_f' (8#1) [c:/College/Thesis/VivadoProjects/PMOD_WIFI/PMOD_WIFI.srcs/sources_1/bd/design_1/ipshared/0ba0/hdl/axi_lite_ipif_v3_0_vh_rfs.vhd:1534]
INFO: [Synth 8-638] synthesizing module 'pselect_f__parameterized0' [c:/College/Thesis/VivadoProjects/PMOD_WIFI/PMOD_WIFI.srcs/sources_1/bd/design_1/ipshared/0ba0/hdl/axi_lite_ipif_v3_0_vh_rfs.vhd:1534]
INFO: [Synth 8-256] done synthesizing module 'pselect_f__parameterized0' (8#1) [c:/College/Thesis/VivadoProjects/PMOD_WIFI/PMOD_WIFI.srcs/sources_1/bd/design_1/ipshared/0ba0/hdl/axi_lite_ipif_v3_0_vh_rfs.vhd:1534]
INFO: [Synth 8-638] synthesizing module 'pselect_f__parameterized1' [c:/College/Thesis/VivadoProjects/PMOD_WIFI/PMOD_WIFI.srcs/sources_1/bd/design_1/ipshared/0ba0/hdl/axi_lite_ipif_v3_0_vh_rfs.vhd:1534]
INFO: [Synth 8-256] done synthesizing module 'pselect_f__parameterized1' (8#1) [c:/College/Thesis/VivadoProjects/PMOD_WIFI/PMOD_WIFI.srcs/sources_1/bd/design_1/ipshared/0ba0/hdl/axi_lite_ipif_v3_0_vh_rfs.vhd:1534]
INFO: [Synth 8-638] synthesizing module 'pselect_f__parameterized2' [c:/College/Thesis/VivadoProjects/PMOD_WIFI/PMOD_WIFI.srcs/sources_1/bd/design_1/ipshared/0ba0/hdl/axi_lite_ipif_v3_0_vh_rfs.vhd:1534]
INFO: [Synth 8-256] done synthesizing module 'pselect_f__parameterized2' (8#1) [c:/College/Thesis/VivadoProjects/PMOD_WIFI/PMOD_WIFI.srcs/sources_1/bd/design_1/ipshared/0ba0/hdl/axi_lite_ipif_v3_0_vh_rfs.vhd:1534]
INFO: [Synth 8-638] synthesizing module 'pselect_f__parameterized3' [c:/College/Thesis/VivadoProjects/PMOD_WIFI/PMOD_WIFI.srcs/sources_1/bd/design_1/ipshared/0ba0/hdl/axi_lite_ipif_v3_0_vh_rfs.vhd:1534]
INFO: [Synth 8-256] done synthesizing module 'pselect_f__parameterized3' (8#1) [c:/College/Thesis/VivadoProjects/PMOD_WIFI/PMOD_WIFI.srcs/sources_1/bd/design_1/ipshared/0ba0/hdl/axi_lite_ipif_v3_0_vh_rfs.vhd:1534]
INFO: [Synth 8-638] synthesizing module 'pselect_f__parameterized4' [c:/College/Thesis/VivadoProjects/PMOD_WIFI/PMOD_WIFI.srcs/sources_1/bd/design_1/ipshared/0ba0/hdl/axi_lite_ipif_v3_0_vh_rfs.vhd:1534]
INFO: [Synth 8-256] done synthesizing module 'pselect_f__parameterized4' (8#1) [c:/College/Thesis/VivadoProjects/PMOD_WIFI/PMOD_WIFI.srcs/sources_1/bd/design_1/ipshared/0ba0/hdl/axi_lite_ipif_v3_0_vh_rfs.vhd:1534]
INFO: [Synth 8-638] synthesizing module 'pselect_f__parameterized5' [c:/College/Thesis/VivadoProjects/PMOD_WIFI/PMOD_WIFI.srcs/sources_1/bd/design_1/ipshared/0ba0/hdl/axi_lite_ipif_v3_0_vh_rfs.vhd:1534]
INFO: [Synth 8-256] done synthesizing module 'pselect_f__parameterized5' (8#1) [c:/College/Thesis/VivadoProjects/PMOD_WIFI/PMOD_WIFI.srcs/sources_1/bd/design_1/ipshared/0ba0/hdl/axi_lite_ipif_v3_0_vh_rfs.vhd:1534]
INFO: [Synth 8-638] synthesizing module 'pselect_f__parameterized6' [c:/College/Thesis/VivadoProjects/PMOD_WIFI/PMOD_WIFI.srcs/sources_1/bd/design_1/ipshared/0ba0/hdl/axi_lite_ipif_v3_0_vh_rfs.vhd:1534]
INFO: [Synth 8-256] done synthesizing module 'pselect_f__parameterized6' (8#1) [c:/College/Thesis/VivadoProjects/PMOD_WIFI/PMOD_WIFI.srcs/sources_1/bd/design_1/ipshared/0ba0/hdl/axi_lite_ipif_v3_0_vh_rfs.vhd:1534]
INFO: [Synth 8-256] done synthesizing module 'address_decoder' (9#1) [c:/College/Thesis/VivadoProjects/PMOD_WIFI/PMOD_WIFI.srcs/sources_1/bd/design_1/ipshared/0ba0/hdl/axi_lite_ipif_v3_0_vh_rfs.vhd:1775]
INFO: [Synth 8-256] done synthesizing module 'slave_attachment' (10#1) [c:/College/Thesis/VivadoProjects/PMOD_WIFI/PMOD_WIFI.srcs/sources_1/bd/design_1/ipshared/0ba0/hdl/axi_lite_ipif_v3_0_vh_rfs.vhd:2341]
INFO: [Synth 8-256] done synthesizing module 'axi_lite_ipif' (11#1) [c:/College/Thesis/VivadoProjects/PMOD_WIFI/PMOD_WIFI.srcs/sources_1/bd/design_1/ipshared/0ba0/hdl/axi_lite_ipif_v3_0_vh_rfs.vhd:2948]
INFO: [Synth 8-256] done synthesizing module 'axi_timer' (12#1) [c:/College/Thesis/VivadoProjects/PMOD_WIFI/PMOD_WIFI.srcs/sources_1/bd/design_1/ipshared/a004/hdl/axi_timer_v2_0_vh_rfs.vhd:2141]
INFO: [Synth 8-256] done synthesizing module 'design_1_axi_timer_0_0' (13#1) [c:/College/Thesis/VivadoProjects/PMOD_WIFI/PMOD_WIFI.srcs/sources_1/bd/design_1/ip/design_1_axi_timer_0_0/synth/design_1_axi_timer_0_0.vhd:90]
Finished RTL Elaboration : Time (s): cpu = 00:00:06 ; elapsed = 00:00:07 . Memory (MB): peak = 442.664 ; gain = 122.043
Finished RTL Optimization Phase 1 : Time (s): cpu = 00:00:06 ; elapsed = 00:00:07 . Memory (MB): peak = 442.664 ; gain = 122.043
INFO: [Device 21-403] Loading part xc7a100tcsg324-1
Constraint Validation Runtime : Time (s): cpu = 00:00:00 ; elapsed = 00:00:00.040 . Memory (MB): peak = 752.895 ; gain = 0.000
Finished Constraint Validation : Time (s): cpu = 00:00:19 ; elapsed = 00:00:20 . Memory (MB): peak = 752.895 ; gain = 432.273
Finished Loading Part and Timing Information : Time (s): cpu = 00:00:19 ; elapsed = 00:00:20 . Memory (MB): peak = 752.895 ; gain = 432.273
Finished applying 'set_property' XDC Constraints : Time (s): cpu = 00:00:19 ; elapsed = 00:00:20 . Memory (MB): peak = 752.895 ; gain = 432.273
Finished RTL Optimization Phase 2 : Time (s): cpu = 00:00:20 ; elapsed = 00:00:21 . Memory (MB): peak = 752.895 ; gain = 432.273
Finished Cross Boundary and Area Optimization : Time (s): cpu = 00:00:22 ; elapsed = 00:00:23 . Memory (MB): peak = 752.895 ; gain = 432.273
Finished Applying XDC Timing Constraints : Time (s): cpu = 00:00:36 ; elapsed = 00:00:38 . Memory (MB): peak = 752.895 ; gain = 432.273
Finished Timing Optimization : Time (s): cpu = 00:00:38 ; elapsed = 00:00:39 . Memory (MB): peak = 752.895 ; gain = 432.273
Finished Technology Mapping : Time (s): cpu = 00:00:38 ; elapsed = 00:00:40 . Memory (MB): peak = 752.895 ; gain = 432.273
Finished IO Insertion : Time (s): cpu = 00:00:39 ; elapsed = 00:00:41 . Memory (MB): peak = 752.895 ; gain = 432.273
Finished Renaming Generated Instances : Time (s): cpu = 00:00:39 ; elapsed = 00:00:41 . Memory (MB): peak = 752.895 ; gain = 432.273
Finished Rebuilding User Hierarchy : Time (s): cpu = 00:00:39 ; elapsed = 00:00:41 . Memory (MB): peak = 752.895 ; gain = 432.273
Finished Renaming Generated Ports : Time (s): cpu = 00:00:39 ; elapsed = 00:00:41 . Memory (MB): peak = 752.895 ; gain = 432.273
Finished Handling Custom Attributes : Time (s): cpu = 00:00:39 ; elapsed = 00:00:41 . Memory (MB): peak = 752.895 ; gain = 432.273
Finished Renaming Generated Nets : Time (s): cpu = 00:00:39 ; elapsed = 00:00:41 . Memory (MB): peak = 752.895 ; gain = 432.273

Report Cell Usage: 
+------+-------+------+
|      |Cell   |Count |
+------+-------+------+
|1     |CARRY4 |    16|
|2     |LUT1   |     6|
|3     |LUT2   |    82|
|4     |LUT3   |    93|
|5     |LUT4   |    82|
|6     |LUT5   |    25|
|7     |LUT6   |    62|
|8     |MUXCY  |    64|
|9     |MUXF7  |     2|
|10    |FDR    |    12|
|11    |FDRE   |   228|
+------+-------+------+
Finished Writing Synthesis Report : Time (s): cpu = 00:00:39 ; elapsed = 00:00:41 . Memory (MB): peak = 752.895 ; gain = 432.273
synth_design: Time (s): cpu = 00:00:42 ; elapsed = 00:00:43 . Memory (MB): peak = 752.895 ; gain = 439.469
